#
# There is insufficient memory for the Java Runtime Environment to continue.
# Native memory allocation (malloc) failed to allocate 1187136 bytes. Error detail: Chunk::new
# Possible reasons:
#   The system is out of physical RAM or swap space
#   This process is running with CompressedOops enabled, and the Java Heap may be blocking the growth of the native heap
# Possible solutions:
#   Reduce memory load on the system
#   Increase physical memory or swap space
#   Check if swap backing store is full
#   Decrease Java heap size (-Xmx/-Xms)
#   Decrease number of Java threads
#   Decrease Java thread stack sizes (-Xss)
#   Set larger code cache with -XX:ReservedCodeCacheSize=
#   JVM is running with Unscaled Compressed Oops mode in which the Java heap is
#     placed in the first 4GB address space. The Java Heap base address is the
#     maximum limit for the native heap growth. Please use -XX:HeapBaseMinAddress
#     to set the Java Heap base and to place the Java Heap above 4GB virtual address.
# This output file may be truncated or incomplete.
#
#  Out of Memory Error (arena.cpp:168), pid=23588, tid=17048
#
# JRE version: OpenJDK Runtime Environment Temurin-21.0.10+7 (21.0.10+7) (build 21.0.10+7-LTS)
# Java VM: OpenJDK 64-Bit Server VM Temurin-21.0.10+7 (21.0.10+7-LTS, mixed mode, sharing, tiered, compressed oops, compressed class ptrs, g1 gc, windows-amd64)
# No core dump will be written. Minidumps are not enabled by default on client versions of Windows
#

---------------  S U M M A R Y ------------

Command Line: --add-opens=java.base/java.lang=ALL-UNNAMED --add-opens=java.base/java.lang.invoke=ALL-UNNAMED --add-opens=java.base/java.util=ALL-UNNAMED --add-opens=java.prefs/java.util.prefs=ALL-UNNAMED --add-exports=jdk.compiler/com.sun.tools.javac.api=ALL-UNNAMED --add-exports=jdk.compiler/com.sun.tools.javac.util=ALL-UNNAMED --add-opens=java.base/java.util=ALL-UNNAMED --add-opens=java.prefs/java.util.prefs=ALL-UNNAMED --add-opens=java.base/java.nio.charset=ALL-UNNAMED --add-opens=java.base/java.net=ALL-UNNAMED --add-opens=java.base/java.util.concurrent=ALL-UNNAMED --add-opens=java.base/java.util.concurrent.atomic=ALL-UNNAMED --add-opens=java.xml/javax.xml.namespace=ALL-UNNAMED --add-opens=java.base/java.time=ALL-UNNAMED -Xmx2048m -Dfile.encoding=UTF-8 -Duser.country=US -Duser.language=en -Duser.variant -javaagent:C:\Users\david\.gradle\wrapper\dists\gradle-9.4.1-bin\arn2x92ynaizyzdaamcbpbhtj\gradle-9.4.1\lib\agents\gradle-instrumentation-agent-9.4.1.jar org.gradle.launcher.daemon.bootstrap.GradleDaemon 9.4.1

Host: 11th Gen Intel(R) Core(TM) i5-11400H @ 2.70GHz, 12 cores, 15G,  Windows 11 , 64 bit Build 26100 (10.0.26100.7019)
Time: Thu Jun  4 14:50:17 2026 SE Asia Standard Time elapsed time: 13.602405 seconds (0d 0h 0m 13s)

---------------  T H R E A D  ---------------

Current thread (0x000001ea7e865720):  JavaThread "C2 CompilerThread0" daemon [_thread_in_native, id=17048, stack(0x0000009f8e600000,0x0000009f8e700000) (1024K)]


Current CompileTask:
C2:13602 8977   !   4       org.jetbrains.kotlin.metadata.ProtoBuf$Type::<init> (976 bytes)

Stack: [0x0000009f8e600000,0x0000009f8e700000]
Native frames: (J=compiled Java code, j=interpreted, Vv=VM code, C=native code)
V  [jvm.dll+0x6d7a39]
V  [jvm.dll+0x8b4b26]
V  [jvm.dll+0x8b70de]
V  [jvm.dll+0x8b77c3]
V  [jvm.dll+0x284346]
V  [jvm.dll+0xc66ed]
V  [jvm.dll+0xc6c31]
V  [jvm.dll+0x3bec3b]
V  [jvm.dll+0x38b162]
V  [jvm.dll+0x38a5aa]
V  [jvm.dll+0x24c560]
V  [jvm.dll+0x24bb40]
V  [jvm.dll+0x1cb34e]
V  [jvm.dll+0x25b85d]
V  [jvm.dll+0x259dea]
V  [jvm.dll+0x3f857e]
V  [jvm.dll+0x85f59d]
V  [jvm.dll+0x6d626d]
C  [ucrtbase.dll+0x37b0]
C  [KERNEL32.DLL+0x2e8d7]
C  [ntdll.dll+0x8c53c]


---------------  P R O C E S S  ---------------

Threads class SMR info:
_java_thread_list=0x000001ea472e0c60, length=44, elements={
0x000001ea67517650, 0x000001ea7e850de0, 0x000001ea7e853b00, 0x000001ea7e85b8e0,
0x000001ea7e85c800, 0x000001ea7e85d690, 0x000001ea7e85f8a0, 0x000001ea7e865720,
0x000001ea7e87be90, 0x000001ea7f4288a0, 0x000001ea7f4a4d60, 0x000001ea46c66a20,
0x000001ea46c269c0, 0x000001ea46bc3b70, 0x000001ea46968440, 0x000001ea46af3410,
0x000001ea46b66460, 0x000001ea46ba0910, 0x000001ea46b9fbf0, 0x000001ea46b9f560,
0x000001ea46ba0280, 0x000001ea46ba1cc0, 0x000001ea46ba0fa0, 0x000001ea46ba1630,
0x000001ea47453b70, 0x000001ea47455c40, 0x000001ea474562d0, 0x000001ea47454200,
0x000001ea47456960, 0x000001ea474534e0, 0x000001ea47456ff0, 0x000001ea4745ab00,
0x000001ea47458a30, 0x000001ea474590c0, 0x000001ea47459750, 0x000001ea47457680,
0x000001ea4870f260, 0x000001ea4870ebd0, 0x000001ea4870deb0, 0x000001ea4870f8f0,
0x000001ea4870ff80, 0x000001ea48710610, 0x000001ea4870d190, 0x000001ea48710ca0
}

Java Threads: ( => current thread )
  0x000001ea67517650 JavaThread "main"                              [_thread_blocked, id=20060, stack(0x0000009f8d800000,0x0000009f8d900000) (1024K)]
  0x000001ea7e850de0 JavaThread "Reference Handler"          daemon [_thread_blocked, id=9488, stack(0x0000009f8e000000,0x0000009f8e100000) (1024K)]
  0x000001ea7e853b00 JavaThread "Finalizer"                  daemon [_thread_blocked, id=20792, stack(0x0000009f8e100000,0x0000009f8e200000) (1024K)]
  0x000001ea7e85b8e0 JavaThread "Signal Dispatcher"          daemon [_thread_blocked, id=24404, stack(0x0000009f8e200000,0x0000009f8e300000) (1024K)]
  0x000001ea7e85c800 JavaThread "Attach Listener"            daemon [_thread_blocked, id=23756, stack(0x0000009f8e300000,0x0000009f8e400000) (1024K)]
  0x000001ea7e85d690 JavaThread "Service Thread"             daemon [_thread_blocked, id=24916, stack(0x0000009f8e400000,0x0000009f8e500000) (1024K)]
  0x000001ea7e85f8a0 JavaThread "Monitor Deflation Thread"   daemon [_thread_blocked, id=16808, stack(0x0000009f8e500000,0x0000009f8e600000) (1024K)]
=>0x000001ea7e865720 JavaThread "C2 CompilerThread0"         daemon [_thread_in_native, id=17048, stack(0x0000009f8e600000,0x0000009f8e700000) (1024K)]
  0x000001ea7e87be90 JavaThread "C1 CompilerThread0"         daemon [_thread_blocked, id=25308, stack(0x0000009f8e700000,0x0000009f8e800000) (1024K)]
  0x000001ea7f4288a0 JavaThread "Common-Cleaner"             daemon [_thread_blocked, id=16524, stack(0x0000009f8e800000,0x0000009f8e900000) (1024K)]
  0x000001ea7f4a4d60 JavaThread "Notification Thread"        daemon [_thread_blocked, id=6696, stack(0x0000009f8e900000,0x0000009f8ea00000) (1024K)]
  0x000001ea46c66a20 JavaThread "Daemon health stats"               [_thread_blocked, id=13600, stack(0x0000009f8f100000,0x0000009f8f200000) (1024K)]
  0x000001ea46c269c0 JavaThread "Incoming local TCP Connector on port 64018"        [_thread_in_native, id=24196, stack(0x0000009f8f200000,0x0000009f8f300000) (1024K)]
  0x000001ea46bc3b70 JavaThread "Daemon periodic checks"            [_thread_blocked, id=14528, stack(0x0000009f8f300000,0x0000009f8f400000) (1024K)]
  0x000001ea46968440 JavaThread "Daemon"                            [_thread_blocked, id=1532, stack(0x0000009f8f400000,0x0000009f8f500000) (1024K)]
  0x000001ea46af3410 JavaThread "Handler for socket connection from /127.0.0.1:64018 to /127.0.0.1:64020"        [_thread_in_native, id=13336, stack(0x0000009f8f500000,0x0000009f8f600000) (1024K)]
  0x000001ea46b66460 JavaThread "Cancel handler"                    [_thread_blocked, id=22052, stack(0x0000009f8f600000,0x0000009f8f700000) (1024K)]
  0x000001ea46ba0910 JavaThread "Daemon worker"                     [_thread_in_native, id=7640, stack(0x0000009f8f700000,0x0000009f8f800000) (1024K)]
  0x000001ea46b9fbf0 JavaThread "Asynchronous log dispatcher for DefaultDaemonConnection: socket connection from /127.0.0.1:64018 to /127.0.0.1:64020"        [_thread_blocked, id=13564, stack(0x0000009f8f800000,0x0000009f8f900000) (1024K)]
  0x000001ea46b9f560 JavaThread "Stdin handler"                     [_thread_blocked, id=15384, stack(0x0000009f8f900000,0x0000009f8fa00000) (1024K)]
  0x000001ea46ba0280 JavaThread "Daemon client event forwarder"        [_thread_blocked, id=21752, stack(0x0000009f8fa00000,0x0000009f8fb00000) (1024K)]
  0x000001ea46ba1cc0 JavaThread "Cache worker for journal cache (C:\Users\david\.gradle\caches\journal-1)"        [_thread_blocked, id=25204, stack(0x0000009f8fb00000,0x0000009f8fc00000) (1024K)]
  0x000001ea46ba0fa0 JavaThread "File lock request listener"        [_thread_in_native, id=25500, stack(0x0000009f8fc00000,0x0000009f8fd00000) (1024K)]
  0x000001ea46ba1630 JavaThread "Cache worker for file hash cache (C:\Users\david\.gradle\caches\9.4.1\fileHashes)"        [_thread_blocked, id=2184, stack(0x0000009f8eb00000,0x0000009f8ec00000) (1024K)]
  0x000001ea47453b70 JavaThread "Cache worker for file hash cache (D:\New folder\MAD_MOBLIE\.gradle\9.4.1\fileHashes)"        [_thread_blocked, id=10052, stack(0x0000009f90400000,0x0000009f90500000) (1024K)]
  0x000001ea47455c40 JavaThread "Cache worker for Build Output Cleanup Cache (D:\New folder\MAD_MOBLIE\.gradle\buildOutputCleanup)"        [_thread_blocked, id=8160, stack(0x0000009f90500000,0x0000009f90600000) (1024K)]
  0x000001ea474562d0 JavaThread "File watcher server"        daemon [_thread_in_native, id=18152, stack(0x0000009f8ea00000,0x0000009f8eb00000) (1024K)]
  0x000001ea47454200 JavaThread "File watcher consumer"      daemon [_thread_blocked, id=9128, stack(0x0000009f8fd00000,0x0000009f8fe00000) (1024K)]
  0x000001ea47456960 JavaThread "Cache worker for file content cache (C:\Users\david\.gradle\caches\9.4.1\fileContent)"        [_thread_blocked, id=25552, stack(0x0000009f90600000,0x0000009f90700000) (1024K)]
  0x000001ea474534e0 JavaThread "Cache worker for checksums cache (D:\New folder\MAD_MOBLIE\.gradle\9.4.1\checksums)"        [_thread_blocked, id=19276, stack(0x0000009f90700000,0x0000009f90800000) (1024K)]
  0x000001ea47456ff0 JavaThread "Cache worker for cache directory md-supplier (C:\Users\david\.gradle\caches\9.4.1\md-supplier)"        [_thread_blocked, id=21420, stack(0x0000009f90800000,0x0000009f90900000) (1024K)]
  0x000001ea4745ab00 JavaThread "Cache worker for cache directory md-rule (C:\Users\david\.gradle\caches\9.4.1\md-rule)"        [_thread_blocked, id=2488, stack(0x0000009f90900000,0x0000009f90a00000) (1024K)]
  0x000001ea47458a30 JavaThread "Build operations"                  [_thread_blocked, id=19372, stack(0x0000009f90c00000,0x0000009f90d00000) (1024K)]
  0x000001ea474590c0 JavaThread "Build operations Thread 2"         [_thread_blocked, id=6888, stack(0x0000009f90d00000,0x0000009f90e00000) (1024K)]
  0x000001ea47459750 JavaThread "Build operations Thread 3"         [_thread_blocked, id=22268, stack(0x0000009f90e00000,0x0000009f90f00000) (1024K)]
  0x000001ea47457680 JavaThread "Build operations Thread 4"         [_thread_blocked, id=1244, stack(0x0000009f90f00000,0x0000009f91000000) (1024K)]
  0x000001ea4870f260 JavaThread "Build operations Thread 5"         [_thread_blocked, id=9952, stack(0x0000009f91000000,0x0000009f91100000) (1024K)]
  0x000001ea4870ebd0 JavaThread "Build operations Thread 6"         [_thread_blocked, id=13256, stack(0x0000009f91100000,0x0000009f91200000) (1024K)]
  0x000001ea4870deb0 JavaThread "Build operations Thread 7"         [_thread_blocked, id=25676, stack(0x0000009f91200000,0x0000009f91300000) (1024K)]
  0x000001ea4870f8f0 JavaThread "Build operations Thread 8"         [_thread_blocked, id=3568, stack(0x0000009f91300000,0x0000009f91400000) (1024K)]
  0x000001ea4870ff80 JavaThread "Build operations Thread 9"         [_thread_blocked, id=7656, stack(0x0000009f91400000,0x0000009f91500000) (1024K)]
  0x000001ea48710610 JavaThread "Build operations Thread 10"        [_thread_blocked, id=20952, stack(0x0000009f91500000,0x0000009f91600000) (1024K)]
  0x000001ea4870d190 JavaThread "Build operations Thread 11"        [_thread_blocked, id=10012, stack(0x0000009f91600000,0x0000009f91700000) (1024K)]
  0x000001ea48710ca0 JavaThread "Build operations Thread 12"        [_thread_blocked, id=7644, stack(0x0000009f91700000,0x0000009f91800000) (1024K)]
Total: 44

Other Threads:
  0x000001ea7e83ae90 VMThread "VM Thread"                           [id=22580, stack(0x0000009f8df00000,0x0000009f8e000000) (1024K)]
  0x000001ea7f181920 WatcherThread "VM Periodic Task Thread"        [id=24172, stack(0x0000009f8de00000,0x0000009f8df00000) (1024K)]
  0x000001ea67571bf0 WorkerThread "GC Thread#0"                     [id=21408, stack(0x0000009f8d900000,0x0000009f8da00000) (1024K)]
  0x000001ea455696e0 WorkerThread "GC Thread#1"                     [id=2716, stack(0x0000009f8ec00000,0x0000009f8ed00000) (1024K)]
  0x000001ea45569a90 WorkerThread "GC Thread#2"                     [id=18348, stack(0x0000009f8ed00000,0x0000009f8ee00000) (1024K)]
  0x000001ea457b7980 WorkerThread "GC Thread#3"                     [id=16292, stack(0x0000009f8ee00000,0x0000009f8ef00000) (1024K)]
  0x000001ea4550b3b0 WorkerThread "GC Thread#4"                     [id=4412, stack(0x0000009f8ef00000,0x0000009f8f000000) (1024K)]
  0x000001ea4534c250 WorkerThread "GC Thread#5"                     [id=19628, stack(0x0000009f8f000000,0x0000009f8f100000) (1024K)]
  0x000001ea46bec420 WorkerThread "GC Thread#6"                     [id=14740, stack(0x0000009f8fe00000,0x0000009f8ff00000) (1024K)]
  0x000001ea46becb80 WorkerThread "GC Thread#7"                     [id=18444, stack(0x0000009f8ff00000,0x0000009f90000000) (1024K)]
  0x000001ea46becf30 WorkerThread "GC Thread#8"                     [id=14844, stack(0x0000009f90000000,0x0000009f90100000) (1024K)]
  0x000001ea4794ba40 WorkerThread "GC Thread#9"                     [id=16596, stack(0x0000009f90100000,0x0000009f90200000) (1024K)]
  0x000001ea675c14e0 ConcurrentGCThread "G1 Main Marker"            [id=13808, stack(0x0000009f8da00000,0x0000009f8db00000) (1024K)]
  0x000001ea675c26a0 WorkerThread "G1 Conc#0"                       [id=16488, stack(0x0000009f8db00000,0x0000009f8dc00000) (1024K)]
  0x000001ea4794af30 WorkerThread "G1 Conc#1"                       [id=7160, stack(0x0000009f90200000,0x0000009f90300000) (1024K)]
  0x000001ea4794b690 WorkerThread "G1 Conc#2"                       [id=20292, stack(0x0000009f90300000,0x0000009f90400000) (1024K)]
  0x000001ea7e77ed00 ConcurrentGCThread "G1 Refine#0"               [id=24744, stack(0x0000009f8dc00000,0x0000009f8dd00000) (1024K)]
  0x000001ea7e77f630 ConcurrentGCThread "G1 Service"                [id=14260, stack(0x0000009f8dd00000,0x0000009f8de00000) (1024K)]
Total: 18

Threads with active compile tasks:
C2 CompilerThread0  13651 8977   !   4       org.jetbrains.kotlin.metadata.ProtoBuf$Type::<init> (976 bytes)
Total: 1

VM state: not at safepoint (normal execution)

VM Mutex/Monitor currently owned by a thread: None

Heap address: 0x0000000080000000, size: 2048 MB, Compressed Oops mode: 32-bit

CDS archive(s) mapped at: [0x000001ea00000000-0x000001ea00ba0000-0x000001ea00ba0000), size 12189696, SharedBaseAddress: 0x000001ea00000000, ArchiveRelocationMode: 1.
Compressed class space mapped at: 0x000001ea01000000-0x000001ea41000000, reserved size: 1073741824
Narrow klass base: 0x000001ea00000000, Narrow klass shift: 0, Narrow klass range: 0x100000000

GC Precious Log:
 CardTable entry size: 512
 Card Set container configuration: InlinePtr #cards 5 size 8 Array Of Cards #cards 12 size 40 Howl #buckets 4 coarsen threshold 1843 Howl Bitmap #cards 512 size 80 coarsen threshold 460 Card regions per heap region 1 cards per card region 2048
 CPUs: 12 total, 12 available
 Memory: 16085M
 Large Page Support: Disabled
 NUMA Support: Disabled
 Compressed Oops: Enabled (32-bit)
 Heap Region Size: 1M
 Heap Min Capacity: 8M
 Heap Initial Capacity: 252M
 Heap Max Capacity: 2G
 Pre-touch: Disabled
 Parallel Workers: 10
 Concurrent Workers: 3
 Concurrent Refinement Workers: 10
 Periodic GC: Disabled

Heap:
 garbage-first heap   total 153600K, used 125687K [0x0000000080000000, 0x0000000100000000)
  region size 1024K, 38 young (38912K), 2 survivors (2048K)
 Metaspace       used 78459K, committed 80448K, reserved 1179648K
  class space    used 11247K, committed 12224K, reserved 1048576K

Heap Regions: E=young(eden), S=young(survivor), O=old, HS=humongous(starts), HC=humongous(continues), CS=collection set, F=free, TAMS=top-at-mark-start, PB=parsable bottom
|   0|0x0000000080000000, 0x0000000080100000, 0x0000000080100000|100%|HS|  |TAMS 0x0000000080000000| PB 0x0000000080000000| Complete 
|   1|0x0000000080100000, 0x0000000080200000, 0x0000000080200000|100%|HC|  |TAMS 0x0000000080100000| PB 0x0000000080100000| Complete 
|   2|0x0000000080200000, 0x0000000080300000, 0x0000000080300000|100%|HC|  |TAMS 0x0000000080200000| PB 0x0000000080200000| Complete 
|   3|0x0000000080300000, 0x0000000080400000, 0x0000000080400000|100%|HC|  |TAMS 0x0000000080300000| PB 0x0000000080300000| Complete 
|   4|0x0000000080400000, 0x0000000080500000, 0x0000000080500000|100%| O|  |TAMS 0x0000000080400000| PB 0x0000000080400000| Untracked 
|   5|0x0000000080500000, 0x0000000080600000, 0x0000000080600000|100%| O|  |TAMS 0x0000000080500000| PB 0x0000000080500000| Untracked 
|   6|0x0000000080600000, 0x0000000080700000, 0x0000000080700000|100%| O|  |TAMS 0x0000000080600000| PB 0x0000000080600000| Untracked 
|   7|0x0000000080700000, 0x0000000080800000, 0x0000000080800000|100%| O|  |TAMS 0x0000000080700000| PB 0x0000000080700000| Untracked 
|   8|0x0000000080800000, 0x0000000080900000, 0x0000000080900000|100%|HS|  |TAMS 0x0000000080800000| PB 0x0000000080800000| Complete 
|   9|0x0000000080900000, 0x0000000080a00000, 0x0000000080a00000|100%| O|  |TAMS 0x0000000080900000| PB 0x0000000080900000| Untracked 
|  10|0x0000000080a00000, 0x0000000080b00000, 0x0000000080b00000|100%| O|  |TAMS 0x0000000080a00000| PB 0x0000000080a00000| Untracked 
|  11|0x0000000080b00000, 0x0000000080c00000, 0x0000000080c00000|100%| O|  |TAMS 0x0000000080b00000| PB 0x0000000080b00000| Untracked 
|  12|0x0000000080c00000, 0x0000000080d00000, 0x0000000080d00000|100%| O|  |TAMS 0x0000000080c00000| PB 0x0000000080c00000| Untracked 
|  13|0x0000000080d00000, 0x0000000080e00000, 0x0000000080e00000|100%| O|  |TAMS 0x0000000080d00000| PB 0x0000000080d00000| Untracked 
|  14|0x0000000080e00000, 0x0000000080f00000, 0x0000000080f00000|100%| O|  |TAMS 0x0000000080e00000| PB 0x0000000080e00000| Untracked 
|  15|0x0000000080f00000, 0x0000000081000000, 0x0000000081000000|100%| O|  |TAMS 0x0000000080f00000| PB 0x0000000080f00000| Untracked 
|  16|0x0000000081000000, 0x0000000081100000, 0x0000000081100000|100%| O|  |TAMS 0x0000000081000000| PB 0x0000000081000000| Untracked 
|  17|0x0000000081100000, 0x0000000081200000, 0x0000000081200000|100%| O|  |TAMS 0x0000000081100000| PB 0x0000000081100000| Untracked 
|  18|0x0000000081200000, 0x0000000081300000, 0x0000000081300000|100%| O|  |TAMS 0x0000000081200000| PB 0x0000000081200000| Untracked 
|  19|0x0000000081300000, 0x0000000081400000, 0x0000000081400000|100%| O|  |TAMS 0x0000000081300000| PB 0x0000000081300000| Untracked 
|  20|0x0000000081400000, 0x0000000081500000, 0x0000000081500000|100%| O|  |TAMS 0x0000000081400000| PB 0x0000000081400000| Untracked 
|  21|0x0000000081500000, 0x0000000081600000, 0x0000000081600000|100%| O|  |TAMS 0x0000000081500000| PB 0x0000000081500000| Untracked 
|  22|0x0000000081600000, 0x0000000081700000, 0x0000000081700000|100%| O|  |TAMS 0x0000000081600000| PB 0x0000000081600000| Untracked 
|  23|0x0000000081700000, 0x0000000081800000, 0x0000000081800000|100%| O|  |TAMS 0x0000000081700000| PB 0x0000000081700000| Untracked 
|  24|0x0000000081800000, 0x0000000081900000, 0x0000000081900000|100%| O|  |TAMS 0x0000000081800000| PB 0x0000000081800000| Untracked 
|  25|0x0000000081900000, 0x0000000081a00000, 0x0000000081a00000|100%| O|  |TAMS 0x0000000081900000| PB 0x0000000081900000| Untracked 
|  26|0x0000000081a00000, 0x0000000081b00000, 0x0000000081b00000|100%| O|  |TAMS 0x0000000081a00000| PB 0x0000000081a00000| Untracked 
|  27|0x0000000081b00000, 0x0000000081c00000, 0x0000000081c00000|100%| O|  |TAMS 0x0000000081b00000| PB 0x0000000081b00000| Untracked 
|  28|0x0000000081c00000, 0x0000000081d00000, 0x0000000081d00000|100%| O|  |TAMS 0x0000000081c00000| PB 0x0000000081c00000| Untracked 
|  29|0x0000000081d00000, 0x0000000081e00000, 0x0000000081e00000|100%| O|  |TAMS 0x0000000081d00000| PB 0x0000000081d00000| Untracked 
|  30|0x0000000081e00000, 0x0000000081f00000, 0x0000000081f00000|100%| O|  |TAMS 0x0000000081e00000| PB 0x0000000081e00000| Untracked 
|  31|0x0000000081f00000, 0x0000000082000000, 0x0000000082000000|100%| O|  |TAMS 0x0000000081f00000| PB 0x0000000081f00000| Untracked 
|  32|0x0000000082000000, 0x0000000082100000, 0x0000000082100000|100%| O|  |TAMS 0x0000000082000000| PB 0x0000000082000000| Untracked 
|  33|0x0000000082100000, 0x0000000082200000, 0x0000000082200000|100%| O|  |TAMS 0x0000000082100000| PB 0x0000000082100000| Untracked 
|  34|0x0000000082200000, 0x0000000082300000, 0x0000000082300000|100%| O|  |TAMS 0x0000000082200000| PB 0x0000000082200000| Untracked 
|  35|0x0000000082300000, 0x0000000082400000, 0x0000000082400000|100%| O|  |TAMS 0x0000000082300000| PB 0x0000000082300000| Untracked 
|  36|0x0000000082400000, 0x0000000082500000, 0x0000000082500000|100%| O|  |TAMS 0x0000000082400000| PB 0x0000000082400000| Untracked 
|  37|0x0000000082500000, 0x0000000082600000, 0x0000000082600000|100%| O|  |TAMS 0x0000000082500000| PB 0x0000000082500000| Untracked 
|  38|0x0000000082600000, 0x0000000082700000, 0x0000000082700000|100%| O|  |TAMS 0x0000000082600000| PB 0x0000000082600000| Untracked 
|  39|0x0000000082700000, 0x0000000082800000, 0x0000000082800000|100%| O|  |TAMS 0x0000000082700000| PB 0x0000000082700000| Untracked 
|  40|0x0000000082800000, 0x0000000082900000, 0x0000000082900000|100%|HS|  |TAMS 0x0000000082800000| PB 0x0000000082800000| Complete 
|  41|0x0000000082900000, 0x0000000082a00000, 0x0000000082a00000|100%| O|  |TAMS 0x0000000082900000| PB 0x0000000082900000| Untracked 
|  42|0x0000000082a00000, 0x0000000082b00000, 0x0000000082b00000|100%| O|  |TAMS 0x0000000082a00000| PB 0x0000000082a00000| Untracked 
|  43|0x0000000082b00000, 0x0000000082c00000, 0x0000000082c00000|100%| O|  |TAMS 0x0000000082b00000| PB 0x0000000082b00000| Untracked 
|  44|0x0000000082c00000, 0x0000000082d00000, 0x0000000082d00000|100%| O|  |TAMS 0x0000000082c00000| PB 0x0000000082c00000| Untracked 
|  45|0x0000000082d00000, 0x0000000082e00000, 0x0000000082e00000|100%| O|  |TAMS 0x0000000082d00000| PB 0x0000000082d00000| Untracked 
|  46|0x0000000082e00000, 0x0000000082f00000, 0x0000000082f00000|100%| O|  |TAMS 0x0000000082e00000| PB 0x0000000082e00000| Untracked 
|  47|0x0000000082f00000, 0x0000000083000000, 0x0000000083000000|100%| O|  |TAMS 0x0000000082f00000| PB 0x0000000082f00000| Untracked 
|  48|0x0000000083000000, 0x0000000083100000, 0x0000000083100000|100%| O|  |TAMS 0x0000000083000000| PB 0x0000000083000000| Untracked 
|  49|0x0000000083100000, 0x0000000083200000, 0x0000000083200000|100%| O|  |TAMS 0x0000000083100000| PB 0x0000000083100000| Untracked 
|  50|0x0000000083200000, 0x0000000083300000, 0x0000000083300000|100%| O|  |TAMS 0x0000000083200000| PB 0x0000000083200000| Untracked 
|  51|0x0000000083300000, 0x0000000083400000, 0x0000000083400000|100%| O|  |TAMS 0x0000000083300000| PB 0x0000000083300000| Untracked 
|  52|0x0000000083400000, 0x0000000083500000, 0x0000000083500000|100%| O|  |TAMS 0x0000000083400000| PB 0x0000000083400000| Untracked 
|  53|0x0000000083500000, 0x0000000083600000, 0x0000000083600000|100%| O|  |TAMS 0x0000000083500000| PB 0x0000000083500000| Untracked 
|  54|0x0000000083600000, 0x0000000083700000, 0x0000000083700000|100%| O|  |TAMS 0x0000000083600000| PB 0x0000000083600000| Untracked 
|  55|0x0000000083700000, 0x0000000083800000, 0x0000000083800000|100%| O|  |TAMS 0x0000000083700000| PB 0x0000000083700000| Untracked 
|  56|0x0000000083800000, 0x0000000083900000, 0x0000000083900000|100%| O|  |TAMS 0x0000000083800000| PB 0x0000000083800000| Untracked 
|  57|0x0000000083900000, 0x0000000083a00000, 0x0000000083a00000|100%| O|  |TAMS 0x0000000083900000| PB 0x0000000083900000| Untracked 
|  58|0x0000000083a00000, 0x0000000083b00000, 0x0000000083b00000|100%| O|  |TAMS 0x0000000083a00000| PB 0x0000000083a00000| Untracked 
|  59|0x0000000083b00000, 0x0000000083c00000, 0x0000000083c00000|100%| O|  |TAMS 0x0000000083b00000| PB 0x0000000083b00000| Untracked 
|  60|0x0000000083c00000, 0x0000000083d00000, 0x0000000083d00000|100%| O|  |TAMS 0x0000000083c00000| PB 0x0000000083c00000| Untracked 
|  61|0x0000000083d00000, 0x0000000083d31000, 0x0000000083e00000| 19%| O|  |TAMS 0x0000000083d00000| PB 0x0000000083d00000| Untracked 
|  62|0x0000000083e00000, 0x0000000083f00000, 0x0000000083f00000|100%| O|  |TAMS 0x0000000083e00000| PB 0x0000000083e00000| Untracked 
|  63|0x0000000083f00000, 0x0000000084000000, 0x0000000084000000|100%| O|  |TAMS 0x0000000083f00000| PB 0x0000000083f00000| Untracked 
|  64|0x0000000084000000, 0x0000000084100000, 0x0000000084100000|100%| O|  |TAMS 0x0000000084000000| PB 0x0000000084000000| Untracked 
|  65|0x0000000084100000, 0x0000000084200000, 0x0000000084200000|100%| O|  |TAMS 0x0000000084100000| PB 0x0000000084100000| Untracked 
|  66|0x0000000084200000, 0x0000000084300000, 0x0000000084300000|100%| O|  |TAMS 0x0000000084200000| PB 0x0000000084200000| Untracked 
|  67|0x0000000084300000, 0x0000000084400000, 0x0000000084400000|100%| O|Cm|TAMS 0x0000000084300000| PB 0x0000000084300000| Complete 
|  68|0x0000000084400000, 0x0000000084400000, 0x0000000084500000|  0%| F|  |TAMS 0x0000000084400000| PB 0x0000000084400000| Untracked 
|  69|0x0000000084500000, 0x0000000084500000, 0x0000000084600000|  0%| F|  |TAMS 0x0000000084500000| PB 0x0000000084500000| Untracked 
|  70|0x0000000084600000, 0x0000000084600000, 0x0000000084700000|  0%| F|  |TAMS 0x0000000084600000| PB 0x0000000084600000| Untracked 
|  71|0x0000000084700000, 0x0000000084700000, 0x0000000084800000|  0%| F|  |TAMS 0x0000000084700000| PB 0x0000000084700000| Untracked 
|  72|0x0000000084800000, 0x0000000084800000, 0x0000000084900000|  0%| F|  |TAMS 0x0000000084800000| PB 0x0000000084800000| Untracked 
|  73|0x0000000084900000, 0x0000000084900000, 0x0000000084a00000|  0%| F|  |TAMS 0x0000000084900000| PB 0x0000000084900000| Untracked 
|  74|0x0000000084a00000, 0x0000000084a00000, 0x0000000084b00000|  0%| F|  |TAMS 0x0000000084a00000| PB 0x0000000084a00000| Untracked 
|  75|0x0000000084b00000, 0x0000000084b00000, 0x0000000084c00000|  0%| F|  |TAMS 0x0000000084b00000| PB 0x0000000084b00000| Untracked 
|  76|0x0000000084c00000, 0x0000000084c00000, 0x0000000084d00000|  0%| F|  |TAMS 0x0000000084c00000| PB 0x0000000084c00000| Untracked 
|  77|0x0000000084d00000, 0x0000000084d00000, 0x0000000084e00000|  0%| F|  |TAMS 0x0000000084d00000| PB 0x0000000084d00000| Untracked 
|  78|0x0000000084e00000, 0x0000000084e00000, 0x0000000084f00000|  0%| F|  |TAMS 0x0000000084e00000| PB 0x0000000084e00000| Untracked 
|  79|0x0000000084f00000, 0x0000000084f00000, 0x0000000085000000|  0%| F|  |TAMS 0x0000000084f00000| PB 0x0000000084f00000| Untracked 
|  80|0x0000000085000000, 0x0000000085000000, 0x0000000085100000|  0%| F|  |TAMS 0x0000000085000000| PB 0x0000000085000000| Untracked 
|  81|0x0000000085100000, 0x0000000085100000, 0x0000000085200000|  0%| F|  |TAMS 0x0000000085100000| PB 0x0000000085100000| Untracked 
|  82|0x0000000085200000, 0x0000000085200000, 0x0000000085300000|  0%| F|  |TAMS 0x0000000085200000| PB 0x0000000085200000| Untracked 
|  83|0x0000000085300000, 0x0000000085300000, 0x0000000085400000|  0%| F|  |TAMS 0x0000000085300000| PB 0x0000000085300000| Untracked 
|  84|0x0000000085400000, 0x0000000085400000, 0x0000000085500000|  0%| F|  |TAMS 0x0000000085400000| PB 0x0000000085400000| Untracked 
|  85|0x0000000085500000, 0x0000000085500000, 0x0000000085600000|  0%| F|  |TAMS 0x0000000085500000| PB 0x0000000085500000| Untracked 
|  86|0x0000000085600000, 0x0000000085600000, 0x0000000085700000|  0%| F|  |TAMS 0x0000000085600000| PB 0x0000000085600000| Untracked 
|  87|0x0000000085700000, 0x0000000085700000, 0x0000000085800000|  0%| F|  |TAMS 0x0000000085700000| PB 0x0000000085700000| Untracked 
|  88|0x0000000085800000, 0x0000000085800000, 0x0000000085900000|  0%| F|  |TAMS 0x0000000085800000| PB 0x0000000085800000| Untracked 
|  89|0x0000000085900000, 0x0000000085900000, 0x0000000085a00000|  0%| F|  |TAMS 0x0000000085900000| PB 0x0000000085900000| Untracked 
|  90|0x0000000085a00000, 0x0000000085a00000, 0x0000000085b00000|  0%| F|  |TAMS 0x0000000085a00000| PB 0x0000000085a00000| Untracked 
|  91|0x0000000085b00000, 0x0000000085b00000, 0x0000000085c00000|  0%| F|  |TAMS 0x0000000085b00000| PB 0x0000000085b00000| Untracked 
|  92|0x0000000085c00000, 0x0000000085c8b3a8, 0x0000000085d00000| 54%| E|  |TAMS 0x0000000085c00000| PB 0x0000000085c00000| Complete 
|  93|0x0000000085d00000, 0x0000000085e00000, 0x0000000085e00000|100%| E|CS|TAMS 0x0000000085d00000| PB 0x0000000085d00000| Complete 
|  94|0x0000000085e00000, 0x0000000085f00000, 0x0000000085f00000|100%| E|CS|TAMS 0x0000000085e00000| PB 0x0000000085e00000| Complete 
|  95|0x0000000085f00000, 0x0000000086000000, 0x0000000086000000|100%| E|CS|TAMS 0x0000000085f00000| PB 0x0000000085f00000| Complete 
|  96|0x0000000086000000, 0x0000000086100000, 0x0000000086100000|100%| E|CS|TAMS 0x0000000086000000| PB 0x0000000086000000| Complete 
|  97|0x0000000086100000, 0x0000000086200000, 0x0000000086200000|100%| E|CS|TAMS 0x0000000086100000| PB 0x0000000086100000| Complete 
|  98|0x0000000086200000, 0x0000000086300000, 0x0000000086300000|100%| E|  |TAMS 0x0000000086200000| PB 0x0000000086200000| Complete 
|  99|0x0000000086300000, 0x0000000086400000, 0x0000000086400000|100%| E|CS|TAMS 0x0000000086300000| PB 0x0000000086300000| Complete 
| 100|0x0000000086400000, 0x0000000086500000, 0x0000000086500000|100%| E|CS|TAMS 0x0000000086400000| PB 0x0000000086400000| Complete 
| 101|0x0000000086500000, 0x0000000086600000, 0x0000000086600000|100%| E|CS|TAMS 0x0000000086500000| PB 0x0000000086500000| Complete 
| 102|0x0000000086600000, 0x0000000086700000, 0x0000000086700000|100%| E|CS|TAMS 0x0000000086600000| PB 0x0000000086600000| Complete 
| 103|0x0000000086700000, 0x0000000086800000, 0x0000000086800000|100%| E|CS|TAMS 0x0000000086700000| PB 0x0000000086700000| Complete 
| 104|0x0000000086800000, 0x0000000086900000, 0x0000000086900000|100%| E|CS|TAMS 0x0000000086800000| PB 0x0000000086800000| Complete 
| 105|0x0000000086900000, 0x0000000086a00000, 0x0000000086a00000|100%| E|CS|TAMS 0x0000000086900000| PB 0x0000000086900000| Complete 
| 106|0x0000000086a00000, 0x0000000086b00000, 0x0000000086b00000|100%| E|CS|TAMS 0x0000000086a00000| PB 0x0000000086a00000| Complete 
| 107|0x0000000086b00000, 0x0000000086c00000, 0x0000000086c00000|100%| E|CS|TAMS 0x0000000086b00000| PB 0x0000000086b00000| Complete 
| 108|0x0000000086c00000, 0x0000000086d00000, 0x0000000086d00000|100%| E|CS|TAMS 0x0000000086c00000| PB 0x0000000086c00000| Complete 
| 109|0x0000000086d00000, 0x0000000086e00000, 0x0000000086e00000|100%| E|CS|TAMS 0x0000000086d00000| PB 0x0000000086d00000| Complete 
| 110|0x0000000086e00000, 0x0000000086f00000, 0x0000000086f00000|100%| E|CS|TAMS 0x0000000086e00000| PB 0x0000000086e00000| Complete 
| 111|0x0000000086f00000, 0x0000000087000000, 0x0000000087000000|100%| E|CS|TAMS 0x0000000086f00000| PB 0x0000000086f00000| Complete 
| 112|0x0000000087000000, 0x0000000087100000, 0x0000000087100000|100%| E|CS|TAMS 0x0000000087000000| PB 0x0000000087000000| Complete 
| 113|0x0000000087100000, 0x0000000087200000, 0x0000000087200000|100%| E|CS|TAMS 0x0000000087100000| PB 0x0000000087100000| Complete 
| 114|0x0000000087200000, 0x000000008728cd48, 0x0000000087300000| 55%| S|CS|TAMS 0x0000000087200000| PB 0x0000000087200000| Complete 
| 115|0x0000000087300000, 0x0000000087400000, 0x0000000087400000|100%| S|CS|TAMS 0x0000000087300000| PB 0x0000000087300000| Complete 
| 116|0x0000000087400000, 0x0000000087500000, 0x0000000087500000|100%| E|CS|TAMS 0x0000000087400000| PB 0x0000000087400000| Complete 
| 135|0x0000000088700000, 0x0000000088800000, 0x0000000088800000|100%| E|CS|TAMS 0x0000000088700000| PB 0x0000000088700000| Complete 
| 136|0x0000000088800000, 0x0000000088900000, 0x0000000088900000|100%| E|CS|TAMS 0x0000000088800000| PB 0x0000000088800000| Complete 
| 137|0x0000000088900000, 0x0000000088a00000, 0x0000000088a00000|100%| E|CS|TAMS 0x0000000088900000| PB 0x0000000088900000| Complete 
| 138|0x0000000088a00000, 0x0000000088b00000, 0x0000000088b00000|100%| E|CS|TAMS 0x0000000088a00000| PB 0x0000000088a00000| Complete 
| 139|0x0000000088b00000, 0x0000000088c00000, 0x0000000088c00000|100%| E|CS|TAMS 0x0000000088b00000| PB 0x0000000088b00000| Complete 
| 140|0x0000000088c00000, 0x0000000088d00000, 0x0000000088d00000|100%| E|CS|TAMS 0x0000000088c00000| PB 0x0000000088c00000| Complete 
| 141|0x0000000088d00000, 0x0000000088e00000, 0x0000000088e00000|100%| E|CS|TAMS 0x0000000088d00000| PB 0x0000000088d00000| Complete 
| 142|0x0000000088e00000, 0x0000000088f00000, 0x0000000088f00000|100%| E|CS|TAMS 0x0000000088e00000| PB 0x0000000088e00000| Complete 
| 143|0x0000000088f00000, 0x0000000089000000, 0x0000000089000000|100%| E|CS|TAMS 0x0000000088f00000| PB 0x0000000088f00000| Complete 
| 144|0x0000000089000000, 0x0000000089100000, 0x0000000089100000|100%| E|CS|TAMS 0x0000000089000000| PB 0x0000000089000000| Complete 
| 145|0x0000000089100000, 0x0000000089200000, 0x0000000089200000|100%| E|CS|TAMS 0x0000000089100000| PB 0x0000000089100000| Complete 
| 146|0x0000000089200000, 0x0000000089300000, 0x0000000089300000|100%| E|CS|TAMS 0x0000000089200000| PB 0x0000000089200000| Complete 
| 251|0x000000008fb00000, 0x000000008fc00000, 0x000000008fc00000|100%| E|CS|TAMS 0x000000008fb00000| PB 0x000000008fb00000| Complete 
|2028|0x00000000fec00000, 0x00000000fed00000, 0x00000000fed00000|100%| O|  |TAMS 0x00000000fec00000| PB 0x00000000fec00000| Untracked 
|2029|0x00000000fed00000, 0x00000000fee00000, 0x00000000fee00000|100%| O|Cm|TAMS 0x00000000fed00000| PB 0x00000000fed00000| Complete 
|2030|0x00000000fee00000, 0x00000000fef00000, 0x00000000fef00000|100%| O|  |TAMS 0x00000000fee00000| PB 0x00000000fee00000| Untracked 
|2031|0x00000000fef00000, 0x00000000ff000000, 0x00000000ff000000|100%| O|  |TAMS 0x00000000fef00000| PB 0x00000000fef00000| Untracked 
|2032|0x00000000ff000000, 0x00000000ff100000, 0x00000000ff100000|100%| O|  |TAMS 0x00000000ff000000| PB 0x00000000ff000000| Untracked 
|2033|0x00000000ff100000, 0x00000000ff200000, 0x00000000ff200000|100%| O|  |TAMS 0x00000000ff100000| PB 0x00000000ff100000| Untracked 
|2034|0x00000000ff200000, 0x00000000ff300000, 0x00000000ff300000|100%| O|  |TAMS 0x00000000ff200000| PB 0x00000000ff200000| Untracked 
|2035|0x00000000ff300000, 0x00000000ff400000, 0x00000000ff400000|100%| O|  |TAMS 0x00000000ff300000| PB 0x00000000ff300000| Untracked 
|2036|0x00000000ff400000, 0x00000000ff500000, 0x00000000ff500000|100%| O|  |TAMS 0x00000000ff400000| PB 0x00000000ff400000| Untracked 
|2037|0x00000000ff500000, 0x00000000ff600000, 0x00000000ff600000|100%| O|  |TAMS 0x00000000ff500000| PB 0x00000000ff500000| Untracked 
|2038|0x00000000ff600000, 0x00000000ff700000, 0x00000000ff700000|100%| O|  |TAMS 0x00000000ff600000| PB 0x00000000ff600000| Untracked 
|2039|0x00000000ff700000, 0x00000000ff800000, 0x00000000ff800000|100%| O|  |TAMS 0x00000000ff700000| PB 0x00000000ff700000| Untracked 
|2040|0x00000000ff800000, 0x00000000ff900000, 0x00000000ff900000|100%| O|  |TAMS 0x00000000ff800000| PB 0x00000000ff800000| Untracked 
|2041|0x00000000ff900000, 0x00000000ffa00000, 0x00000000ffa00000|100%| O|  |TAMS 0x00000000ff900000| PB 0x00000000ff900000| Untracked 
|2042|0x00000000ffa00000, 0x00000000ffb00000, 0x00000000ffb00000|100%| O|  |TAMS 0x00000000ffa00000| PB 0x00000000ffa00000| Untracked 
|2043|0x00000000ffb00000, 0x00000000ffc00000, 0x00000000ffc00000|100%| O|  |TAMS 0x00000000ffb00000| PB 0x00000000ffb00000| Untracked 
|2044|0x00000000ffc00000, 0x00000000ffd00000, 0x00000000ffd00000|100%| O|  |TAMS 0x00000000ffc00000| PB 0x00000000ffc00000| Untracked 
|2045|0x00000000ffd00000, 0x00000000ffe00000, 0x00000000ffe00000|100%| O|  |TAMS 0x00000000ffd00000| PB 0x00000000ffd00000| Untracked 
|2046|0x00000000ffe00000, 0x00000000fff00000, 0x00000000fff00000|100%| O|  |TAMS 0x00000000ffe00000| PB 0x00000000ffe00000| Untracked 
|2047|0x00000000fff00000, 0x0000000100000000, 0x0000000100000000|100%| O|  |TAMS 0x00000000fff00000| PB 0x00000000fff00000| Untracked 

Card table byte_map: [0x000001ea7a060000,0x000001ea7a460000] _byte_map_base: 0x000001ea79c60000

Marking Bits: (CMBitMap*) 0x000001ea67572210
 Bits: [0x000001ea7a460000, 0x000001ea7c460000)

Polling page: 0x000001ea65310000

Metaspace:

Usage:
  Non-class:     65.66 MB used.
      Class:     10.99 MB used.
       Both:     76.65 MB used.

Virtual space:
  Non-class space:      128.00 MB reserved,      66.62 MB ( 52%) committed,  2 nodes.
      Class space:        1.00 GB reserved,      11.94 MB (  1%) committed,  1 nodes.
             Both:        1.12 GB reserved,      78.56 MB (  7%) committed. 

Chunk freelists:
   Non-Class:  13.08 MB
       Class:  4.03 MB
        Both:  17.11 MB

MaxMetaspaceSize: unlimited
CompressedClassSpaceSize: 1.00 GB
Initial GC threshold: 21.00 MB
Current GC threshold: 122.62 MB
CDS: on
 - commit_granule_bytes: 65536.
 - commit_granule_words: 8192.
 - virtual_space_node_default_size: 8388608.
 - enlarge_chunks_in_place: 1.
 - use_allocation_guard: 0.


Internal statistics:

num_allocs_failed_limit: 9.
num_arena_births: 3456.
num_arena_deaths: 0.
num_vsnodes_births: 3.
num_vsnodes_deaths: 0.
num_space_committed: 1257.
num_space_uncommitted: 0.
num_chunks_returned_to_freelist: 9.
num_chunks_taken_from_freelist: 6925.
num_chunk_merges: 6.
num_chunk_splits: 4697.
num_chunks_enlarged: 3189.
num_inconsistent_stats: 0.

CodeHeap 'non-profiled nmethods': size=120000Kb used=4091Kb max_used=4827Kb free=115908Kb
 bounds [0x000001ea721e0000, 0x000001ea726a0000, 0x000001ea79710000]
CodeHeap 'profiled nmethods': size=120000Kb used=13347Kb max_used=14662Kb free=106652Kb
 bounds [0x000001ea6a710000, 0x000001ea6b5a0000, 0x000001ea71c40000]
CodeHeap 'non-nmethods': size=5760Kb used=2166Kb max_used=2191Kb free=3593Kb
 bounds [0x000001ea71c40000, 0x000001ea71eb0000, 0x000001ea721e0000]
CodeCache: size=245760Kb, used=19604Kb, max_used=21680Kb, free=226153Kb
 total_blobs=8365, nmethods=7534, adapters=735, full_count=0
Compilation: enabled, stopped_count=0, restarted_count=0

Compilation events (20 events):
Event: 11.526 Thread 0x000001ea7e87be90 8986       3       kotlin.collections.CollectionsKt___CollectionsKt::joinToString$default (94 bytes)
Event: 11.526 Thread 0x000001ea7e87be90 nmethod 8986 0x000001ea6b238710 code [0x000001ea6b2388c0, 0x000001ea6b238b58]
Event: 11.526 Thread 0x000001ea7e87be90 8995       1       org.jetbrains.kotlin.util.ArrayMapImpl::getSize (5 bytes)
Event: 11.526 Thread 0x000001ea7e87be90 nmethod 8995 0x000001ea724bad90 code [0x000001ea724baf20, 0x000001ea724bafe8]
Event: 11.530 Thread 0x000001ea494037e0 nmethod 8979 0x000001ea72261510 code [0x000001ea72261740, 0x000001ea72261eb8]
Event: 11.530 Thread 0x000001ea494037e0 8980       4       org.jetbrains.kotlin.protobuf.GeneratedMessageLite$ExtendableMessage::extensionsAreInitialized (8 bytes)
Event: 11.533 Thread 0x000001ea494037e0 nmethod 8980 0x000001ea72260b10 code [0x000001ea72260d00, 0x000001ea722610d8]
Event: 11.533 Thread 0x000001ea494037e0 8966       4       org.jetbrains.kotlin.protobuf.SmallSortedMap::makeImmutable (42 bytes)
Event: 11.534 Thread 0x000001ea494037e0 nmethod 8966 0x000001ea724ba610 code [0x000001ea724ba7a0, 0x000001ea724ba960]
Event: 11.534 Thread 0x000001ea494037e0 8972       4       org.jetbrains.kotlin.protobuf.CodedInputStream::checkLastTagWas (13 bytes)
Event: 11.534 Thread 0x000001ea494037e0 nmethod 8972 0x000001ea724ba210 code [0x000001ea724ba3a0, 0x000001ea724ba448]
Event: 11.616 Thread 0x000001ea7e87be90 8997   !   3       java.util.concurrent.LinkedBlockingQueue::poll (128 bytes)
Event: 11.618 Thread 0x000001ea7e87be90 nmethod 8997 0x000001ea6b067d10 code [0x000001ea6b068140, 0x000001ea6b069f00]
Event: 12.554 Thread 0x000001ea7e87be90 8998       1       org.jetbrains.kotlin.util.ComponentArrayOwner::getArrayMap (5 bytes)
Event: 12.555 Thread 0x000001ea7e87be90 nmethod 8998 0x000001ea72260810 code [0x000001ea722609a0, 0x000001ea72260a68]
Event: 12.565 Thread 0x000001ea7e87be90 8999   !   3       java.io.BufferedInputStream::read (69 bytes)
Event: 12.565 Thread 0x000001ea7e87be90 nmethod 8999 0x000001ea6ab16b10 code [0x000001ea6ab16da0, 0x000001ea6ab179e0]
Event: 12.566 Thread 0x000001ea7e87be90 9000   !   3       java.lang.ClassValue::initializeMap (46 bytes)
Event: 12.567 Thread 0x000001ea7e87be90 nmethod 9000 0x000001ea6ac4e710 code [0x000001ea6ac4e920, 0x000001ea6ac4eda0]
Event: 13.402 Thread 0x000001ea7e87be90 9003       3       javax.management.ObjectName::construct (1135 bytes)

GC Heap History (20 events):
Event: 8.376 GC heap before
{Heap before GC invocations=12 (full 0):
 garbage-first heap   total 98304K, used 85577K [0x0000000080000000, 0x0000000100000000)
  region size 1024K, 49 young (50176K), 7 survivors (7168K)
 Metaspace       used 54812K, committed 56704K, reserved 1114112K
  class space    used 7979K, committed 8896K, reserved 1048576K
}
Event: 8.380 GC heap after
{Heap after GC invocations=13 (full 0):
 garbage-first heap   total 98304K, used 45994K [0x0000000080000000, 0x0000000100000000)
  region size 1024K, 2 young (2048K), 2 survivors (2048K)
 Metaspace       used 54812K, committed 56704K, reserved 1114112K
  class space    used 7979K, committed 8896K, reserved 1048576K
}
Event: 9.046 GC heap before
{Heap before GC invocations=13 (full 0):
 garbage-first heap   total 98304K, used 87978K [0x0000000080000000, 0x0000000100000000)
  region size 1024K, 44 young (45056K), 2 survivors (2048K)
 Metaspace       used 58187K, committed 59968K, reserved 1114112K
  class space    used 8712K, committed 9600K, reserved 1048576K
}
Event: 9.048 GC heap after
{Heap after GC invocations=14 (full 0):
 garbage-first heap   total 98304K, used 47124K [0x0000000080000000, 0x0000000100000000)
  region size 1024K, 4 young (4096K), 4 survivors (4096K)
 Metaspace       used 58187K, committed 59968K, reserved 1114112K
  class space    used 8712K, committed 9600K, reserved 1048576K
}
Event: 9.093 GC heap before
{Heap before GC invocations=14 (full 0):
 garbage-first heap   total 98304K, used 48148K [0x0000000080000000, 0x0000000100000000)
  region size 1024K, 6 young (6144K), 4 survivors (4096K)
 Metaspace       used 58671K, committed 60480K, reserved 1114112K
  class space    used 8925K, committed 9856K, reserved 1048576K
}
Event: 9.095 GC heap after
{Heap after GC invocations=15 (full 0):
 garbage-first heap   total 98304K, used 47177K [0x0000000080000000, 0x0000000100000000)
  region size 1024K, 4 young (4096K), 4 survivors (4096K)
 Metaspace       used 58671K, committed 60480K, reserved 1114112K
  class space    used 8925K, committed 9856K, reserved 1048576K
}
Event: 9.779 GC heap before
{Heap before GC invocations=16 (full 0):
 garbage-first heap   total 98304K, used 89161K [0x0000000080000000, 0x0000000100000000)
  region size 1024K, 46 young (47104K), 4 survivors (4096K)
 Metaspace       used 64625K, committed 66496K, reserved 1114112K
  class space    used 9668K, committed 10560K, reserved 1048576K
}
Event: 9.781 GC heap after
{Heap after GC invocations=17 (full 0):
 garbage-first heap   total 98304K, used 48256K [0x0000000080000000, 0x0000000100000000)
  region size 1024K, 5 young (5120K), 5 survivors (5120K)
 Metaspace       used 64625K, committed 66496K, reserved 1114112K
  class space    used 9668K, committed 10560K, reserved 1048576K
}
Event: 10.247 GC heap before
{Heap before GC invocations=17 (full 0):
 garbage-first heap   total 98304K, used 91264K [0x0000000080000000, 0x0000000100000000)
  region size 1024K, 47 young (48128K), 5 survivors (5120K)
 Metaspace       used 70312K, committed 72256K, reserved 1114112K
  class space    used 10379K, committed 11328K, reserved 1048576K
}
Event: 10.251 GC heap after
{Heap after GC invocations=18 (full 0):
 garbage-first heap   total 98304K, used 48971K [0x0000000080000000, 0x0000000100000000)
  region size 1024K, 4 young (4096K), 4 survivors (4096K)
 Metaspace       used 70312K, committed 72256K, reserved 1114112K
  class space    used 10379K, committed 11328K, reserved 1048576K
}
Event: 10.456 GC heap before
{Heap before GC invocations=18 (full 0):
 garbage-first heap   total 98304K, used 91979K [0x0000000080000000, 0x0000000100000000)
  region size 1024K, 46 young (47104K), 4 survivors (4096K)
 Metaspace       used 70825K, committed 72768K, reserved 1114112K
  class space    used 10427K, committed 11392K, reserved 1048576K
}
Event: 10.463 GC heap after
{Heap after GC invocations=19 (full 0):
 garbage-first heap   total 112640K, used 64726K [0x0000000080000000, 0x0000000100000000)
  region size 1024K, 6 young (6144K), 6 survivors (6144K)
 Metaspace       used 70825K, committed 72768K, reserved 1114112K
  class space    used 10427K, committed 11392K, reserved 1048576K
}
Event: 10.633 GC heap before
{Heap before GC invocations=20 (full 0):
 garbage-first heap   total 112640K, used 95446K [0x0000000080000000, 0x0000000100000000)
  region size 1024K, 36 young (36864K), 6 survivors (6144K)
 Metaspace       used 70827K, committed 72768K, reserved 1114112K
  class space    used 10427K, committed 11392K, reserved 1048576K
}
Event: 10.639 GC heap after
{Heap after GC invocations=21 (full 0):
 garbage-first heap   total 116736K, used 79654K [0x0000000080000000, 0x0000000100000000)
  region size 1024K, 5 young (5120K), 5 survivors (5120K)
 Metaspace       used 70827K, committed 72768K, reserved 1114112K
  class space    used 10427K, committed 11392K, reserved 1048576K
}
Event: 10.819 GC heap before
{Heap before GC invocations=21 (full 0):
 garbage-first heap   total 116736K, used 102182K [0x0000000080000000, 0x0000000100000000)
  region size 1024K, 26 young (26624K), 5 survivors (5120K)
 Metaspace       used 71157K, committed 73152K, reserved 1114112K
  class space    used 10471K, committed 11456K, reserved 1048576K
}
Event: 10.824 GC heap after
{Heap after GC invocations=22 (full 0):
 garbage-first heap   total 116736K, used 88064K [0x0000000080000000, 0x0000000100000000)
  region size 1024K, 4 young (4096K), 4 survivors (4096K)
 Metaspace       used 71157K, committed 73152K, reserved 1114112K
  class space    used 10471K, committed 11456K, reserved 1048576K
}
Event: 11.043 GC heap before
{Heap before GC invocations=22 (full 0):
 garbage-first heap   total 116736K, used 103424K [0x0000000080000000, 0x0000000100000000)
  region size 1024K, 19 young (19456K), 4 survivors (4096K)
 Metaspace       used 73325K, committed 75264K, reserved 1114112K
  class space    used 10698K, committed 11648K, reserved 1048576K
}
Event: 11.045 GC heap after
{Heap after GC invocations=23 (full 0):
 garbage-first heap   total 116736K, used 90393K [0x0000000080000000, 0x0000000100000000)
  region size 1024K, 2 young (2048K), 2 survivors (2048K)
 Metaspace       used 73325K, committed 75264K, reserved 1114112K
  class space    used 10698K, committed 11648K, reserved 1048576K
}
Event: 11.224 GC heap before
{Heap before GC invocations=24 (full 0):
 garbage-first heap   total 153600K, used 103705K [0x0000000080000000, 0x0000000100000000)
  region size 1024K, 16 young (16384K), 2 survivors (2048K)
 Metaspace       used 74989K, committed 76992K, reserved 1114112K
  class space    used 10862K, committed 11840K, reserved 1048576K
}
Event: 11.225 GC heap after
{Heap after GC invocations=25 (full 0):
 garbage-first heap   total 153600K, used 90871K [0x0000000080000000, 0x0000000100000000)
  region size 1024K, 2 young (2048K), 2 survivors (2048K)
 Metaspace       used 74989K, committed 76992K, reserved 1114112K
  class space    used 10862K, committed 11840K, reserved 1048576K
}

Dll operation events (14 events):
Event: 0.011 Loaded shared library C:\Users\david\.vscode\extensions\redhat.java-1.54.0-win32-x64\jre\21.0.10-win32-x86_64\bin\java.dll
Event: 0.068 Loaded shared library C:\Users\david\.vscode\extensions\redhat.java-1.54.0-win32-x64\jre\21.0.10-win32-x86_64\bin\zip.dll
Event: 0.085 Loaded shared library C:\Users\david\.vscode\extensions\redhat.java-1.54.0-win32-x64\jre\21.0.10-win32-x86_64\bin\instrument.dll
Event: 0.089 Loaded shared library C:\Users\david\.vscode\extensions\redhat.java-1.54.0-win32-x64\jre\21.0.10-win32-x86_64\bin\net.dll
Event: 0.091 Loaded shared library C:\Users\david\.vscode\extensions\redhat.java-1.54.0-win32-x64\jre\21.0.10-win32-x86_64\bin\nio.dll
Event: 0.094 Loaded shared library C:\Users\david\.vscode\extensions\redhat.java-1.54.0-win32-x64\jre\21.0.10-win32-x86_64\bin\zip.dll
Event: 0.225 Loaded shared library C:\Users\david\.vscode\extensions\redhat.java-1.54.0-win32-x64\jre\21.0.10-win32-x86_64\bin\jimage.dll
Event: 0.527 Loaded shared library C:\Users\david\.vscode\extensions\redhat.java-1.54.0-win32-x64\jre\21.0.10-win32-x86_64\bin\verify.dll
Event: 0.558 Loaded shared library C:\Users\david\.gradle\native\660c5614fbf4a5f2a75b1949f50a0caf5cd603558e7d8a26e50b933a0cfb79d1\windows-amd64\native-platform.dll
Event: 0.568 Loaded shared library C:\Users\david\.gradle\native\0.2.8\x86_64-windows-gnu\gradle-fileevents.dll
Event: 1.363 Loaded shared library C:\Users\david\.vscode\extensions\redhat.java-1.54.0-win32-x64\jre\21.0.10-win32-x86_64\bin\management.dll
Event: 1.365 Loaded shared library C:\Users\david\.vscode\extensions\redhat.java-1.54.0-win32-x64\jre\21.0.10-win32-x86_64\bin\management_ext.dll
Event: 1.497 Loaded shared library C:\Users\david\.vscode\extensions\redhat.java-1.54.0-win32-x64\jre\21.0.10-win32-x86_64\bin\extnet.dll
Event: 1.667 Loaded shared library C:\Users\david\.vscode\extensions\redhat.java-1.54.0-win32-x64\jre\21.0.10-win32-x86_64\bin\sunmscapi.dll

Deoptimization events (20 events):
Event: 11.455 Thread 0x000001ea46ba0910 Uncommon trap: trap_request=0xffffff45 fr.pc=0x000001ea72206e2c relative=0x000000000000016c
Event: 11.455 Thread 0x000001ea46ba0910 Uncommon trap: reason=unstable_if action=reinterpret pc=0x000001ea72206e2c method=org.jetbrains.kotlin.protobuf.CodedInputStream.readRawVarint32()I @ 69 c2
Event: 11.455 Thread 0x000001ea46ba0910 DEOPT PACKING pc=0x000001ea72206e2c sp=0x0000009f8f7f2f90
Event: 11.455 Thread 0x000001ea46ba0910 DEOPT UNPACKING pc=0x000001ea71c97ba2 sp=0x0000009f8f7f2f18 mode 2
Event: 11.506 Thread 0x000001ea46ba0910 Uncommon trap: trap_request=0xffffffc6 fr.pc=0x000001ea72353ad8 relative=0x00000000000006b8
Event: 11.506 Thread 0x000001ea46ba0910 Uncommon trap: reason=bimorphic_or_optimized_type_check action=maybe_recompile pc=0x000001ea72353ad8 method=org.jetbrains.kotlin.protobuf.CodedInputStream.tryRefillBuffer(I)Z @ 173 c2
Event: 11.506 Thread 0x000001ea46ba0910 DEOPT PACKING pc=0x000001ea72353ad8 sp=0x0000009f8f7f3b50
Event: 11.506 Thread 0x000001ea46ba0910 DEOPT UNPACKING pc=0x000001ea71c97ba2 sp=0x0000009f8f7f3b08 mode 2
Event: 11.506 Thread 0x000001ea46ba0910 Uncommon trap: trap_request=0xffffffc6 fr.pc=0x000001ea72353ad8 relative=0x00000000000006b8
Event: 11.506 Thread 0x000001ea46ba0910 Uncommon trap: reason=bimorphic_or_optimized_type_check action=maybe_recompile pc=0x000001ea72353ad8 method=org.jetbrains.kotlin.protobuf.CodedInputStream.tryRefillBuffer(I)Z @ 173 c2
Event: 11.506 Thread 0x000001ea46ba0910 DEOPT PACKING pc=0x000001ea72353ad8 sp=0x0000009f8f7f3070
Event: 11.506 Thread 0x000001ea46ba0910 DEOPT UNPACKING pc=0x000001ea71c97ba2 sp=0x0000009f8f7f3028 mode 2
Event: 11.508 Thread 0x000001ea46ba0910 Uncommon trap: trap_request=0xffffffc6 fr.pc=0x000001ea72353ad8 relative=0x00000000000006b8
Event: 11.508 Thread 0x000001ea46ba0910 Uncommon trap: reason=bimorphic_or_optimized_type_check action=maybe_recompile pc=0x000001ea72353ad8 method=org.jetbrains.kotlin.protobuf.CodedInputStream.tryRefillBuffer(I)Z @ 173 c2
Event: 11.508 Thread 0x000001ea46ba0910 DEOPT PACKING pc=0x000001ea72353ad8 sp=0x0000009f8f7f3600
Event: 11.508 Thread 0x000001ea46ba0910 DEOPT UNPACKING pc=0x000001ea71c97ba2 sp=0x0000009f8f7f35b8 mode 2
Event: 11.508 Thread 0x000001ea46ba0910 Uncommon trap: trap_request=0xffffffc6 fr.pc=0x000001ea72353ad8 relative=0x00000000000006b8
Event: 11.508 Thread 0x000001ea46ba0910 Uncommon trap: reason=bimorphic_or_optimized_type_check action=maybe_recompile pc=0x000001ea72353ad8 method=org.jetbrains.kotlin.protobuf.CodedInputStream.tryRefillBuffer(I)Z @ 173 c2
Event: 11.508 Thread 0x000001ea46ba0910 DEOPT PACKING pc=0x000001ea72353ad8 sp=0x0000009f8f7f3070
Event: 11.508 Thread 0x000001ea46ba0910 DEOPT UNPACKING pc=0x000001ea71c97ba2 sp=0x0000009f8f7f3028 mode 2

Classes loaded (20 events):
Event: 10.286 Loading class java/beans/PropertyChangeSupport$PropertyChangeListenerMap
Event: 10.286 Loading class java/beans/ChangeListenerMap
Event: 10.286 Loading class java/beans/ChangeListenerMap done
Event: 10.286 Loading class java/beans/PropertyChangeSupport$PropertyChangeListenerMap done
Event: 10.286 Loading class java/beans/PropertyChangeListener
Event: 10.287 Loading class java/beans/PropertyChangeListener done
Event: 10.780 Loading class java/util/regex/Pattern$Bound
Event: 10.780 Loading class java/util/regex/Pattern$Bound done
Event: 10.781 Loading class java/util/regex/Pattern$LookBehindEndNode
Event: 10.781 Loading class java/util/regex/Pattern$LookBehindEndNode done
Event: 10.781 Loading class java/util/regex/Pattern$NotBehind
Event: 10.781 Loading class java/util/regex/Pattern$NotBehind done
Event: 10.854 Loading class java/util/function/IntUnaryOperator
Event: 10.854 Loading class java/util/function/IntUnaryOperator done
Event: 11.353 Loading class java/io/NotSerializableException
Event: 11.353 Loading class java/io/NotSerializableException done
Event: 11.664 Loading class java/util/concurrent/LinkedBlockingDeque$Itr
Event: 11.665 Loading class java/util/concurrent/LinkedBlockingDeque$AbstractItr
Event: 12.550 Loading class java/util/concurrent/LinkedBlockingDeque$AbstractItr done
Event: 12.550 Loading class java/util/concurrent/LinkedBlockingDeque$Itr done

Classes unloaded (0 events):
No events

Classes redefined (0 events):
No events

Internal exceptions (20 events):
Event: 9.531 Thread 0x000001ea46ba0910 Exception <a 'java/lang/NoSuchMethodError'{0x0000000083faa1c8}: 'java.lang.Object java.lang.invoke.DirectMethodHandle$Holder.invokeSpecial(java.lang.Object, java.lang.Object, java.lang.Object, java.lang.Object, long)'> (0x0000000083faa1c8) 
thrown [s\src\hotspot\share\interpreter\linkResolver.cpp, line 773]
Event: 9.531 Thread 0x000001ea46ba0910 Exception <a 'java/lang/NoSuchMethodError'{0x0000000083fba0d8}: 'int java.lang.invoke.DelegatingMethodHandle$Holder.reinvoke_L(java.lang.Object, java.lang.Object, java.lang.Object, long, java.lang.Object, java.lang.Object)'> (0x0000000083fba0d8) 
thrown [s\src\hotspot\share\interpreter\linkResolver.cpp, line 773]
Event: 9.532 Thread 0x000001ea46ba0910 Exception <a 'java/lang/NoSuchMethodError'{0x0000000083fc98f8}: 'int java.lang.invoke.DelegatingMethodHandle$Holder.reinvoke_L(java.lang.Object, java.lang.Object, java.lang.Object, long, int, int)'> (0x0000000083fc98f8) 
thrown [s\src\hotspot\share\interpreter\linkResolver.cpp, line 773]
Event: 9.532 Thread 0x000001ea46ba0910 Exception <a 'java/lang/NoSuchMethodError'{0x0000000083fd9158}: 'int java.lang.invoke.DelegatingMethodHandle$Holder.reinvoke_L(java.lang.Object, java.lang.Object, java.lang.Object, long, long, long)'> (0x0000000083fd9158) 
thrown [s\src\hotspot\share\interpreter\linkResolver.cpp, line 773]
Event: 9.533 Thread 0x000001ea46ba0910 Exception <a 'java/lang/NoSuchMethodError'{0x0000000083fe83d0}: 'int java.lang.invoke.DelegatingMethodHandle$Holder.reinvoke_L(java.lang.Object, java.lang.Object, java.lang.Object, long, int)'> (0x0000000083fe83d0) 
thrown [s\src\hotspot\share\interpreter\linkResolver.cpp, line 773]
Event: 9.533 Thread 0x000001ea46ba0910 Exception <a 'java/lang/NoSuchMethodError'{0x0000000083ffef08}: 'void java.lang.invoke.DelegatingMethodHandle$Holder.reinvoke_L(java.lang.Object, java.lang.Object, java.lang.Object, long, java.lang.Object, long, long)'> (0x0000000083ffef08) 
thrown [s\src\hotspot\share\interpreter\linkResolver.cpp, line 773]
Event: 9.534 Thread 0x000001ea46ba0910 Exception <a 'java/lang/NoSuchMethodError'{0x0000000083e075d8}: 'long java.lang.invoke.Invokers$Holder.invokeExact_MT(java.lang.Object, java.lang.Object, java.lang.Object)'> (0x0000000083e075d8) 
thrown [s\src\hotspot\share\interpreter\linkResolver.cpp, line 773]
Event: 9.534 Thread 0x000001ea46ba0910 Exception <a 'java/lang/NoSuchMethodError'{0x0000000083e0c620}: 'int java.lang.invoke.Invokers$Holder.invokeExact_MT(java.lang.Object, java.lang.Object, java.lang.Object)'> (0x0000000083e0c620) 
thrown [s\src\hotspot\share\interpreter\linkResolver.cpp, line 773]
Event: 9.580 Thread 0x000001ea46ba0910 Exception <a 'java/lang/NoSuchMethodError'{0x0000000083b49250}: 'java.lang.Object java.lang.invoke.DirectMethodHandle$Holder.invokeStatic(java.lang.Object, java.lang.Object, int, java.lang.Object, int)'> (0x0000000083b49250) 
thrown [s\src\hotspot\share\interpreter\linkResolver.cpp, line 773]
Event: 9.997 Thread 0x000001ea46ba0910 Exception <a 'java/lang/NoSuchMethodError'{0x00000000849c14d0}: 'java.lang.Object java.lang.invoke.DirectMethodHandle$Holder.invokeStatic(java.lang.Object, java.lang.Object, java.lang.Object, java.lang.Object, int, java.lang.Object)'> (0x00000000849c14d0) 
thrown [s\src\hotspot\share\interpreter\linkResolver.cpp, line 773]
Event: 10.019 Thread 0x000001ea46ba0910 Exception <a 'java/lang/NoSuchMethodError'{0x0000000084733c50}: 'long java.lang.invoke.DirectMethodHandle$Holder.invokeStatic(java.lang.Object, java.lang.Object, int)'> (0x0000000084733c50) 
thrown [s\src\hotspot\share\interpreter\linkResolver.cpp, line 773]
Event: 10.020 Thread 0x000001ea46ba0910 Exception <a 'java/lang/NoSuchMethodError'{0x00000000847403c8}: 'java.lang.Object java.lang.invoke.DelegatingMethodHandle$Holder.reinvoke_L(java.lang.Object, int, long, java.lang.Object, java.lang.Object, int, java.lang.Object)'> (0x00000000847403c8) 
thrown [s\src\hotspot\share\interpreter\linkResolver.cpp, line 773]
Event: 10.208 Thread 0x000001ea46ba0910 Exception <a 'java/lang/NoSuchMethodError'{0x00000000836f95e0}: 'java.lang.Object java.lang.invoke.Invokers$Holder.invokeExact_MT(java.lang.Object, java.lang.Object, long, java.lang.Object)'> (0x00000000836f95e0) 
thrown [s\src\hotspot\share\interpreter\linkResolver.cpp, line 773]
Event: 10.297 Thread 0x000001ea46ba0910 Exception <a 'java/lang/NoSuchMethodError'{0x0000000088f82750}: 'java.lang.Object java.lang.invoke.DirectMethodHandle$Holder.invokeStatic(java.lang.Object, java.lang.Object, long, long)'> (0x0000000088f82750) 
thrown [s\src\hotspot\share\interpreter\linkResolver.cpp, line 773]
Event: 10.304 Thread 0x000001ea46ba0910 Exception <a 'java/lang/NoSuchMethodError'{0x0000000088fd0330}: 'java.lang.Object java.lang.invoke.DirectMethodHandle$Holder.invokeStatic(java.lang.Object, java.lang.Object, java.lang.Object, long, java.lang.Object)'> (0x0000000088fd0330) 
thrown [s\src\hotspot\share\interpreter\linkResolver.cpp, line 773]
Event: 10.305 Thread 0x000001ea46ba0910 Exception <a 'java/lang/NoSuchMethodError'{0x0000000088fd8a08}: 'java.lang.Object java.lang.invoke.DirectMethodHandle$Holder.newInvokeSpecial(java.lang.Object, java.lang.Object, java.lang.Object, long)'> (0x0000000088fd8a08) 
thrown [s\src\hotspot\share\interpreter\linkResolver.cpp, line 773]
Event: 10.305 Thread 0x000001ea46ba0910 Exception <a 'java/lang/NoSuchMethodError'{0x0000000088fddcc0}: 'java.lang.Object java.lang.invoke.Invokers$Holder.linkToTargetMethod(java.lang.Object, java.lang.Object, long, java.lang.Object)'> (0x0000000088fddcc0) 
thrown [s\src\hotspot\share\interpreter\linkResolver.cpp, line 773]
Event: 10.440 Thread 0x000001ea46ba0910 Implicit null exception at 0x000001ea7267eae7 to 0x000001ea7267eef0
Event: 10.447 Thread 0x000001ea46ba0910 Implicit null exception at 0x000001ea7268f1f2 to 0x000001ea7268fd08
Event: 10.855 Thread 0x000001ea46ba0910 Exception <a 'java/lang/NoSuchMethodError'{0x0000000089122608}: 'int java.lang.invoke.DirectMethodHandle$Holder.invokeSpecial(java.lang.Object, java.lang.Object, int, int)'> (0x0000000089122608) 
thrown [s\src\hotspot\share\interpreter\linkResolver.cpp, line 773]

ZGC Phase Switch (0 events):
No events

VM Operations (20 events):
Event: 10.639 Executing safepoint VM operation: G1CollectForAllocation (G1 Evacuation Pause) done
Event: 10.819 Executing safepoint VM operation: G1CollectForAllocation (G1 Evacuation Pause)
Event: 10.824 Executing safepoint VM operation: G1CollectForAllocation (G1 Evacuation Pause) done
Event: 11.043 Executing safepoint VM operation: G1CollectForAllocation (G1 Evacuation Pause)
Event: 11.046 Executing safepoint VM operation: G1CollectForAllocation (G1 Evacuation Pause) done
Event: 11.085 Executing safepoint VM operation: G1PauseRemark
Event: 11.090 Executing safepoint VM operation: G1PauseRemark done
Event: 11.108 Executing safepoint VM operation: G1PauseCleanup
Event: 11.108 Executing safepoint VM operation: G1PauseCleanup done
Event: 11.224 Executing safepoint VM operation: G1CollectForAllocation (G1 Evacuation Pause)
Event: 11.225 Executing safepoint VM operation: G1CollectForAllocation (G1 Evacuation Pause) done
Event: 11.462 Executing non-safepoint VM operation: HandshakeAllThreads (Deoptimize)
Event: 11.462 Executing non-safepoint VM operation: HandshakeAllThreads (Deoptimize) done
Event: 12.472 Executing safepoint VM operation: Cleanup
Event: 12.550 Executing safepoint VM operation: Cleanup done
Event: 12.567 Executing non-safepoint VM operation: HandshakeAllThreads (Deoptimize)
Event: 12.567 Executing non-safepoint VM operation: HandshakeAllThreads (Deoptimize) done
Event: 12.569 Executing non-safepoint VM operation: HandshakeAllThreads (Deoptimize)
Event: 12.569 Executing non-safepoint VM operation: HandshakeAllThreads (Deoptimize) done
Event: 13.573 Executing safepoint VM operation: Cleanup

Memory protections (0 events):
No events

Nmethod flushes (20 events):
Event: 11.089 Thread 0x000001ea7e83ae90 flushing  nmethod 0x000001ea6a9b0690
Event: 11.089 Thread 0x000001ea7e83ae90 flushing  nmethod 0x000001ea6a9b1e10
Event: 11.089 Thread 0x000001ea7e83ae90 flushing  nmethod 0x000001ea6a9b3890
Event: 11.089 Thread 0x000001ea7e83ae90 flushing  nmethod 0x000001ea6aa49110
Event: 11.089 Thread 0x000001ea7e83ae90 flushing  nmethod 0x000001ea6aef7e90
Event: 11.089 Thread 0x000001ea7e83ae90 flushing  nmethod 0x000001ea6af26710
Event: 11.089 Thread 0x000001ea7e83ae90 flushing  nmethod 0x000001ea6b1ff790
Event: 11.089 Thread 0x000001ea7e83ae90 flushing  nmethod 0x000001ea6b40f410
Event: 11.089 Thread 0x000001ea7e83ae90 flushing  nmethod 0x000001ea6b542190
Event: 11.089 Thread 0x000001ea7e83ae90 flushing  nmethod 0x000001ea6b542f10
Event: 11.089 Thread 0x000001ea7e83ae90 flushing  nmethod 0x000001ea7267e810
Event: 11.089 Thread 0x000001ea7e83ae90 flushing  nmethod 0x000001ea72680a90
Event: 11.089 Thread 0x000001ea7e83ae90 flushing  nmethod 0x000001ea6a738090
Event: 11.089 Thread 0x000001ea7e83ae90 flushing  nmethod 0x000001ea6a807f90
Event: 11.089 Thread 0x000001ea7e83ae90 flushing  nmethod 0x000001ea6a853a10
Event: 11.089 Thread 0x000001ea7e83ae90 flushing  nmethod 0x000001ea6a880110
Event: 11.089 Thread 0x000001ea7e83ae90 flushing  nmethod 0x000001ea6a9c1f90
Event: 11.089 Thread 0x000001ea7e83ae90 flushing  nmethod 0x000001ea6b522190
Event: 11.089 Thread 0x000001ea7e83ae90 flushing  nmethod 0x000001ea6b522610
Event: 11.089 Thread 0x000001ea7e83ae90 flushing  nmethod 0x000001ea6b522d10

Events (20 events):
Event: 5.988 Thread 0x000001ea46ba0910 Thread added: 0x000001ea47458a30
Event: 6.036 Thread 0x000001ea46ba0910 Thread added: 0x000001ea474590c0
Event: 6.081 Thread 0x000001ea46ba0910 Thread added: 0x000001ea47459750
Event: 7.785 Thread 0x000001ea46ba0910 Thread added: 0x000001ea47457680
Event: 7.785 Thread 0x000001ea46ba0910 Thread added: 0x000001ea4870f260
Event: 7.786 Thread 0x000001ea46ba0910 Thread added: 0x000001ea4870ebd0
Event: 7.786 Thread 0x000001ea46ba0910 Thread added: 0x000001ea4870deb0
Event: 7.786 Thread 0x000001ea46ba0910 Thread added: 0x000001ea4870f8f0
Event: 7.787 Thread 0x000001ea46ba0910 Thread added: 0x000001ea4870ff80
Event: 7.787 Thread 0x000001ea46ba0910 Thread added: 0x000001ea48710610
Event: 7.787 Thread 0x000001ea46ba0910 Thread added: 0x000001ea4870d190
Event: 7.787 Thread 0x000001ea46ba0910 Thread added: 0x000001ea48710ca0
Event: 8.940 Thread 0x000001ea494037e0 Thread exited: 0x000001ea494037e0
Event: 8.940 Thread 0x000001ea49406790 Thread exited: 0x000001ea49406790
Event: 10.252 Thread 0x000001ea7e87be90 Thread added: 0x000001ea49406790
Event: 10.310 Thread 0x000001ea7e87be90 Thread added: 0x000001ea494037e0
Event: 11.197 Thread 0x000001ea494037e0 Thread exited: 0x000001ea494037e0
Event: 11.311 Thread 0x000001ea49406790 Thread exited: 0x000001ea49406790
Event: 11.482 Thread 0x000001ea7e865720 Thread added: 0x000001ea494037e0
Event: 12.554 Thread 0x000001ea494037e0 Thread exited: 0x000001ea494037e0


Dynamic libraries:
0x00007ff72a1a0000 - 0x00007ff72a1ae000 	C:\Users\david\.vscode\extensions\redhat.java-1.54.0-win32-x64\jre\21.0.10-win32-x86_64\bin\java.exe
0x00007ffda0c00000 - 0x00007ffda0e68000 	C:\WINDOWS\SYSTEM32\ntdll.dll
0x00007ffd59a50000 - 0x00007ffd59a71000 	C:\Program Files\Avast Software\Suite\aswhook.dll
0x00007ffd9fde0000 - 0x00007ffd9fea9000 	C:\WINDOWS\System32\KERNEL32.DLL
0x00007ffd9e090000 - 0x00007ffd9e488000 	C:\WINDOWS\System32\KERNELBASE.dll
0x00007ffd9df40000 - 0x00007ffd9e08b000 	C:\WINDOWS\System32\ucrtbase.dll
0x00007ffd74a00000 - 0x00007ffd74a18000 	C:\Users\david\.vscode\extensions\redhat.java-1.54.0-win32-x64\jre\21.0.10-win32-x86_64\bin\jli.dll
0x00007ffd85520000 - 0x00007ffd8553e000 	C:\Users\david\.vscode\extensions\redhat.java-1.54.0-win32-x64\jre\21.0.10-win32-x86_64\bin\VCRUNTIME140.dll
0x00007ffd9eef0000 - 0x00007ffd9f0b7000 	C:\WINDOWS\System32\USER32.dll
0x00007ffd9e8c0000 - 0x00007ffd9e8e7000 	C:\WINDOWS\System32\win32u.dll
0x00007ffd751b0000 - 0x00007ffd75444000 	C:\WINDOWS\WinSxS\amd64_microsoft.windows.common-controls_6595b64144ccf1df_6.0.26100.7019_none_3e06ffa0e335b8a8\COMCTL32.dll
0x00007ffda0790000 - 0x00007ffda07bb000 	C:\WINDOWS\System32\GDI32.dll
0x00007ffd9dd50000 - 0x00007ffd9de7c000 	C:\WINDOWS\System32\gdi32full.dll
0x00007ffda06e0000 - 0x00007ffda0789000 	C:\WINDOWS\System32\msvcrt.dll
0x00007ffd9e810000 - 0x00007ffd9e8b3000 	C:\WINDOWS\System32\msvcp_win.dll
0x00007ffda07c0000 - 0x00007ffda07f1000 	C:\WINDOWS\System32\IMM32.DLL
0x00007ffd96860000 - 0x00007ffd9686c000 	C:\Users\david\.vscode\extensions\redhat.java-1.54.0-win32-x64\jre\21.0.10-win32-x86_64\bin\vcruntime140_1.dll
0x00007ffd3a080000 - 0x00007ffd3a10d000 	C:\Users\david\.vscode\extensions\redhat.java-1.54.0-win32-x64\jre\21.0.10-win32-x86_64\bin\msvcp140.dll
0x00007ffd212c0000 - 0x00007ffd22061000 	C:\Users\david\.vscode\extensions\redhat.java-1.54.0-win32-x64\jre\21.0.10-win32-x86_64\bin\server\jvm.dll
0x00007ffd9fd20000 - 0x00007ffd9fdd4000 	C:\WINDOWS\System32\ADVAPI32.dll
0x00007ffda09a0000 - 0x00007ffda0a46000 	C:\WINDOWS\System32\sechost.dll
0x00007ffda0870000 - 0x00007ffda0988000 	C:\WINDOWS\System32\RPCRT4.dll
0x00007ffd9ecd0000 - 0x00007ffd9ed44000 	C:\WINDOWS\System32\WS2_32.dll
0x00007ffd9dbb0000 - 0x00007ffd9dc0e000 	C:\WINDOWS\SYSTEM32\POWRPROF.dll
0x00007ffd94ce0000 - 0x00007ffd94ceb000 	C:\WINDOWS\SYSTEM32\VERSION.dll
0x00007ffd914f0000 - 0x00007ffd91525000 	C:\WINDOWS\SYSTEM32\WINMM.dll
0x00007ffd9db90000 - 0x00007ffd9dba4000 	C:\WINDOWS\SYSTEM32\UMPDC.dll
0x00007ffd9ca70000 - 0x00007ffd9ca8b000 	C:\WINDOWS\SYSTEM32\kernel.appcore.dll
0x00007ffd8eed0000 - 0x00007ffd8eeda000 	C:\Users\david\.vscode\extensions\redhat.java-1.54.0-win32-x64\jre\21.0.10-win32-x86_64\bin\jimage.dll
0x00007ffd9b470000 - 0x00007ffd9b6b2000 	C:\WINDOWS\SYSTEM32\DBGHELP.DLL
0x00007ffda0250000 - 0x00007ffda05db000 	C:\WINDOWS\System32\combase.dll
0x00007ffd9feb0000 - 0x00007ffd9ff87000 	C:\WINDOWS\System32\OLEAUT32.dll
0x00007ffd90380000 - 0x00007ffd903bc000 	C:\WINDOWS\SYSTEM32\dbgcore.DLL
0x00007ffd9e8f0000 - 0x00007ffd9e995000 	C:\WINDOWS\System32\bcryptPrimitives.dll
0x00007ffd7d080000 - 0x00007ffd7d08f000 	C:\Users\david\.vscode\extensions\redhat.java-1.54.0-win32-x64\jre\21.0.10-win32-x86_64\bin\instrument.dll
0x00007ffd72fd0000 - 0x00007ffd72ff0000 	C:\Users\david\.vscode\extensions\redhat.java-1.54.0-win32-x64\jre\21.0.10-win32-x86_64\bin\java.dll
0x00007ffd9f5c0000 - 0x00007ffd9fd0f000 	C:\WINDOWS\System32\SHELL32.dll
0x00007ffd9e490000 - 0x00007ffd9e5fb000 	C:\WINDOWS\System32\wintypes.dll
0x00007ffd9b950000 - 0x00007ffd9c1ad000 	C:\WINDOWS\SYSTEM32\windows.storage.dll
0x00007ffda05e0000 - 0x00007ffda06d2000 	C:\WINDOWS\System32\SHCORE.dll
0x00007ffd9f550000 - 0x00007ffd9f5b7000 	C:\WINDOWS\System32\shlwapi.dll
0x00007ffd9dc70000 - 0x00007ffd9dc99000 	C:\WINDOWS\SYSTEM32\profapi.dll
0x00007ffd6dcf0000 - 0x00007ffd6dd08000 	C:\Users\david\.vscode\extensions\redhat.java-1.54.0-win32-x64\jre\21.0.10-win32-x86_64\bin\zip.dll
0x00007ffd88700000 - 0x00007ffd88710000 	C:\Users\david\.vscode\extensions\redhat.java-1.54.0-win32-x64\jre\21.0.10-win32-x86_64\bin\net.dll
0x00007ffd93c00000 - 0x00007ffd93d28000 	C:\WINDOWS\SYSTEM32\WINHTTP.dll
0x00007ffd9d020000 - 0x00007ffd9d08b000 	C:\WINDOWS\system32\mswsock.dll
0x00007ffd6d590000 - 0x00007ffd6d5a6000 	C:\Users\david\.vscode\extensions\redhat.java-1.54.0-win32-x64\jre\21.0.10-win32-x86_64\bin\nio.dll
0x00007ffd7b160000 - 0x00007ffd7b170000 	C:\Users\david\.vscode\extensions\redhat.java-1.54.0-win32-x64\jre\21.0.10-win32-x86_64\bin\verify.dll
0x00007ffd59a00000 - 0x00007ffd59a27000 	C:\Users\david\.gradle\native\660c5614fbf4a5f2a75b1949f50a0caf5cd603558e7d8a26e50b933a0cfb79d1\windows-amd64\native-platform.dll
0x00007ffd3b590000 - 0x00007ffd3b607000 	C:\Users\david\.gradle\native\0.2.8\x86_64-windows-gnu\gradle-fileevents.dll
0x00007ffd7adf0000 - 0x00007ffd7adfa000 	C:\Users\david\.vscode\extensions\redhat.java-1.54.0-win32-x64\jre\21.0.10-win32-x86_64\bin\management.dll
0x00007ffd79270000 - 0x00007ffd7927c000 	C:\Users\david\.vscode\extensions\redhat.java-1.54.0-win32-x64\jre\21.0.10-win32-x86_64\bin\management_ext.dll
0x00007ffda0990000 - 0x00007ffda0998000 	C:\WINDOWS\System32\PSAPI.DLL
0x00007ffd9c4c0000 - 0x00007ffd9c4f4000 	C:\WINDOWS\SYSTEM32\IPHLPAPI.DLL
0x00007ffd9e9a0000 - 0x00007ffd9e9aa000 	C:\WINDOWS\System32\NSI.dll
0x00007ffd7f770000 - 0x00007ffd7f779000 	C:\Users\david\.vscode\extensions\redhat.java-1.54.0-win32-x64\jre\21.0.10-win32-x86_64\bin\extnet.dll
0x00007ffd9d410000 - 0x00007ffd9d42b000 	C:\WINDOWS\SYSTEM32\CRYPTSP.dll
0x00007ffd9ca30000 - 0x00007ffd9ca6a000 	C:\WINDOWS\system32\rsaenh.dll
0x00007ffd9d0d0000 - 0x00007ffd9d0fb000 	C:\WINDOWS\SYSTEM32\USERENV.dll
0x00007ffd9dc40000 - 0x00007ffd9dc6a000 	C:\WINDOWS\SYSTEM32\bcrypt.dll
0x00007ffd9d270000 - 0x00007ffd9d27c000 	C:\WINDOWS\SYSTEM32\CRYPTBASE.dll
0x00007ffd85a00000 - 0x00007ffd85a0e000 	C:\Users\david\.vscode\extensions\redhat.java-1.54.0-win32-x64\jre\21.0.10-win32-x86_64\bin\sunmscapi.dll
0x00007ffd9e600000 - 0x00007ffd9e777000 	C:\WINDOWS\System32\CRYPT32.dll
0x00007ffd9d560000 - 0x00007ffd9d590000 	C:\WINDOWS\SYSTEM32\ncrypt.dll
0x00007ffd9d510000 - 0x00007ffd9d54f000 	C:\WINDOWS\SYSTEM32\NTASN1.dll
0x00007ffd82a00000 - 0x00007ffd82a08000 	C:\WINDOWS\system32\wshunix.dll

JVMTI agents:
C:\Users\david\.gradle\wrapper\dists\gradle-9.4.1-bin\arn2x92ynaizyzdaamcbpbhtj\gradle-9.4.1\lib\agents\gradle-instrumentation-agent-9.4.1.jar path:C:\Users\david\.vscode\extensions\redhat.java-1.54.0-win32-x64\jre\21.0.10-win32-x86_64\bin\instrument.dll, loaded, initialized, instrumentlib options:none

dbghelp: loaded successfully - version: 4.0.5 - missing functions: none
symbol engine: initialized successfully - sym options: 0x614 - pdb path: .;C:\Users\david\.vscode\extensions\redhat.java-1.54.0-win32-x64\jre\21.0.10-win32-x86_64\bin;C:\WINDOWS\SYSTEM32;C:\Program Files\Avast Software\Suite;C:\WINDOWS\WinSxS\amd64_microsoft.windows.common-controls_6595b64144ccf1df_6.0.26100.7019_none_3e06ffa0e335b8a8;C:\Users\david\.vscode\extensions\redhat.java-1.54.0-win32-x64\jre\21.0.10-win32-x86_64\bin\server;C:\Users\david\.gradle\native\660c5614fbf4a5f2a75b1949f50a0caf5cd603558e7d8a26e50b933a0cfb79d1\windows-amd64;C:\Users\david\.gradle\native\0.2.8\x86_64-windows-gnu

VM Arguments:
jvm_args: --add-opens=java.base/java.lang=ALL-UNNAMED --add-opens=java.base/java.lang.invoke=ALL-UNNAMED --add-opens=java.base/java.util=ALL-UNNAMED --add-opens=java.prefs/java.util.prefs=ALL-UNNAMED --add-exports=jdk.compiler/com.sun.tools.javac.api=ALL-UNNAMED --add-exports=jdk.compiler/com.sun.tools.javac.util=ALL-UNNAMED --add-opens=java.base/java.util=ALL-UNNAMED --add-opens=java.prefs/java.util.prefs=ALL-UNNAMED --add-opens=java.base/java.nio.charset=ALL-UNNAMED --add-opens=java.base/java.net=ALL-UNNAMED --add-opens=java.base/java.util.concurrent=ALL-UNNAMED --add-opens=java.base/java.util.concurrent.atomic=ALL-UNNAMED --add-opens=java.xml/javax.xml.namespace=ALL-UNNAMED --add-opens=java.base/java.time=ALL-UNNAMED -Xmx2048m -Dfile.encoding=UTF-8 -Duser.country=US -Duser.language=en -Duser.variant -javaagent:C:\Users\david\.gradle\wrapper\dists\gradle-9.4.1-bin\arn2x92ynaizyzdaamcbpbhtj\gradle-9.4.1\lib\agents\gradle-instrumentation-agent-9.4.1.jar 
java_command: org.gradle.launcher.daemon.bootstrap.GradleDaemon 9.4.1
java_class_path (initial): C:\Users\david\.gradle\wrapper\dists\gradle-9.4.1-bin\arn2x92ynaizyzdaamcbpbhtj\gradle-9.4.1\lib\gradle-daemon-main-9.4.1.jar
Launcher Type: SUN_STANDARD

[Global flags]
     intx CICompilerCount                          = 4                                         {product} {ergonomic}
     uint ConcGCThreads                            = 3                                         {product} {ergonomic}
     uint G1ConcRefinementThreads                  = 10                                        {product} {ergonomic}
   size_t G1HeapRegionSize                         = 1048576                                   {product} {ergonomic}
    uintx GCDrainStackTargetSize                   = 64                                        {product} {ergonomic}
   size_t InitialHeapSize                          = 264241152                                 {product} {ergonomic}
   size_t MarkStackSize                            = 4194304                                   {product} {ergonomic}
   size_t MaxHeapSize                              = 2147483648                                {product} {command line}
   size_t MaxNewSize                               = 1287651328                                {product} {ergonomic}
   size_t MinHeapDeltaBytes                        = 1048576                                   {product} {ergonomic}
   size_t MinHeapSize                              = 8388608                                   {product} {ergonomic}
    uintx NonNMethodCodeHeapSize                   = 5839372                                {pd product} {ergonomic}
    uintx NonProfiledCodeHeapSize                  = 122909434                              {pd product} {ergonomic}
    uintx ProfiledCodeHeapSize                     = 122909434                              {pd product} {ergonomic}
    uintx ReservedCodeCacheSize                    = 251658240                              {pd product} {ergonomic}
     bool SegmentedCodeCache                       = true                                      {product} {ergonomic}
   size_t SoftMaxHeapSize                          = 2147483648                             {manageable} {ergonomic}
     bool UseCompressedOops                        = true                           {product lp64_product} {ergonomic}
     bool UseG1GC                                  = true                                      {product} {ergonomic}
     bool UseLargePagesIndividualAllocation        = false                                  {pd product} {ergonomic}

Logging:
Log output configuration:
 #0: stdout all=warning uptime,level,tags foldmultilines=false
 #1: stderr all=off uptime,level,tags foldmultilines=false

Release file:
JAVA_VERSION="21.0.10" 
MODULES="java.base java.compiler java.datatransfer java.xml java.prefs java.desktop java.instrument java.logging java.management java.security.sasl java.naming java.rmi java.management.rmi java.net.http java.scripting java.security.jgss java.transaction.xa java.sql java.sql.rowset java.xml.crypto java.se java.smartcardio jdk.accessibility jdk.internal.jvmstat jdk.attach jdk.charsets jdk.internal.opt jdk.zipfs jdk.compiler jdk.crypto.ec jdk.crypto.cryptoki jdk.crypto.mscapi jdk.dynalink jdk.internal.ed jdk.editpad jdk.hotspot.agent jdk.httpserver jdk.internal.le jdk.internal.vm.ci jdk.internal.vm.compiler jdk.internal.vm.compiler.management jdk.jartool jdk.javadoc jdk.jcmd jdk.management jdk.management.agent jdk.jconsole jdk.jdeps jdk.jdwp.agent jdk.jdi jdk.jfr jdk.jshell jdk.jsobject jdk.jstatd jdk.localedata jdk.management.jfr jdk.naming.dns jdk.naming.rmi jdk.net jdk.nio.mapmode jdk.random jdk.sctp jdk.security.auth jdk.security.jgss jdk.unsupported jdk.unsupported.desktop jdk.xml.dom" 

Environment Variables:
PATH=C:\Program Files\Common Files\Oracle\Java\javapath;C:\Program Files (x86)\VMware\VMware Workstation\bin\;C:\WINDOWS\system32;C:\WINDOWS;C:\WINDOWS\System32\Wbem;C:\WINDOWS\System32\WindowsPowerShell\v1.0\;C:\WINDOWS\System32\OpenSSH\;C:\Program Files\Wolfram Research\WolframScript\;C:\Program Files\gs\gs10.04.0\bin;C:\Program Files\Git\cmd;C:\Program Files\MySQL\MySQL Server 8.0\bin;C:\Program Files\nodejs\;C:\Program Files\nodejs;C:\Users\david\OneDrive\Documents\Library system\genz-library\src;C:\composer;C:\Users\david\.local\bin;C:\Program Files\MySQL\MySQL Shell 8.0\bin\;C:\Users\david\AppData\Local\Programs\Python\Python312\Scripts\;C:\Users\david\AppData\Local\Programs\Python\Python312\;C:\Users\david\AppData\Local\Programs\Python\Launcher\;C:\Users\david\AppData\Local\Microsoft\WindowsApps;C:\Users\david\AppData\Local\Programs\Microsoft VS Code\bin;C:\MinGW\bin;C:\Program Files\gs\gs10.04.0\bin;C:\Program Files\Git;C:\ProgramData\david\GitHubDesktop\bin;C:\Users\david\AppData\Local\GitHubDesktop\bin;C:\Program Files\nodejs;C:\Users\david\Downloads\titanic.zip;C:\Users\david\AppData\Roaming\npm;C:\Users\david\OneDrive\Documents\Library system\genz-library;C:\Users\david\Downloads\php-8.5.2-nts-Win32-vs17-x64;C:\Users\david\AppData\Roaming\Composer\vendor\bin;C:\Users\david\OneDrive\Documents\WCT Semester2\php-8.5.2-nts-Win32-vs17-x64;C:\xampp\php;C:\Program Files\Android\Android Studio
USERNAME=david
OS=Windows_NT
PROCESSOR_IDENTIFIER=Intel64 Family 6 Model 141 Stepping 1, GenuineIntel
TMP=C:\Users\david\AppData\Local\Temp
TEMP=C:\Users\david\AppData\Local\Temp




Periodic native trim disabled

---------------  S Y S T E M  ---------------

OS:
 Windows 11 , 64 bit Build 26100 (10.0.26100.7019)
OS uptime: 1 days 17:18 hours
Hyper-V role detected

CPU: total 12 (initial active 12) (6 cores per cpu, 2 threads per core) family 6 model 141 stepping 1 microcode 0x34, cx8, cmov, fxsr, ht, mmx, 3dnowpref, sse, sse2, sse3, ssse3, sse4.1, sse4.2, popcnt, lzcnt, tsc, tscinvbit, avx, avx2, aes, erms, clmul, bmi1, bmi2, adx, avx512f, avx512dq, avx512cd, avx512bw, avx512vl, sha, fma, vzeroupper, avx512_vpopcntdq, avx512_vpclmulqdq, avx512_vaes, avx512_vnni, clflush, clflushopt, clwb, avx512_vbmi2, avx512_vbmi, hv, rdtscp, rdpid, fsrm, gfni, avx512_bitalg, f16c, cet_ibt, cet_ss, avx512_ifma
Processor Information for the first 12 processors :
  Max Mhz: 2688, Current Mhz: 2688, Mhz Limit: 2688

Memory: 4k page, system-wide physical 16085M (3584M free)
TotalPageFile size 18133M (AvailPageFile size 29M)
current process WorkingSet (physical memory assigned to process): 370M, peak: 370M
current process commit charge ("private bytes"): 423M, peak: 463M

vm_info: OpenJDK 64-Bit Server VM (21.0.10+7-LTS) for windows-amd64 JRE (21.0.10+7-LTS), built on 2026-01-20T00:00:00Z by "admin" with MS VC++ 17.12 (VS2022)

END.
