#
# There is insufficient memory for the Java Runtime Environment to continue.
# Native memory allocation (mmap) failed to map 59768832 bytes. Error detail: G1 virtual space
# Possible reasons:
#   The system is out of physical RAM or swap space
#   This process is running with CompressedOops enabled, and the Java Heap may be blocking the growth of the native heap
# Possible solutions:
#   Reduce memory load on the system
#   Increase physical memory or swap space
#   Check if swap backing store is full
#   Decrease Java heap size (-Xmx/-Xms)
#   Decrease number of Java threads
#   Decrease Java thread stack sizes (-Xss)
#   Set larger code cache with -XX:ReservedCodeCacheSize=
#   JVM is running with Unscaled Compressed Oops mode in which the Java heap is
#     placed in the first 4GB address space. The Java Heap base address is the
#     maximum limit for the native heap growth. Please use -XX:HeapBaseMinAddress
#     to set the Java Heap base and to place the Java Heap above 4GB virtual address.
# This output file may be truncated or incomplete.
#
#  Out of Memory Error (os_windows.cpp:3714), pid=4008, tid=22408
#
# JRE version: OpenJDK Runtime Environment Temurin-21.0.10+7 (21.0.10+7) (build 21.0.10+7-LTS)
# Java VM: OpenJDK 64-Bit Server VM Temurin-21.0.10+7 (21.0.10+7-LTS, mixed mode, sharing, tiered, compressed oops, compressed class ptrs, g1 gc, windows-amd64)
# No core dump will be written. Minidumps are not enabled by default on client versions of Windows
#

---------------  S U M M A R Y ------------

Command Line: --add-opens=java.base/java.lang=ALL-UNNAMED --add-opens=java.base/java.lang.invoke=ALL-UNNAMED --add-opens=java.base/java.util=ALL-UNNAMED --add-opens=java.prefs/java.util.prefs=ALL-UNNAMED --add-exports=jdk.compiler/com.sun.tools.javac.api=ALL-UNNAMED --add-exports=jdk.compiler/com.sun.tools.javac.util=ALL-UNNAMED --add-opens=java.base/java.util=ALL-UNNAMED --add-opens=java.prefs/java.util.prefs=ALL-UNNAMED --add-opens=java.base/java.nio.charset=ALL-UNNAMED --add-opens=java.base/java.net=ALL-UNNAMED --add-opens=java.base/java.util.concurrent=ALL-UNNAMED --add-opens=java.base/java.util.concurrent.atomic=ALL-UNNAMED --add-opens=java.xml/javax.xml.namespace=ALL-UNNAMED --add-opens=java.base/java.time=ALL-UNNAMED -Xmx2048m -Dfile.encoding=UTF-8 -Duser.country=US -Duser.language=en -Duser.variant -javaagent:C:\Users\david\.gradle\wrapper\dists\gradle-9.4.1-bin\arn2x92ynaizyzdaamcbpbhtj\gradle-9.4.1\lib\agents\gradle-instrumentation-agent-9.4.1.jar org.gradle.launcher.daemon.bootstrap.GradleDaemon 9.4.1

Host: 11th Gen Intel(R) Core(TM) i5-11400H @ 2.70GHz, 12 cores, 15G,  Windows 11 , 64 bit Build 26100 (10.0.26100.7019)
Time: Thu Jun  4 14:49:23 2026 SE Asia Standard Time elapsed time: 17.639138 seconds (0d 0h 0m 17s)

---------------  T H R E A D  ---------------

Current thread (0x000002437e757470):  VMThread "VM Thread"          [id=22408, stack(0x000000ed9a500000,0x000000ed9a600000) (1024K)]

Stack: [0x000000ed9a500000,0x000000ed9a600000]
Native frames: (J=compiled Java code, j=interpreted, Vv=VM code, C=native code)
V  [jvm.dll+0x6d7a39]
V  [jvm.dll+0x8b4b26]
V  [jvm.dll+0x8b70de]
V  [jvm.dll+0x8b77c3]
V  [jvm.dll+0x284346]
V  [jvm.dll+0x6d4355]
V  [jvm.dll+0x6c808a]
V  [jvm.dll+0x35edb8]
V  [jvm.dll+0x3669f6]
V  [jvm.dll+0x3b7afe]
V  [jvm.dll+0x3b7da8]
V  [jvm.dll+0x332fbc]
V  [jvm.dll+0x333047]
V  [jvm.dll+0x376e1c]
V  [jvm.dll+0x3755be]
V  [jvm.dll+0x332701]
V  [jvm.dll+0x374c2a]
V  [jvm.dll+0x8bd4b0]
V  [jvm.dll+0x8be824]
V  [jvm.dll+0x8bed50]
V  [jvm.dll+0x8beff3]
V  [jvm.dll+0x85f59d]
V  [jvm.dll+0x6d626d]
C  [ucrtbase.dll+0x37b0]
C  [KERNEL32.DLL+0x2e8d7]
C  [ntdll.dll+0x8c53c]

VM_Operation (0x000000ed9d9faea0): G1CollectForAllocation, mode: safepoint, requested by thread 0x000002437f3fc850


---------------  P R O C E S S  ---------------

Threads class SMR info:
_java_thread_list=0x000002435e9db110, length=46, elements={
0x000002437a416c60, 0x000002437e771d40, 0x000002437e7724b0, 0x000002437e779e20,
0x000002437e77c830, 0x000002437e7818d0, 0x000002437e784080, 0x000002437f093f70,
0x000002437e78e790, 0x000002437f25ab80, 0x000002437f388e10, 0x000002435980e2d0,
0x0000024359d21920, 0x00000243599f3be0, 0x00000243583fc970, 0x00000243599f30c0,
0x0000024359d748e0, 0x0000024359d910b0, 0x0000024359d92460, 0x0000024359d92af0,
0x0000024359d91dd0, 0x0000024359d93180, 0x0000024359d93810, 0x0000024359d91740,
0x000002435afeeb20, 0x000002435afede00, 0x000002435aff0560, 0x000002435afed770,
0x000002435afee490, 0x000002435afed0e0, 0x000002435aff0bf0, 0x000002435afef840,
0x000002435afef1b0, 0x000002435aff1fa0, 0x000002435aff2630, 0x000002435f02a290,
0x000002435f028750, 0x000002437f3fbb30, 0x000002437f3fc1c0, 0x000002437f3f8d40,
0x000002437f3fc850, 0x000002437f3f93d0, 0x000002437f3fe920, 0x000002437f3fe290,
0x000002437f3fdc00, 0x000002437f3fefb0
}

Java Threads: ( => current thread )
  0x000002437a416c60 JavaThread "main"                              [_thread_blocked, id=24072, stack(0x000000ed99e00000,0x000000ed99f00000) (1024K)]
  0x000002437e771d40 JavaThread "Reference Handler"          daemon [_thread_blocked, id=1548, stack(0x000000ed9a600000,0x000000ed9a700000) (1024K)]
  0x000002437e7724b0 JavaThread "Finalizer"                  daemon [_thread_blocked, id=9532, stack(0x000000ed9a700000,0x000000ed9a800000) (1024K)]
  0x000002437e779e20 JavaThread "Signal Dispatcher"          daemon [_thread_blocked, id=1244, stack(0x000000ed9a800000,0x000000ed9a900000) (1024K)]
  0x000002437e77c830 JavaThread "Attach Listener"            daemon [_thread_blocked, id=9952, stack(0x000000ed9a900000,0x000000ed9aa00000) (1024K)]
  0x000002437e7818d0 JavaThread "Service Thread"             daemon [_thread_blocked, id=13256, stack(0x000000ed9aa00000,0x000000ed9ab00000) (1024K)]
  0x000002437e784080 JavaThread "Monitor Deflation Thread"   daemon [_thread_blocked, id=20924, stack(0x000000ed9ab00000,0x000000ed9ac00000) (1024K)]
  0x000002437f093f70 JavaThread "C2 CompilerThread0"         daemon [_thread_blocked, id=2460, stack(0x000000ed9ac00000,0x000000ed9ad00000) (1024K)]
  0x000002437e78e790 JavaThread "C1 CompilerThread0"         daemon [_thread_blocked, id=9540, stack(0x000000ed9ad00000,0x000000ed9ae00000) (1024K)]
  0x000002437f25ab80 JavaThread "Common-Cleaner"             daemon [_thread_blocked, id=18852, stack(0x000000ed9ae00000,0x000000ed9af00000) (1024K)]
  0x000002437f388e10 JavaThread "Notification Thread"        daemon [_thread_blocked, id=24004, stack(0x000000ed9af00000,0x000000ed9b000000) (1024K)]
  0x000002435980e2d0 JavaThread "Daemon health stats"               [_thread_blocked, id=12396, stack(0x000000ed9b700000,0x000000ed9b800000) (1024K)]
  0x0000024359d21920 JavaThread "Incoming local TCP Connector on port 61979"        [_thread_in_native, id=17952, stack(0x000000ed9b800000,0x000000ed9b900000) (1024K)]
  0x00000243599f3be0 JavaThread "Daemon periodic checks"            [_thread_blocked, id=14396, stack(0x000000ed9b900000,0x000000ed9ba00000) (1024K)]
  0x00000243583fc970 JavaThread "Daemon"                            [_thread_blocked, id=24488, stack(0x000000ed9ba00000,0x000000ed9bb00000) (1024K)]
  0x00000243599f30c0 JavaThread "Handler for socket connection from /127.0.0.1:61979 to /127.0.0.1:61980"        [_thread_in_native, id=13456, stack(0x000000ed9bb00000,0x000000ed9bc00000) (1024K)]
  0x0000024359d748e0 JavaThread "Cancel handler"                    [_thread_blocked, id=16288, stack(0x000000ed9bc00000,0x000000ed9bd00000) (1024K)]
  0x0000024359d910b0 JavaThread "Daemon worker"                     [_thread_blocked, id=8152, stack(0x000000ed9bd00000,0x000000ed9be00000) (1024K)]
  0x0000024359d92460 JavaThread "Asynchronous log dispatcher for DefaultDaemonConnection: socket connection from /127.0.0.1:61979 to /127.0.0.1:61980"        [_thread_blocked, id=7644, stack(0x000000ed9be00000,0x000000ed9bf00000) (1024K)]
  0x0000024359d92af0 JavaThread "Stdin handler"                     [_thread_blocked, id=20136, stack(0x000000ed9bf00000,0x000000ed9c000000) (1024K)]
  0x0000024359d91dd0 JavaThread "Daemon client event forwarder"        [_thread_blocked, id=10644, stack(0x000000ed9c000000,0x000000ed9c100000) (1024K)]
  0x0000024359d93180 JavaThread "Cache worker for journal cache (C:\Users\david\.gradle\caches\journal-1)"        [_thread_blocked, id=13044, stack(0x000000ed9c100000,0x000000ed9c200000) (1024K)]
  0x0000024359d93810 JavaThread "File lock request listener"        [_thread_in_native, id=25168, stack(0x000000ed9c200000,0x000000ed9c300000) (1024K)]
  0x0000024359d91740 JavaThread "Cache worker for file hash cache (C:\Users\david\.gradle\caches\9.4.1\fileHashes)"        [_thread_blocked, id=15060, stack(0x000000ed9c300000,0x000000ed9c400000) (1024K)]
  0x000002435afeeb20 JavaThread "Cache worker for file hash cache (D:\New folder\MAD_MOBLIE\.gradle\9.4.1\fileHashes)"        [_thread_blocked, id=18104, stack(0x000000ed9ca00000,0x000000ed9cb00000) (1024K)]
  0x000002435afede00 JavaThread "Cache worker for Build Output Cleanup Cache (D:\New folder\MAD_MOBLIE\.gradle\buildOutputCleanup)"        [_thread_blocked, id=26216, stack(0x000000ed9cb00000,0x000000ed9cc00000) (1024K)]
  0x000002435aff0560 JavaThread "File watcher server"        daemon [_thread_in_native, id=5636, stack(0x000000ed9cc00000,0x000000ed9cd00000) (1024K)]
  0x000002435afed770 JavaThread "File watcher consumer"      daemon [_thread_blocked, id=17296, stack(0x000000ed9cd00000,0x000000ed9ce00000) (1024K)]
  0x000002435afee490 JavaThread "Cache worker for file content cache (C:\Users\david\.gradle\caches\9.4.1\fileContent)"        [_thread_blocked, id=17416, stack(0x000000ed9b100000,0x000000ed9b200000) (1024K)]
  0x000002435afed0e0 JavaThread "Cache worker for checksums cache (D:\New folder\MAD_MOBLIE\.gradle\9.4.1\checksums)"        [_thread_blocked, id=10556, stack(0x000000ed9ce00000,0x000000ed9cf00000) (1024K)]
  0x000002435aff0bf0 JavaThread "Cache worker for cache directory md-supplier (C:\Users\david\.gradle\caches\9.4.1\md-supplier)"        [_thread_blocked, id=22972, stack(0x000000ed9cf00000,0x000000ed9d000000) (1024K)]
  0x000002435afef840 JavaThread "Cache worker for cache directory md-rule (C:\Users\david\.gradle\caches\9.4.1\md-rule)"        [_thread_blocked, id=18484, stack(0x000000ed9d000000,0x000000ed9d100000) (1024K)]
  0x000002435afef1b0 JavaThread "Build operations"                  [_thread_blocked, id=5416, stack(0x000000ed9d100000,0x000000ed9d200000) (1024K)]
  0x000002435aff1fa0 JavaThread "Build operations Thread 2"         [_thread_blocked, id=15660, stack(0x000000ed9d200000,0x000000ed9d300000) (1024K)]
  0x000002435aff2630 JavaThread "Build operations Thread 3"         [_thread_blocked, id=14948, stack(0x000000ed9d300000,0x000000ed9d400000) (1024K)]
  0x000002435f02a290 JavaThread "C2 CompilerThread1"         daemon [_thread_blocked, id=21264, stack(0x000000ed9b000000,0x000000ed9b100000) (1024K)]
  0x000002435f028750 JavaThread "C2 CompilerThread2"         daemon [_thread_blocked, id=18508, stack(0x000000ed9d400000,0x000000ed9d500000) (1024K)]
  0x000002437f3fbb30 JavaThread "Build operations Thread 4"         [_thread_blocked, id=23380, stack(0x000000ed9d600000,0x000000ed9d700000) (1024K)]
  0x000002437f3fc1c0 JavaThread "Build operations Thread 5"         [_thread_blocked, id=4540, stack(0x000000ed9d700000,0x000000ed9d800000) (1024K)]
  0x000002437f3f8d40 JavaThread "Build operations Thread 6"         [_thread_blocked, id=6728, stack(0x000000ed9d800000,0x000000ed9d900000) (1024K)]
  0x000002437f3fc850 JavaThread "Build operations Thread 7"         [_thread_blocked, id=11432, stack(0x000000ed9d900000,0x000000ed9da00000) (1024K)]
  0x000002437f3f93d0 JavaThread "Build operations Thread 8"         [_thread_blocked, id=2036, stack(0x000000ed9da00000,0x000000ed9db00000) (1024K)]
  0x000002437f3fe920 JavaThread "Build operations Thread 9"         [_thread_blocked, id=13952, stack(0x000000ed9db00000,0x000000ed9dc00000) (1024K)]
  0x000002437f3fe290 JavaThread "Build operations Thread 10"        [_thread_blocked, id=13704, stack(0x000000ed9dc00000,0x000000ed9dd00000) (1024K)]
  0x000002437f3fdc00 JavaThread "Build operations Thread 11"        [_thread_blocked, id=15800, stack(0x000000ed9dd00000,0x000000ed9de00000) (1024K)]
  0x000002437f3fefb0 JavaThread "Build operations Thread 12"        [_thread_blocked, id=19912, stack(0x000000ed9de00000,0x000000ed9df00000) (1024K)]
Total: 46

Other Threads:
=>0x000002437e757470 VMThread "VM Thread"                           [id=22408, stack(0x000000ed9a500000,0x000000ed9a600000) (1024K)]
  0x000002437f090560 WatcherThread "VM Periodic Task Thread"        [id=9976, stack(0x000000ed9a400000,0x000000ed9a500000) (1024K)]
  0x000002437a471060 WorkerThread "GC Thread#0"                     [id=12916, stack(0x000000ed99f00000,0x000000ed9a000000) (1024K)]
  0x00000243583080d0 WorkerThread "GC Thread#1"                     [id=2368, stack(0x000000ed9b200000,0x000000ed9b300000) (1024K)]
  0x0000024358308480 WorkerThread "GC Thread#2"                     [id=7656, stack(0x000000ed9b300000,0x000000ed9b400000) (1024K)]
  0x0000024358308c00 WorkerThread "GC Thread#3"                     [id=23540, stack(0x000000ed9b400000,0x000000ed9b500000) (1024K)]
  0x00000243585a1780 WorkerThread "GC Thread#4"                     [id=10012, stack(0x000000ed9b500000,0x000000ed9b600000) (1024K)]
  0x00000243585a1f00 WorkerThread "GC Thread#5"                     [id=6316, stack(0x000000ed9b600000,0x000000ed9b700000) (1024K)]
  0x0000024359a4d310 WorkerThread "GC Thread#6"                     [id=19200, stack(0x000000ed9c400000,0x000000ed9c500000) (1024K)]
  0x0000024359a4c800 WorkerThread "GC Thread#7"                     [id=13712, stack(0x000000ed9c500000,0x000000ed9c600000) (1024K)]
  0x0000024359a4cbb0 WorkerThread "GC Thread#8"                     [id=26564, stack(0x000000ed9c600000,0x000000ed9c700000) (1024K)]
  0x0000024359a4cf60 WorkerThread "GC Thread#9"                     [id=16796, stack(0x000000ed9c700000,0x000000ed9c800000) (1024K)]
  0x000002437a481f60 ConcurrentGCThread "G1 Main Marker"            [id=7964, stack(0x000000ed9a000000,0x000000ed9a100000) (1024K)]
  0x000002437a483fa0 WorkerThread "G1 Conc#0"                       [id=3140, stack(0x000000ed9a100000,0x000000ed9a200000) (1024K)]
  0x000002435bc8c410 WorkerThread "G1 Conc#1"                       [id=16280, stack(0x000000ed9c800000,0x000000ed9c900000) (1024K)]
  0x000002435bc8e190 WorkerThread "G1 Conc#2"                       [id=18396, stack(0x000000ed9c900000,0x000000ed9ca00000) (1024K)]
  0x000002437a4ce4e0 ConcurrentGCThread "G1 Refine#0"               [id=22676, stack(0x000000ed9a200000,0x000000ed9a300000) (1024K)]
  0x000002437e692160 ConcurrentGCThread "G1 Service"                [id=21020, stack(0x000000ed9a300000,0x000000ed9a400000) (1024K)]
Total: 18

Threads with active compile tasks:
C2 CompilerThread0  17680 11750       4       org.gradle.internal.serialize.HierarchicalNameSerializer::writeName (88 bytes)
C1 CompilerThread0  17680 12548       3       org.gradle.api.internal.provider.AbstractMinimalProvider::calculateValue (15 bytes)
C2 CompilerThread1  17680 12490       4       org.gradle.internal.snapshot.SearchUtil::binarySearch (160 bytes)
C2 CompilerThread2  17680 11936       4       org.gradle.internal.classpath.types.ExternalPluginsInstrumentationTypeRegistry::computeSuperTypesWithRecursiveCaching (80 bytes)
Total: 4

VM state: at safepoint (normal execution)

VM Mutex/Monitor currently owned by a thread:  ([mutex/lock_event])
[0x00007ffd21f7e560] Threads_lock - owner thread: 0x000002437e757470
[0x00007ffd21f7e660] Heap_lock - owner thread: 0x000002437f3fc850

Heap address: 0x0000000080000000, size: 2048 MB, Compressed Oops mode: 32-bit

CDS archive(s) mapped at: [0x0000024313000000-0x0000024313ba0000-0x0000024313ba0000), size 12189696, SharedBaseAddress: 0x0000024313000000, ArchiveRelocationMode: 1.
Compressed class space mapped at: 0x0000024314000000-0x0000024354000000, reserved size: 1073741824
Narrow klass base: 0x0000024313000000, Narrow klass shift: 0, Narrow klass range: 0x100000000

GC Precious Log:
 CardTable entry size: 512
 Card Set container configuration: InlinePtr #cards 5 size 8 Array Of Cards #cards 12 size 40 Howl #buckets 4 coarsen threshold 1843 Howl Bitmap #cards 512 size 80 coarsen threshold 460 Card regions per heap region 1 cards per card region 2048
 CPUs: 12 total, 12 available
 Memory: 16085M
 Large Page Support: Disabled
 NUMA Support: Disabled
 Compressed Oops: Enabled (32-bit)
 Heap Region Size: 1M
 Heap Min Capacity: 8M
 Heap Initial Capacity: 252M
 Heap Max Capacity: 2G
 Pre-touch: Disabled
 Parallel Workers: 10
 Concurrent Workers: 3
 Concurrent Refinement Workers: 10
 Periodic GC: Disabled

Heap:
 garbage-first heap   total 211968K, used 115919K [0x0000000080000000, 0x0000000100000000)
  region size 1024K, 7 young (7168K), 7 survivors (7168K)
 Metaspace       used 124623K, committed 126656K, reserved 1179648K
  class space    used 16362K, committed 17344K, reserved 1048576K

Heap Regions: E=young(eden), S=young(survivor), O=old, HS=humongous(starts), HC=humongous(continues), CS=collection set, F=free, TAMS=top-at-mark-start, PB=parsable bottom
|   0|0x0000000080000000, 0x0000000080100000, 0x0000000080100000|100%|HS|  |TAMS 0x0000000080000000| PB 0x0000000080000000| Complete 
|   1|0x0000000080100000, 0x0000000080200000, 0x0000000080200000|100%|HC|  |TAMS 0x0000000080100000| PB 0x0000000080100000| Complete 
|   2|0x0000000080200000, 0x0000000080300000, 0x0000000080300000|100%|HC|  |TAMS 0x0000000080200000| PB 0x0000000080200000| Complete 
|   3|0x0000000080300000, 0x0000000080400000, 0x0000000080400000|100%|HC|  |TAMS 0x0000000080300000| PB 0x0000000080300000| Complete 
|   4|0x0000000080400000, 0x0000000080500000, 0x0000000080500000|100%| O|  |TAMS 0x0000000080400000| PB 0x0000000080400000| Untracked 
|   5|0x0000000080500000, 0x0000000080600000, 0x0000000080600000|100%| O|  |TAMS 0x0000000080500000| PB 0x0000000080500000| Untracked 
|   6|0x0000000080600000, 0x0000000080700000, 0x0000000080700000|100%| O|  |TAMS 0x0000000080600000| PB 0x0000000080600000| Untracked 
|   7|0x0000000080700000, 0x0000000080800000, 0x0000000080800000|100%| O|  |TAMS 0x0000000080700000| PB 0x0000000080700000| Untracked 
|   8|0x0000000080800000, 0x0000000080900000, 0x0000000080900000|100%|HS|  |TAMS 0x0000000080800000| PB 0x0000000080800000| Complete 
|   9|0x0000000080900000, 0x0000000080a00000, 0x0000000080a00000|100%| O|  |TAMS 0x0000000080900000| PB 0x0000000080900000| Untracked 
|  10|0x0000000080a00000, 0x0000000080b00000, 0x0000000080b00000|100%| O|  |TAMS 0x0000000080a00000| PB 0x0000000080a00000| Untracked 
|  11|0x0000000080b00000, 0x0000000080c00000, 0x0000000080c00000|100%| O|  |TAMS 0x0000000080b00000| PB 0x0000000080b00000| Untracked 
|  12|0x0000000080c00000, 0x0000000080cea8a8, 0x0000000080d00000| 91%| O|  |TAMS 0x0000000080c00000| PB 0x0000000080c00000| Untracked 
|  13|0x0000000080d00000, 0x0000000080e00000, 0x0000000080e00000|100%| O|  |TAMS 0x0000000080d00000| PB 0x0000000080d00000| Untracked 
|  14|0x0000000080e00000, 0x0000000080f00000, 0x0000000080f00000|100%| O|  |TAMS 0x0000000080e00000| PB 0x0000000080e00000| Untracked 
|  15|0x0000000080f00000, 0x0000000081000000, 0x0000000081000000|100%| O|  |TAMS 0x0000000080f00000| PB 0x0000000080f00000| Untracked 
|  16|0x0000000081000000, 0x0000000081100000, 0x0000000081100000|100%| O|  |TAMS 0x0000000081000000| PB 0x0000000081000000| Untracked 
|  17|0x0000000081100000, 0x0000000081200000, 0x0000000081200000|100%| O|  |TAMS 0x0000000081100000| PB 0x0000000081100000| Untracked 
|  18|0x0000000081200000, 0x0000000081300000, 0x0000000081300000|100%| O|  |TAMS 0x0000000081200000| PB 0x0000000081200000| Untracked 
|  19|0x0000000081300000, 0x0000000081400000, 0x0000000081400000|100%| O|  |TAMS 0x0000000081300000| PB 0x0000000081300000| Untracked 
|  20|0x0000000081400000, 0x0000000081500000, 0x0000000081500000|100%| O|  |TAMS 0x0000000081400000| PB 0x0000000081400000| Untracked 
|  21|0x0000000081500000, 0x0000000081600000, 0x0000000081600000|100%| O|  |TAMS 0x0000000081500000| PB 0x0000000081500000| Untracked 
|  22|0x0000000081600000, 0x0000000081700000, 0x0000000081700000|100%| O|  |TAMS 0x0000000081600000| PB 0x0000000081600000| Untracked 
|  23|0x0000000081700000, 0x0000000081800000, 0x0000000081800000|100%| O|  |TAMS 0x0000000081700000| PB 0x0000000081700000| Untracked 
|  24|0x0000000081800000, 0x0000000081900000, 0x0000000081900000|100%| O|  |TAMS 0x0000000081800000| PB 0x0000000081800000| Untracked 
|  25|0x0000000081900000, 0x0000000081a00000, 0x0000000081a00000|100%| O|  |TAMS 0x0000000081900000| PB 0x0000000081900000| Untracked 
|  26|0x0000000081a00000, 0x0000000081b00000, 0x0000000081b00000|100%| O|  |TAMS 0x0000000081a00000| PB 0x0000000081a00000| Untracked 
|  27|0x0000000081b00000, 0x0000000081c00000, 0x0000000081c00000|100%| O|  |TAMS 0x0000000081b00000| PB 0x0000000081b00000| Untracked 
|  28|0x0000000081c00000, 0x0000000081d00000, 0x0000000081d00000|100%| O|  |TAMS 0x0000000081c00000| PB 0x0000000081c00000| Untracked 
|  29|0x0000000081d00000, 0x0000000081e00000, 0x0000000081e00000|100%| O|  |TAMS 0x0000000081d00000| PB 0x0000000081d00000| Untracked 
|  30|0x0000000081e00000, 0x0000000081f00000, 0x0000000081f00000|100%| O|  |TAMS 0x0000000081e00000| PB 0x0000000081e00000| Untracked 
|  31|0x0000000081f00000, 0x0000000082000000, 0x0000000082000000|100%| O|Cm|TAMS 0x0000000081f00000| PB 0x0000000081f00000| Complete 
|  32|0x0000000082000000, 0x0000000082100000, 0x0000000082100000|100%| O|  |TAMS 0x0000000082000000| PB 0x0000000082000000| Untracked 
|  33|0x0000000082100000, 0x0000000082200000, 0x0000000082200000|100%| O|  |TAMS 0x0000000082100000| PB 0x0000000082100000| Untracked 
|  34|0x0000000082200000, 0x0000000082300000, 0x0000000082300000|100%| O|  |TAMS 0x0000000082200000| PB 0x0000000082200000| Untracked 
|  35|0x0000000082300000, 0x0000000082400000, 0x0000000082400000|100%| O|  |TAMS 0x0000000082300000| PB 0x0000000082300000| Untracked 
|  36|0x0000000082400000, 0x0000000082500000, 0x0000000082500000|100%| O|  |TAMS 0x0000000082400000| PB 0x0000000082400000| Untracked 
|  37|0x0000000082500000, 0x0000000082600000, 0x0000000082600000|100%| O|  |TAMS 0x0000000082500000| PB 0x0000000082500000| Untracked 
|  38|0x0000000082600000, 0x0000000082600000, 0x0000000082700000|  0%| F|  |TAMS 0x0000000082600000| PB 0x0000000082600000| Untracked 
|  39|0x0000000082700000, 0x0000000082700000, 0x0000000082800000|  0%| F|  |TAMS 0x0000000082700000| PB 0x0000000082700000| Untracked 
|  40|0x0000000082800000, 0x0000000082800000, 0x0000000082900000|  0%| F|  |TAMS 0x0000000082800000| PB 0x0000000082800000| Untracked 
|  41|0x0000000082900000, 0x0000000082a00000, 0x0000000082a00000|100%| O|  |TAMS 0x0000000082900000| PB 0x0000000082900000| Untracked 
|  42|0x0000000082a00000, 0x0000000082a00000, 0x0000000082b00000|  0%| F|  |TAMS 0x0000000082a00000| PB 0x0000000082a00000| Untracked 
|  43|0x0000000082b00000, 0x0000000082c00000, 0x0000000082c00000|100%| O|  |TAMS 0x0000000082b00000| PB 0x0000000082b00000| Untracked 
|  44|0x0000000082c00000, 0x0000000082c00000, 0x0000000082d00000|  0%| F|  |TAMS 0x0000000082c00000| PB 0x0000000082c00000| Untracked 
|  45|0x0000000082d00000, 0x0000000082d00000, 0x0000000082e00000|  0%| F|  |TAMS 0x0000000082d00000| PB 0x0000000082d00000| Untracked 
|  46|0x0000000082e00000, 0x0000000082e00000, 0x0000000082f00000|  0%| F|  |TAMS 0x0000000082e00000| PB 0x0000000082e00000| Untracked 
|  47|0x0000000082f00000, 0x0000000082f00000, 0x0000000083000000|  0%| F|  |TAMS 0x0000000082f00000| PB 0x0000000082f00000| Untracked 
|  48|0x0000000083000000, 0x0000000083000000, 0x0000000083100000|  0%| F|  |TAMS 0x0000000083000000| PB 0x0000000083000000| Untracked 
|  49|0x0000000083100000, 0x0000000083100000, 0x0000000083200000|  0%| F|  |TAMS 0x0000000083100000| PB 0x0000000083100000| Untracked 
|  50|0x0000000083200000, 0x0000000083200000, 0x0000000083300000|  0%| F|  |TAMS 0x0000000083200000| PB 0x0000000083200000| Untracked 
|  51|0x0000000083300000, 0x0000000083400000, 0x0000000083400000|100%| O|  |TAMS 0x0000000083300000| PB 0x0000000083300000| Untracked 
|  52|0x0000000083400000, 0x0000000083500000, 0x0000000083500000|100%| O|  |TAMS 0x0000000083400000| PB 0x0000000083400000| Untracked 
|  53|0x0000000083500000, 0x0000000083600000, 0x0000000083600000|100%| O|  |TAMS 0x0000000083500000| PB 0x0000000083500000| Untracked 
|  54|0x0000000083600000, 0x0000000083700000, 0x0000000083700000|100%| O|  |TAMS 0x0000000083600000| PB 0x0000000083600000| Untracked 
|  55|0x0000000083700000, 0x0000000083800000, 0x0000000083800000|100%| O|Cm|TAMS 0x0000000083700000| PB 0x0000000083700000| Complete 
|  56|0x0000000083800000, 0x0000000083900000, 0x0000000083900000|100%| O|  |TAMS 0x0000000083800000| PB 0x0000000083800000| Untracked 
|  57|0x0000000083900000, 0x0000000083a00000, 0x0000000083a00000|100%| O|Cm|TAMS 0x0000000083900000| PB 0x0000000083900000| Complete 
|  58|0x0000000083a00000, 0x0000000083b00000, 0x0000000083b00000|100%| O|  |TAMS 0x0000000083a00000| PB 0x0000000083a00000| Untracked 
|  59|0x0000000083b00000, 0x0000000083c00000, 0x0000000083c00000|100%| O|Cm|TAMS 0x0000000083b00000| PB 0x0000000083b00000| Complete 
|  60|0x0000000083c00000, 0x0000000083c00000, 0x0000000083d00000|  0%| F|  |TAMS 0x0000000083c00000| PB 0x0000000083c00000| Untracked 
|  61|0x0000000083d00000, 0x0000000083d00000, 0x0000000083e00000|  0%| F|  |TAMS 0x0000000083d00000| PB 0x0000000083d00000| Untracked 
|  62|0x0000000083e00000, 0x0000000083f00000, 0x0000000083f00000|100%| O|  |TAMS 0x0000000083e00000| PB 0x0000000083e00000| Untracked 
|  63|0x0000000083f00000, 0x0000000084000000, 0x0000000084000000|100%| O|  |TAMS 0x0000000083f00000| PB 0x0000000083f00000| Untracked 
|  64|0x0000000084000000, 0x0000000084100000, 0x0000000084100000|100%| O|  |TAMS 0x0000000084000000| PB 0x0000000084000000| Untracked 
|  65|0x0000000084100000, 0x0000000084200000, 0x0000000084200000|100%| O|  |TAMS 0x0000000084100000| PB 0x0000000084100000| Untracked 
|  66|0x0000000084200000, 0x0000000084300000, 0x0000000084300000|100%| O|  |TAMS 0x0000000084200000| PB 0x0000000084200000| Untracked 
|  67|0x0000000084300000, 0x0000000084400000, 0x0000000084400000|100%| O|  |TAMS 0x0000000084300000| PB 0x0000000084300000| Untracked 
|  68|0x0000000084400000, 0x0000000084500000, 0x0000000084500000|100%| O|  |TAMS 0x0000000084400000| PB 0x0000000084400000| Untracked 
|  69|0x0000000084500000, 0x0000000084600000, 0x0000000084600000|100%| O|Cm|TAMS 0x0000000084500000| PB 0x0000000084500000| Complete 
|  70|0x0000000084600000, 0x0000000084700000, 0x0000000084700000|100%| O|  |TAMS 0x0000000084600000| PB 0x0000000084600000| Untracked 
|  71|0x0000000084700000, 0x0000000084800000, 0x0000000084800000|100%| O|  |TAMS 0x0000000084700000| PB 0x0000000084700000| Untracked 
|  72|0x0000000084800000, 0x0000000084900000, 0x0000000084900000|100%| O|  |TAMS 0x0000000084800000| PB 0x0000000084800000| Untracked 
|  73|0x0000000084900000, 0x0000000084900000, 0x0000000084a00000|  0%| F|  |TAMS 0x0000000084900000| PB 0x0000000084900000| Untracked 
|  74|0x0000000084a00000, 0x0000000084a00000, 0x0000000084b00000|  0%| F|  |TAMS 0x0000000084a00000| PB 0x0000000084a00000| Untracked 
|  75|0x0000000084b00000, 0x0000000084b00000, 0x0000000084c00000|  0%| F|  |TAMS 0x0000000084b00000| PB 0x0000000084b00000| Untracked 
|  76|0x0000000084c00000, 0x0000000084c00000, 0x0000000084d00000|  0%| F|  |TAMS 0x0000000084c00000| PB 0x0000000084c00000| Untracked 
|  77|0x0000000084d00000, 0x0000000084e00000, 0x0000000084e00000|100%| O|  |TAMS 0x0000000084d00000| PB 0x0000000084d00000| Untracked 
|  78|0x0000000084e00000, 0x0000000084e00000, 0x0000000084f00000|  0%| F|  |TAMS 0x0000000084e00000| PB 0x0000000084e00000| Untracked 
|  79|0x0000000084f00000, 0x0000000084f00000, 0x0000000085000000|  0%| F|  |TAMS 0x0000000084f00000| PB 0x0000000084f00000| Untracked 
|  80|0x0000000085000000, 0x0000000085000000, 0x0000000085100000|  0%| F|  |TAMS 0x0000000085000000| PB 0x0000000085000000| Untracked 
|  81|0x0000000085100000, 0x0000000085100000, 0x0000000085200000|  0%| F|  |TAMS 0x0000000085100000| PB 0x0000000085100000| Untracked 
|  82|0x0000000085200000, 0x00000000852ea040, 0x0000000085300000| 91%| O|  |TAMS 0x0000000085200000| PB 0x0000000085200000| Untracked 
|  83|0x0000000085300000, 0x0000000085300000, 0x0000000085400000|  0%| F|  |TAMS 0x0000000085300000| PB 0x0000000085300000| Untracked 
|  84|0x0000000085400000, 0x0000000085500000, 0x0000000085500000|100%| O|  |TAMS 0x0000000085400000| PB 0x0000000085400000| Untracked 
|  85|0x0000000085500000, 0x0000000085600000, 0x0000000085600000|100%| O|  |TAMS 0x0000000085500000| PB 0x0000000085500000| Untracked 
|  86|0x0000000085600000, 0x0000000085700000, 0x0000000085700000|100%| O|  |TAMS 0x0000000085600000| PB 0x0000000085600000| Untracked 
|  87|0x0000000085700000, 0x0000000085800000, 0x0000000085800000|100%| O|  |TAMS 0x0000000085700000| PB 0x0000000085700000| Untracked 
|  88|0x0000000085800000, 0x0000000085900000, 0x0000000085900000|100%| O|  |TAMS 0x0000000085800000| PB 0x0000000085800000| Untracked 
|  89|0x0000000085900000, 0x0000000085a00000, 0x0000000085a00000|100%| O|  |TAMS 0x0000000085900000| PB 0x0000000085900000| Untracked 
|  90|0x0000000085a00000, 0x0000000085b00000, 0x0000000085b00000|100%| O|  |TAMS 0x0000000085a00000| PB 0x0000000085a00000| Untracked 
|  91|0x0000000085b00000, 0x0000000085c00000, 0x0000000085c00000|100%| O|  |TAMS 0x0000000085b00000| PB 0x0000000085b00000| Untracked 
|  92|0x0000000085c00000, 0x0000000085d00000, 0x0000000085d00000|100%| O|  |TAMS 0x0000000085c00000| PB 0x0000000085c00000| Untracked 
|  93|0x0000000085d00000, 0x0000000085e00000, 0x0000000085e00000|100%| O|  |TAMS 0x0000000085d00000| PB 0x0000000085d00000| Untracked 
|  94|0x0000000085e00000, 0x0000000085f00000, 0x0000000085f00000|100%| O|  |TAMS 0x0000000085e00000| PB 0x0000000085e00000| Untracked 
|  95|0x0000000085f00000, 0x0000000086000000, 0x0000000086000000|100%| O|  |TAMS 0x0000000085f00000| PB 0x0000000085f00000| Untracked 
|  96|0x0000000086000000, 0x0000000086100000, 0x0000000086100000|100%| O|  |TAMS 0x0000000086000000| PB 0x0000000086000000| Untracked 
|  97|0x0000000086100000, 0x0000000086200000, 0x0000000086200000|100%| O|  |TAMS 0x0000000086100000| PB 0x0000000086100000| Untracked 
|  98|0x0000000086200000, 0x0000000086300000, 0x0000000086300000|100%| O|  |TAMS 0x0000000086200000| PB 0x0000000086200000| Untracked 
|  99|0x0000000086300000, 0x0000000086400000, 0x0000000086400000|100%| O|  |TAMS 0x0000000086300000| PB 0x0000000086300000| Untracked 
| 100|0x0000000086400000, 0x0000000086500000, 0x0000000086500000|100%| O|Cm|TAMS 0x0000000086400000| PB 0x0000000086400000| Complete 
| 101|0x0000000086500000, 0x0000000086600000, 0x0000000086600000|100%| O|  |TAMS 0x0000000086500000| PB 0x0000000086500000| Untracked 
| 102|0x0000000086600000, 0x0000000086700000, 0x0000000086700000|100%| O|  |TAMS 0x0000000086600000| PB 0x0000000086600000| Untracked 
| 103|0x0000000086700000, 0x0000000086800000, 0x0000000086800000|100%| O|  |TAMS 0x0000000086700000| PB 0x0000000086700000| Untracked 
| 104|0x0000000086800000, 0x0000000086900000, 0x0000000086900000|100%| O|  |TAMS 0x0000000086800000| PB 0x0000000086800000| Untracked 
| 105|0x0000000086900000, 0x0000000086a00000, 0x0000000086a00000|100%| O|  |TAMS 0x0000000086900000| PB 0x0000000086900000| Untracked 
| 106|0x0000000086a00000, 0x0000000086b00000, 0x0000000086b00000|100%| O|  |TAMS 0x0000000086a00000| PB 0x0000000086a00000| Untracked 
| 107|0x0000000086b00000, 0x0000000086c00000, 0x0000000086c00000|100%| O|  |TAMS 0x0000000086b00000| PB 0x0000000086b00000| Untracked 
| 108|0x0000000086c00000, 0x0000000086d00000, 0x0000000086d00000|100%| O|  |TAMS 0x0000000086c00000| PB 0x0000000086c00000| Untracked 
| 109|0x0000000086d00000, 0x0000000086e00000, 0x0000000086e00000|100%| O|  |TAMS 0x0000000086d00000| PB 0x0000000086d00000| Untracked 
| 110|0x0000000086e00000, 0x0000000086f00000, 0x0000000086f00000|100%| O|  |TAMS 0x0000000086e00000| PB 0x0000000086e00000| Untracked 
| 111|0x0000000086f00000, 0x0000000087000000, 0x0000000087000000|100%| O|  |TAMS 0x0000000086f00000| PB 0x0000000086f00000| Untracked 
| 112|0x0000000087000000, 0x0000000087100000, 0x0000000087100000|100%| O|  |TAMS 0x0000000087000000| PB 0x0000000087000000| Untracked 
| 113|0x0000000087100000, 0x0000000087200000, 0x0000000087200000|100%| O|  |TAMS 0x0000000087100000| PB 0x0000000087100000| Untracked 
| 114|0x0000000087200000, 0x0000000087300000, 0x0000000087300000|100%| O|  |TAMS 0x0000000087200000| PB 0x0000000087200000| Untracked 
| 115|0x0000000087300000, 0x0000000087300000, 0x0000000087400000|  0%| F|  |TAMS 0x0000000087300000| PB 0x0000000087300000| Untracked 
| 116|0x0000000087400000, 0x0000000087400000, 0x0000000087500000|  0%| F|  |TAMS 0x0000000087400000| PB 0x0000000087400000| Untracked 
| 117|0x0000000087500000, 0x0000000087500000, 0x0000000087600000|  0%| F|  |TAMS 0x0000000087500000| PB 0x0000000087500000| Untracked 
| 118|0x0000000087600000, 0x0000000087600000, 0x0000000087700000|  0%| F|  |TAMS 0x0000000087600000| PB 0x0000000087600000| Untracked 
| 119|0x0000000087700000, 0x0000000087700000, 0x0000000087800000|  0%| F|  |TAMS 0x0000000087700000| PB 0x0000000087700000| Untracked 
| 120|0x0000000087800000, 0x0000000087800000, 0x0000000087900000|  0%| F|  |TAMS 0x0000000087800000| PB 0x0000000087800000| Untracked 
| 121|0x0000000087900000, 0x0000000087a00000, 0x0000000087a00000|100%| O|  |TAMS 0x0000000087900000| PB 0x0000000087900000| Untracked 
| 122|0x0000000087a00000, 0x0000000087b00000, 0x0000000087b00000|100%| O|  |TAMS 0x0000000087a00000| PB 0x0000000087a00000| Untracked 
| 123|0x0000000087b00000, 0x0000000087c00000, 0x0000000087c00000|100%| O|  |TAMS 0x0000000087b00000| PB 0x0000000087b00000| Untracked 
| 124|0x0000000087c00000, 0x0000000087d00000, 0x0000000087d00000|100%| O|  |TAMS 0x0000000087c00000| PB 0x0000000087c00000| Untracked 
| 125|0x0000000087d00000, 0x0000000087e00000, 0x0000000087e00000|100%| O|  |TAMS 0x0000000087d00000| PB 0x0000000087d00000| Untracked 
| 126|0x0000000087e00000, 0x0000000087f00000, 0x0000000087f00000|100%| O|  |TAMS 0x0000000087e00000| PB 0x0000000087e00000| Untracked 
| 127|0x0000000087f00000, 0x0000000088000000, 0x0000000088000000|100%| O|  |TAMS 0x0000000087f00000| PB 0x0000000087f00000| Untracked 
| 128|0x0000000088000000, 0x0000000088100000, 0x0000000088100000|100%| O|  |TAMS 0x0000000088000000| PB 0x0000000088000000| Untracked 
| 129|0x0000000088100000, 0x0000000088100000, 0x0000000088200000|  0%| F|  |TAMS 0x0000000088100000| PB 0x0000000088100000| Untracked 
| 130|0x0000000088200000, 0x0000000088200000, 0x0000000088300000|  0%| F|  |TAMS 0x0000000088200000| PB 0x0000000088200000| Untracked 
| 131|0x0000000088300000, 0x0000000088300000, 0x0000000088400000|  0%| F|  |TAMS 0x0000000088300000| PB 0x0000000088300000| Untracked 
| 132|0x0000000088400000, 0x0000000088400000, 0x0000000088500000|  0%| F|  |TAMS 0x0000000088400000| PB 0x0000000088400000| Untracked 
| 133|0x0000000088500000, 0x0000000088500000, 0x0000000088600000|  0%| F|  |TAMS 0x0000000088500000| PB 0x0000000088500000| Untracked 
| 134|0x0000000088600000, 0x0000000088600000, 0x0000000088700000|  0%| F|  |TAMS 0x0000000088600000| PB 0x0000000088600000| Untracked 
| 135|0x0000000088700000, 0x0000000088700000, 0x0000000088800000|  0%| F|  |TAMS 0x0000000088700000| PB 0x0000000088700000| Untracked 
| 136|0x0000000088800000, 0x0000000088800000, 0x0000000088900000|  0%| F|  |TAMS 0x0000000088800000| PB 0x0000000088800000| Untracked 
| 137|0x0000000088900000, 0x0000000088900000, 0x0000000088a00000|  0%| F|  |TAMS 0x0000000088900000| PB 0x0000000088900000| Untracked 
| 138|0x0000000088a00000, 0x0000000088a00000, 0x0000000088b00000|  0%| F|  |TAMS 0x0000000088a00000| PB 0x0000000088a00000| Untracked 
| 139|0x0000000088b00000, 0x0000000088b5f5c0, 0x0000000088c00000| 37%| S|CS|TAMS 0x0000000088b00000| PB 0x0000000088b00000| Complete 
| 140|0x0000000088c00000, 0x0000000088d00000, 0x0000000088d00000|100%| S|CS|TAMS 0x0000000088c00000| PB 0x0000000088c00000| Complete 
| 141|0x0000000088d00000, 0x0000000088e00000, 0x0000000088e00000|100%| S|CS|TAMS 0x0000000088d00000| PB 0x0000000088d00000| Complete 
| 142|0x0000000088e00000, 0x0000000088f00000, 0x0000000088f00000|100%| S|CS|TAMS 0x0000000088e00000| PB 0x0000000088e00000| Complete 
| 143|0x0000000088f00000, 0x0000000089000000, 0x0000000089000000|100%| S|CS|TAMS 0x0000000088f00000| PB 0x0000000088f00000| Complete 
| 144|0x0000000089000000, 0x0000000089100000, 0x0000000089100000|100%| S|CS|TAMS 0x0000000089000000| PB 0x0000000089000000| Complete 
| 145|0x0000000089100000, 0x0000000089200000, 0x0000000089200000|100%| S|CS|TAMS 0x0000000089100000| PB 0x0000000089100000| Complete 
| 146|0x0000000089200000, 0x0000000089200000, 0x0000000089300000|  0%| F|  |TAMS 0x0000000089200000| PB 0x0000000089200000| Untracked 
| 147|0x0000000089300000, 0x0000000089300000, 0x0000000089400000|  0%| F|  |TAMS 0x0000000089300000| PB 0x0000000089300000| Untracked 
| 148|0x0000000089400000, 0x0000000089400000, 0x0000000089500000|  0%| F|  |TAMS 0x0000000089400000| PB 0x0000000089400000| Untracked 
| 149|0x0000000089500000, 0x0000000089500000, 0x0000000089600000|  0%| F|  |TAMS 0x0000000089500000| PB 0x0000000089500000| Untracked 
| 150|0x0000000089600000, 0x0000000089600000, 0x0000000089700000|  0%| F|  |TAMS 0x0000000089600000| PB 0x0000000089600000| Untracked 
| 151|0x0000000089700000, 0x0000000089700000, 0x0000000089800000|  0%| F|  |TAMS 0x0000000089700000| PB 0x0000000089700000| Untracked 
| 152|0x0000000089800000, 0x0000000089800000, 0x0000000089900000|  0%| F|  |TAMS 0x0000000089800000| PB 0x0000000089800000| Untracked 
| 153|0x0000000089900000, 0x0000000089900000, 0x0000000089a00000|  0%| F|  |TAMS 0x0000000089900000| PB 0x0000000089900000| Untracked 
| 154|0x0000000089a00000, 0x0000000089a00000, 0x0000000089b00000|  0%| F|  |TAMS 0x0000000089a00000| PB 0x0000000089a00000| Untracked 
| 155|0x0000000089b00000, 0x0000000089b00000, 0x0000000089c00000|  0%| F|  |TAMS 0x0000000089b00000| PB 0x0000000089b00000| Untracked 
| 156|0x0000000089c00000, 0x0000000089c00000, 0x0000000089d00000|  0%| F|  |TAMS 0x0000000089c00000| PB 0x0000000089c00000| Untracked 
| 157|0x0000000089d00000, 0x0000000089d00000, 0x0000000089e00000|  0%| F|  |TAMS 0x0000000089d00000| PB 0x0000000089d00000| Untracked 
| 158|0x0000000089e00000, 0x0000000089e00000, 0x0000000089f00000|  0%| F|  |TAMS 0x0000000089e00000| PB 0x0000000089e00000| Untracked 
| 159|0x0000000089f00000, 0x0000000089f00000, 0x000000008a000000|  0%| F|  |TAMS 0x0000000089f00000| PB 0x0000000089f00000| Untracked 
| 160|0x000000008a000000, 0x000000008a000000, 0x000000008a100000|  0%| F|  |TAMS 0x000000008a000000| PB 0x000000008a000000| Untracked 
| 161|0x000000008a100000, 0x000000008a100000, 0x000000008a200000|  0%| F|  |TAMS 0x000000008a100000| PB 0x000000008a100000| Untracked 
| 162|0x000000008a200000, 0x000000008a200000, 0x000000008a300000|  0%| F|  |TAMS 0x000000008a200000| PB 0x000000008a200000| Untracked 
| 163|0x000000008a300000, 0x000000008a300000, 0x000000008a400000|  0%| F|  |TAMS 0x000000008a300000| PB 0x000000008a300000| Untracked 
| 164|0x000000008a400000, 0x000000008a400000, 0x000000008a500000|  0%| F|  |TAMS 0x000000008a400000| PB 0x000000008a400000| Untracked 
| 165|0x000000008a500000, 0x000000008a500000, 0x000000008a600000|  0%| F|  |TAMS 0x000000008a500000| PB 0x000000008a500000| Untracked 
| 166|0x000000008a600000, 0x000000008a600000, 0x000000008a700000|  0%| F|  |TAMS 0x000000008a600000| PB 0x000000008a600000| Untracked 
| 167|0x000000008a700000, 0x000000008a700000, 0x000000008a800000|  0%| F|  |TAMS 0x000000008a700000| PB 0x000000008a700000| Untracked 
| 168|0x000000008a800000, 0x000000008a800000, 0x000000008a900000|  0%| F|  |TAMS 0x000000008a800000| PB 0x000000008a800000| Untracked 
| 169|0x000000008a900000, 0x000000008a900000, 0x000000008aa00000|  0%| F|  |TAMS 0x000000008a900000| PB 0x000000008a900000| Untracked 
| 170|0x000000008aa00000, 0x000000008aa00000, 0x000000008ab00000|  0%| F|  |TAMS 0x000000008aa00000| PB 0x000000008aa00000| Untracked 
| 171|0x000000008ab00000, 0x000000008ab00000, 0x000000008ac00000|  0%| F|  |TAMS 0x000000008ab00000| PB 0x000000008ab00000| Untracked 
| 172|0x000000008ac00000, 0x000000008ac00000, 0x000000008ad00000|  0%| F|  |TAMS 0x000000008ac00000| PB 0x000000008ac00000| Untracked 
| 173|0x000000008ad00000, 0x000000008ad00000, 0x000000008ae00000|  0%| F|  |TAMS 0x000000008ad00000| PB 0x000000008ad00000| Untracked 
| 174|0x000000008ae00000, 0x000000008ae00000, 0x000000008af00000|  0%| F|  |TAMS 0x000000008ae00000| PB 0x000000008ae00000| Untracked 
| 175|0x000000008af00000, 0x000000008af00000, 0x000000008b000000|  0%| F|  |TAMS 0x000000008af00000| PB 0x000000008af00000| Untracked 
| 176|0x000000008b000000, 0x000000008b000000, 0x000000008b100000|  0%| F|  |TAMS 0x000000008b000000| PB 0x000000008b000000| Untracked 
| 177|0x000000008b100000, 0x000000008b100000, 0x000000008b200000|  0%| F|  |TAMS 0x000000008b100000| PB 0x000000008b100000| Untracked 
| 178|0x000000008b200000, 0x000000008b200000, 0x000000008b300000|  0%| F|  |TAMS 0x000000008b200000| PB 0x000000008b200000| Untracked 
| 179|0x000000008b300000, 0x000000008b300000, 0x000000008b400000|  0%| F|  |TAMS 0x000000008b300000| PB 0x000000008b300000| Untracked 
| 180|0x000000008b400000, 0x000000008b400000, 0x000000008b500000|  0%| F|  |TAMS 0x000000008b400000| PB 0x000000008b400000| Untracked 
| 181|0x000000008b500000, 0x000000008b500000, 0x000000008b600000|  0%| F|  |TAMS 0x000000008b500000| PB 0x000000008b500000| Untracked 
| 182|0x000000008b600000, 0x000000008b600000, 0x000000008b700000|  0%| F|  |TAMS 0x000000008b600000| PB 0x000000008b600000| Untracked 
| 183|0x000000008b700000, 0x000000008b700000, 0x000000008b800000|  0%| F|  |TAMS 0x000000008b700000| PB 0x000000008b700000| Untracked 
| 184|0x000000008b800000, 0x000000008b800000, 0x000000008b900000|  0%| F|  |TAMS 0x000000008b800000| PB 0x000000008b800000| Untracked 
| 185|0x000000008b900000, 0x000000008b900000, 0x000000008ba00000|  0%| F|  |TAMS 0x000000008b900000| PB 0x000000008b900000| Untracked 
| 186|0x000000008ba00000, 0x000000008ba00000, 0x000000008bb00000|  0%| F|  |TAMS 0x000000008ba00000| PB 0x000000008ba00000| Untracked 
| 187|0x000000008bb00000, 0x000000008bb00000, 0x000000008bc00000|  0%| F|  |TAMS 0x000000008bb00000| PB 0x000000008bb00000| Untracked 
| 188|0x000000008bc00000, 0x000000008bc00000, 0x000000008bd00000|  0%| F|  |TAMS 0x000000008bc00000| PB 0x000000008bc00000| Untracked 
| 189|0x000000008bd00000, 0x000000008bd00000, 0x000000008be00000|  0%| F|  |TAMS 0x000000008bd00000| PB 0x000000008bd00000| Untracked 
| 190|0x000000008be00000, 0x000000008be00000, 0x000000008bf00000|  0%| F|  |TAMS 0x000000008be00000| PB 0x000000008be00000| Untracked 
| 191|0x000000008bf00000, 0x000000008bf00000, 0x000000008c000000|  0%| F|  |TAMS 0x000000008bf00000| PB 0x000000008bf00000| Untracked 
| 192|0x000000008c000000, 0x000000008c000000, 0x000000008c100000|  0%| F|  |TAMS 0x000000008c000000| PB 0x000000008c000000| Untracked 
| 193|0x000000008c100000, 0x000000008c100000, 0x000000008c200000|  0%| F|  |TAMS 0x000000008c100000| PB 0x000000008c100000| Untracked 
| 251|0x000000008fb00000, 0x000000008fb00000, 0x000000008fc00000|  0%| F|  |TAMS 0x000000008fb00000| PB 0x000000008fb00000| Untracked 
|2036|0x00000000ff400000, 0x00000000ff500000, 0x00000000ff500000|100%| O|  |TAMS 0x00000000ff400000| PB 0x00000000ff400000| Untracked 
|2037|0x00000000ff500000, 0x00000000ff600000, 0x00000000ff600000|100%| O|  |TAMS 0x00000000ff500000| PB 0x00000000ff500000| Untracked 
|2038|0x00000000ff600000, 0x00000000ff600000, 0x00000000ff700000|  0%| F|  |TAMS 0x00000000ff600000| PB 0x00000000ff600000| Untracked 
|2039|0x00000000ff700000, 0x00000000ff700000, 0x00000000ff800000|  0%| F|  |TAMS 0x00000000ff700000| PB 0x00000000ff700000| Untracked 
|2040|0x00000000ff800000, 0x00000000ff800000, 0x00000000ff900000|  0%| F|  |TAMS 0x00000000ff800000| PB 0x00000000ff800000| Untracked 
|2041|0x00000000ff900000, 0x00000000ff900000, 0x00000000ffa00000|  0%| F|  |TAMS 0x00000000ff900000| PB 0x00000000ff900000| Untracked 
|2042|0x00000000ffa00000, 0x00000000ffa00000, 0x00000000ffb00000|  0%| F|  |TAMS 0x00000000ffa00000| PB 0x00000000ffa00000| Untracked 
|2043|0x00000000ffb00000, 0x00000000ffb00000, 0x00000000ffc00000|  0%| F|  |TAMS 0x00000000ffb00000| PB 0x00000000ffb00000| Untracked 
|2044|0x00000000ffc00000, 0x00000000ffd00000, 0x00000000ffd00000|100%| O|  |TAMS 0x00000000ffc00000| PB 0x00000000ffc00000| Untracked 
|2045|0x00000000ffd00000, 0x00000000ffe00000, 0x00000000ffe00000|100%| O|  |TAMS 0x00000000ffd00000| PB 0x00000000ffd00000| Untracked 
|2046|0x00000000ffe00000, 0x00000000fff00000, 0x00000000fff00000|100%| O|  |TAMS 0x00000000ffe00000| PB 0x00000000ffe00000| Untracked 
|2047|0x00000000fff00000, 0x0000000100000000, 0x0000000100000000|100%| O|  |TAMS 0x00000000fff00000| PB 0x00000000fff00000| Untracked 

Card table byte_map: [0x000002437df70000,0x000002437e370000] _byte_map_base: 0x000002437db70000

Marking Bits: (CMBitMap*) 0x000002437a471680
 Bits: [0x000002430f000000, 0x0000024311000000)

Polling page: 0x0000024378060000

Metaspace:

Usage:
  Non-class:    105.72 MB used.
      Class:     15.98 MB used.
       Both:    121.70 MB used.

Virtual space:
  Non-class space:      128.00 MB reserved,     106.75 MB ( 83%) committed,  2 nodes.
      Class space:        1.00 GB reserved,      16.94 MB (  2%) committed,  1 nodes.
             Both:        1.12 GB reserved,     123.69 MB ( 11%) committed. 

Chunk freelists:
   Non-Class:  5.11 MB
       Class:  15.01 MB
        Both:  20.12 MB

MaxMetaspaceSize: unlimited
CompressedClassSpaceSize: 1.00 GB
Initial GC threshold: 21.00 MB
Current GC threshold: 204.38 MB
CDS: on
 - commit_granule_bytes: 65536.
 - commit_granule_words: 8192.
 - virtual_space_node_default_size: 8388608.
 - enlarge_chunks_in_place: 1.
 - use_allocation_guard: 0.


Internal statistics:

num_allocs_failed_limit: 12.
num_arena_births: 3500.
num_arena_deaths: 0.
num_vsnodes_births: 3.
num_vsnodes_deaths: 0.
num_space_committed: 1978.
num_space_uncommitted: 0.
num_chunks_returned_to_freelist: 12.
num_chunks_taken_from_freelist: 8399.
num_chunk_merges: 9.
num_chunk_splits: 5944.
num_chunks_enlarged: 4313.
num_inconsistent_stats: 0.

CodeHeap 'non-profiled nmethods': size=120000Kb used=5693Kb max_used=5775Kb free=114306Kb
 bounds [0x0000024307ad0000, 0x0000024308080000, 0x000002430f000000]
CodeHeap 'profiled nmethods': size=120000Kb used=20366Kb max_used=20366Kb free=99633Kb
 bounds [0x0000024300000000, 0x00000243013f0000, 0x0000024307530000]
CodeHeap 'non-nmethods': size=5760Kb used=2537Kb max_used=2618Kb free=3222Kb
 bounds [0x0000024307530000, 0x00000243077d0000, 0x0000024307ad0000]
CodeCache: size=245760Kb, used=28596Kb, max_used=28759Kb, free=217161Kb
 total_blobs=11772, nmethods=10678, adapters=997, full_count=0
Compilation: enabled, stopped_count=0, restarted_count=0

Compilation events (20 events):
Event: 15.076 Thread 0x000002437e78e790 nmethod 12531 0x0000024307f09d90 code [0x0000024307f09f20, 0x0000024307f09fe8]
Event: 15.076 Thread 0x000002437e78e790 12536       1       org.gradle.api.internal.file.collections.DefaultConfigurableFileCollection::access$1200 (5 bytes)
Event: 15.077 Thread 0x000002437e78e790 nmethod 12536 0x0000024307f09a90 code [0x0000024307f09c20, 0x0000024307f09cd0]
Event: 15.077 Thread 0x000002437e78e790 12537       1       org.gradle.api.internal.file.collections.DefaultConfigurableFileCollection::access$800 (5 bytes)
Event: 15.077 Thread 0x000002437e78e790 nmethod 12537 0x0000024307f09790 code [0x0000024307f09920, 0x0000024307f099d0]
Event: 15.077 Thread 0x000002437e78e790 12541   !   3       jdk.proxy1.$Proxy32::invalidateCachesFor (34 bytes)
Event: 15.078 Thread 0x000002437e78e790 nmethod 12541 0x00000243013e1710 code [0x00000243013e18e0, 0x00000243013e1e00]
Event: 15.078 Thread 0x000002437e78e790 12542       3       org.gradle.api.internal.artifacts.transform.AbstractTransformExecution::getDisplayName (36 bytes)
Event: 15.078 Thread 0x000002437e78e790 nmethod 12542 0x00000243013e2010 code [0x00000243013e2280, 0x00000243013e2a68]
Event: 15.078 Thread 0x000002437e78e790 12543       3       org.gradle.internal.snapshot.impl.IsolatedImmutableManagedValue::isolate (5 bytes)
Event: 15.078 Thread 0x000002437e78e790 nmethod 12543 0x00000243013e2e10 code [0x00000243013e2fc0, 0x00000243013e31a0]
Event: 15.078 Thread 0x000002437e78e790 12544       1       org.gradle.api.internal.file.collections.DefaultConfigurableFileCollection::access$700 (5 bytes)
Event: 15.079 Thread 0x000002437e78e790 nmethod 12544 0x0000024307f09490 code [0x0000024307f09620, 0x0000024307f096d0]
Event: 15.079 Thread 0x000002437e78e790 12545       3       org.gradle.internal.snapshot.impl.IsolatedSet::isolate (60 bytes)
Event: 15.079 Thread 0x000002437e78e790 nmethod 12545 0x00000243013e3290 code [0x00000243013e3500, 0x00000243013e3ed0]
Event: 15.079 Thread 0x000002437e78e790 12546       1       org.gradle.api.internal.file.collections.DefaultConfigurableFileCollection::access$500 (5 bytes)
Event: 15.079 Thread 0x000002437e78e790 nmethod 12546 0x0000024307f09190 code [0x0000024307f09320, 0x0000024307f093d0]
Event: 15.079 Thread 0x000002437e78e790 12547       1       org.gradle.cache.internal.DefaultFileLockManager::access$1400 (5 bytes)
Event: 15.079 Thread 0x000002437e78e790 nmethod 12547 0x0000024307f08e90 code [0x0000024307f09020, 0x0000024307f090d0]
Event: 15.079 Thread 0x000002437e78e790 12548       3       org.gradle.api.internal.provider.AbstractMinimalProvider::calculateValue (15 bytes)

GC Heap History (20 events):
Event: 9.975 GC heap after
{Heap after GC invocations=27 (full 0):
 garbage-first heap   total 158720K, used 88232K [0x0000000080000000, 0x0000000100000000)
  region size 1024K, 5 young (5120K), 5 survivors (5120K)
 Metaspace       used 95674K, committed 97600K, reserved 1179648K
  class space    used 13166K, committed 14080K, reserved 1048576K
}
Event: 10.546 GC heap before
{Heap before GC invocations=27 (full 0):
 garbage-first heap   total 158720K, used 134312K [0x0000000080000000, 0x0000000100000000)
  region size 1024K, 51 young (52224K), 5 survivors (5120K)
 Metaspace       used 101511K, committed 103424K, reserved 1179648K
  class space    used 13729K, committed 14656K, reserved 1048576K
}
Event: 10.550 GC heap after
{Heap after GC invocations=28 (full 0):
 garbage-first heap   total 158720K, used 92172K [0x0000000080000000, 0x0000000100000000)
  region size 1024K, 4 young (4096K), 4 survivors (4096K)
 Metaspace       used 101511K, committed 103424K, reserved 1179648K
  class space    used 13729K, committed 14656K, reserved 1048576K
}
Event: 11.076 GC heap before
{Heap before GC invocations=28 (full 0):
 garbage-first heap   total 158720K, used 138252K [0x0000000080000000, 0x0000000100000000)
  region size 1024K, 49 young (50176K), 4 survivors (4096K)
 Metaspace       used 106698K, committed 108608K, reserved 1179648K
  class space    used 14322K, committed 15232K, reserved 1048576K
}
Event: 11.079 GC heap after
{Heap after GC invocations=29 (full 0):
 garbage-first heap   total 158720K, used 95064K [0x0000000080000000, 0x0000000100000000)
  region size 1024K, 3 young (3072K), 3 survivors (3072K)
 Metaspace       used 106698K, committed 108608K, reserved 1179648K
  class space    used 14322K, committed 15232K, reserved 1048576K
}
Event: 11.830 GC heap before
{Heap before GC invocations=30 (full 0):
 garbage-first heap   total 160768K, used 141144K [0x0000000080000000, 0x0000000100000000)
  region size 1024K, 48 young (49152K), 3 survivors (3072K)
 Metaspace       used 112796K, committed 114752K, reserved 1179648K
  class space    used 14991K, committed 15936K, reserved 1048576K
}
Event: 11.833 GC heap after
{Heap after GC invocations=31 (full 0):
 garbage-first heap   total 160768K, used 97541K [0x0000000080000000, 0x0000000100000000)
  region size 1024K, 6 young (6144K), 6 survivors (6144K)
 Metaspace       used 112796K, committed 114752K, reserved 1179648K
  class space    used 14991K, committed 15936K, reserved 1048576K
}
Event: 13.521 GC heap before
{Heap before GC invocations=31 (full 0):
 garbage-first heap   total 160768K, used 142597K [0x0000000080000000, 0x0000000100000000)
  region size 1024K, 51 young (52224K), 6 survivors (6144K)
 Metaspace       used 122258K, committed 124224K, reserved 1179648K
  class space    used 16184K, committed 17152K, reserved 1048576K
}
Event: 13.526 GC heap after
{Heap after GC invocations=32 (full 0):
 garbage-first heap   total 160768K, used 101407K [0x0000000080000000, 0x0000000100000000)
  region size 1024K, 7 young (7168K), 7 survivors (7168K)
 Metaspace       used 122258K, committed 124224K, reserved 1179648K
  class space    used 16184K, committed 17152K, reserved 1048576K
}
Event: 14.437 GC heap before
{Heap before GC invocations=32 (full 0):
 garbage-first heap   total 160768K, used 144415K [0x0000000080000000, 0x0000000100000000)
  region size 1024K, 50 young (51200K), 7 survivors (7168K)
 Metaspace       used 123500K, committed 125568K, reserved 1179648K
  class space    used 16269K, committed 17280K, reserved 1048576K
}
Event: 14.442 GC heap after
{Heap after GC invocations=33 (full 0):
 garbage-first heap   total 160768K, used 106266K [0x0000000080000000, 0x0000000100000000)
  region size 1024K, 5 young (5120K), 5 survivors (5120K)
 Metaspace       used 123500K, committed 125568K, reserved 1179648K
  class space    used 16269K, committed 17280K, reserved 1048576K
}
Event: 14.551 GC heap before
{Heap before GC invocations=34 (full 0):
 garbage-first heap   total 179200K, used 146202K [0x0000000080000000, 0x0000000100000000)
  region size 1024K, 44 young (45056K), 5 survivors (5120K)
 Metaspace       used 123544K, committed 125568K, reserved 1179648K
  class space    used 16275K, committed 17280K, reserved 1048576K
}
Event: 14.557 GC heap after
{Heap after GC invocations=35 (full 0):
 garbage-first heap   total 179200K, used 118364K [0x0000000080000000, 0x0000000100000000)
  region size 1024K, 6 young (6144K), 6 survivors (6144K)
 Metaspace       used 123544K, committed 125568K, reserved 1179648K
  class space    used 16275K, committed 17280K, reserved 1048576K
}
Event: 14.671 GC heap before
{Heap before GC invocations=35 (full 0):
 garbage-first heap   total 179200K, used 157276K [0x0000000080000000, 0x0000000100000000)
  region size 1024K, 45 young (46080K), 6 survivors (6144K)
 Metaspace       used 123584K, committed 125632K, reserved 1179648K
  class space    used 16282K, committed 17280K, reserved 1048576K
}
Event: 14.680 GC heap after
{Heap after GC invocations=36 (full 0):
 garbage-first heap   total 181248K, used 132686K [0x0000000080000000, 0x0000000100000000)
  region size 1024K, 6 young (6144K), 6 survivors (6144K)
 Metaspace       used 123584K, committed 125632K, reserved 1179648K
  class space    used 16282K, committed 17280K, reserved 1048576K
}
Event: 14.732 GC heap before
{Heap before GC invocations=36 (full 0):
 garbage-first heap   total 181248K, used 160334K [0x0000000080000000, 0x0000000100000000)
  region size 1024K, 34 young (34816K), 6 survivors (6144K)
 Metaspace       used 123610K, committed 125696K, reserved 1179648K
  class space    used 16282K, committed 17280K, reserved 1048576K
}
Event: 14.738 GC heap after
{Heap after GC invocations=37 (full 0):
 garbage-first heap   total 181248K, used 141750K [0x0000000080000000, 0x0000000100000000)
  region size 1024K, 5 young (5120K), 5 survivors (5120K)
 Metaspace       used 123610K, committed 125696K, reserved 1179648K
  class space    used 16282K, committed 17280K, reserved 1048576K
}
Event: 14.886 GC heap before
{Heap before GC invocations=38 (full 0):
 garbage-first heap   total 211968K, used 146870K [0x0000000080000000, 0x0000000100000000)
  region size 1024K, 26 young (26624K), 5 survivors (5120K)
 Metaspace       used 124102K, committed 126144K, reserved 1179648K
  class space    used 16323K, committed 17344K, reserved 1048576K
}
Event: 14.889 GC heap after
{Heap after GC invocations=39 (full 0):
 garbage-first heap   total 211968K, used 129189K [0x0000000080000000, 0x0000000100000000)
  region size 1024K, 2 young (2048K), 2 survivors (2048K)
 Metaspace       used 124102K, committed 126144K, reserved 1179648K
  class space    used 16323K, committed 17344K, reserved 1048576K
}
Event: 15.080 GC heap before
{Heap before GC invocations=39 (full 0):
 garbage-first heap   total 211968K, used 182437K [0x0000000080000000, 0x0000000100000000)
  region size 1024K, 55 young (56320K), 2 survivors (2048K)
 Metaspace       used 124623K, committed 126656K, reserved 1179648K
  class space    used 16362K, committed 17344K, reserved 1048576K
}

Dll operation events (14 events):
Event: 0.009 Loaded shared library C:\Users\david\.vscode\extensions\redhat.java-1.54.0-win32-x64\jre\21.0.10-win32-x86_64\bin\java.dll
Event: 0.056 Loaded shared library C:\Users\david\.vscode\extensions\redhat.java-1.54.0-win32-x64\jre\21.0.10-win32-x86_64\bin\zip.dll
Event: 0.067 Loaded shared library C:\Users\david\.vscode\extensions\redhat.java-1.54.0-win32-x64\jre\21.0.10-win32-x86_64\bin\instrument.dll
Event: 0.070 Loaded shared library C:\Users\david\.vscode\extensions\redhat.java-1.54.0-win32-x64\jre\21.0.10-win32-x86_64\bin\net.dll
Event: 0.072 Loaded shared library C:\Users\david\.vscode\extensions\redhat.java-1.54.0-win32-x64\jre\21.0.10-win32-x86_64\bin\nio.dll
Event: 0.075 Loaded shared library C:\Users\david\.vscode\extensions\redhat.java-1.54.0-win32-x64\jre\21.0.10-win32-x86_64\bin\zip.dll
Event: 0.193 Loaded shared library C:\Users\david\.vscode\extensions\redhat.java-1.54.0-win32-x64\jre\21.0.10-win32-x86_64\bin\jimage.dll
Event: 0.435 Loaded shared library C:\Users\david\.vscode\extensions\redhat.java-1.54.0-win32-x64\jre\21.0.10-win32-x86_64\bin\verify.dll
Event: 0.456 Loaded shared library C:\Users\david\.gradle\native\660c5614fbf4a5f2a75b1949f50a0caf5cd603558e7d8a26e50b933a0cfb79d1\windows-amd64\native-platform.dll
Event: 0.464 Loaded shared library C:\Users\david\.gradle\native\0.2.8\x86_64-windows-gnu\gradle-fileevents.dll
Event: 1.090 Loaded shared library C:\Users\david\.vscode\extensions\redhat.java-1.54.0-win32-x64\jre\21.0.10-win32-x86_64\bin\management.dll
Event: 1.092 Loaded shared library C:\Users\david\.vscode\extensions\redhat.java-1.54.0-win32-x64\jre\21.0.10-win32-x86_64\bin\management_ext.dll
Event: 1.188 Loaded shared library C:\Users\david\.vscode\extensions\redhat.java-1.54.0-win32-x64\jre\21.0.10-win32-x86_64\bin\extnet.dll
Event: 1.390 Loaded shared library C:\Users\david\.vscode\extensions\redhat.java-1.54.0-win32-x64\jre\21.0.10-win32-x86_64\bin\sunmscapi.dll

Deoptimization events (20 events):
Event: 14.951 Thread 0x000002435aff2630 DEOPT PACKING pc=0x0000024307e1ec18 sp=0x000000ed9d3f9d80
Event: 14.951 Thread 0x000002435aff2630 DEOPT UNPACKING pc=0x0000024307587ba2 sp=0x000000ed9d3f9ca0 mode 2
Event: 14.953 Thread 0x000002435aff2630 Uncommon trap: trap_request=0xffffff45 fr.pc=0x0000024307d599e0 relative=0x0000000000000240
Event: 14.953 Thread 0x000002435aff2630 Uncommon trap: reason=unstable_if action=reinterpret pc=0x0000024307d599e0 method=org.objectweb.asm.Label.resolve([BLorg/objectweb/asm/ByteVector;I)Z @ 81 c2
Event: 14.953 Thread 0x000002435aff2630 DEOPT PACKING pc=0x0000024307d599e0 sp=0x000000ed9d3f9cd0
Event: 14.953 Thread 0x000002435aff2630 DEOPT UNPACKING pc=0x0000024307587ba2 sp=0x000000ed9d3f9c40 mode 2
Event: 14.956 Thread 0x000002435aff2630 Uncommon trap: trap_request=0xffffffde fr.pc=0x0000024307d01fc0 relative=0x0000000000000360
Event: 14.956 Thread 0x000002435aff2630 Uncommon trap: reason=class_check action=maybe_recompile pc=0x0000024307d01fc0 method=java.lang.AbstractStringBuilder.append(Ljava/lang/CharSequence;)Ljava/lang/AbstractStringBuilder; @ 10 c2
Event: 14.956 Thread 0x000002435aff2630 DEOPT PACKING pc=0x0000024307d01fc0 sp=0x000000ed9d3f9cf0
Event: 14.956 Thread 0x000002435aff2630 DEOPT UNPACKING pc=0x0000024307587ba2 sp=0x000000ed9d3f9cc0 mode 2
Event: 14.979 Thread 0x000002435afef1b0 DEOPT PACKING pc=0x0000024300f870ca sp=0x000000ed9d1fab50
Event: 14.979 Thread 0x000002435afef1b0 DEOPT UNPACKING pc=0x00000243075886e2 sp=0x000000ed9d1fa060 mode 0
Event: 14.980 Thread 0x000002437f3fe920 Uncommon trap: trap_request=0xffffff6e fr.pc=0x0000024307b9d4e0 relative=0x0000000000000300
Event: 14.980 Thread 0x000002437f3fe920 Uncommon trap: reason=loop_limit_check action=maybe_recompile pc=0x0000024307b9d4e0 method=com.google.common.base.CharMatcher.lastIndexIn(Ljava/lang/CharSequence;)I @ 10 c2
Event: 14.980 Thread 0x000002437f3fe920 DEOPT PACKING pc=0x0000024307b9d4e0 sp=0x000000ed9dbfa8e0
Event: 14.980 Thread 0x000002437f3fe920 DEOPT UNPACKING pc=0x0000024307587ba2 sp=0x000000ed9dbfa888 mode 2
Event: 14.986 Thread 0x000002435aff2630 Uncommon trap: trap_request=0xffffff45 fr.pc=0x0000024307d49d2c relative=0x00000000000005ec
Event: 14.986 Thread 0x000002435aff2630 Uncommon trap: reason=unstable_if action=reinterpret pc=0x0000024307d49d2c method=org.objectweb.asm.Type.getArgumentsAndReturnSizes(Ljava/lang/String;)I @ 117 c2
Event: 14.986 Thread 0x000002435aff2630 DEOPT PACKING pc=0x0000024307d49d2c sp=0x000000ed9d3f9b80
Event: 14.986 Thread 0x000002435aff2630 DEOPT UNPACKING pc=0x0000024307587ba2 sp=0x000000ed9d3f9b00 mode 2

Classes loaded (20 events):
Event: 13.519 Loading class sun/security/ssl/PreSharedKeyExtension$SHPreSharedKeySpec
Event: 13.519 Loading class sun/security/ssl/PreSharedKeyExtension$SHPreSharedKeySpec done
Event: 13.527 Loading class sun/security/ssl/Alert
Event: 13.528 Loading class sun/security/ssl/Alert done
Event: 13.528 Loading class sun/security/ssl/Alert$AlertConsumer
Event: 13.528 Loading class sun/security/ssl/Alert$AlertConsumer done
Event: 13.528 Loading class sun/security/ssl/Alert$Level
Event: 13.528 Loading class sun/security/ssl/Alert$Level done
Event: 14.085 Loading class java/util/LinkedList$LLSpliterator
Event: 14.085 Loading class java/util/LinkedList$LLSpliterator done
Event: 14.314 Loading class java/util/zip/ZipFile$ZipEntryIterator
Event: 14.314 Loading class java/util/zip/ZipFile$ZipEntryIterator done
Event: 14.480 Loading class java/util/TreeMap$EntrySpliterator
Event: 14.480 Loading class java/util/TreeMap$EntrySpliterator done
Event: 14.848 Loading class java/util/Collections$UnmodifiableSortedMap
Event: 14.848 Loading class java/util/Collections$UnmodifiableSortedMap done
Event: 14.849 Loading class java/util/zip/Deflater
Event: 14.850 Loading class java/util/zip/Deflater done
Event: 14.853 Loading class java/util/zip/Deflater$DeflaterZStreamRef
Event: 14.853 Loading class java/util/zip/Deflater$DeflaterZStreamRef done

Classes unloaded (0 events):
No events

Classes redefined (0 events):
No events

Internal exceptions (20 events):
Event: 15.057 Thread 0x000002435aff1fa0 Exception <a 'java/io/FileNotFoundException'{0x000000008a02c1a0}> (0x000000008a02c1a0) 
thrown [s\src\hotspot\share\prims\jni.cpp, line 520]
Event: 15.058 Thread 0x000002437f3fc850 Exception <a 'java/io/FileNotFoundException'{0x000000008a0e0f68}> (0x000000008a0e0f68) 
thrown [s\src\hotspot\share\prims\jni.cpp, line 520]
Event: 15.058 Thread 0x000002437f3fbb30 Exception <a 'sun/nio/fs/WindowsException'{0x0000000089e18840}> (0x0000000089e18840) 
thrown [s\src\hotspot\share\prims\jni.cpp, line 520]
Event: 15.059 Thread 0x0000024359d910b0 Exception <a 'java/io/FileNotFoundException'{0x000000008a4793a8}> (0x000000008a4793a8) 
thrown [s\src\hotspot\share\prims\jni.cpp, line 520]
Event: 15.060 Thread 0x000002437f3fe290 Exception <a 'java/io/FileNotFoundException'{0x000000008a0f0f00}> (0x000000008a0f0f00) 
thrown [s\src\hotspot\share\prims\jni.cpp, line 520]
Event: 15.062 Thread 0x000002437f3fefb0 Exception <a 'java/io/FileNotFoundException'{0x000000008a0c3a80}> (0x000000008a0c3a80) 
thrown [s\src\hotspot\share\prims\jni.cpp, line 520]
Event: 15.062 Thread 0x000002437f3f8d40 Exception <a 'sun/nio/fs/WindowsException'{0x0000000089e584f8}> (0x0000000089e584f8) 
thrown [s\src\hotspot\share\prims\jni.cpp, line 520]
Event: 15.063 Thread 0x000002437f3fdc00 Exception <a 'sun/nio/fs/WindowsException'{0x0000000089d124b0}> (0x0000000089d124b0) 
thrown [s\src\hotspot\share\prims\jni.cpp, line 520]
Event: 15.064 Thread 0x000002435aff2630 Exception <a 'java/io/FileNotFoundException'{0x0000000089f62538}> (0x0000000089f62538) 
thrown [s\src\hotspot\share\prims\jni.cpp, line 520]
Event: 15.064 Thread 0x000002435afef1b0 Exception <a 'java/io/FileNotFoundException'{0x0000000089f55a30}> (0x0000000089f55a30) 
thrown [s\src\hotspot\share\prims\jni.cpp, line 520]
Event: 15.065 Thread 0x000002437f3fe920 Exception <a 'sun/nio/fs/WindowsException'{0x0000000089c24788}> (0x0000000089c24788) 
thrown [s\src\hotspot\share\prims\jni.cpp, line 520]
Event: 15.065 Thread 0x000002435aff1fa0 Exception <a 'sun/nio/fs/WindowsException'{0x0000000089dc8748}> (0x0000000089dc8748) 
thrown [s\src\hotspot\share\prims\jni.cpp, line 520]
Event: 15.066 Thread 0x000002437f3fbb30 Exception <a 'java/io/FileNotFoundException'{0x0000000089e1d690}> (0x0000000089e1d690) 
thrown [s\src\hotspot\share\prims\jni.cpp, line 520]
Event: 15.066 Thread 0x000002437f3f8d40 Exception <a 'java/io/FileNotFoundException'{0x0000000089e5d350}> (0x0000000089e5d350) 
thrown [s\src\hotspot\share\prims\jni.cpp, line 520]
Event: 15.067 Thread 0x000002437f3fdc00 Exception <a 'java/io/FileNotFoundException'{0x0000000089dcd368}> (0x0000000089dcd368) 
thrown [s\src\hotspot\share\prims\jni.cpp, line 520]
Event: 15.068 Thread 0x000002437f3fe290 Exception <a 'sun/nio/fs/WindowsException'{0x0000000089cecd68}> (0x0000000089cecd68) 
thrown [s\src\hotspot\share\prims\jni.cpp, line 520]
Event: 15.070 Thread 0x000002437f3fe920 Exception <a 'java/io/FileNotFoundException'{0x0000000089cd1058}> (0x0000000089cd1058) 
thrown [s\src\hotspot\share\prims\jni.cpp, line 520]
Event: 15.075 Thread 0x000002437f3fe290 Exception <a 'java/io/FileNotFoundException'{0x0000000089bd9b20}> (0x0000000089bd9b20) 
thrown [s\src\hotspot\share\prims\jni.cpp, line 520]
Event: 15.075 Thread 0x000002435aff1fa0 Exception <a 'java/io/FileNotFoundException'{0x0000000089c66bd8}> (0x0000000089c66bd8) 
thrown [s\src\hotspot\share\prims\jni.cpp, line 520]
Event: 15.079 Thread 0x000002437f3fefb0 Exception <a 'sun/nio/fs/WindowsException'{0x00000000893be030}> (0x00000000893be030) 
thrown [s\src\hotspot\share\prims\jni.cpp, line 520]

ZGC Phase Switch (0 events):
No events

VM Operations (20 events):
Event: 14.489 Executing safepoint VM operation: G1PauseRemark done
Event: 14.507 Executing safepoint VM operation: G1PauseCleanup
Event: 14.507 Executing safepoint VM operation: G1PauseCleanup done
Event: 14.551 Executing safepoint VM operation: G1CollectForAllocation (G1 Evacuation Pause)
Event: 14.558 Executing safepoint VM operation: G1CollectForAllocation (G1 Evacuation Pause) done
Event: 14.671 Executing safepoint VM operation: G1CollectForAllocation (G1 Evacuation Pause)
Event: 14.680 Executing safepoint VM operation: G1CollectForAllocation (G1 Evacuation Pause) done
Event: 14.732 Executing safepoint VM operation: G1CollectForAllocation (G1 Evacuation Pause)
Event: 14.739 Executing safepoint VM operation: G1CollectForAllocation (G1 Evacuation Pause) done
Event: 14.793 Executing safepoint VM operation: G1PauseRemark
Event: 14.797 Executing safepoint VM operation: G1PauseRemark done
Event: 14.824 Executing safepoint VM operation: G1PauseCleanup
Event: 14.825 Executing safepoint VM operation: G1PauseCleanup done
Event: 14.874 Executing non-safepoint VM operation: HandshakeAllThreads (Deoptimize)
Event: 14.874 Executing non-safepoint VM operation: HandshakeAllThreads (Deoptimize) done
Event: 14.886 Executing safepoint VM operation: G1CollectForAllocation (G1 Evacuation Pause)
Event: 14.889 Executing safepoint VM operation: G1CollectForAllocation (G1 Evacuation Pause) done
Event: 15.067 Executing safepoint VM operation: ICBufferFull
Event: 15.067 Executing safepoint VM operation: ICBufferFull done
Event: 15.079 Executing safepoint VM operation: G1CollectForAllocation (G1 Evacuation Pause)

Memory protections (0 events):
No events

Nmethod flushes (20 events):
Event: 14.797 Thread 0x000002437e757470 flushing  nmethod 0x0000024300f3e490
Event: 14.797 Thread 0x000002437e757470 flushing  nmethod 0x0000024300f3e910
Event: 14.797 Thread 0x000002437e757470 flushing  nmethod 0x0000024300f40f10
Event: 14.797 Thread 0x000002437e757470 flushing  nmethod 0x0000024300fcc510
Event: 14.797 Thread 0x000002437e757470 flushing  nmethod 0x0000024300fccb10
Event: 14.797 Thread 0x000002437e757470 flushing  nmethod 0x0000024300fcd610
Event: 14.797 Thread 0x000002437e757470 flushing  nmethod 0x0000024300fcde10
Event: 14.797 Thread 0x000002437e757470 flushing  nmethod 0x0000024300fce390
Event: 14.797 Thread 0x000002437e757470 flushing  nmethod 0x0000024300fce990
Event: 14.797 Thread 0x000002437e757470 flushing  nmethod 0x0000024300fcec90
Event: 14.797 Thread 0x000002437e757470 flushing  nmethod 0x0000024300fcf290
Event: 14.797 Thread 0x000002437e757470 flushing  nmethod 0x0000024300fd1d90
Event: 14.797 Thread 0x000002437e757470 flushing  nmethod 0x0000024300fd2610
Event: 14.797 Thread 0x000002437e757470 flushing  nmethod 0x0000024300fd3c10
Event: 14.797 Thread 0x000002437e757470 flushing  nmethod 0x0000024300fd3f90
Event: 14.797 Thread 0x000002437e757470 flushing  nmethod 0x0000024300fd5090
Event: 14.797 Thread 0x000002437e757470 flushing  nmethod 0x0000024301042490
Event: 14.797 Thread 0x000002437e757470 flushing  nmethod 0x000002430113ce90
Event: 14.797 Thread 0x000002437e757470 flushing  nmethod 0x0000024301297a10
Event: 14.797 Thread 0x000002437e757470 flushing  nmethod 0x00000243012ce310

Events (20 events):
Event: 11.616 Thread 0x000002435dbf0840 Thread exited: 0x000002435dbf0840
Event: 12.109 Thread 0x000002437e78e790 Thread added: 0x000002435d24a8d0
Event: 12.199 Thread 0x000002437e78e790 Thread added: 0x000002435f49a5d0
Event: 12.801 Thread 0x000002435f49a5d0 Thread exited: 0x000002435f49a5d0
Event: 12.803 Thread 0x000002435d24a8d0 Thread exited: 0x000002435d24a8d0
Event: 13.052 Thread 0x000002437f093f70 Thread added: 0x000002435d24a8d0
Event: 13.057 Thread 0x000002435d24a8d0 Thread added: 0x000002435f49aca0
Event: 13.228 Thread 0x000002435f49aca0 Thread exited: 0x000002435f49aca0
Event: 13.229 Thread 0x000002435d24a8d0 Thread exited: 0x000002435d24a8d0
Event: 13.848 Thread 0x000002437e78e790 Thread added: 0x000002435f02a290
Event: 13.849 Thread 0x000002437e78e790 Thread added: 0x000002435f028750
Event: 14.097 Thread 0x0000024359d910b0 Thread added: 0x000002437f3fbb30
Event: 14.097 Thread 0x0000024359d910b0 Thread added: 0x000002437f3fc1c0
Event: 14.097 Thread 0x0000024359d910b0 Thread added: 0x000002437f3f8d40
Event: 14.098 Thread 0x0000024359d910b0 Thread added: 0x000002437f3fc850
Event: 14.098 Thread 0x0000024359d910b0 Thread added: 0x000002437f3f93d0
Event: 14.098 Thread 0x0000024359d910b0 Thread added: 0x000002437f3fe920
Event: 14.098 Thread 0x0000024359d910b0 Thread added: 0x000002437f3fe290
Event: 14.098 Thread 0x0000024359d910b0 Thread added: 0x000002437f3fdc00
Event: 14.098 Thread 0x0000024359d910b0 Thread added: 0x000002437f3fefb0


Dynamic libraries:
0x00007ff72a1a0000 - 0x00007ff72a1ae000 	C:\Users\david\.vscode\extensions\redhat.java-1.54.0-win32-x64\jre\21.0.10-win32-x86_64\bin\java.exe
0x00007ffda0c00000 - 0x00007ffda0e68000 	C:\WINDOWS\SYSTEM32\ntdll.dll
0x00007ffd59a50000 - 0x00007ffd59a71000 	C:\Program Files\Avast Software\Suite\aswhook.dll
0x00007ffd9fde0000 - 0x00007ffd9fea9000 	C:\WINDOWS\System32\KERNEL32.DLL
0x00007ffd9e090000 - 0x00007ffd9e488000 	C:\WINDOWS\System32\KERNELBASE.dll
0x00007ffd9df40000 - 0x00007ffd9e08b000 	C:\WINDOWS\System32\ucrtbase.dll
0x00007ffd74a00000 - 0x00007ffd74a18000 	C:\Users\david\.vscode\extensions\redhat.java-1.54.0-win32-x64\jre\21.0.10-win32-x86_64\bin\jli.dll
0x00007ffd85520000 - 0x00007ffd8553e000 	C:\Users\david\.vscode\extensions\redhat.java-1.54.0-win32-x64\jre\21.0.10-win32-x86_64\bin\VCRUNTIME140.dll
0x00007ffd9eef0000 - 0x00007ffd9f0b7000 	C:\WINDOWS\System32\USER32.dll
0x00007ffd9e8c0000 - 0x00007ffd9e8e7000 	C:\WINDOWS\System32\win32u.dll
0x00007ffd751b0000 - 0x00007ffd75444000 	C:\WINDOWS\WinSxS\amd64_microsoft.windows.common-controls_6595b64144ccf1df_6.0.26100.7019_none_3e06ffa0e335b8a8\COMCTL32.dll
0x00007ffda0790000 - 0x00007ffda07bb000 	C:\WINDOWS\System32\GDI32.dll
0x00007ffd9dd50000 - 0x00007ffd9de7c000 	C:\WINDOWS\System32\gdi32full.dll
0x00007ffda06e0000 - 0x00007ffda0789000 	C:\WINDOWS\System32\msvcrt.dll
0x00007ffd9e810000 - 0x00007ffd9e8b3000 	C:\WINDOWS\System32\msvcp_win.dll
0x00007ffda07c0000 - 0x00007ffda07f1000 	C:\WINDOWS\System32\IMM32.DLL
0x00007ffd96860000 - 0x00007ffd9686c000 	C:\Users\david\.vscode\extensions\redhat.java-1.54.0-win32-x64\jre\21.0.10-win32-x86_64\bin\vcruntime140_1.dll
0x00007ffd3a080000 - 0x00007ffd3a10d000 	C:\Users\david\.vscode\extensions\redhat.java-1.54.0-win32-x64\jre\21.0.10-win32-x86_64\bin\msvcp140.dll
0x00007ffd212c0000 - 0x00007ffd22061000 	C:\Users\david\.vscode\extensions\redhat.java-1.54.0-win32-x64\jre\21.0.10-win32-x86_64\bin\server\jvm.dll
0x00007ffd9fd20000 - 0x00007ffd9fdd4000 	C:\WINDOWS\System32\ADVAPI32.dll
0x00007ffda09a0000 - 0x00007ffda0a46000 	C:\WINDOWS\System32\sechost.dll
0x00007ffda0870000 - 0x00007ffda0988000 	C:\WINDOWS\System32\RPCRT4.dll
0x00007ffd9ecd0000 - 0x00007ffd9ed44000 	C:\WINDOWS\System32\WS2_32.dll
0x00007ffd9dbb0000 - 0x00007ffd9dc0e000 	C:\WINDOWS\SYSTEM32\POWRPROF.dll
0x00007ffd94ce0000 - 0x00007ffd94ceb000 	C:\WINDOWS\SYSTEM32\VERSION.dll
0x00007ffd914f0000 - 0x00007ffd91525000 	C:\WINDOWS\SYSTEM32\WINMM.dll
0x00007ffd9db90000 - 0x00007ffd9dba4000 	C:\WINDOWS\SYSTEM32\UMPDC.dll
0x00007ffd9ca70000 - 0x00007ffd9ca8b000 	C:\WINDOWS\SYSTEM32\kernel.appcore.dll
0x00007ffd8eed0000 - 0x00007ffd8eeda000 	C:\Users\david\.vscode\extensions\redhat.java-1.54.0-win32-x64\jre\21.0.10-win32-x86_64\bin\jimage.dll
0x00007ffd9b470000 - 0x00007ffd9b6b2000 	C:\WINDOWS\SYSTEM32\DBGHELP.DLL
0x00007ffda0250000 - 0x00007ffda05db000 	C:\WINDOWS\System32\combase.dll
0x00007ffd9feb0000 - 0x00007ffd9ff87000 	C:\WINDOWS\System32\OLEAUT32.dll
0x00007ffd90380000 - 0x00007ffd903bc000 	C:\WINDOWS\SYSTEM32\dbgcore.DLL
0x00007ffd9e8f0000 - 0x00007ffd9e995000 	C:\WINDOWS\System32\bcryptPrimitives.dll
0x00007ffd7d080000 - 0x00007ffd7d08f000 	C:\Users\david\.vscode\extensions\redhat.java-1.54.0-win32-x64\jre\21.0.10-win32-x86_64\bin\instrument.dll
0x00007ffd72fd0000 - 0x00007ffd72ff0000 	C:\Users\david\.vscode\extensions\redhat.java-1.54.0-win32-x64\jre\21.0.10-win32-x86_64\bin\java.dll
0x00007ffd9f5c0000 - 0x00007ffd9fd0f000 	C:\WINDOWS\System32\SHELL32.dll
0x00007ffd9e490000 - 0x00007ffd9e5fb000 	C:\WINDOWS\System32\wintypes.dll
0x00007ffd9b950000 - 0x00007ffd9c1ad000 	C:\WINDOWS\SYSTEM32\windows.storage.dll
0x00007ffda05e0000 - 0x00007ffda06d2000 	C:\WINDOWS\System32\SHCORE.dll
0x00007ffd9f550000 - 0x00007ffd9f5b7000 	C:\WINDOWS\System32\shlwapi.dll
0x00007ffd9dc70000 - 0x00007ffd9dc99000 	C:\WINDOWS\SYSTEM32\profapi.dll
0x00007ffd6dcf0000 - 0x00007ffd6dd08000 	C:\Users\david\.vscode\extensions\redhat.java-1.54.0-win32-x64\jre\21.0.10-win32-x86_64\bin\zip.dll
0x00007ffd88700000 - 0x00007ffd88710000 	C:\Users\david\.vscode\extensions\redhat.java-1.54.0-win32-x64\jre\21.0.10-win32-x86_64\bin\net.dll
0x00007ffd93c00000 - 0x00007ffd93d28000 	C:\WINDOWS\SYSTEM32\WINHTTP.dll
0x00007ffd9d020000 - 0x00007ffd9d08b000 	C:\WINDOWS\system32\mswsock.dll
0x00007ffd6d590000 - 0x00007ffd6d5a6000 	C:\Users\david\.vscode\extensions\redhat.java-1.54.0-win32-x64\jre\21.0.10-win32-x86_64\bin\nio.dll
0x00007ffd7b160000 - 0x00007ffd7b170000 	C:\Users\david\.vscode\extensions\redhat.java-1.54.0-win32-x64\jre\21.0.10-win32-x86_64\bin\verify.dll
0x00007ffd59a00000 - 0x00007ffd59a27000 	C:\Users\david\.gradle\native\660c5614fbf4a5f2a75b1949f50a0caf5cd603558e7d8a26e50b933a0cfb79d1\windows-amd64\native-platform.dll
0x00007ffd3b590000 - 0x00007ffd3b607000 	C:\Users\david\.gradle\native\0.2.8\x86_64-windows-gnu\gradle-fileevents.dll
0x00007ffd7adf0000 - 0x00007ffd7adfa000 	C:\Users\david\.vscode\extensions\redhat.java-1.54.0-win32-x64\jre\21.0.10-win32-x86_64\bin\management.dll
0x00007ffd79270000 - 0x00007ffd7927c000 	C:\Users\david\.vscode\extensions\redhat.java-1.54.0-win32-x64\jre\21.0.10-win32-x86_64\bin\management_ext.dll
0x00007ffda0990000 - 0x00007ffda0998000 	C:\WINDOWS\System32\PSAPI.DLL
0x00007ffd9c4c0000 - 0x00007ffd9c4f4000 	C:\WINDOWS\SYSTEM32\IPHLPAPI.DLL
0x00007ffd9e9a0000 - 0x00007ffd9e9aa000 	C:\WINDOWS\System32\NSI.dll
0x00007ffd7f770000 - 0x00007ffd7f779000 	C:\Users\david\.vscode\extensions\redhat.java-1.54.0-win32-x64\jre\21.0.10-win32-x86_64\bin\extnet.dll
0x00007ffd9d410000 - 0x00007ffd9d42b000 	C:\WINDOWS\SYSTEM32\CRYPTSP.dll
0x00007ffd9ca30000 - 0x00007ffd9ca6a000 	C:\WINDOWS\system32\rsaenh.dll
0x00007ffd9d0d0000 - 0x00007ffd9d0fb000 	C:\WINDOWS\SYSTEM32\USERENV.dll
0x00007ffd9dc40000 - 0x00007ffd9dc6a000 	C:\WINDOWS\SYSTEM32\bcrypt.dll
0x00007ffd9d270000 - 0x00007ffd9d27c000 	C:\WINDOWS\SYSTEM32\CRYPTBASE.dll
0x00007ffd85a00000 - 0x00007ffd85a0e000 	C:\Users\david\.vscode\extensions\redhat.java-1.54.0-win32-x64\jre\21.0.10-win32-x86_64\bin\sunmscapi.dll
0x00007ffd9e600000 - 0x00007ffd9e777000 	C:\WINDOWS\System32\CRYPT32.dll
0x00007ffd9d560000 - 0x00007ffd9d590000 	C:\WINDOWS\SYSTEM32\ncrypt.dll
0x00007ffd9d510000 - 0x00007ffd9d54f000 	C:\WINDOWS\SYSTEM32\NTASN1.dll
0x00007ffd82a00000 - 0x00007ffd82a08000 	C:\WINDOWS\system32\wshunix.dll
0x00007ffd9c550000 - 0x00007ffd9c67c000 	C:\WINDOWS\SYSTEM32\DNSAPI.dll
0x0000000060bb0000 - 0x0000000060bd6000 	C:\Program Files\Bonjour\mdnsNSP.dll
0x00007ffd942d0000 - 0x00007ffd942db000 	C:\Windows\System32\rasadhlp.dll
0x00007ffd93750000 - 0x00007ffd937d6000 	C:\WINDOWS\System32\fwpuclnt.dll

JVMTI agents:
C:\Users\david\.gradle\wrapper\dists\gradle-9.4.1-bin\arn2x92ynaizyzdaamcbpbhtj\gradle-9.4.1\lib\agents\gradle-instrumentation-agent-9.4.1.jar path:C:\Users\david\.vscode\extensions\redhat.java-1.54.0-win32-x64\jre\21.0.10-win32-x86_64\bin\instrument.dll, loaded, initialized, instrumentlib options:none

dbghelp: loaded successfully - version: 4.0.5 - missing functions: none
symbol engine: initialized successfully - sym options: 0x614 - pdb path: .;C:\Users\david\.vscode\extensions\redhat.java-1.54.0-win32-x64\jre\21.0.10-win32-x86_64\bin;C:\WINDOWS\SYSTEM32;C:\Program Files\Avast Software\Suite;C:\WINDOWS\WinSxS\amd64_microsoft.windows.common-controls_6595b64144ccf1df_6.0.26100.7019_none_3e06ffa0e335b8a8;C:\Users\david\.vscode\extensions\redhat.java-1.54.0-win32-x64\jre\21.0.10-win32-x86_64\bin\server;C:\Users\david\.gradle\native\660c5614fbf4a5f2a75b1949f50a0caf5cd603558e7d8a26e50b933a0cfb79d1\windows-amd64;C:\Users\david\.gradle\native\0.2.8\x86_64-windows-gnu;C:\Program Files\Bonjour

VM Arguments:
jvm_args: --add-opens=java.base/java.lang=ALL-UNNAMED --add-opens=java.base/java.lang.invoke=ALL-UNNAMED --add-opens=java.base/java.util=ALL-UNNAMED --add-opens=java.prefs/java.util.prefs=ALL-UNNAMED --add-exports=jdk.compiler/com.sun.tools.javac.api=ALL-UNNAMED --add-exports=jdk.compiler/com.sun.tools.javac.util=ALL-UNNAMED --add-opens=java.base/java.util=ALL-UNNAMED --add-opens=java.prefs/java.util.prefs=ALL-UNNAMED --add-opens=java.base/java.nio.charset=ALL-UNNAMED --add-opens=java.base/java.net=ALL-UNNAMED --add-opens=java.base/java.util.concurrent=ALL-UNNAMED --add-opens=java.base/java.util.concurrent.atomic=ALL-UNNAMED --add-opens=java.xml/javax.xml.namespace=ALL-UNNAMED --add-opens=java.base/java.time=ALL-UNNAMED -Xmx2048m -Dfile.encoding=UTF-8 -Duser.country=US -Duser.language=en -Duser.variant -javaagent:C:\Users\david\.gradle\wrapper\dists\gradle-9.4.1-bin\arn2x92ynaizyzdaamcbpbhtj\gradle-9.4.1\lib\agents\gradle-instrumentation-agent-9.4.1.jar 
java_command: org.gradle.launcher.daemon.bootstrap.GradleDaemon 9.4.1
java_class_path (initial): C:\Users\david\.gradle\wrapper\dists\gradle-9.4.1-bin\arn2x92ynaizyzdaamcbpbhtj\gradle-9.4.1\lib\gradle-daemon-main-9.4.1.jar
Launcher Type: SUN_STANDARD

[Global flags]
     intx CICompilerCount                          = 4                                         {product} {ergonomic}
     uint ConcGCThreads                            = 3                                         {product} {ergonomic}
     uint G1ConcRefinementThreads                  = 10                                        {product} {ergonomic}
   size_t G1HeapRegionSize                         = 1048576                                   {product} {ergonomic}
    uintx GCDrainStackTargetSize                   = 64                                        {product} {ergonomic}
   size_t InitialHeapSize                          = 264241152                                 {product} {ergonomic}
   size_t MarkStackSize                            = 4194304                                   {product} {ergonomic}
   size_t MaxHeapSize                              = 2147483648                                {product} {command line}
   size_t MaxNewSize                               = 1287651328                                {product} {ergonomic}
   size_t MinHeapDeltaBytes                        = 1048576                                   {product} {ergonomic}
   size_t MinHeapSize                              = 8388608                                   {product} {ergonomic}
    uintx NonNMethodCodeHeapSize                   = 5839372                                {pd product} {ergonomic}
    uintx NonProfiledCodeHeapSize                  = 122909434                              {pd product} {ergonomic}
    uintx ProfiledCodeHeapSize                     = 122909434                              {pd product} {ergonomic}
    uintx ReservedCodeCacheSize                    = 251658240                              {pd product} {ergonomic}
     bool SegmentedCodeCache                       = true                                      {product} {ergonomic}
   size_t SoftMaxHeapSize                          = 2147483648                             {manageable} {ergonomic}
     bool UseCompressedOops                        = true                           {product lp64_product} {ergonomic}
     bool UseG1GC                                  = true                                      {product} {ergonomic}
     bool UseLargePagesIndividualAllocation        = false                                  {pd product} {ergonomic}

Logging:
Log output configuration:
 #0: stdout all=warning uptime,level,tags foldmultilines=false
 #1: stderr all=off uptime,level,tags foldmultilines=false

Release file:
JAVA_VERSION="21.0.10" 
MODULES="java.base java.compiler java.datatransfer java.xml java.prefs java.desktop java.instrument java.logging java.management java.security.sasl java.naming java.rmi java.management.rmi java.net.http java.scripting java.security.jgss java.transaction.xa java.sql java.sql.rowset java.xml.crypto java.se java.smartcardio jdk.accessibility jdk.internal.jvmstat jdk.attach jdk.charsets jdk.internal.opt jdk.zipfs jdk.compiler jdk.crypto.ec jdk.crypto.cryptoki jdk.crypto.mscapi jdk.dynalink jdk.internal.ed jdk.editpad jdk.hotspot.agent jdk.httpserver jdk.internal.le jdk.internal.vm.ci jdk.internal.vm.compiler jdk.internal.vm.compiler.management jdk.jartool jdk.javadoc jdk.jcmd jdk.management jdk.management.agent jdk.jconsole jdk.jdeps jdk.jdwp.agent jdk.jdi jdk.jfr jdk.jshell jdk.jsobject jdk.jstatd jdk.localedata jdk.management.jfr jdk.naming.dns jdk.naming.rmi jdk.net jdk.nio.mapmode jdk.random jdk.sctp jdk.security.auth jdk.security.jgss jdk.unsupported jdk.unsupported.desktop jdk.xml.dom" 

Environment Variables:
PATH=C:\Program Files\Common Files\Oracle\Java\javapath;C:\Program Files (x86)\VMware\VMware Workstation\bin\;C:\WINDOWS\system32;C:\WINDOWS;C:\WINDOWS\System32\Wbem;C:\WINDOWS\System32\WindowsPowerShell\v1.0\;C:\WINDOWS\System32\OpenSSH\;C:\Program Files\Wolfram Research\WolframScript\;C:\Program Files\gs\gs10.04.0\bin;C:\Program Files\Git\cmd;C:\Program Files\MySQL\MySQL Server 8.0\bin;C:\Program Files\nodejs\;C:\Program Files\nodejs;C:\Users\david\OneDrive\Documents\Library system\genz-library\src;C:\composer;C:\Users\david\.local\bin;C:\Program Files\MySQL\MySQL Shell 8.0\bin\;C:\Users\david\AppData\Local\Programs\Python\Python312\Scripts\;C:\Users\david\AppData\Local\Programs\Python\Python312\;C:\Users\david\AppData\Local\Programs\Python\Launcher\;C:\Users\david\AppData\Local\Microsoft\WindowsApps;C:\Users\david\AppData\Local\Programs\Microsoft VS Code\bin;C:\MinGW\bin;C:\Program Files\gs\gs10.04.0\bin;C:\Program Files\Git;C:\ProgramData\david\GitHubDesktop\bin;C:\Users\david\AppData\Local\GitHubDesktop\bin;C:\Program Files\nodejs;C:\Users\david\Downloads\titanic.zip;C:\Users\david\AppData\Roaming\npm;C:\Users\david\OneDrive\Documents\Library system\genz-library;C:\Users\david\Downloads\php-8.5.2-nts-Win32-vs17-x64;C:\Users\david\AppData\Roaming\Composer\vendor\bin;C:\Users\david\OneDrive\Documents\WCT Semester2\php-8.5.2-nts-Win32-vs17-x64;C:\xampp\php;C:\Program Files\Android\Android Studio
USERNAME=david
OS=Windows_NT
PROCESSOR_IDENTIFIER=Intel64 Family 6 Model 141 Stepping 1, GenuineIntel
TMP=C:\Users\david\AppData\Local\Temp
TEMP=C:\Users\david\AppData\Local\Temp




Periodic native trim disabled

---------------  S Y S T E M  ---------------

OS:
 Windows 11 , 64 bit Build 26100 (10.0.26100.7019)
OS uptime: 1 days 17:17 hours
Hyper-V role detected

CPU: total 12 (initial active 12) (6 cores per cpu, 2 threads per core) family 6 model 141 stepping 1 microcode 0x34, cx8, cmov, fxsr, ht, mmx, 3dnowpref, sse, sse2, sse3, ssse3, sse4.1, sse4.2, popcnt, lzcnt, tsc, tscinvbit, avx, avx2, aes, erms, clmul, bmi1, bmi2, adx, avx512f, avx512dq, avx512cd, avx512bw, avx512vl, sha, fma, vzeroupper, avx512_vpopcntdq, avx512_vpclmulqdq, avx512_vaes, avx512_vnni, clflush, clflushopt, clwb, avx512_vbmi2, avx512_vbmi, hv, rdtscp, rdpid, fsrm, gfni, avx512_bitalg, f16c, cet_ibt, cet_ss, avx512_ifma
Processor Information for the first 12 processors :
  Max Mhz: 2688, Current Mhz: 2688, Mhz Limit: 2688

Memory: 4k page, system-wide physical 16085M (3168M free)
TotalPageFile size 18133M (AvailPageFile size 2M)
current process WorkingSet (physical memory assigned to process): 537M, peak: 550M
current process commit charge ("private bytes"): 576M, peak: 644M

vm_info: OpenJDK 64-Bit Server VM (21.0.10+7-LTS) for windows-amd64 JRE (21.0.10+7-LTS), built on 2026-01-20T00:00:00Z by "admin" with MS VC++ 17.12 (VS2022)

END.
