#
# There is insufficient memory for the Java Runtime Environment to continue.
# Native memory allocation (mmap) failed to map 29360128 bytes. Error detail: G1 virtual space
# Possible reasons:
#   The system is out of physical RAM or swap space
#   This process is running with CompressedOops enabled, and the Java Heap may be blocking the growth of the native heap
# Possible solutions:
#   Reduce memory load on the system
#   Increase physical memory or swap space
#   Check if swap backing store is full
#   Decrease Java heap size (-Xmx/-Xms)
#   Decrease number of Java threads
#   Decrease Java thread stack sizes (-Xss)
#   Set larger code cache with -XX:ReservedCodeCacheSize=
#   JVM is running with Unscaled Compressed Oops mode in which the Java heap is
#     placed in the first 4GB address space. The Java Heap base address is the
#     maximum limit for the native heap growth. Please use -XX:HeapBaseMinAddress
#     to set the Java Heap base and to place the Java Heap above 4GB virtual address.
# This output file may be truncated or incomplete.
#
#  Out of Memory Error (os_windows.cpp:3714), pid=18772, tid=26620
#
# JRE version: OpenJDK Runtime Environment Temurin-21.0.10+7 (21.0.10+7) (build 21.0.10+7-LTS)
# Java VM: OpenJDK 64-Bit Server VM Temurin-21.0.10+7 (21.0.10+7-LTS, mixed mode, sharing, tiered, compressed oops, compressed class ptrs, g1 gc, windows-amd64)
# No core dump will be written. Minidumps are not enabled by default on client versions of Windows
#

---------------  S U M M A R Y ------------

Command Line: --add-opens=java.base/java.lang=ALL-UNNAMED --add-opens=java.base/java.lang.invoke=ALL-UNNAMED --add-opens=java.base/java.util=ALL-UNNAMED --add-opens=java.prefs/java.util.prefs=ALL-UNNAMED --add-exports=jdk.compiler/com.sun.tools.javac.api=ALL-UNNAMED --add-exports=jdk.compiler/com.sun.tools.javac.util=ALL-UNNAMED --add-opens=java.base/java.util=ALL-UNNAMED --add-opens=java.prefs/java.util.prefs=ALL-UNNAMED --add-opens=java.base/java.nio.charset=ALL-UNNAMED --add-opens=java.base/java.net=ALL-UNNAMED --add-opens=java.base/java.util.concurrent=ALL-UNNAMED --add-opens=java.base/java.util.concurrent.atomic=ALL-UNNAMED --add-opens=java.xml/javax.xml.namespace=ALL-UNNAMED --add-opens=java.base/java.time=ALL-UNNAMED -Xmx2048m -Dfile.encoding=UTF-8 -Duser.country=US -Duser.language=en -Duser.variant -javaagent:C:\Users\david\.gradle\wrapper\dists\gradle-9.4.1-bin\arn2x92ynaizyzdaamcbpbhtj\gradle-9.4.1\lib\agents\gradle-instrumentation-agent-9.4.1.jar org.gradle.launcher.daemon.bootstrap.GradleDaemon 9.4.1

Host: 11th Gen Intel(R) Core(TM) i5-11400H @ 2.70GHz, 12 cores, 15G,  Windows 11 , 64 bit Build 26100 (10.0.26100.7019)
Time: Thu Jun  4 14:49:42 2026 SE Asia Standard Time elapsed time: 13.704461 seconds (0d 0h 0m 13s)

---------------  T H R E A D  ---------------

Current thread (0x00000250230048c0):  VMThread "VM Thread"          [id=26620, stack(0x0000005590f00000,0x0000005591000000) (1024K)]

Stack: [0x0000005590f00000,0x0000005591000000]
Native frames: (J=compiled Java code, j=interpreted, Vv=VM code, C=native code)
V  [jvm.dll+0x6d7a39]
V  [jvm.dll+0x8b4b26]
V  [jvm.dll+0x8b70de]
V  [jvm.dll+0x8b77c3]
V  [jvm.dll+0x284346]
V  [jvm.dll+0x6d4355]
V  [jvm.dll+0x6c808a]
V  [jvm.dll+0x35edb8]
V  [jvm.dll+0x3669f6]
V  [jvm.dll+0x3b7afe]
V  [jvm.dll+0x3b7da8]
V  [jvm.dll+0x332fbc]
V  [jvm.dll+0x3357d6]
V  [jvm.dll+0x33f7cd]
V  [jvm.dll+0x374e8f]
V  [jvm.dll+0x8bd4b0]
V  [jvm.dll+0x8be824]
V  [jvm.dll+0x8bed50]
V  [jvm.dll+0x8beff3]
V  [jvm.dll+0x85f59d]
V  [jvm.dll+0x6d626d]
C  [ucrtbase.dll+0x37b0]
C  [KERNEL32.DLL+0x2e8d7]
C  [ntdll.dll+0x8c53c]

VM_Operation (0x0000005590aff570): G1PauseRemark, mode: safepoint, requested by thread 0x000002500b7c2e80


---------------  P R O C E S S  ---------------

Threads class SMR info:
_java_thread_list=0x00000250238090a0, length=47, elements={
0x000002500b75db70, 0x000002502301f960, 0x0000025023021030, 0x0000025023028630,
0x0000025023029550, 0x000002502302add0, 0x000002502302cea0, 0x00000250233effe0,
0x0000025023405280, 0x000002502302c180, 0x000002502302d530, 0x000002502302baf0,
0x000002502302c810, 0x000002502302dbc0, 0x000002506acb51f0, 0x000002506acb3e40,
0x000002506acb44d0, 0x000002506acb37b0, 0x000002506acb4b60, 0x000002506acb5880,
0x000002506acb2400, 0x000002506acb3120, 0x000002506acb5f10, 0x000002506acb2a90,
0x000002506acb9390, 0x000002506acb8670, 0x000002506acb8d00, 0x000002506acb6c30,
0x000002506acb72c0, 0x000002506acb7950, 0x000002506b5a8160, 0x000002506b5aa230,
0x000002506b5aaf50, 0x000002506b5abc70, 0x000002506b5ab5e0, 0x000002506b5a87f0,
0x000002506b5a8e80, 0x000002506b5ac300, 0x000002506b5ac990, 0x000002506b5a9510,
0x000002506b5ae3d0, 0x000002506b5ad020, 0x000002506b5aea60, 0x000002506b5af780,
0x000002506b5ad6b0, 0x000002506e15d340, 0x000002506e15c5a0
}

Java Threads: ( => current thread )
  0x000002500b75db70 JavaThread "main"                              [_thread_blocked, id=19032, stack(0x0000005590800000,0x0000005590900000) (1024K)]
  0x000002502301f960 JavaThread "Reference Handler"          daemon [_thread_blocked, id=5668, stack(0x0000005591000000,0x0000005591100000) (1024K)]
  0x0000025023021030 JavaThread "Finalizer"                  daemon [_thread_blocked, id=21040, stack(0x0000005591100000,0x0000005591200000) (1024K)]
  0x0000025023028630 JavaThread "Signal Dispatcher"          daemon [_thread_blocked, id=10784, stack(0x0000005591200000,0x0000005591300000) (1024K)]
  0x0000025023029550 JavaThread "Attach Listener"            daemon [_thread_blocked, id=4768, stack(0x0000005591300000,0x0000005591400000) (1024K)]
  0x000002502302add0 JavaThread "Service Thread"             daemon [_thread_blocked, id=15064, stack(0x0000005591400000,0x0000005591500000) (1024K)]
  0x000002502302cea0 JavaThread "Monitor Deflation Thread"   daemon [_thread_blocked, id=18624, stack(0x0000005591500000,0x0000005591600000) (1024K)]
  0x00000250233effe0 JavaThread "C2 CompilerThread0"         daemon [_thread_blocked, id=25340, stack(0x0000005591600000,0x0000005591700000) (1024K)]
  0x0000025023405280 JavaThread "C1 CompilerThread0"         daemon [_thread_blocked, id=12480, stack(0x0000005591700000,0x0000005591800000) (1024K)]
  0x000002502302c180 JavaThread "Common-Cleaner"             daemon [_thread_blocked, id=19900, stack(0x0000005591800000,0x0000005591900000) (1024K)]
  0x000002502302d530 JavaThread "Notification Thread"        daemon [_thread_blocked, id=19800, stack(0x0000005591900000,0x0000005591a00000) (1024K)]
  0x000002502302baf0 JavaThread "Daemon health stats"               [_thread_blocked, id=10712, stack(0x0000005592100000,0x0000005592200000) (1024K)]
  0x000002502302c810 JavaThread "Incoming local TCP Connector on port 61993"        [_thread_in_native, id=24628, stack(0x0000005592200000,0x0000005592300000) (1024K)]
  0x000002502302dbc0 JavaThread "Daemon periodic checks"            [_thread_blocked, id=18796, stack(0x0000005592300000,0x0000005592400000) (1024K)]
  0x000002506acb51f0 JavaThread "Daemon"                            [_thread_blocked, id=1260, stack(0x0000005592400000,0x0000005592500000) (1024K)]
  0x000002506acb3e40 JavaThread "Handler for socket connection from /127.0.0.1:61993 to /127.0.0.1:61994"        [_thread_in_native, id=21276, stack(0x0000005592500000,0x0000005592600000) (1024K)]
  0x000002506acb44d0 JavaThread "Cancel handler"                    [_thread_blocked, id=25772, stack(0x0000005592600000,0x0000005592700000) (1024K)]
  0x000002506acb37b0 JavaThread "Daemon worker"                     [_thread_blocked, id=3216, stack(0x0000005592700000,0x0000005592800000) (1024K)]
  0x000002506acb4b60 JavaThread "Asynchronous log dispatcher for DefaultDaemonConnection: socket connection from /127.0.0.1:61993 to /127.0.0.1:61994"        [_thread_blocked, id=16548, stack(0x0000005592800000,0x0000005592900000) (1024K)]
  0x000002506acb5880 JavaThread "Stdin handler"                     [_thread_blocked, id=26368, stack(0x0000005592900000,0x0000005592a00000) (1024K)]
  0x000002506acb2400 JavaThread "Daemon client event forwarder"        [_thread_blocked, id=18592, stack(0x0000005592a00000,0x0000005592b00000) (1024K)]
  0x000002506acb3120 JavaThread "Cache worker for journal cache (C:\Users\david\.gradle\caches\journal-1)"        [_thread_blocked, id=14352, stack(0x0000005592b00000,0x0000005592c00000) (1024K)]
  0x000002506acb5f10 JavaThread "File lock request listener"        [_thread_in_native, id=16272, stack(0x0000005592c00000,0x0000005592d00000) (1024K)]
  0x000002506acb2a90 JavaThread "Cache worker for file hash cache (C:\Users\david\.gradle\caches\9.4.1\fileHashes)"        [_thread_blocked, id=20804, stack(0x0000005592d00000,0x0000005592e00000) (1024K)]
  0x000002506acb9390 JavaThread "Cache worker for file hash cache (D:\New folder\MAD_MOBLIE\.gradle\9.4.1\fileHashes)"        [_thread_blocked, id=14772, stack(0x0000005593400000,0x0000005593500000) (1024K)]
  0x000002506acb8670 JavaThread "Cache worker for Build Output Cleanup Cache (D:\New folder\MAD_MOBLIE\.gradle\buildOutputCleanup)"        [_thread_blocked, id=14272, stack(0x0000005591a00000,0x0000005591b00000) (1024K)]
  0x000002506acb8d00 JavaThread "File watcher server"        daemon [_thread_in_native, id=15464, stack(0x0000005591b00000,0x0000005591c00000) (1024K)]
  0x000002506acb6c30 JavaThread "File watcher consumer"      daemon [_thread_blocked, id=26616, stack(0x0000005593500000,0x0000005593600000) (1024K)]
  0x000002506acb72c0 JavaThread "Cache worker for file content cache (C:\Users\david\.gradle\caches\9.4.1\fileContent)"        [_thread_blocked, id=17944, stack(0x0000005593600000,0x0000005593700000) (1024K)]
  0x000002506acb7950 JavaThread "Cache worker for checksums cache (D:\New folder\MAD_MOBLIE\.gradle\9.4.1\checksums)"        [_thread_blocked, id=21716, stack(0x0000005593700000,0x0000005593800000) (1024K)]
  0x000002506b5a8160 JavaThread "Cache worker for cache directory md-supplier (C:\Users\david\.gradle\caches\9.4.1\md-supplier)"        [_thread_blocked, id=24032, stack(0x0000005593800000,0x0000005593900000) (1024K)]
  0x000002506b5aa230 JavaThread "Cache worker for cache directory md-rule (C:\Users\david\.gradle\caches\9.4.1\md-rule)"        [_thread_blocked, id=24052, stack(0x0000005593900000,0x0000005593a00000) (1024K)]
  0x000002506b5aaf50 JavaThread "Build operations"                  [_thread_blocked, id=4900, stack(0x0000005593c00000,0x0000005593d00000) (1024K)]
  0x000002506b5abc70 JavaThread "Build operations Thread 2"         [_thread_blocked, id=17948, stack(0x0000005593d00000,0x0000005593e00000) (1024K)]
  0x000002506b5ab5e0 JavaThread "Build operations Thread 3"         [_thread_blocked, id=23136, stack(0x0000005593e00000,0x0000005593f00000) (1024K)]
  0x000002506b5a87f0 JavaThread "Build operations Thread 4"         [_thread_blocked, id=17624, stack(0x0000005593f00000,0x0000005594000000) (1024K)]
  0x000002506b5a8e80 JavaThread "Build operations Thread 5"         [_thread_blocked, id=1440, stack(0x0000005594000000,0x0000005594100000) (1024K)]
  0x000002506b5ac300 JavaThread "Build operations Thread 6"         [_thread_blocked, id=15276, stack(0x0000005594100000,0x0000005594200000) (1024K)]
  0x000002506b5ac990 JavaThread "Build operations Thread 7"         [_thread_blocked, id=3100, stack(0x0000005594200000,0x0000005594300000) (1024K)]
  0x000002506b5a9510 JavaThread "Build operations Thread 8"         [_thread_blocked, id=22908, stack(0x0000005594300000,0x0000005594400000) (1024K)]
  0x000002506b5ae3d0 JavaThread "Build operations Thread 9"         [_thread_blocked, id=25852, stack(0x0000005594400000,0x0000005594500000) (1024K)]
  0x000002506b5ad020 JavaThread "Build operations Thread 10"        [_thread_blocked, id=18948, stack(0x0000005594500000,0x0000005594600000) (1024K)]
  0x000002506b5aea60 JavaThread "Build operations Thread 11"        [_thread_blocked, id=20620, stack(0x0000005594600000,0x0000005594700000) (1024K)]
  0x000002506b5af780 JavaThread "Build operations Thread 12"        [_thread_blocked, id=6552, stack(0x0000005594700000,0x0000005594800000) (1024K)]
  0x000002506b5ad6b0 JavaThread "pool-1-thread-1"                   [_thread_blocked, id=24864, stack(0x0000005594800000,0x0000005594900000) (1024K)]
  0x000002506e15d340 JavaThread "C2 CompilerThread1"         daemon [_thread_blocked, id=15868, stack(0x0000005593a00000,0x0000005593b00000) (1024K)]
  0x000002506e15c5a0 JavaThread "C2 CompilerThread2"         daemon [_thread_blocked, id=22576, stack(0x0000005593b00000,0x0000005593c00000) (1024K)]
Total: 47

Other Threads:
=>0x00000250230048c0 VMThread "VM Thread"                           [id=26620, stack(0x0000005590f00000,0x0000005591000000) (1024K)]
  0x00000250233e1920 WatcherThread "VM Periodic Task Thread"        [id=8916, stack(0x0000005590e00000,0x0000005590f00000) (1024K)]
  0x00000250094edff0 WorkerThread "GC Thread#0"                     [id=5344, stack(0x0000005590900000,0x0000005590a00000) (1024K)]
  0x00000250693ce610 WorkerThread "GC Thread#1"                     [id=9448, stack(0x0000005591c00000,0x0000005591d00000) (1024K)]
  0x00000250693ce9c0 WorkerThread "GC Thread#2"                     [id=24044, stack(0x0000005591d00000,0x0000005591e00000) (1024K)]
  0x000002506965cb90 WorkerThread "GC Thread#3"                     [id=10656, stack(0x0000005591e00000,0x0000005591f00000) (1024K)]
  0x0000025069428fd0 WorkerThread "GC Thread#4"                     [id=22476, stack(0x0000005591f00000,0x0000005592000000) (1024K)]
  0x0000025069429750 WorkerThread "GC Thread#5"                     [id=23332, stack(0x0000005592000000,0x0000005592100000) (1024K)]
  0x000002506ac17860 WorkerThread "GC Thread#6"                     [id=17752, stack(0x0000005592e00000,0x0000005592f00000) (1024K)]
  0x000002506ac17100 WorkerThread "GC Thread#7"                     [id=22800, stack(0x0000005592f00000,0x0000005593000000) (1024K)]
  0x000002506ac174b0 WorkerThread "GC Thread#8"                     [id=6008, stack(0x0000005593000000,0x0000005593100000) (1024K)]
  0x000002506bdc7250 WorkerThread "GC Thread#9"                     [id=16036, stack(0x0000005593100000,0x0000005593200000) (1024K)]
  0x000002500b7c2e80 ConcurrentGCThread "G1 Main Marker"            [id=21380, stack(0x0000005590a00000,0x0000005590b00000) (1024K)]
  0x000002500b7c4dc0 WorkerThread "G1 Conc#0"                       [id=9316, stack(0x0000005590b00000,0x0000005590c00000) (1024K)]
  0x000002506bdc9730 WorkerThread "G1 Conc#1"                       [id=2236, stack(0x0000005593200000,0x0000005593300000) (1024K)]
  0x000002506bdc7600 WorkerThread "G1 Conc#2"                       [id=21664, stack(0x0000005593300000,0x0000005593400000) (1024K)]
  0x0000025022f43a60 ConcurrentGCThread "G1 Refine#0"               [id=24996, stack(0x0000005590c00000,0x0000005590d00000) (1024K)]
  0x0000025022f452a0 ConcurrentGCThread "G1 Service"                [id=20824, stack(0x0000005590d00000,0x0000005590e00000) (1024K)]
Total: 18

Threads with active compile tasks:
C1 CompilerThread0  13748 9553       1       sun.nio.ch.FileChannelImpl$Unmapper::fileDescriptor (5 bytes)
Total: 1

VM state: at safepoint (normal execution)

VM Mutex/Monitor currently owned by a thread:  ([mutex/lock_event])
[0x00007ffd21f7e560] Threads_lock - owner thread: 0x00000250230048c0
[0x00007ffd21f7e660] Heap_lock - owner thread: 0x000002500b7c2e80

Heap address: 0x0000000080000000, size: 2048 MB, Compressed Oops mode: 32-bit

CDS archive(s) mapped at: [0x0000025024000000-0x0000025024ba0000-0x0000025024ba0000), size 12189696, SharedBaseAddress: 0x0000025024000000, ArchiveRelocationMode: 1.
Compressed class space mapped at: 0x0000025025000000-0x0000025065000000, reserved size: 1073741824
Narrow klass base: 0x0000025024000000, Narrow klass shift: 0, Narrow klass range: 0x100000000

GC Precious Log:
 CardTable entry size: 512
 Card Set container configuration: InlinePtr #cards 5 size 8 Array Of Cards #cards 12 size 40 Howl #buckets 4 coarsen threshold 1843 Howl Bitmap #cards 512 size 80 coarsen threshold 460 Card regions per heap region 1 cards per card region 2048
 CPUs: 12 total, 12 available
 Memory: 16085M
 Large Page Support: Disabled
 NUMA Support: Disabled
 Compressed Oops: Enabled (32-bit)
 Heap Region Size: 1M
 Heap Min Capacity: 8M
 Heap Initial Capacity: 252M
 Heap Max Capacity: 2G
 Pre-touch: Disabled
 Parallel Workers: 10
 Concurrent Workers: 3
 Concurrent Refinement Workers: 10
 Periodic GC: Disabled

Heap:
 garbage-first heap   total 173056K, used 124688K [0x0000000080000000, 0x0000000100000000)
  region size 1024K, 12 young (12288K), 7 survivors (7168K)
 Metaspace       used 73739K, committed 75648K, reserved 1114112K
  class space    used 10798K, committed 11712K, reserved 1048576K

Heap Regions: E=young(eden), S=young(survivor), O=old, HS=humongous(starts), HC=humongous(continues), CS=collection set, F=free, TAMS=top-at-mark-start, PB=parsable bottom
|   0|0x0000000080000000, 0x0000000080100000, 0x0000000080100000|100%|HS|  |TAMS 0x0000000080100000| PB 0x0000000080000000| Complete 
|   1|0x0000000080100000, 0x0000000080200000, 0x0000000080200000|100%|HC|  |TAMS 0x0000000080200000| PB 0x0000000080100000| Complete 
|   2|0x0000000080200000, 0x0000000080300000, 0x0000000080300000|100%|HC|  |TAMS 0x0000000080300000| PB 0x0000000080200000| Complete 
|   3|0x0000000080300000, 0x0000000080400000, 0x0000000080400000|100%|HC|  |TAMS 0x0000000080400000| PB 0x0000000080300000| Complete 
|   4|0x0000000080400000, 0x0000000080500000, 0x0000000080500000|100%| O|  |TAMS 0x0000000080500000| PB 0x0000000080500000| Untracked 
|   5|0x0000000080500000, 0x0000000080600000, 0x0000000080600000|100%| O|  |TAMS 0x0000000080600000| PB 0x0000000080600000| Untracked 
|   6|0x0000000080600000, 0x0000000080700000, 0x0000000080700000|100%| O|  |TAMS 0x0000000080700000| PB 0x0000000080700000| Untracked 
|   7|0x0000000080700000, 0x0000000080800000, 0x0000000080800000|100%| O|  |TAMS 0x0000000080800000| PB 0x0000000080800000| Untracked 
|   8|0x0000000080800000, 0x0000000080900000, 0x0000000080900000|100%|HS|  |TAMS 0x0000000080900000| PB 0x0000000080800000| Complete 
|   9|0x0000000080900000, 0x0000000080a00000, 0x0000000080a00000|100%| O|  |TAMS 0x0000000080a00000| PB 0x0000000080a00000| Untracked 
|  10|0x0000000080a00000, 0x0000000080b00000, 0x0000000080b00000|100%| O|  |TAMS 0x0000000080b00000| PB 0x0000000080b00000| Updating 
|  11|0x0000000080b00000, 0x0000000080c00000, 0x0000000080c00000|100%| O|  |TAMS 0x0000000080c00000| PB 0x0000000080c00000| Untracked 
|  12|0x0000000080c00000, 0x0000000080d00000, 0x0000000080d00000|100%| O|  |TAMS 0x0000000080d00000| PB 0x0000000080d00000| Untracked 
|  13|0x0000000080d00000, 0x0000000080e00000, 0x0000000080e00000|100%| O|  |TAMS 0x0000000080e00000| PB 0x0000000080e00000| Untracked 
|  14|0x0000000080e00000, 0x0000000080f00000, 0x0000000080f00000|100%| O|  |TAMS 0x0000000080f00000| PB 0x0000000080f00000| Untracked 
|  15|0x0000000080f00000, 0x0000000081000000, 0x0000000081000000|100%| O|  |TAMS 0x0000000081000000| PB 0x0000000081000000| Untracked 
|  16|0x0000000081000000, 0x0000000081100000, 0x0000000081100000|100%| O|  |TAMS 0x0000000081100000| PB 0x0000000081100000| Untracked 
|  17|0x0000000081100000, 0x0000000081200000, 0x0000000081200000|100%| O|  |TAMS 0x0000000081200000| PB 0x0000000081200000| Untracked 
|  18|0x0000000081200000, 0x0000000081300000, 0x0000000081300000|100%| O|  |TAMS 0x0000000081300000| PB 0x0000000081300000| Untracked 
|  19|0x0000000081300000, 0x0000000081400000, 0x0000000081400000|100%| O|  |TAMS 0x0000000081400000| PB 0x0000000081400000| Untracked 
|  20|0x0000000081400000, 0x0000000081500000, 0x0000000081500000|100%| O|  |TAMS 0x0000000081500000| PB 0x0000000081500000| Untracked 
|  21|0x0000000081500000, 0x0000000081600000, 0x0000000081600000|100%| O|  |TAMS 0x0000000081600000| PB 0x0000000081600000| Updating 
|  22|0x0000000081600000, 0x0000000081700000, 0x0000000081700000|100%| O|  |TAMS 0x0000000081700000| PB 0x0000000081700000| Untracked 
|  23|0x0000000081700000, 0x0000000081800000, 0x0000000081800000|100%| O|  |TAMS 0x0000000081800000| PB 0x0000000081800000| Untracked 
|  24|0x0000000081800000, 0x0000000081900000, 0x0000000081900000|100%| O|  |TAMS 0x0000000081900000| PB 0x0000000081900000| Untracked 
|  25|0x0000000081900000, 0x0000000081a00000, 0x0000000081a00000|100%| O|  |TAMS 0x0000000081a00000| PB 0x0000000081a00000| Updating 
|  26|0x0000000081a00000, 0x0000000081b00000, 0x0000000081b00000|100%| O|  |TAMS 0x0000000081b00000| PB 0x0000000081b00000| Untracked 
|  27|0x0000000081b00000, 0x0000000081c00000, 0x0000000081c00000|100%| O|  |TAMS 0x0000000081c00000| PB 0x0000000081c00000| Untracked 
|  28|0x0000000081c00000, 0x0000000081d00000, 0x0000000081d00000|100%| O|  |TAMS 0x0000000081d00000| PB 0x0000000081d00000| Updating 
|  29|0x0000000081d00000, 0x0000000081e00000, 0x0000000081e00000|100%| O|  |TAMS 0x0000000081e00000| PB 0x0000000081e00000| Untracked 
|  30|0x0000000081e00000, 0x0000000081f00000, 0x0000000081f00000|100%| O|  |TAMS 0x0000000081f00000| PB 0x0000000081f00000| Updating 
|  31|0x0000000081f00000, 0x0000000082000000, 0x0000000082000000|100%| O|  |TAMS 0x0000000082000000| PB 0x0000000082000000| Updating 
|  32|0x0000000082000000, 0x0000000082100000, 0x0000000082100000|100%| O|  |TAMS 0x0000000082100000| PB 0x0000000082100000| Untracked 
|  33|0x0000000082100000, 0x0000000082200000, 0x0000000082200000|100%| O|  |TAMS 0x0000000082200000| PB 0x0000000082200000| Untracked 
|  34|0x0000000082200000, 0x0000000082300000, 0x0000000082300000|100%| O|  |TAMS 0x0000000082300000| PB 0x0000000082300000| Untracked 
|  35|0x0000000082300000, 0x0000000082400000, 0x0000000082400000|100%| O|  |TAMS 0x0000000082400000| PB 0x0000000082400000| Untracked 
|  36|0x0000000082400000, 0x0000000082500000, 0x0000000082500000|100%| O|  |TAMS 0x0000000082500000| PB 0x0000000082500000| Untracked 
|  37|0x0000000082500000, 0x0000000082600000, 0x0000000082600000|100%| O|  |TAMS 0x0000000082600000| PB 0x0000000082600000| Untracked 
|  38|0x0000000082600000, 0x0000000082700000, 0x0000000082700000|100%| O|  |TAMS 0x0000000082600000| PB 0x0000000082600000| Untracked 
|  39|0x0000000082700000, 0x0000000082800000, 0x0000000082800000|100%| O|  |TAMS 0x0000000082800000| PB 0x0000000082800000| Updating 
|  40|0x0000000082800000, 0x0000000082900000, 0x0000000082900000|100%| O|  |TAMS 0x0000000082900000| PB 0x0000000082900000| Updating 
|  41|0x0000000082900000, 0x0000000082a00000, 0x0000000082a00000|100%| O|  |TAMS 0x0000000082a00000| PB 0x0000000082a00000| Untracked 
|  42|0x0000000082a00000, 0x0000000082b00000, 0x0000000082b00000|100%| O|  |TAMS 0x0000000082b00000| PB 0x0000000082b00000| Updating 
|  43|0x0000000082b00000, 0x0000000082c00000, 0x0000000082c00000|100%| O|  |TAMS 0x0000000082c00000| PB 0x0000000082c00000| Untracked 
|  44|0x0000000082c00000, 0x0000000082d00000, 0x0000000082d00000|100%| O|  |TAMS 0x0000000082d00000| PB 0x0000000082d00000| Updating 
|  45|0x0000000082d00000, 0x0000000082e00000, 0x0000000082e00000|100%| O|  |TAMS 0x0000000082e00000| PB 0x0000000082e00000| Updating 
|  46|0x0000000082e00000, 0x0000000082f00000, 0x0000000082f00000|100%| O|  |TAMS 0x0000000082f00000| PB 0x0000000082f00000| Untracked 
|  47|0x0000000082f00000, 0x0000000083000000, 0x0000000083000000|100%| O|  |TAMS 0x0000000083000000| PB 0x0000000083000000| Untracked 
|  48|0x0000000083000000, 0x0000000083100000, 0x0000000083100000|100%| O|  |TAMS 0x0000000083100000| PB 0x0000000083100000| Updating 
|  49|0x0000000083100000, 0x0000000083200000, 0x0000000083200000|100%| O|  |TAMS 0x0000000083200000| PB 0x0000000083200000| Updating 
|  50|0x0000000083200000, 0x0000000083300000, 0x0000000083300000|100%| O|  |TAMS 0x0000000083300000| PB 0x0000000083300000| Untracked 
|  51|0x0000000083300000, 0x0000000083400000, 0x0000000083400000|100%| O|  |TAMS 0x0000000083400000| PB 0x0000000083400000| Untracked 
|  52|0x0000000083400000, 0x0000000083500000, 0x0000000083500000|100%| O|  |TAMS 0x0000000083400000| PB 0x0000000083400000| Untracked 
|  53|0x0000000083500000, 0x0000000083600000, 0x0000000083600000|100%| O|  |TAMS 0x0000000083600000| PB 0x0000000083600000| Untracked 
|  54|0x0000000083600000, 0x0000000083700000, 0x0000000083700000|100%| O|  |TAMS 0x0000000083700000| PB 0x0000000083700000| Updating 
|  55|0x0000000083700000, 0x0000000083800000, 0x0000000083800000|100%| O|  |TAMS 0x0000000083800000| PB 0x0000000083800000| Untracked 
|  56|0x0000000083800000, 0x0000000083900000, 0x0000000083900000|100%| O|  |TAMS 0x0000000083900000| PB 0x0000000083900000| Updating 
|  57|0x0000000083900000, 0x0000000083a00000, 0x0000000083a00000|100%| O|  |TAMS 0x0000000083a00000| PB 0x0000000083a00000| Updating 
|  58|0x0000000083a00000, 0x0000000083b00000, 0x0000000083b00000|100%| O|  |TAMS 0x0000000083b00000| PB 0x0000000083b00000| Untracked 
|  59|0x0000000083b00000, 0x0000000083c00000, 0x0000000083c00000|100%| O|  |TAMS 0x0000000083c00000| PB 0x0000000083c00000| Untracked 
|  60|0x0000000083c00000, 0x0000000083d00000, 0x0000000083d00000|100%| O|  |TAMS 0x0000000083d00000| PB 0x0000000083d00000| Untracked 
|  61|0x0000000083d00000, 0x0000000083e00000, 0x0000000083e00000|100%| O|  |TAMS 0x0000000083e00000| PB 0x0000000083e00000| Untracked 
|  62|0x0000000083e00000, 0x0000000083f00000, 0x0000000083f00000|100%| O|  |TAMS 0x0000000083f00000| PB 0x0000000083f00000| Untracked 
|  63|0x0000000083f00000, 0x0000000084000000, 0x0000000084000000|100%| O|  |TAMS 0x0000000084000000| PB 0x0000000084000000| Updating 
|  64|0x0000000084000000, 0x0000000084100000, 0x0000000084100000|100%| O|  |TAMS 0x0000000084100000| PB 0x0000000084100000| Untracked 
|  65|0x0000000084100000, 0x0000000084200000, 0x0000000084200000|100%| O|  |TAMS 0x0000000084200000| PB 0x0000000084200000| Untracked 
|  66|0x0000000084200000, 0x0000000084300000, 0x0000000084300000|100%| O|  |TAMS 0x0000000084300000| PB 0x0000000084300000| Updating 
|  67|0x0000000084300000, 0x0000000084400000, 0x0000000084400000|100%| O|  |TAMS 0x0000000084400000| PB 0x0000000084400000| Updating 
|  68|0x0000000084400000, 0x0000000084500000, 0x0000000084500000|100%| O|  |TAMS 0x0000000084500000| PB 0x0000000084500000| Updating 
|  69|0x0000000084500000, 0x0000000084600000, 0x0000000084600000|100%| O|  |TAMS 0x0000000084500000| PB 0x0000000084500000| Untracked 
|  70|0x0000000084600000, 0x0000000084700000, 0x0000000084700000|100%| O|  |TAMS 0x0000000084700000| PB 0x0000000084700000| Untracked 
|  71|0x0000000084700000, 0x0000000084800000, 0x0000000084800000|100%| O|  |TAMS 0x0000000084800000| PB 0x0000000084800000| Untracked 
|  72|0x0000000084800000, 0x0000000084900000, 0x0000000084900000|100%| O|  |TAMS 0x0000000084800000| PB 0x0000000084800000| Untracked 
|  73|0x0000000084900000, 0x0000000084a00000, 0x0000000084a00000|100%| O|  |TAMS 0x0000000084a00000| PB 0x0000000084a00000| Untracked 
|  74|0x0000000084a00000, 0x0000000084b00000, 0x0000000084b00000|100%| O|  |TAMS 0x0000000084b00000| PB 0x0000000084b00000| Updating 
|  75|0x0000000084b00000, 0x0000000084c00000, 0x0000000084c00000|100%| O|  |TAMS 0x0000000084c00000| PB 0x0000000084c00000| Untracked 
|  76|0x0000000084c00000, 0x0000000084d00000, 0x0000000084d00000|100%| O|  |TAMS 0x0000000084d00000| PB 0x0000000084d00000| Untracked 
|  77|0x0000000084d00000, 0x0000000084e00000, 0x0000000084e00000|100%| O|  |TAMS 0x0000000084e00000| PB 0x0000000084e00000| Untracked 
|  78|0x0000000084e00000, 0x0000000084f00000, 0x0000000084f00000|100%| O|  |TAMS 0x0000000084f00000| PB 0x0000000084f00000| Untracked 
|  79|0x0000000084f00000, 0x0000000085000000, 0x0000000085000000|100%| O|  |TAMS 0x0000000085000000| PB 0x0000000085000000| Untracked 
|  80|0x0000000085000000, 0x0000000085100000, 0x0000000085100000|100%| O|  |TAMS 0x0000000085100000| PB 0x0000000085100000| Untracked 
|  81|0x0000000085100000, 0x0000000085200000, 0x0000000085200000|100%| O|  |TAMS 0x0000000085200000| PB 0x0000000085200000| Untracked 
|  82|0x0000000085200000, 0x0000000085300000, 0x0000000085300000|100%| O|  |TAMS 0x0000000085300000| PB 0x0000000085300000| Untracked 
|  83|0x0000000085300000, 0x0000000085400000, 0x0000000085400000|100%| O|  |TAMS 0x0000000085400000| PB 0x0000000085400000| Untracked 
|  84|0x0000000085400000, 0x0000000085500000, 0x0000000085500000|100%| O|  |TAMS 0x0000000085500000| PB 0x0000000085500000| Untracked 
|  85|0x0000000085500000, 0x0000000085600000, 0x0000000085600000|100%|HS|  |TAMS 0x0000000085500000| PB 0x0000000085500000| Complete 
|  86|0x0000000085600000, 0x0000000085600000, 0x0000000085700000|  0%| F|  |TAMS 0x0000000085600000| PB 0x0000000085600000| Untracked 
|  87|0x0000000085700000, 0x0000000085700000, 0x0000000085800000|  0%| F|  |TAMS 0x0000000085700000| PB 0x0000000085700000| Untracked 
|  88|0x0000000085800000, 0x0000000085800000, 0x0000000085900000|  0%| F|  |TAMS 0x0000000085800000| PB 0x0000000085800000| Untracked 
|  89|0x0000000085900000, 0x0000000085900000, 0x0000000085a00000|  0%| F|  |TAMS 0x0000000085900000| PB 0x0000000085900000| Untracked 
|  90|0x0000000085a00000, 0x0000000085a00000, 0x0000000085b00000|  0%| F|  |TAMS 0x0000000085a00000| PB 0x0000000085a00000| Untracked 
|  91|0x0000000085b00000, 0x0000000085b00000, 0x0000000085c00000|  0%| F|  |TAMS 0x0000000085b00000| PB 0x0000000085b00000| Untracked 
|  92|0x0000000085c00000, 0x0000000085c00000, 0x0000000085d00000|  0%| F|  |TAMS 0x0000000085c00000| PB 0x0000000085c00000| Untracked 
|  93|0x0000000085d00000, 0x0000000085d00000, 0x0000000085e00000|  0%| F|  |TAMS 0x0000000085d00000| PB 0x0000000085d00000| Untracked 
|  94|0x0000000085e00000, 0x0000000085f00000, 0x0000000085f00000|100%| O|  |TAMS 0x0000000085e00000| PB 0x0000000085e00000| Untracked 
|  95|0x0000000085f00000, 0x0000000086000000, 0x0000000086000000|100%| O|  |TAMS 0x0000000085f00000| PB 0x0000000085f00000| Untracked 
|  96|0x0000000086000000, 0x0000000086100000, 0x0000000086100000|100%| O|  |TAMS 0x0000000086000000| PB 0x0000000086000000| Untracked 
|  97|0x0000000086100000, 0x0000000086200000, 0x0000000086200000|100%| O|  |TAMS 0x0000000086100000| PB 0x0000000086100000| Untracked 
|  98|0x0000000086200000, 0x0000000086300000, 0x0000000086300000|100%| O|  |TAMS 0x0000000086200000| PB 0x0000000086200000| Untracked 
|  99|0x0000000086300000, 0x0000000086400000, 0x0000000086400000|100%| O|  |TAMS 0x0000000086300000| PB 0x0000000086300000| Untracked 
| 100|0x0000000086400000, 0x0000000086500000, 0x0000000086500000|100%| O|  |TAMS 0x0000000086400000| PB 0x0000000086400000| Untracked 
| 101|0x0000000086500000, 0x0000000086600000, 0x0000000086600000|100%| O|  |TAMS 0x0000000086500000| PB 0x0000000086500000| Untracked 
| 102|0x0000000086600000, 0x0000000086700000, 0x0000000086700000|100%| O|  |TAMS 0x0000000086600000| PB 0x0000000086600000| Untracked 
| 103|0x0000000086700000, 0x0000000086800000, 0x0000000086800000|100%| O|  |TAMS 0x0000000086700000| PB 0x0000000086700000| Untracked 
| 104|0x0000000086800000, 0x0000000086900000, 0x0000000086900000|100%| O|  |TAMS 0x0000000086800000| PB 0x0000000086800000| Untracked 
| 105|0x0000000086900000, 0x0000000086a00000, 0x0000000086a00000|100%| O|  |TAMS 0x0000000086900000| PB 0x0000000086900000| Untracked 
| 106|0x0000000086a00000, 0x0000000086b00000, 0x0000000086b00000|100%| O|  |TAMS 0x0000000086a00000| PB 0x0000000086a00000| Untracked 
| 107|0x0000000086b00000, 0x0000000086c00000, 0x0000000086c00000|100%| O|  |TAMS 0x0000000086b00000| PB 0x0000000086b00000| Untracked 
| 108|0x0000000086c00000, 0x0000000086d00000, 0x0000000086d00000|100%| O|  |TAMS 0x0000000086c00000| PB 0x0000000086c00000| Untracked 
| 109|0x0000000086d00000, 0x0000000086e00000, 0x0000000086e00000|100%| O|  |TAMS 0x0000000086d00000| PB 0x0000000086d00000| Untracked 
| 110|0x0000000086e00000, 0x0000000086f00000, 0x0000000086f00000|100%| O|  |TAMS 0x0000000086e00000| PB 0x0000000086e00000| Untracked 
| 111|0x0000000086f00000, 0x0000000086fc4240, 0x0000000087000000| 76%| O|  |TAMS 0x0000000086f00000| PB 0x0000000086f00000| Updating 
| 112|0x0000000087000000, 0x0000000087000000, 0x0000000087100000|  0%| F|  |TAMS 0x0000000087000000| PB 0x0000000087000000| Untracked 
| 113|0x0000000087100000, 0x0000000087100000, 0x0000000087200000|  0%| F|  |TAMS 0x0000000087100000| PB 0x0000000087100000| Untracked 
| 114|0x0000000087200000, 0x0000000087200000, 0x0000000087300000|  0%| F|  |TAMS 0x0000000087200000| PB 0x0000000087200000| Untracked 
| 115|0x0000000087300000, 0x0000000087400000, 0x0000000087400000|100%| S|CS|TAMS 0x0000000087300000| PB 0x0000000087300000| Complete 
| 116|0x0000000087400000, 0x0000000087500000, 0x0000000087500000|100%| S|CS|TAMS 0x0000000087400000| PB 0x0000000087400000| Complete 
| 117|0x0000000087500000, 0x0000000087600000, 0x0000000087600000|100%| S|CS|TAMS 0x0000000087500000| PB 0x0000000087500000| Complete 
| 118|0x0000000087600000, 0x0000000087700000, 0x0000000087700000|100%| S|CS|TAMS 0x0000000087600000| PB 0x0000000087600000| Complete 
| 119|0x0000000087700000, 0x0000000087800000, 0x0000000087800000|100%| S|CS|TAMS 0x0000000087700000| PB 0x0000000087700000| Complete 
| 120|0x0000000087800000, 0x0000000087900000, 0x0000000087900000|100%| S|CS|TAMS 0x0000000087800000| PB 0x0000000087800000| Complete 
| 121|0x0000000087900000, 0x0000000087a00000, 0x0000000087a00000|100%| S|CS|TAMS 0x0000000087900000| PB 0x0000000087900000| Complete 
| 122|0x0000000087a00000, 0x0000000087a00000, 0x0000000087b00000|  0%| F|  |TAMS 0x0000000087a00000| PB 0x0000000087a00000| Untracked 
| 123|0x0000000087b00000, 0x0000000087b00000, 0x0000000087c00000|  0%| F|  |TAMS 0x0000000087b00000| PB 0x0000000087b00000| Untracked 
| 124|0x0000000087c00000, 0x0000000087c00000, 0x0000000087d00000|  0%| F|  |TAMS 0x0000000087c00000| PB 0x0000000087c00000| Untracked 
| 125|0x0000000087d00000, 0x0000000087d00000, 0x0000000087e00000|  0%| F|  |TAMS 0x0000000087d00000| PB 0x0000000087d00000| Untracked 
| 126|0x0000000087e00000, 0x0000000087e00000, 0x0000000087f00000|  0%| F|  |TAMS 0x0000000087e00000| PB 0x0000000087e00000| Untracked 
| 127|0x0000000087f00000, 0x0000000087f00000, 0x0000000088000000|  0%| F|  |TAMS 0x0000000087f00000| PB 0x0000000087f00000| Untracked 
| 128|0x0000000088000000, 0x0000000088000000, 0x0000000088100000|  0%| F|  |TAMS 0x0000000088000000| PB 0x0000000088000000| Untracked 
| 129|0x0000000088100000, 0x0000000088100000, 0x0000000088200000|  0%| F|  |TAMS 0x0000000088100000| PB 0x0000000088100000| Untracked 
| 130|0x0000000088200000, 0x0000000088200000, 0x0000000088300000|  0%| F|  |TAMS 0x0000000088200000| PB 0x0000000088200000| Untracked 
| 131|0x0000000088300000, 0x0000000088300000, 0x0000000088400000|  0%| F|  |TAMS 0x0000000088300000| PB 0x0000000088300000| Untracked 
| 132|0x0000000088400000, 0x0000000088400000, 0x0000000088500000|  0%| F|  |TAMS 0x0000000088400000| PB 0x0000000088400000| Untracked 
| 133|0x0000000088500000, 0x0000000088500000, 0x0000000088600000|  0%| F|  |TAMS 0x0000000088500000| PB 0x0000000088500000| Untracked 
| 134|0x0000000088600000, 0x0000000088600000, 0x0000000088700000|  0%| F|  |TAMS 0x0000000088600000| PB 0x0000000088600000| Untracked 
| 135|0x0000000088700000, 0x0000000088700000, 0x0000000088800000|  0%| F|  |TAMS 0x0000000088700000| PB 0x0000000088700000| Untracked 
| 136|0x0000000088800000, 0x0000000088800000, 0x0000000088900000|  0%| F|  |TAMS 0x0000000088800000| PB 0x0000000088800000| Untracked 
| 137|0x0000000088900000, 0x0000000088900000, 0x0000000088a00000|  0%| F|  |TAMS 0x0000000088900000| PB 0x0000000088900000| Untracked 
| 138|0x0000000088a00000, 0x0000000088a00000, 0x0000000088b00000|  0%| F|  |TAMS 0x0000000088a00000| PB 0x0000000088a00000| Untracked 
| 139|0x0000000088b00000, 0x0000000088b00000, 0x0000000088c00000|  0%| F|  |TAMS 0x0000000088b00000| PB 0x0000000088b00000| Untracked 
| 140|0x0000000088c00000, 0x0000000088c00000, 0x0000000088d00000|  0%| F|  |TAMS 0x0000000088c00000| PB 0x0000000088c00000| Untracked 
| 141|0x0000000088d00000, 0x0000000088d00000, 0x0000000088e00000|  0%| F|  |TAMS 0x0000000088d00000| PB 0x0000000088d00000| Untracked 
| 142|0x0000000088e00000, 0x0000000088e00000, 0x0000000088f00000|  0%| F|  |TAMS 0x0000000088e00000| PB 0x0000000088e00000| Untracked 
| 143|0x0000000088f00000, 0x0000000088f00000, 0x0000000089000000|  0%| F|  |TAMS 0x0000000088f00000| PB 0x0000000088f00000| Untracked 
| 144|0x0000000089000000, 0x0000000089000000, 0x0000000089100000|  0%| F|  |TAMS 0x0000000089000000| PB 0x0000000089000000| Untracked 
| 145|0x0000000089100000, 0x0000000089100000, 0x0000000089200000|  0%| F|  |TAMS 0x0000000089100000| PB 0x0000000089100000| Untracked 
| 146|0x0000000089200000, 0x0000000089200000, 0x0000000089300000|  0%| F|  |TAMS 0x0000000089200000| PB 0x0000000089200000| Untracked 
| 147|0x0000000089300000, 0x0000000089300000, 0x0000000089400000|  0%| F|  |TAMS 0x0000000089300000| PB 0x0000000089300000| Untracked 
| 148|0x0000000089400000, 0x0000000089400000, 0x0000000089500000|  0%| F|  |TAMS 0x0000000089400000| PB 0x0000000089400000| Untracked 
| 149|0x0000000089500000, 0x0000000089500000, 0x0000000089600000|  0%| F|  |TAMS 0x0000000089500000| PB 0x0000000089500000| Untracked 
| 150|0x0000000089600000, 0x0000000089600000, 0x0000000089700000|  0%| F|  |TAMS 0x0000000089600000| PB 0x0000000089600000| Untracked 
| 151|0x0000000089700000, 0x0000000089700000, 0x0000000089800000|  0%| F|  |TAMS 0x0000000089700000| PB 0x0000000089700000| Untracked 
| 152|0x0000000089800000, 0x0000000089800000, 0x0000000089900000|  0%| F|  |TAMS 0x0000000089800000| PB 0x0000000089800000| Untracked 
| 153|0x0000000089900000, 0x0000000089900000, 0x0000000089a00000|  0%| F|  |TAMS 0x0000000089900000| PB 0x0000000089900000| Untracked 
| 154|0x0000000089a00000, 0x0000000089a00000, 0x0000000089b00000|  0%| F|  |TAMS 0x0000000089a00000| PB 0x0000000089a00000| Untracked 
| 155|0x0000000089b00000, 0x0000000089b00000, 0x0000000089c00000|  0%| F|  |TAMS 0x0000000089b00000| PB 0x0000000089b00000| Untracked 
| 156|0x0000000089c00000, 0x0000000089c00000, 0x0000000089d00000|  0%| F|  |TAMS 0x0000000089c00000| PB 0x0000000089c00000| Untracked 
| 157|0x0000000089d00000, 0x0000000089e00000, 0x0000000089e00000|100%| E|  |TAMS 0x0000000089d00000| PB 0x0000000089d00000| Complete 
| 158|0x0000000089e00000, 0x0000000089f00000, 0x0000000089f00000|100%| E|CS|TAMS 0x0000000089e00000| PB 0x0000000089e00000| Complete 
| 251|0x000000008fb00000, 0x000000008fc00000, 0x000000008fc00000|100%| E|CS|TAMS 0x000000008fb00000| PB 0x000000008fb00000| Complete 
|2039|0x00000000ff700000, 0x00000000ff800000, 0x00000000ff800000|100%| O|  |TAMS 0x00000000ff7890c0| PB 0x00000000ff7890c0| Updating 
|2040|0x00000000ff800000, 0x00000000ff900000, 0x00000000ff900000|100%| O|  |TAMS 0x00000000ff900000| PB 0x00000000ff900000| Updating 
|2041|0x00000000ff900000, 0x00000000ffa00000, 0x00000000ffa00000|100%| E|CS|TAMS 0x00000000ff900000| PB 0x00000000ff900000| Complete 
|2042|0x00000000ffa00000, 0x00000000ffb00000, 0x00000000ffb00000|100%| E|CS|TAMS 0x00000000ffa00000| PB 0x00000000ffa00000| Complete 
|2043|0x00000000ffb00000, 0x00000000ffc00000, 0x00000000ffc00000|100%| O|  |TAMS 0x00000000ffc00000| PB 0x00000000ffc00000| Updating 
|2044|0x00000000ffc00000, 0x00000000ffd00000, 0x00000000ffd00000|100%| O|  |TAMS 0x00000000ffd00000| PB 0x00000000ffd00000| Untracked 
|2045|0x00000000ffd00000, 0x00000000ffe00000, 0x00000000ffe00000|100%| O|  |TAMS 0x00000000ffe00000| PB 0x00000000ffe00000| Untracked 
|2046|0x00000000ffe00000, 0x00000000fff00000, 0x00000000fff00000|100%| O|  |TAMS 0x00000000fff00000| PB 0x00000000fff00000| Untracked 
|2047|0x00000000fff00000, 0x0000000100000000, 0x0000000100000000|100%| O|  |TAMS 0x0000000100000000| PB 0x0000000100000000| Untracked 

Card table byte_map: [0x000002501e2c0000,0x000002501e6c0000] _byte_map_base: 0x000002501dec0000

Marking Bits: (CMBitMap*) 0x00000250094ee610
 Bits: [0x000002501e6c0000, 0x00000250206c0000)

Polling page: 0x00000250095c0000

Metaspace:

Usage:
  Non-class:     61.47 MB used.
      Class:     10.55 MB used.
       Both:     72.01 MB used.

Virtual space:
  Non-class space:       64.00 MB reserved,      62.44 MB ( 98%) committed,  1 nodes.
      Class space:        1.00 GB reserved,      11.44 MB (  1%) committed,  1 nodes.
             Both:        1.06 GB reserved,      73.88 MB (  7%) committed. 

Chunk freelists:
   Non-Class:  1.22 MB
       Class:  4.57 MB
        Both:  5.79 MB

MaxMetaspaceSize: unlimited
CompressedClassSpaceSize: 1.00 GB
Initial GC threshold: 21.00 MB
Current GC threshold: 104.31 MB
CDS: on
 - commit_granule_bytes: 65536.
 - commit_granule_words: 8192.
 - virtual_space_node_default_size: 8388608.
 - enlarge_chunks_in_place: 1.
 - use_allocation_guard: 0.


Internal statistics:

num_allocs_failed_limit: 9.
num_arena_births: 3370.
num_arena_deaths: 0.
num_vsnodes_births: 2.
num_vsnodes_deaths: 0.
num_space_committed: 1182.
num_space_uncommitted: 0.
num_chunks_returned_to_freelist: 9.
num_chunks_taken_from_freelist: 6708.
num_chunk_merges: 9.
num_chunk_splits: 4483.
num_chunks_enlarged: 3002.
num_inconsistent_stats: 0.

CodeHeap 'non-profiled nmethods': size=120000Kb used=4879Kb max_used=4902Kb free=115120Kb
 bounds [0x0000025016420000, 0x00000250168f0000, 0x000002501d950000]
CodeHeap 'profiled nmethods': size=120000Kb used=13819Kb max_used=14658Kb free=106180Kb
 bounds [0x000002500e950000, 0x000002500f7b0000, 0x0000025015e80000]
CodeHeap 'non-nmethods': size=5760Kb used=2153Kb max_used=2194Kb free=3606Kb
 bounds [0x0000025015e80000, 0x00000250160f0000, 0x0000025016420000]
CodeCache: size=245760Kb, used=20851Kb, max_used=21754Kb, free=224906Kb
 total_blobs=8798, nmethods=7979, adapters=723, full_count=0
Compilation: enabled, stopped_count=0, restarted_count=0

Compilation events (20 events):
Event: 11.518 Thread 0x0000025023405280 9542       3       java.lang.invoke.LambdaForm$MH/0x000002502509c800::invoke (57 bytes)
Event: 11.518 Thread 0x0000025023405280 nmethod 9542 0x000002500f7a0c90 code [0x000002500f7a0ea0, 0x000002500f7a1798]
Event: 11.532 Thread 0x000002506e15d340 9543       4       java.nio.channels.spi.AbstractInterruptibleChannel::isOpen (13 bytes)
Event: 11.532 Thread 0x000002506e15d340 nmethod 9543 0x00000250168df910 code [0x00000250168dfaa0, 0x00000250168dfb50]
Event: 11.573 Thread 0x000002506e15d340 9544       4       jdk.internal.misc.VM::isModuleSystemInited (13 bytes)
Event: 11.573 Thread 0x000002506e15d340 nmethod 9544 0x00000250168dfc10 code [0x00000250168dfda0, 0x00000250168dfe38]
Event: 11.579 Thread 0x0000025023405280 9545       1       java.nio.DirectByteBuffer::cleaner (5 bytes)
Event: 11.579 Thread 0x0000025023405280 nmethod 9545 0x00000250168dff10 code [0x00000250168e00a0, 0x00000250168e0168]
Event: 11.587 Thread 0x0000025023405280 9546       3       java.nio.MappedByteBuffer::<init> (24 bytes)
Event: 11.587 Thread 0x0000025023405280 nmethod 9546 0x000002500f7a1990 code [0x000002500f7a1b40, 0x000002500f7a1cf0]
Event: 11.590 Thread 0x000002506e15c5a0 nmethod 9532 0x00000250168e0210 code [0x00000250168e0920, 0x00000250168e5278]
Event: 11.598 Thread 0x0000025023405280 9547       3       java.lang.invoke.LambdaForm$MH/0x0000025025664400::invoke (25 bytes)
Event: 11.598 Thread 0x0000025023405280 nmethod 9547 0x000002500f7a1d90 code [0x000002500f7a1f60, 0x000002500f7a23d8]
Event: 11.598 Thread 0x0000025023405280 9548       3       java.lang.invoke.DirectMethodHandle$Holder::invokeStatic (15 bytes)
Event: 11.599 Thread 0x0000025023405280 nmethod 9548 0x000002500f7a2510 code [0x000002500f7a26e0, 0x000002500f7a2b88]
Event: 11.602 Thread 0x0000025023405280 9549       3       org.jetbrains.kotlin.com.intellij.util.containers.ConcurrentFactoryMap::notNull (12 bytes)
Event: 11.602 Thread 0x0000025023405280 nmethod 9549 0x000002500f7a2c90 code [0x000002500f7a2e40, 0x000002500f7a2fd0]
Event: 11.602 Thread 0x0000025023405280 9552       1       sun.nio.ch.FileChannelImpl$Unmapper::capacity (5 bytes)
Event: 11.602 Thread 0x0000025023405280 nmethod 9552 0x00000250168e9710 code [0x00000250168e98a0, 0x00000250168e9968]
Event: 11.602 Thread 0x0000025023405280 9553       1       sun.nio.ch.FileChannelImpl$Unmapper::fileDescriptor (5 bytes)

GC Heap History (20 events):
Event: 7.733 GC heap before
{Heap before GC invocations=14 (full 0):
 garbage-first heap   total 99328K, used 84191K [0x0000000080000000, 0x0000000100000000)
  region size 1024K, 34 young (34816K), 6 survivors (6144K)
 Metaspace       used 55127K, committed 57024K, reserved 1114112K
  class space    used 8078K, committed 9024K, reserved 1048576K
}
Event: 7.743 GC heap after
{Heap after GC invocations=15 (full 0):
 garbage-first heap   total 121856K, used 66560K [0x0000000080000000, 0x0000000100000000)
  region size 1024K, 5 young (5120K), 5 survivors (5120K)
 Metaspace       used 55127K, committed 57024K, reserved 1114112K
  class space    used 8078K, committed 9024K, reserved 1048576K
}
Event: 7.944 GC heap before
{Heap before GC invocations=16 (full 0):
 garbage-first heap   total 121856K, used 98304K [0x0000000080000000, 0x0000000100000000)
  region size 1024K, 37 young (37888K), 5 survivors (5120K)
 Metaspace       used 55158K, committed 57024K, reserved 1114112K
  class space    used 8093K, committed 9024K, reserved 1048576K
}
Event: 7.952 GC heap after
{Heap after GC invocations=17 (full 0):
 garbage-first heap   total 121856K, used 75262K [0x0000000080000000, 0x0000000100000000)
  region size 1024K, 5 young (5120K), 5 survivors (5120K)
 Metaspace       used 55158K, committed 57024K, reserved 1114112K
  class space    used 8093K, committed 9024K, reserved 1048576K
}
Event: 8.174 GC heap before
{Heap before GC invocations=17 (full 0):
 garbage-first heap   total 121856K, used 100862K [0x0000000080000000, 0x0000000100000000)
  region size 1024K, 31 young (31744K), 5 survivors (5120K)
 Metaspace       used 55268K, committed 57152K, reserved 1114112K
  class space    used 8095K, committed 9024K, reserved 1048576K
}
Event: 8.180 GC heap after
{Heap after GC invocations=18 (full 0):
 garbage-first heap   total 121856K, used 78806K [0x0000000080000000, 0x0000000100000000)
  region size 1024K, 4 young (4096K), 4 survivors (4096K)
 Metaspace       used 55268K, committed 57152K, reserved 1114112K
  class space    used 8095K, committed 9024K, reserved 1048576K
}
Event: 8.382 GC heap before
{Heap before GC invocations=18 (full 0):
 garbage-first heap   total 121856K, used 104406K [0x0000000080000000, 0x0000000100000000)
  region size 1024K, 29 young (29696K), 4 survivors (4096K)
 Metaspace       used 55352K, committed 57216K, reserved 1114112K
  class space    used 8095K, committed 9024K, reserved 1048576K
}
Event: 8.386 GC heap after
{Heap after GC invocations=19 (full 0):
 garbage-first heap   total 121856K, used 81557K [0x0000000080000000, 0x0000000100000000)
  region size 1024K, 3 young (3072K), 3 survivors (3072K)
 Metaspace       used 55352K, committed 57216K, reserved 1114112K
  class space    used 8095K, committed 9024K, reserved 1048576K
}
Event: 8.591 GC heap before
{Heap before GC invocations=20 (full 0):
 garbage-first heap   total 138240K, used 106133K [0x0000000080000000, 0x0000000100000000)
  region size 1024K, 28 young (28672K), 3 survivors (3072K)
 Metaspace       used 55415K, committed 57280K, reserved 1114112K
  class space    used 8095K, committed 9024K, reserved 1048576K
}
Event: 8.594 GC heap after
{Heap after GC invocations=21 (full 0):
 garbage-first heap   total 138240K, used 83778K [0x0000000080000000, 0x0000000100000000)
  region size 1024K, 3 young (3072K), 3 survivors (3072K)
 Metaspace       used 55415K, committed 57280K, reserved 1114112K
  class space    used 8095K, committed 9024K, reserved 1048576K
}
Event: 8.920 GC heap before
{Heap before GC invocations=21 (full 0):
 garbage-first heap   total 138240K, used 118594K [0x0000000080000000, 0x0000000100000000)
  region size 1024K, 38 young (38912K), 3 survivors (3072K)
 Metaspace       used 55596K, committed 57408K, reserved 1114112K
  class space    used 8122K, committed 9024K, reserved 1048576K
}
Event: 8.924 GC heap after
{Heap after GC invocations=22 (full 0):
 garbage-first heap   total 138240K, used 81435K [0x0000000080000000, 0x0000000100000000)
  region size 1024K, 4 young (4096K), 4 survivors (4096K)
 Metaspace       used 55596K, committed 57408K, reserved 1114112K
  class space    used 8122K, committed 9024K, reserved 1048576K
}
Event: 9.829 GC heap before
{Heap before GC invocations=22 (full 0):
 garbage-first heap   total 138240K, used 120347K [0x0000000080000000, 0x0000000100000000)
  region size 1024K, 43 young (44032K), 4 survivors (4096K)
 Metaspace       used 61813K, committed 63680K, reserved 1114112K
  class space    used 9310K, committed 10240K, reserved 1048576K
}
Event: 9.832 GC heap after
{Heap after GC invocations=23 (full 0):
 garbage-first heap   total 171008K, used 82773K [0x0000000080000000, 0x0000000100000000)
  region size 1024K, 3 young (3072K), 3 survivors (3072K)
 Metaspace       used 61813K, committed 63680K, reserved 1114112K
  class space    used 9310K, committed 10240K, reserved 1048576K
}
Event: 10.903 GC heap before
{Heap before GC invocations=24 (full 0):
 garbage-first heap   total 171008K, used 144213K [0x0000000080000000, 0x0000000100000000)
  region size 1024K, 64 young (65536K), 3 survivors (3072K)
 Metaspace       used 70517K, committed 72448K, reserved 1114112K
  class space    used 10412K, committed 11328K, reserved 1048576K
}
Event: 10.905 GC heap after
{Heap after GC invocations=25 (full 0):
 garbage-first heap   total 171008K, used 84382K [0x0000000080000000, 0x0000000100000000)
  region size 1024K, 5 young (5120K), 5 survivors (5120K)
 Metaspace       used 70517K, committed 72448K, reserved 1114112K
  class space    used 10412K, committed 11328K, reserved 1048576K
}
Event: 11.367 GC heap before
{Heap before GC invocations=25 (full 0):
 garbage-first heap   total 171008K, used 148894K [0x0000000080000000, 0x0000000100000000)
  region size 1024K, 68 young (69632K), 5 survivors (5120K)
 Metaspace       used 73695K, committed 75584K, reserved 1114112K
  class space    used 10791K, committed 11712K, reserved 1048576K
}
Event: 11.375 GC heap after
{Heap after GC invocations=26 (full 0):
 garbage-first heap   total 173056K, used 98852K [0x0000000080000000, 0x0000000100000000)
  region size 1024K, 9 young (9216K), 9 survivors (9216K)
 Metaspace       used 73695K, committed 75584K, reserved 1114112K
  class space    used 10791K, committed 11712K, reserved 1048576K
}
Event: 11.543 GC heap before
{Heap before GC invocations=26 (full 0):
 garbage-first heap   total 173056K, used 138788K [0x0000000080000000, 0x0000000100000000)
  region size 1024K, 49 young (50176K), 9 survivors (9216K)
 Metaspace       used 73737K, committed 75648K, reserved 1114112K
  class space    used 10798K, committed 11712K, reserved 1048576K
}
Event: 11.552 GC heap after
{Heap after GC invocations=27 (full 0):
 garbage-first heap   total 173056K, used 119568K [0x0000000080000000, 0x0000000100000000)
  region size 1024K, 7 young (7168K), 7 survivors (7168K)
 Metaspace       used 73737K, committed 75648K, reserved 1114112K
  class space    used 10798K, committed 11712K, reserved 1048576K
}

Dll operation events (14 events):
Event: 0.008 Loaded shared library C:\Users\david\.vscode\extensions\redhat.java-1.54.0-win32-x64\jre\21.0.10-win32-x86_64\bin\java.dll
Event: 0.057 Loaded shared library C:\Users\david\.vscode\extensions\redhat.java-1.54.0-win32-x64\jre\21.0.10-win32-x86_64\bin\zip.dll
Event: 0.070 Loaded shared library C:\Users\david\.vscode\extensions\redhat.java-1.54.0-win32-x64\jre\21.0.10-win32-x86_64\bin\instrument.dll
Event: 0.073 Loaded shared library C:\Users\david\.vscode\extensions\redhat.java-1.54.0-win32-x64\jre\21.0.10-win32-x86_64\bin\net.dll
Event: 0.076 Loaded shared library C:\Users\david\.vscode\extensions\redhat.java-1.54.0-win32-x64\jre\21.0.10-win32-x86_64\bin\nio.dll
Event: 0.078 Loaded shared library C:\Users\david\.vscode\extensions\redhat.java-1.54.0-win32-x64\jre\21.0.10-win32-x86_64\bin\zip.dll
Event: 0.201 Loaded shared library C:\Users\david\.vscode\extensions\redhat.java-1.54.0-win32-x64\jre\21.0.10-win32-x86_64\bin\jimage.dll
Event: 0.444 Loaded shared library C:\Users\david\.vscode\extensions\redhat.java-1.54.0-win32-x64\jre\21.0.10-win32-x86_64\bin\verify.dll
Event: 0.466 Loaded shared library C:\Users\david\.gradle\native\660c5614fbf4a5f2a75b1949f50a0caf5cd603558e7d8a26e50b933a0cfb79d1\windows-amd64\native-platform.dll
Event: 0.473 Loaded shared library C:\Users\david\.gradle\native\0.2.8\x86_64-windows-gnu\gradle-fileevents.dll
Event: 1.096 Loaded shared library C:\Users\david\.vscode\extensions\redhat.java-1.54.0-win32-x64\jre\21.0.10-win32-x86_64\bin\management.dll
Event: 1.098 Loaded shared library C:\Users\david\.vscode\extensions\redhat.java-1.54.0-win32-x64\jre\21.0.10-win32-x86_64\bin\management_ext.dll
Event: 1.195 Loaded shared library C:\Users\david\.vscode\extensions\redhat.java-1.54.0-win32-x64\jre\21.0.10-win32-x86_64\bin\extnet.dll
Event: 1.453 Loaded shared library C:\Users\david\.vscode\extensions\redhat.java-1.54.0-win32-x64\jre\21.0.10-win32-x86_64\bin\sunmscapi.dll

Deoptimization events (20 events):
Event: 11.352 Thread 0x000002506acb37b0 Uncommon trap: trap_request=0xffffffcc fr.pc=0x00000250168c6a30 relative=0x0000000000000270
Event: 11.352 Thread 0x000002506acb37b0 Uncommon trap: reason=intrinsic_or_type_checked_inlining action=make_not_entrant pc=0x00000250168c6a30 method=java.util.ArrayList.toArray([Ljava/lang/Object;)[Ljava/lang/Object; @ 36 c2
Event: 11.352 Thread 0x000002506acb37b0 DEOPT PACKING pc=0x00000250168c6a30 sp=0x00000055927f3cf0
Event: 11.352 Thread 0x000002506acb37b0 DEOPT UNPACKING pc=0x0000025015ed7ba2 sp=0x00000055927f3cc0 mode 2
Event: 11.449 Thread 0x000002506acb37b0 DEOPT PACKING pc=0x000002500f78c574 sp=0x00000055927f3dc0
Event: 11.449 Thread 0x000002506acb37b0 DEOPT UNPACKING pc=0x0000025015ed86e2 sp=0x00000055927f33a8 mode 0
Event: 11.464 Thread 0x000002506acb37b0 DEOPT PACKING pc=0x000002500f78c574 sp=0x00000055927f3dc0
Event: 11.464 Thread 0x000002506acb37b0 DEOPT UNPACKING pc=0x0000025015ed86e2 sp=0x00000055927f33a8 mode 0
Event: 11.473 Thread 0x000002506acb37b0 DEOPT PACKING pc=0x000002500f79e329 sp=0x00000055927f3c90
Event: 11.473 Thread 0x000002506acb37b0 DEOPT UNPACKING pc=0x0000025015ed86e2 sp=0x00000055927f31d8 mode 0
Event: 11.481 Thread 0x000002506acb37b0 DEOPT PACKING pc=0x000002500f79e329 sp=0x00000055927f3c90
Event: 11.481 Thread 0x000002506acb37b0 DEOPT UNPACKING pc=0x0000025015ed86e2 sp=0x00000055927f31d8 mode 0
Event: 11.483 Thread 0x000002506acb37b0 DEOPT PACKING pc=0x000002500f78c574 sp=0x00000055927f3dc0
Event: 11.483 Thread 0x000002506acb37b0 DEOPT UNPACKING pc=0x0000025015ed86e2 sp=0x00000055927f33a8 mode 0
Event: 11.505 Thread 0x000002506acb37b0 DEOPT PACKING pc=0x000002500f78c574 sp=0x00000055927f3dc0
Event: 11.505 Thread 0x000002506acb37b0 DEOPT UNPACKING pc=0x0000025015ed86e2 sp=0x00000055927f33a8 mode 0
Event: 11.557 Thread 0x000002506acb37b0 DEOPT PACKING pc=0x000002500f78c574 sp=0x00000055927f3dc0
Event: 11.557 Thread 0x000002506acb37b0 DEOPT UNPACKING pc=0x0000025015ed86e2 sp=0x00000055927f33a8 mode 0
Event: 11.588 Thread 0x000002506acb37b0 DEOPT PACKING pc=0x000002500f78c574 sp=0x00000055927f3dc0
Event: 11.588 Thread 0x000002506acb37b0 DEOPT UNPACKING pc=0x0000025015ed86e2 sp=0x00000055927f33a8 mode 0

Classes loaded (20 events):
Event: 11.024 Loading class java/nio/charset/UnsupportedCharsetException
Event: 11.024 Loading class java/nio/charset/UnsupportedCharsetException done
Event: 11.024 Loading class sun/nio/cs/UTF_32BE
Event: 11.024 Loading class sun/nio/cs/UTF_32BE done
Event: 11.024 Loading class sun/nio/cs/UTF_32LE
Event: 11.024 Loading class sun/nio/cs/UTF_32LE done
Event: 11.024 Loading class sun/nio/cs/MS1251
Event: 11.024 Loading class sun/nio/cs/MS1251 done
Event: 11.199 Loading class java/beans/PropertyChangeSupport
Event: 11.200 Loading class java/beans/PropertyChangeSupport done
Event: 11.200 Loading class java/beans/PropertyChangeSupport$PropertyChangeListenerMap
Event: 11.200 Loading class java/beans/ChangeListenerMap
Event: 11.200 Loading class java/beans/ChangeListenerMap done
Event: 11.200 Loading class java/beans/PropertyChangeSupport$PropertyChangeListenerMap done
Event: 11.200 Loading class java/beans/PropertyChangeListener
Event: 11.200 Loading class java/beans/PropertyChangeListener done
Event: 11.443 Loading class java/util/concurrent/LinkedBlockingDeque$Itr
Event: 11.444 Loading class java/util/concurrent/LinkedBlockingDeque$AbstractItr
Event: 11.444 Loading class java/util/concurrent/LinkedBlockingDeque$AbstractItr done
Event: 11.444 Loading class java/util/concurrent/LinkedBlockingDeque$Itr done

Classes unloaded (0 events):
No events

Classes redefined (0 events):
No events

Internal exceptions (20 events):
Event: 10.246 Thread 0x000002506acb37b0 Exception <a 'java/lang/NoSuchMethodError'{0x0000000088a86be8}: 'void java.lang.invoke.DelegatingMethodHandle$Holder.reinvoke_L(java.lang.Object, java.lang.Object, java.lang.Object, long, java.lang.Object)'> (0x0000000088a86be8) 
thrown [s\src\hotspot\share\interpreter\linkResolver.cpp, line 773]
Event: 10.247 Thread 0x000002506acb37b0 Exception <a 'java/lang/NoSuchMethodError'{0x0000000088a8f268}: 'java.lang.Object java.lang.invoke.DirectMethodHandle$Holder.invokeSpecial(java.lang.Object, java.lang.Object, java.lang.Object, java.lang.Object, long)'> (0x0000000088a8f268) 
thrown [s\src\hotspot\share\interpreter\linkResolver.cpp, line 773]
Event: 10.250 Thread 0x000002506acb37b0 Exception <a 'java/lang/NoSuchMethodError'{0x0000000088a9f368}: 'int java.lang.invoke.DelegatingMethodHandle$Holder.reinvoke_L(java.lang.Object, java.lang.Object, java.lang.Object, long, java.lang.Object, java.lang.Object)'> (0x0000000088a9f368) 
thrown [s\src\hotspot\share\interpreter\linkResolver.cpp, line 773]
Event: 10.252 Thread 0x000002506acb37b0 Exception <a 'java/lang/NoSuchMethodError'{0x0000000088aaf088}: 'int java.lang.invoke.DelegatingMethodHandle$Holder.reinvoke_L(java.lang.Object, java.lang.Object, java.lang.Object, long, int, int)'> (0x0000000088aaf088) 
thrown [s\src\hotspot\share\interpreter\linkResolver.cpp, line 773]
Event: 10.253 Thread 0x000002506acb37b0 Exception <a 'java/lang/NoSuchMethodError'{0x0000000088abe838}: 'int java.lang.invoke.DelegatingMethodHandle$Holder.reinvoke_L(java.lang.Object, java.lang.Object, java.lang.Object, long, long, long)'> (0x0000000088abe838) 
thrown [s\src\hotspot\share\interpreter\linkResolver.cpp, line 773]
Event: 10.254 Thread 0x000002506acb37b0 Exception <a 'java/lang/NoSuchMethodError'{0x0000000088acdc70}: 'int java.lang.invoke.DelegatingMethodHandle$Holder.reinvoke_L(java.lang.Object, java.lang.Object, java.lang.Object, long, int)'> (0x0000000088acdc70) 
thrown [s\src\hotspot\share\interpreter\linkResolver.cpp, line 773]
Event: 10.255 Thread 0x000002506acb37b0 Exception <a 'java/lang/NoSuchMethodError'{0x0000000088ae4d60}: 'void java.lang.invoke.DelegatingMethodHandle$Holder.reinvoke_L(java.lang.Object, java.lang.Object, java.lang.Object, long, java.lang.Object, long, long)'> (0x0000000088ae4d60) 
thrown [s\src\hotspot\share\interpreter\linkResolver.cpp, line 773]
Event: 10.256 Thread 0x000002506acb37b0 Exception <a 'java/lang/NoSuchMethodError'{0x0000000088aed2b0}: 'long java.lang.invoke.Invokers$Holder.invokeExact_MT(java.lang.Object, java.lang.Object, java.lang.Object)'> (0x0000000088aed2b0) 
thrown [s\src\hotspot\share\interpreter\linkResolver.cpp, line 773]
Event: 10.256 Thread 0x000002506acb37b0 Exception <a 'java/lang/NoSuchMethodError'{0x0000000088af2348}: 'int java.lang.invoke.Invokers$Holder.invokeExact_MT(java.lang.Object, java.lang.Object, java.lang.Object)'> (0x0000000088af2348) 
thrown [s\src\hotspot\share\interpreter\linkResolver.cpp, line 773]
Event: 10.342 Thread 0x000002506acb37b0 Exception <a 'java/lang/NoSuchMethodError'{0x0000000088634f48}: 'java.lang.Object java.lang.invoke.DirectMethodHandle$Holder.invokeStatic(java.lang.Object, java.lang.Object, int, java.lang.Object, int)'> (0x0000000088634f48) 
thrown [s\src\hotspot\share\interpreter\linkResolver.cpp, line 773]
Event: 10.880 Thread 0x000002506acb37b0 Exception <a 'java/lang/NoSuchMethodError'{0x00000000866b2ee0}: 'java.lang.Object java.lang.invoke.DirectMethodHandle$Holder.invokeStatic(java.lang.Object, java.lang.Object, java.lang.Object, java.lang.Object, int, java.lang.Object)'> (0x00000000866b2ee0) 
thrown [s\src\hotspot\share\interpreter\linkResolver.cpp, line 773]
Event: 10.909 Thread 0x000002506acb37b0 Exception <a 'java/lang/NoSuchMethodError'{0x00000000ffa25ea8}: 'long java.lang.invoke.DirectMethodHandle$Holder.invokeStatic(java.lang.Object, java.lang.Object, int)'> (0x00000000ffa25ea8) 
thrown [s\src\hotspot\share\interpreter\linkResolver.cpp, line 773]
Event: 10.910 Thread 0x000002506acb37b0 Exception <a 'java/lang/NoSuchMethodError'{0x00000000ffa32790}: 'java.lang.Object java.lang.invoke.DelegatingMethodHandle$Holder.reinvoke_L(java.lang.Object, int, long, java.lang.Object, java.lang.Object, int, java.lang.Object)'> (0x00000000ffa32790) 
thrown [s\src\hotspot\share\interpreter\linkResolver.cpp, line 773]
Event: 11.125 Thread 0x000002506acb37b0 Exception <a 'java/lang/NoSuchMethodError'{0x00000000890be010}: 'java.lang.Object java.lang.invoke.Invokers$Holder.invokeExact_MT(java.lang.Object, java.lang.Object, long, java.lang.Object)'> (0x00000000890be010) 
thrown [s\src\hotspot\share\interpreter\linkResolver.cpp, line 773]
Event: 11.215 Thread 0x000002506acb37b0 Exception <a 'java/lang/NoSuchMethodError'{0x0000000088744508}: 'java.lang.Object java.lang.invoke.DirectMethodHandle$Holder.invokeStatic(java.lang.Object, java.lang.Object, long, long)'> (0x0000000088744508) 
thrown [s\src\hotspot\share\interpreter\linkResolver.cpp, line 773]
Event: 11.222 Thread 0x000002506acb37b0 Exception <a 'java/lang/NoSuchMethodError'{0x00000000887934a8}: 'java.lang.Object java.lang.invoke.DirectMethodHandle$Holder.invokeStatic(java.lang.Object, java.lang.Object, java.lang.Object, long, java.lang.Object)'> (0x00000000887934a8) 
thrown [s\src\hotspot\share\interpreter\linkResolver.cpp, line 773]
Event: 11.223 Thread 0x000002506acb37b0 Exception <a 'java/lang/NoSuchMethodError'{0x000000008879bc50}: 'java.lang.Object java.lang.invoke.DirectMethodHandle$Holder.newInvokeSpecial(java.lang.Object, java.lang.Object, java.lang.Object, long)'> (0x000000008879bc50) 
thrown [s\src\hotspot\share\interpreter\linkResolver.cpp, line 773]
Event: 11.223 Thread 0x000002506acb37b0 Exception <a 'java/lang/NoSuchMethodError'{0x00000000887a0f38}: 'java.lang.Object java.lang.invoke.Invokers$Holder.linkToTargetMethod(java.lang.Object, java.lang.Object, long, java.lang.Object)'> (0x00000000887a0f38) 
thrown [s\src\hotspot\share\interpreter\linkResolver.cpp, line 773]
Event: 11.340 Thread 0x000002506acb37b0 Implicit null exception at 0x0000025016663067 to 0x0000025016663470
Event: 11.350 Thread 0x000002506acb37b0 Implicit null exception at 0x00000250168c48f2 to 0x00000250168c5408

ZGC Phase Switch (0 events):
No events

VM Operations (20 events):
Event: 10.928 Executing non-safepoint VM operation: HandshakeAllThreads (Deoptimize) done
Event: 10.938 Executing non-safepoint VM operation: HandshakeAllThreads (Deoptimize)
Event: 10.938 Executing non-safepoint VM operation: HandshakeAllThreads (Deoptimize) done
Event: 10.973 Executing non-safepoint VM operation: HandshakeAllThreads (Deoptimize)
Event: 10.974 Executing non-safepoint VM operation: HandshakeAllThreads (Deoptimize) done
Event: 11.079 Executing non-safepoint VM operation: HandshakeAllThreads (Deoptimize)
Event: 11.080 Executing non-safepoint VM operation: HandshakeAllThreads (Deoptimize) done
Event: 11.194 Executing non-safepoint VM operation: HandshakeAllThreads (Deoptimize)
Event: 11.194 Executing non-safepoint VM operation: HandshakeAllThreads (Deoptimize) done
Event: 11.306 Executing non-safepoint VM operation: HandshakeAllThreads (Deoptimize)
Event: 11.306 Executing non-safepoint VM operation: HandshakeAllThreads (Deoptimize) done
Event: 11.367 Executing safepoint VM operation: G1CollectForAllocation (G1 Evacuation Pause)
Event: 11.375 Executing safepoint VM operation: G1CollectForAllocation (G1 Evacuation Pause) done
Event: 11.457 Executing non-safepoint VM operation: HandshakeAllThreads (Deoptimize)
Event: 11.457 Executing non-safepoint VM operation: HandshakeAllThreads (Deoptimize) done
Event: 11.458 Executing non-safepoint VM operation: HandshakeAllThreads (Deoptimize)
Event: 11.458 Executing non-safepoint VM operation: HandshakeAllThreads (Deoptimize) done
Event: 11.543 Executing safepoint VM operation: G1TryInitiateConcMark (G1 Humongous Allocation)
Event: 11.552 Executing safepoint VM operation: G1TryInitiateConcMark (G1 Humongous Allocation) done
Event: 11.603 Executing safepoint VM operation: G1PauseRemark

Memory protections (0 events):
No events

Nmethod flushes (20 events):
Event: 11.606 Thread 0x00000250230048c0 flushing  nmethod 0x000002500eaa0a90
Event: 11.606 Thread 0x00000250230048c0 flushing  nmethod 0x000002500eb5f110
Event: 11.606 Thread 0x00000250230048c0 flushing  nmethod 0x000002500ebc7a10
Event: 11.606 Thread 0x00000250230048c0 flushing  nmethod 0x000002500ebd1810
Event: 11.606 Thread 0x00000250230048c0 flushing  nmethod 0x000002500ebd2790
Event: 11.606 Thread 0x00000250230048c0 flushing  nmethod 0x000002500eccf710
Event: 11.606 Thread 0x00000250230048c0 flushing  nmethod 0x000002500ed4ba10
Event: 11.606 Thread 0x00000250230048c0 flushing  nmethod 0x000002500ed4cc90
Event: 11.606 Thread 0x00000250230048c0 flushing  nmethod 0x000002500ed4e590
Event: 11.606 Thread 0x00000250230048c0 flushing  nmethod 0x000002500ed58390
Event: 11.606 Thread 0x00000250230048c0 flushing  nmethod 0x000002500ed58a10
Event: 11.606 Thread 0x00000250230048c0 flushing  nmethod 0x000002500ef71e90
Event: 11.606 Thread 0x00000250230048c0 flushing  nmethod 0x000002500effbf90
Event: 11.606 Thread 0x00000250230048c0 flushing  nmethod 0x000002500effe590
Event: 11.606 Thread 0x00000250230048c0 flushing  nmethod 0x000002500f10b010
Event: 11.606 Thread 0x00000250230048c0 flushing  nmethod 0x000002500f136b10
Event: 11.606 Thread 0x00000250230048c0 flushing  nmethod 0x000002500f208e10
Event: 11.606 Thread 0x00000250230048c0 flushing  nmethod 0x000002500f20d590
Event: 11.606 Thread 0x00000250230048c0 flushing  nmethod 0x000002500f20ed90
Event: 11.606 Thread 0x00000250230048c0 flushing  nmethod 0x000002500f20f210

Events (20 events):
Event: 5.636 Thread 0x000002506acb37b0 Thread added: 0x000002506b5abc70
Event: 5.662 Thread 0x000002506acb37b0 Thread added: 0x000002506b5ab5e0
Event: 7.069 Thread 0x000002506acb37b0 Thread added: 0x000002506b5a87f0
Event: 7.069 Thread 0x000002506acb37b0 Thread added: 0x000002506b5a8e80
Event: 7.070 Thread 0x000002506acb37b0 Thread added: 0x000002506b5ac300
Event: 7.070 Thread 0x000002506acb37b0 Thread added: 0x000002506b5ac990
Event: 7.071 Thread 0x000002506acb37b0 Thread added: 0x000002506b5a9510
Event: 7.071 Thread 0x000002506acb37b0 Thread added: 0x000002506b5ae3d0
Event: 7.071 Thread 0x000002506acb37b0 Thread added: 0x000002506b5ad020
Event: 7.071 Thread 0x000002506acb37b0 Thread added: 0x000002506b5aea60
Event: 7.071 Thread 0x000002506acb37b0 Thread added: 0x000002506b5af780
Event: 8.958 Thread 0x000002506acb37b0 Thread added: 0x000002506b5ad6b0
Event: 9.067 Thread 0x000002506e15c5a0 Thread exited: 0x000002506e15c5a0
Event: 9.067 Thread 0x000002506e15b800 Thread exited: 0x000002506e15b800
Event: 9.241 Thread 0x0000025023405280 Thread added: 0x000002506e15b800
Event: 9.248 Thread 0x0000025023405280 Thread added: 0x000002506e15b130
Event: 9.546 Thread 0x000002506e15b130 Thread exited: 0x000002506e15b130
Event: 9.754 Thread 0x000002506e15b800 Thread exited: 0x000002506e15b800
Event: 11.163 Thread 0x0000025023405280 Thread added: 0x000002506e15d340
Event: 11.242 Thread 0x00000250233effe0 Thread added: 0x000002506e15c5a0


Dynamic libraries:
0x00007ff72a1a0000 - 0x00007ff72a1ae000 	C:\Users\david\.vscode\extensions\redhat.java-1.54.0-win32-x64\jre\21.0.10-win32-x86_64\bin\java.exe
0x00007ffda0c00000 - 0x00007ffda0e68000 	C:\WINDOWS\SYSTEM32\ntdll.dll
0x00007ffd59a50000 - 0x00007ffd59a71000 	C:\Program Files\Avast Software\Suite\aswhook.dll
0x00007ffd9fde0000 - 0x00007ffd9fea9000 	C:\WINDOWS\System32\KERNEL32.DLL
0x00007ffd9e090000 - 0x00007ffd9e488000 	C:\WINDOWS\System32\KERNELBASE.dll
0x00007ffd9df40000 - 0x00007ffd9e08b000 	C:\WINDOWS\System32\ucrtbase.dll
0x00007ffd74a00000 - 0x00007ffd74a18000 	C:\Users\david\.vscode\extensions\redhat.java-1.54.0-win32-x64\jre\21.0.10-win32-x86_64\bin\jli.dll
0x00007ffd85520000 - 0x00007ffd8553e000 	C:\Users\david\.vscode\extensions\redhat.java-1.54.0-win32-x64\jre\21.0.10-win32-x86_64\bin\VCRUNTIME140.dll
0x00007ffd9eef0000 - 0x00007ffd9f0b7000 	C:\WINDOWS\System32\USER32.dll
0x00007ffd9e8c0000 - 0x00007ffd9e8e7000 	C:\WINDOWS\System32\win32u.dll
0x00007ffda0790000 - 0x00007ffda07bb000 	C:\WINDOWS\System32\GDI32.dll
0x00007ffd751b0000 - 0x00007ffd75444000 	C:\WINDOWS\WinSxS\amd64_microsoft.windows.common-controls_6595b64144ccf1df_6.0.26100.7019_none_3e06ffa0e335b8a8\COMCTL32.dll
0x00007ffd9dd50000 - 0x00007ffd9de7c000 	C:\WINDOWS\System32\gdi32full.dll
0x00007ffda06e0000 - 0x00007ffda0789000 	C:\WINDOWS\System32\msvcrt.dll
0x00007ffd9e810000 - 0x00007ffd9e8b3000 	C:\WINDOWS\System32\msvcp_win.dll
0x00007ffda07c0000 - 0x00007ffda07f1000 	C:\WINDOWS\System32\IMM32.DLL
0x00007ffd96860000 - 0x00007ffd9686c000 	C:\Users\david\.vscode\extensions\redhat.java-1.54.0-win32-x64\jre\21.0.10-win32-x86_64\bin\vcruntime140_1.dll
0x00007ffd3a080000 - 0x00007ffd3a10d000 	C:\Users\david\.vscode\extensions\redhat.java-1.54.0-win32-x64\jre\21.0.10-win32-x86_64\bin\msvcp140.dll
0x00007ffd212c0000 - 0x00007ffd22061000 	C:\Users\david\.vscode\extensions\redhat.java-1.54.0-win32-x64\jre\21.0.10-win32-x86_64\bin\server\jvm.dll
0x00007ffd9fd20000 - 0x00007ffd9fdd4000 	C:\WINDOWS\System32\ADVAPI32.dll
0x00007ffda09a0000 - 0x00007ffda0a46000 	C:\WINDOWS\System32\sechost.dll
0x00007ffda0870000 - 0x00007ffda0988000 	C:\WINDOWS\System32\RPCRT4.dll
0x00007ffd9ecd0000 - 0x00007ffd9ed44000 	C:\WINDOWS\System32\WS2_32.dll
0x00007ffd9dbb0000 - 0x00007ffd9dc0e000 	C:\WINDOWS\SYSTEM32\POWRPROF.dll
0x00007ffd94ce0000 - 0x00007ffd94ceb000 	C:\WINDOWS\SYSTEM32\VERSION.dll
0x00007ffd914f0000 - 0x00007ffd91525000 	C:\WINDOWS\SYSTEM32\WINMM.dll
0x00007ffd9db90000 - 0x00007ffd9dba4000 	C:\WINDOWS\SYSTEM32\UMPDC.dll
0x00007ffd9ca70000 - 0x00007ffd9ca8b000 	C:\WINDOWS\SYSTEM32\kernel.appcore.dll
0x00007ffd8eed0000 - 0x00007ffd8eeda000 	C:\Users\david\.vscode\extensions\redhat.java-1.54.0-win32-x64\jre\21.0.10-win32-x86_64\bin\jimage.dll
0x00007ffd9b470000 - 0x00007ffd9b6b2000 	C:\WINDOWS\SYSTEM32\DBGHELP.DLL
0x00007ffda0250000 - 0x00007ffda05db000 	C:\WINDOWS\System32\combase.dll
0x00007ffd9feb0000 - 0x00007ffd9ff87000 	C:\WINDOWS\System32\OLEAUT32.dll
0x00007ffd90380000 - 0x00007ffd903bc000 	C:\WINDOWS\SYSTEM32\dbgcore.DLL
0x00007ffd9e8f0000 - 0x00007ffd9e995000 	C:\WINDOWS\System32\bcryptPrimitives.dll
0x00007ffd7d080000 - 0x00007ffd7d08f000 	C:\Users\david\.vscode\extensions\redhat.java-1.54.0-win32-x64\jre\21.0.10-win32-x86_64\bin\instrument.dll
0x00007ffd72fd0000 - 0x00007ffd72ff0000 	C:\Users\david\.vscode\extensions\redhat.java-1.54.0-win32-x64\jre\21.0.10-win32-x86_64\bin\java.dll
0x00007ffd9f5c0000 - 0x00007ffd9fd0f000 	C:\WINDOWS\System32\SHELL32.dll
0x00007ffd9e490000 - 0x00007ffd9e5fb000 	C:\WINDOWS\System32\wintypes.dll
0x00007ffd9b950000 - 0x00007ffd9c1ad000 	C:\WINDOWS\SYSTEM32\windows.storage.dll
0x00007ffda05e0000 - 0x00007ffda06d2000 	C:\WINDOWS\System32\SHCORE.dll
0x00007ffd9f550000 - 0x00007ffd9f5b7000 	C:\WINDOWS\System32\shlwapi.dll
0x00007ffd9dc70000 - 0x00007ffd9dc99000 	C:\WINDOWS\SYSTEM32\profapi.dll
0x00007ffd6dcf0000 - 0x00007ffd6dd08000 	C:\Users\david\.vscode\extensions\redhat.java-1.54.0-win32-x64\jre\21.0.10-win32-x86_64\bin\zip.dll
0x00007ffd88700000 - 0x00007ffd88710000 	C:\Users\david\.vscode\extensions\redhat.java-1.54.0-win32-x64\jre\21.0.10-win32-x86_64\bin\net.dll
0x00007ffd93c00000 - 0x00007ffd93d28000 	C:\WINDOWS\SYSTEM32\WINHTTP.dll
0x00007ffd9d020000 - 0x00007ffd9d08b000 	C:\WINDOWS\system32\mswsock.dll
0x00007ffd6d590000 - 0x00007ffd6d5a6000 	C:\Users\david\.vscode\extensions\redhat.java-1.54.0-win32-x64\jre\21.0.10-win32-x86_64\bin\nio.dll
0x00007ffd7b160000 - 0x00007ffd7b170000 	C:\Users\david\.vscode\extensions\redhat.java-1.54.0-win32-x64\jre\21.0.10-win32-x86_64\bin\verify.dll
0x00007ffd59a00000 - 0x00007ffd59a27000 	C:\Users\david\.gradle\native\660c5614fbf4a5f2a75b1949f50a0caf5cd603558e7d8a26e50b933a0cfb79d1\windows-amd64\native-platform.dll
0x00007ffd3b590000 - 0x00007ffd3b607000 	C:\Users\david\.gradle\native\0.2.8\x86_64-windows-gnu\gradle-fileevents.dll
0x00007ffd7adf0000 - 0x00007ffd7adfa000 	C:\Users\david\.vscode\extensions\redhat.java-1.54.0-win32-x64\jre\21.0.10-win32-x86_64\bin\management.dll
0x00007ffd79270000 - 0x00007ffd7927c000 	C:\Users\david\.vscode\extensions\redhat.java-1.54.0-win32-x64\jre\21.0.10-win32-x86_64\bin\management_ext.dll
0x00007ffda0990000 - 0x00007ffda0998000 	C:\WINDOWS\System32\PSAPI.DLL
0x00007ffd9c4c0000 - 0x00007ffd9c4f4000 	C:\WINDOWS\SYSTEM32\IPHLPAPI.DLL
0x00007ffd9e9a0000 - 0x00007ffd9e9aa000 	C:\WINDOWS\System32\NSI.dll
0x00007ffd7f770000 - 0x00007ffd7f779000 	C:\Users\david\.vscode\extensions\redhat.java-1.54.0-win32-x64\jre\21.0.10-win32-x86_64\bin\extnet.dll
0x00007ffd9d410000 - 0x00007ffd9d42b000 	C:\WINDOWS\SYSTEM32\CRYPTSP.dll
0x00007ffd9ca30000 - 0x00007ffd9ca6a000 	C:\WINDOWS\system32\rsaenh.dll
0x00007ffd9d0d0000 - 0x00007ffd9d0fb000 	C:\WINDOWS\SYSTEM32\USERENV.dll
0x00007ffd9dc40000 - 0x00007ffd9dc6a000 	C:\WINDOWS\SYSTEM32\bcrypt.dll
0x00007ffd9d270000 - 0x00007ffd9d27c000 	C:\WINDOWS\SYSTEM32\CRYPTBASE.dll
0x00007ffd85a00000 - 0x00007ffd85a0e000 	C:\Users\david\.vscode\extensions\redhat.java-1.54.0-win32-x64\jre\21.0.10-win32-x86_64\bin\sunmscapi.dll
0x00007ffd9e600000 - 0x00007ffd9e777000 	C:\WINDOWS\System32\CRYPT32.dll
0x00007ffd9d560000 - 0x00007ffd9d590000 	C:\WINDOWS\SYSTEM32\ncrypt.dll
0x00007ffd9d510000 - 0x00007ffd9d54f000 	C:\WINDOWS\SYSTEM32\NTASN1.dll
0x00007ffd82a00000 - 0x00007ffd82a08000 	C:\WINDOWS\system32\wshunix.dll

JVMTI agents:
C:\Users\david\.gradle\wrapper\dists\gradle-9.4.1-bin\arn2x92ynaizyzdaamcbpbhtj\gradle-9.4.1\lib\agents\gradle-instrumentation-agent-9.4.1.jar path:C:\Users\david\.vscode\extensions\redhat.java-1.54.0-win32-x64\jre\21.0.10-win32-x86_64\bin\instrument.dll, loaded, initialized, instrumentlib options:none

dbghelp: loaded successfully - version: 4.0.5 - missing functions: none
symbol engine: initialized successfully - sym options: 0x614 - pdb path: .;C:\Users\david\.vscode\extensions\redhat.java-1.54.0-win32-x64\jre\21.0.10-win32-x86_64\bin;C:\WINDOWS\SYSTEM32;C:\Program Files\Avast Software\Suite;C:\WINDOWS\WinSxS\amd64_microsoft.windows.common-controls_6595b64144ccf1df_6.0.26100.7019_none_3e06ffa0e335b8a8;C:\Users\david\.vscode\extensions\redhat.java-1.54.0-win32-x64\jre\21.0.10-win32-x86_64\bin\server;C:\Users\david\.gradle\native\660c5614fbf4a5f2a75b1949f50a0caf5cd603558e7d8a26e50b933a0cfb79d1\windows-amd64;C:\Users\david\.gradle\native\0.2.8\x86_64-windows-gnu

VM Arguments:
jvm_args: --add-opens=java.base/java.lang=ALL-UNNAMED --add-opens=java.base/java.lang.invoke=ALL-UNNAMED --add-opens=java.base/java.util=ALL-UNNAMED --add-opens=java.prefs/java.util.prefs=ALL-UNNAMED --add-exports=jdk.compiler/com.sun.tools.javac.api=ALL-UNNAMED --add-exports=jdk.compiler/com.sun.tools.javac.util=ALL-UNNAMED --add-opens=java.base/java.util=ALL-UNNAMED --add-opens=java.prefs/java.util.prefs=ALL-UNNAMED --add-opens=java.base/java.nio.charset=ALL-UNNAMED --add-opens=java.base/java.net=ALL-UNNAMED --add-opens=java.base/java.util.concurrent=ALL-UNNAMED --add-opens=java.base/java.util.concurrent.atomic=ALL-UNNAMED --add-opens=java.xml/javax.xml.namespace=ALL-UNNAMED --add-opens=java.base/java.time=ALL-UNNAMED -Xmx2048m -Dfile.encoding=UTF-8 -Duser.country=US -Duser.language=en -Duser.variant -javaagent:C:\Users\david\.gradle\wrapper\dists\gradle-9.4.1-bin\arn2x92ynaizyzdaamcbpbhtj\gradle-9.4.1\lib\agents\gradle-instrumentation-agent-9.4.1.jar 
java_command: org.gradle.launcher.daemon.bootstrap.GradleDaemon 9.4.1
java_class_path (initial): C:\Users\david\.gradle\wrapper\dists\gradle-9.4.1-bin\arn2x92ynaizyzdaamcbpbhtj\gradle-9.4.1\lib\gradle-daemon-main-9.4.1.jar
Launcher Type: SUN_STANDARD

[Global flags]
     intx CICompilerCount                          = 4                                         {product} {ergonomic}
     uint ConcGCThreads                            = 3                                         {product} {ergonomic}
     uint G1ConcRefinementThreads                  = 10                                        {product} {ergonomic}
   size_t G1HeapRegionSize                         = 1048576                                   {product} {ergonomic}
    uintx GCDrainStackTargetSize                   = 64                                        {product} {ergonomic}
   size_t InitialHeapSize                          = 264241152                                 {product} {ergonomic}
   size_t MarkStackSize                            = 4194304                                   {product} {ergonomic}
   size_t MaxHeapSize                              = 2147483648                                {product} {command line}
   size_t MaxNewSize                               = 1287651328                                {product} {ergonomic}
   size_t MinHeapDeltaBytes                        = 1048576                                   {product} {ergonomic}
   size_t MinHeapSize                              = 8388608                                   {product} {ergonomic}
    uintx NonNMethodCodeHeapSize                   = 5839372                                {pd product} {ergonomic}
    uintx NonProfiledCodeHeapSize                  = 122909434                              {pd product} {ergonomic}
    uintx ProfiledCodeHeapSize                     = 122909434                              {pd product} {ergonomic}
    uintx ReservedCodeCacheSize                    = 251658240                              {pd product} {ergonomic}
     bool SegmentedCodeCache                       = true                                      {product} {ergonomic}
   size_t SoftMaxHeapSize                          = 2147483648                             {manageable} {ergonomic}
     bool UseCompressedOops                        = true                           {product lp64_product} {ergonomic}
     bool UseG1GC                                  = true                                      {product} {ergonomic}
     bool UseLargePagesIndividualAllocation        = false                                  {pd product} {ergonomic}

Logging:
Log output configuration:
 #0: stdout all=warning uptime,level,tags foldmultilines=false
 #1: stderr all=off uptime,level,tags foldmultilines=false

Release file:
JAVA_VERSION="21.0.10" 
MODULES="java.base java.compiler java.datatransfer java.xml java.prefs java.desktop java.instrument java.logging java.management java.security.sasl java.naming java.rmi java.management.rmi java.net.http java.scripting java.security.jgss java.transaction.xa java.sql java.sql.rowset java.xml.crypto java.se java.smartcardio jdk.accessibility jdk.internal.jvmstat jdk.attach jdk.charsets jdk.internal.opt jdk.zipfs jdk.compiler jdk.crypto.ec jdk.crypto.cryptoki jdk.crypto.mscapi jdk.dynalink jdk.internal.ed jdk.editpad jdk.hotspot.agent jdk.httpserver jdk.internal.le jdk.internal.vm.ci jdk.internal.vm.compiler jdk.internal.vm.compiler.management jdk.jartool jdk.javadoc jdk.jcmd jdk.management jdk.management.agent jdk.jconsole jdk.jdeps jdk.jdwp.agent jdk.jdi jdk.jfr jdk.jshell jdk.jsobject jdk.jstatd jdk.localedata jdk.management.jfr jdk.naming.dns jdk.naming.rmi jdk.net jdk.nio.mapmode jdk.random jdk.sctp jdk.security.auth jdk.security.jgss jdk.unsupported jdk.unsupported.desktop jdk.xml.dom" 

Environment Variables:
PATH=C:\Program Files\Common Files\Oracle\Java\javapath;C:\Program Files (x86)\VMware\VMware Workstation\bin\;C:\WINDOWS\system32;C:\WINDOWS;C:\WINDOWS\System32\Wbem;C:\WINDOWS\System32\WindowsPowerShell\v1.0\;C:\WINDOWS\System32\OpenSSH\;C:\Program Files\Wolfram Research\WolframScript\;C:\Program Files\gs\gs10.04.0\bin;C:\Program Files\Git\cmd;C:\Program Files\MySQL\MySQL Server 8.0\bin;C:\Program Files\nodejs\;C:\Program Files\nodejs;C:\Users\david\OneDrive\Documents\Library system\genz-library\src;C:\composer;C:\Users\david\.local\bin;C:\Program Files\MySQL\MySQL Shell 8.0\bin\;C:\Users\david\AppData\Local\Programs\Python\Python312\Scripts\;C:\Users\david\AppData\Local\Programs\Python\Python312\;C:\Users\david\AppData\Local\Programs\Python\Launcher\;C:\Users\david\AppData\Local\Microsoft\WindowsApps;C:\Users\david\AppData\Local\Programs\Microsoft VS Code\bin;C:\MinGW\bin;C:\Program Files\gs\gs10.04.0\bin;C:\Program Files\Git;C:\ProgramData\david\GitHubDesktop\bin;C:\Users\david\AppData\Local\GitHubDesktop\bin;C:\Program Files\nodejs;C:\Users\david\Downloads\titanic.zip;C:\Users\david\AppData\Roaming\npm;C:\Users\david\OneDrive\Documents\Library system\genz-library;C:\Users\david\Downloads\php-8.5.2-nts-Win32-vs17-x64;C:\Users\david\AppData\Roaming\Composer\vendor\bin;C:\Users\david\OneDrive\Documents\WCT Semester2\php-8.5.2-nts-Win32-vs17-x64;C:\xampp\php;C:\Program Files\Android\Android Studio
USERNAME=david
OS=Windows_NT
PROCESSOR_IDENTIFIER=Intel64 Family 6 Model 141 Stepping 1, GenuineIntel
TMP=C:\Users\david\AppData\Local\Temp
TEMP=C:\Users\david\AppData\Local\Temp




Periodic native trim disabled

---------------  S Y S T E M  ---------------

OS:
 Windows 11 , 64 bit Build 26100 (10.0.26100.7019)
OS uptime: 1 days 17:18 hours
Hyper-V role detected

CPU: total 12 (initial active 12) (6 cores per cpu, 2 threads per core) family 6 model 141 stepping 1 microcode 0x34, cx8, cmov, fxsr, ht, mmx, 3dnowpref, sse, sse2, sse3, ssse3, sse4.1, sse4.2, popcnt, lzcnt, tsc, tscinvbit, avx, avx2, aes, erms, clmul, bmi1, bmi2, adx, avx512f, avx512dq, avx512cd, avx512bw, avx512vl, sha, fma, vzeroupper, avx512_vpopcntdq, avx512_vpclmulqdq, avx512_vaes, avx512_vnni, clflush, clflushopt, clwb, avx512_vbmi2, avx512_vbmi, hv, rdtscp, rdpid, fsrm, gfni, avx512_bitalg, f16c, cet_ibt, cet_ss, avx512_ifma
Processor Information for the first 12 processors :
  Max Mhz: 2688, Current Mhz: 2688, Mhz Limit: 2688

Memory: 4k page, system-wide physical 16085M (3209M free)
TotalPageFile size 18133M (AvailPageFile size 25M)
current process WorkingSet (physical memory assigned to process): 392M, peak: 414M
current process commit charge ("private bytes"): 432M, peak: 484M

vm_info: OpenJDK 64-Bit Server VM (21.0.10+7-LTS) for windows-amd64 JRE (21.0.10+7-LTS), built on 2026-01-20T00:00:00Z by "admin" with MS VC++ 17.12 (VS2022)

END.
