#
# There is insufficient memory for the Java Runtime Environment to continue.
# Native memory allocation (malloc) failed to allocate 1939856 bytes. Error detail: Chunk::new
# Possible reasons:
#   The system is out of physical RAM or swap space
#   This process is running with CompressedOops enabled, and the Java Heap may be blocking the growth of the native heap
# Possible solutions:
#   Reduce memory load on the system
#   Increase physical memory or swap space
#   Check if swap backing store is full
#   Decrease Java heap size (-Xmx/-Xms)
#   Decrease number of Java threads
#   Decrease Java thread stack sizes (-Xss)
#   Set larger code cache with -XX:ReservedCodeCacheSize=
#   JVM is running with Unscaled Compressed Oops mode in which the Java heap is
#     placed in the first 4GB address space. The Java Heap base address is the
#     maximum limit for the native heap growth. Please use -XX:HeapBaseMinAddress
#     to set the Java Heap base and to place the Java Heap above 4GB virtual address.
# This output file may be truncated or incomplete.
#
#  Out of Memory Error (arena.cpp:168), pid=16536, tid=18544
#
# JRE version: OpenJDK Runtime Environment Temurin-21.0.10+7 (21.0.10+7) (build 21.0.10+7-LTS)
# Java VM: OpenJDK 64-Bit Server VM Temurin-21.0.10+7 (21.0.10+7-LTS, mixed mode, sharing, tiered, compressed oops, compressed class ptrs, g1 gc, windows-amd64)
# No core dump will be written. Minidumps are not enabled by default on client versions of Windows
#

---------------  S U M M A R Y ------------

Command Line: --add-opens=java.base/java.lang=ALL-UNNAMED --add-opens=java.base/java.lang.invoke=ALL-UNNAMED --add-opens=java.base/java.util=ALL-UNNAMED --add-opens=java.prefs/java.util.prefs=ALL-UNNAMED --add-exports=jdk.compiler/com.sun.tools.javac.api=ALL-UNNAMED --add-exports=jdk.compiler/com.sun.tools.javac.util=ALL-UNNAMED --add-opens=java.base/java.util=ALL-UNNAMED --add-opens=java.prefs/java.util.prefs=ALL-UNNAMED --add-opens=java.base/java.nio.charset=ALL-UNNAMED --add-opens=java.base/java.net=ALL-UNNAMED --add-opens=java.base/java.util.concurrent=ALL-UNNAMED --add-opens=java.base/java.util.concurrent.atomic=ALL-UNNAMED --add-opens=java.xml/javax.xml.namespace=ALL-UNNAMED --add-opens=java.base/java.time=ALL-UNNAMED -Xmx2048m -Dfile.encoding=UTF-8 -Duser.country=US -Duser.language=en -Duser.variant -javaagent:C:\Users\david\.gradle\wrapper\dists\gradle-9.4.1-bin\arn2x92ynaizyzdaamcbpbhtj\gradle-9.4.1\lib\agents\gradle-instrumentation-agent-9.4.1.jar org.gradle.launcher.daemon.bootstrap.GradleDaemon 9.4.1

Host: 11th Gen Intel(R) Core(TM) i5-11400H @ 2.70GHz, 12 cores, 15G,  Windows 11 , 64 bit Build 26100 (10.0.26100.7019)
Time: Thu Jun  4 14:50:52 2026 SE Asia Standard Time elapsed time: 12.233734 seconds (0d 0h 0m 12s)

---------------  T H R E A D  ---------------

Current thread (0x000001ff62726640):  JavaThread "C2 CompilerThread0" daemon [_thread_in_native, id=18544, stack(0x000000301f400000,0x000000301f500000) (1024K)]


Current CompileTask:
C2:12233 2652   !   4       java.lang.ClassLoader::loadClass (121 bytes)

Stack: [0x000000301f400000,0x000000301f500000]
Native frames: (J=compiled Java code, j=interpreted, Vv=VM code, C=native code)
V  [jvm.dll+0x6d7a39]
V  [jvm.dll+0x8b4b26]
V  [jvm.dll+0x8b70de]
V  [jvm.dll+0x8b77c3]
V  [jvm.dll+0x284346]
V  [jvm.dll+0xc66ed]
V  [jvm.dll+0xc6c31]
V  [jvm.dll+0x3bec01]
V  [jvm.dll+0x38b162]
V  [jvm.dll+0x38a5aa]
V  [jvm.dll+0x24c560]
V  [jvm.dll+0x24bb40]
V  [jvm.dll+0x1cb34e]
V  [jvm.dll+0x25b85d]
V  [jvm.dll+0x259dea]
V  [jvm.dll+0x3f857e]
V  [jvm.dll+0x85f59d]
V  [jvm.dll+0x6d626d]
C  [ucrtbase.dll+0x37b0]
C  [KERNEL32.DLL+0x2e8d7]
C  [ntdll.dll+0x8c53c]


---------------  P R O C E S S  ---------------

Threads class SMR info:
_java_thread_list=0x000001ff6a568af0, length=25, elements={
0x000001ff4b3c67f0, 0x000001ff627129f0, 0x000001ff62713450, 0x000001ff627164b0,
0x000001ff627192d0, 0x000001ff6271bd40, 0x000001ff6271ca50, 0x000001ff62726640,
0x000001ff6305a520, 0x000001ff6271de00, 0x000001ff6271d0e0, 0x000001ff6271eb20,
0x000001ff6271f840, 0x000001ff6271d770, 0x000001ff6271fed0, 0x000001ff69a6dc60,
0x000001ff69a6b500, 0x000001ff69a6ae70, 0x000001ff69a6e980, 0x000001ff69a6f010,
0x000001ff69a6bb90, 0x000001ff69a6d5d0, 0x000001ff69a6e2f0, 0x000001ff69a6f6a0,
0x000001ff6b1c04a0
}

Java Threads: ( => current thread )
  0x000001ff4b3c67f0 JavaThread "main"                              [_thread_blocked, id=17308, stack(0x000000301e600000,0x000000301e700000) (1024K)]
  0x000001ff627129f0 JavaThread "Reference Handler"          daemon [_thread_blocked, id=19604, stack(0x000000301ee00000,0x000000301ef00000) (1024K)]
  0x000001ff62713450 JavaThread "Finalizer"                  daemon [_thread_blocked, id=19688, stack(0x000000301ef00000,0x000000301f000000) (1024K)]
  0x000001ff627164b0 JavaThread "Signal Dispatcher"          daemon [_thread_blocked, id=2024, stack(0x000000301f000000,0x000000301f100000) (1024K)]
  0x000001ff627192d0 JavaThread "Attach Listener"            daemon [_thread_blocked, id=20272, stack(0x000000301f100000,0x000000301f200000) (1024K)]
  0x000001ff6271bd40 JavaThread "Service Thread"             daemon [_thread_blocked, id=14096, stack(0x000000301f200000,0x000000301f300000) (1024K)]
  0x000001ff6271ca50 JavaThread "Monitor Deflation Thread"   daemon [_thread_blocked, id=10756, stack(0x000000301f300000,0x000000301f400000) (1024K)]
=>0x000001ff62726640 JavaThread "C2 CompilerThread0"         daemon [_thread_in_native, id=18544, stack(0x000000301f400000,0x000000301f500000) (1024K)]
  0x000001ff6305a520 JavaThread "C1 CompilerThread0"         daemon [_thread_blocked, id=22064, stack(0x000000301f500000,0x000000301f600000) (1024K)]
  0x000001ff6271de00 JavaThread "Common-Cleaner"             daemon [_thread_blocked, id=14132, stack(0x000000301f600000,0x000000301f700000) (1024K)]
  0x000001ff6271d0e0 JavaThread "Notification Thread"        daemon [_thread_blocked, id=15596, stack(0x000000301f700000,0x000000301f800000) (1024K)]
  0x000001ff6271eb20 JavaThread "Daemon health stats"               [_thread_blocked, id=17108, stack(0x000000301fe00000,0x000000301ff00000) (1024K)]
  0x000001ff6271f840 JavaThread "Incoming local TCP Connector on port 54850"        [_thread_in_native, id=18460, stack(0x000000301ff00000,0x0000003020000000) (1024K)]
  0x000001ff6271d770 JavaThread "Daemon periodic checks"            [_thread_blocked, id=312, stack(0x0000003020000000,0x0000003020100000) (1024K)]
  0x000001ff6271fed0 JavaThread "Daemon"                            [_thread_blocked, id=13808, stack(0x0000003020100000,0x0000003020200000) (1024K)]
  0x000001ff69a6dc60 JavaThread "Handler for socket connection from /127.0.0.1:54850 to /127.0.0.1:54851"        [_thread_in_native, id=16488, stack(0x0000003020200000,0x0000003020300000) (1024K)]
  0x000001ff69a6b500 JavaThread "Cancel handler"                    [_thread_blocked, id=14260, stack(0x0000003020300000,0x0000003020400000) (1024K)]
  0x000001ff69a6ae70 JavaThread "Daemon worker"                     [_thread_in_vm, id=24172, stack(0x0000003020400000,0x0000003020500000) (1024K)]
  0x000001ff69a6e980 JavaThread "Asynchronous log dispatcher for DefaultDaemonConnection: socket connection from /127.0.0.1:54850 to /127.0.0.1:54851"        [_thread_blocked, id=22580, stack(0x0000003020500000,0x0000003020600000) (1024K)]
  0x000001ff69a6f010 JavaThread "Stdin handler"                     [_thread_blocked, id=9488, stack(0x0000003020600000,0x0000003020700000) (1024K)]
  0x000001ff69a6bb90 JavaThread "Daemon client event forwarder"        [_thread_blocked, id=20792, stack(0x0000003020700000,0x0000003020800000) (1024K)]
  0x000001ff69a6d5d0 JavaThread "Cache worker for journal cache (C:\Users\david\.gradle\caches\journal-1)"        [_thread_blocked, id=1532, stack(0x000000301f800000,0x000000301f900000) (1024K)]
  0x000001ff69a6e2f0 JavaThread "File lock request listener"        [_thread_in_native, id=13336, stack(0x0000003020800000,0x0000003020900000) (1024K)]
  0x000001ff69a6f6a0 JavaThread "Cache worker for file hash cache (C:\Users\david\.gradle\caches\9.4.1\fileHashes)"        [_thread_blocked, id=2488, stack(0x0000003020900000,0x0000003020a00000) (1024K)]
  0x000001ff6b1c04a0 JavaThread "C2 CompilerThread1"         daemon [_thread_blocked, id=25676, stack(0x0000003020a00000,0x0000003020b00000) (1024K)]
Total: 25

Other Threads:
  0x000001ff626f6880 VMThread "VM Thread"                           [id=9448, stack(0x000000301ed00000,0x000000301ee00000) (1024K)]
  0x000001ff63040740 WatcherThread "VM Periodic Task Thread"        [id=23332, stack(0x000000301ec00000,0x000000301ed00000) (1024K)]
  0x000001ff4b420f50 WorkerThread "GC Thread#0"                     [id=20380, stack(0x000000301e700000,0x000000301e800000) (1024K)]
  0x000001ff6843a940 WorkerThread "GC Thread#1"                     [id=15088, stack(0x000000301f900000,0x000000301fa00000) (1024K)]
  0x000001ff6843acf0 WorkerThread "GC Thread#2"                     [id=7164, stack(0x000000301fa00000,0x000000301fb00000) (1024K)]
  0x000001ff6832b0e0 WorkerThread "GC Thread#3"                     [id=8884, stack(0x000000301fb00000,0x000000301fc00000) (1024K)]
  0x000001ff6832b860 WorkerThread "GC Thread#4"                     [id=25208, stack(0x000000301fc00000,0x000000301fd00000) (1024K)]
  0x000001ff6832bfe0 WorkerThread "GC Thread#5"                     [id=16796, stack(0x000000301fd00000,0x000000301fe00000) (1024K)]
  0x000001ff4b431e50 ConcurrentGCThread "G1 Main Marker"            [id=19432, stack(0x000000301e800000,0x000000301e900000) (1024K)]
  0x000001ff4b434d40 WorkerThread "G1 Conc#0"                       [id=2352, stack(0x000000301e900000,0x000000301ea00000) (1024K)]
  0x000001ff62638da0 ConcurrentGCThread "G1 Refine#0"               [id=13740, stack(0x000000301ea00000,0x000000301eb00000) (1024K)]
  0x000001ff626395d0 ConcurrentGCThread "G1 Service"                [id=24716, stack(0x000000301eb00000,0x000000301ec00000) (1024K)]
Total: 12

Threads with active compile tasks:
C2 CompilerThread0  12281 2652   !   4       java.lang.ClassLoader::loadClass (121 bytes)
Total: 1

VM state: not at safepoint (normal execution)

VM Mutex/Monitor currently owned by a thread: None

Heap address: 0x0000000080000000, size: 2048 MB, Compressed Oops mode: 32-bit

CDS archive(s) mapped at: [0x000001ff00000000-0x000001ff00ba0000-0x000001ff00ba0000), size 12189696, SharedBaseAddress: 0x000001ff00000000, ArchiveRelocationMode: 1.
Compressed class space mapped at: 0x000001ff01000000-0x000001ff41000000, reserved size: 1073741824
Narrow klass base: 0x000001ff00000000, Narrow klass shift: 0, Narrow klass range: 0x100000000

GC Precious Log:
 CardTable entry size: 512
 Card Set container configuration: InlinePtr #cards 5 size 8 Array Of Cards #cards 12 size 40 Howl #buckets 4 coarsen threshold 1843 Howl Bitmap #cards 512 size 80 coarsen threshold 460 Card regions per heap region 1 cards per card region 2048
 CPUs: 12 total, 12 available
 Memory: 16085M
 Large Page Support: Disabled
 NUMA Support: Disabled
 Compressed Oops: Enabled (32-bit)
 Heap Region Size: 1M
 Heap Min Capacity: 8M
 Heap Initial Capacity: 252M
 Heap Max Capacity: 2G
 Pre-touch: Disabled
 Parallel Workers: 10
 Concurrent Workers: 3
 Concurrent Refinement Workers: 10
 Periodic GC: Disabled

Heap:
 garbage-first heap   total 258048K, used 91802K [0x0000000080000000, 0x0000000100000000)
  region size 1024K, 79 young (80896K), 4 survivors (4096K)
 Metaspace       used 16676K, committed 17216K, reserved 1114112K
  class space    used 2317K, committed 2560K, reserved 1048576K

Heap Regions: E=young(eden), S=young(survivor), O=old, HS=humongous(starts), HC=humongous(continues), CS=collection set, F=free, TAMS=top-at-mark-start, PB=parsable bottom
|   0|0x0000000080000000, 0x0000000080100000, 0x0000000080100000|100%|HS|  |TAMS 0x0000000080000000| PB 0x0000000080000000| Complete 
|   1|0x0000000080100000, 0x0000000080200000, 0x0000000080200000|100%|HC|  |TAMS 0x0000000080100000| PB 0x0000000080100000| Complete 
|   2|0x0000000080200000, 0x0000000080300000, 0x0000000080300000|100%|HC|  |TAMS 0x0000000080200000| PB 0x0000000080200000| Complete 
|   3|0x0000000080300000, 0x0000000080400000, 0x0000000080400000|100%|HC|  |TAMS 0x0000000080300000| PB 0x0000000080300000| Complete 
|   4|0x0000000080400000, 0x0000000080500000, 0x0000000080500000|100%| O|  |TAMS 0x0000000080400000| PB 0x0000000080400000| Untracked 
|   5|0x0000000080500000, 0x0000000080600000, 0x0000000080600000|100%| O|  |TAMS 0x0000000080500000| PB 0x0000000080500000| Untracked 
|   6|0x0000000080600000, 0x0000000080700000, 0x0000000080700000|100%| O|  |TAMS 0x0000000080600000| PB 0x0000000080600000| Untracked 
|   7|0x0000000080700000, 0x0000000080800000, 0x0000000080800000|100%| O|  |TAMS 0x0000000080700000| PB 0x0000000080700000| Untracked 
|   8|0x0000000080800000, 0x0000000080900000, 0x0000000080900000|100%|HS|  |TAMS 0x0000000080800000| PB 0x0000000080800000| Complete 
|   9|0x0000000080900000, 0x0000000080900000, 0x0000000080a00000|  0%| F|  |TAMS 0x0000000080900000| PB 0x0000000080900000| Untracked 
|  10|0x0000000080a00000, 0x0000000080b00000, 0x0000000080b00000|100%| O|  |TAMS 0x0000000080a00000| PB 0x0000000080a00000| Untracked 
|  11|0x0000000080b00000, 0x0000000080c00000, 0x0000000080c00000|100%| O|  |TAMS 0x0000000080b00000| PB 0x0000000080b00000| Untracked 
|  12|0x0000000080c00000, 0x0000000080cbb0d8, 0x0000000080d00000| 73%| O|  |TAMS 0x0000000080c00000| PB 0x0000000080c00000| Untracked 
|  13|0x0000000080d00000, 0x0000000080d00000, 0x0000000080e00000|  0%| F|  |TAMS 0x0000000080d00000| PB 0x0000000080d00000| Untracked 
|  14|0x0000000080e00000, 0x0000000080e00000, 0x0000000080f00000|  0%| F|  |TAMS 0x0000000080e00000| PB 0x0000000080e00000| Untracked 
|  15|0x0000000080f00000, 0x0000000080f00000, 0x0000000081000000|  0%| F|  |TAMS 0x0000000080f00000| PB 0x0000000080f00000| Untracked 
|  16|0x0000000081000000, 0x0000000081000000, 0x0000000081100000|  0%| F|  |TAMS 0x0000000081000000| PB 0x0000000081000000| Untracked 
|  17|0x0000000081100000, 0x0000000081100000, 0x0000000081200000|  0%| F|  |TAMS 0x0000000081100000| PB 0x0000000081100000| Untracked 
|  18|0x0000000081200000, 0x0000000081200000, 0x0000000081300000|  0%| F|  |TAMS 0x0000000081200000| PB 0x0000000081200000| Untracked 
|  19|0x0000000081300000, 0x0000000081300000, 0x0000000081400000|  0%| F|  |TAMS 0x0000000081300000| PB 0x0000000081300000| Untracked 
|  20|0x0000000081400000, 0x0000000081400000, 0x0000000081500000|  0%| F|  |TAMS 0x0000000081400000| PB 0x0000000081400000| Untracked 
|  21|0x0000000081500000, 0x0000000081500000, 0x0000000081600000|  0%| F|  |TAMS 0x0000000081500000| PB 0x0000000081500000| Untracked 
|  22|0x0000000081600000, 0x0000000081600000, 0x0000000081700000|  0%| F|  |TAMS 0x0000000081600000| PB 0x0000000081600000| Untracked 
|  23|0x0000000081700000, 0x0000000081700000, 0x0000000081800000|  0%| F|  |TAMS 0x0000000081700000| PB 0x0000000081700000| Untracked 
|  24|0x0000000081800000, 0x0000000081800000, 0x0000000081900000|  0%| F|  |TAMS 0x0000000081800000| PB 0x0000000081800000| Untracked 
|  25|0x0000000081900000, 0x0000000081900000, 0x0000000081a00000|  0%| F|  |TAMS 0x0000000081900000| PB 0x0000000081900000| Untracked 
|  26|0x0000000081a00000, 0x0000000081a00000, 0x0000000081b00000|  0%| F|  |TAMS 0x0000000081a00000| PB 0x0000000081a00000| Untracked 
|  27|0x0000000081b00000, 0x0000000081b00000, 0x0000000081c00000|  0%| F|  |TAMS 0x0000000081b00000| PB 0x0000000081b00000| Untracked 
|  28|0x0000000081c00000, 0x0000000081c00000, 0x0000000081d00000|  0%| F|  |TAMS 0x0000000081c00000| PB 0x0000000081c00000| Untracked 
|  29|0x0000000081d00000, 0x0000000081d00000, 0x0000000081e00000|  0%| F|  |TAMS 0x0000000081d00000| PB 0x0000000081d00000| Untracked 
|  30|0x0000000081e00000, 0x0000000081e00000, 0x0000000081f00000|  0%| F|  |TAMS 0x0000000081e00000| PB 0x0000000081e00000| Untracked 
|  31|0x0000000081f00000, 0x0000000081f00000, 0x0000000082000000|  0%| F|  |TAMS 0x0000000081f00000| PB 0x0000000081f00000| Untracked 
|  32|0x0000000082000000, 0x0000000082000000, 0x0000000082100000|  0%| F|  |TAMS 0x0000000082000000| PB 0x0000000082000000| Untracked 
|  33|0x0000000082100000, 0x0000000082100000, 0x0000000082200000|  0%| F|  |TAMS 0x0000000082100000| PB 0x0000000082100000| Untracked 
|  34|0x0000000082200000, 0x0000000082200000, 0x0000000082300000|  0%| F|  |TAMS 0x0000000082200000| PB 0x0000000082200000| Untracked 
|  35|0x0000000082300000, 0x0000000082300000, 0x0000000082400000|  0%| F|  |TAMS 0x0000000082300000| PB 0x0000000082300000| Untracked 
|  36|0x0000000082400000, 0x0000000082400000, 0x0000000082500000|  0%| F|  |TAMS 0x0000000082400000| PB 0x0000000082400000| Untracked 
|  37|0x0000000082500000, 0x0000000082500000, 0x0000000082600000|  0%| F|  |TAMS 0x0000000082500000| PB 0x0000000082500000| Untracked 
|  38|0x0000000082600000, 0x0000000082600000, 0x0000000082700000|  0%| F|  |TAMS 0x0000000082600000| PB 0x0000000082600000| Untracked 
|  39|0x0000000082700000, 0x0000000082700000, 0x0000000082800000|  0%| F|  |TAMS 0x0000000082700000| PB 0x0000000082700000| Untracked 
|  40|0x0000000082800000, 0x0000000082800000, 0x0000000082900000|  0%| F|  |TAMS 0x0000000082800000| PB 0x0000000082800000| Untracked 
|  41|0x0000000082900000, 0x0000000082900000, 0x0000000082a00000|  0%| F|  |TAMS 0x0000000082900000| PB 0x0000000082900000| Untracked 
|  42|0x0000000082a00000, 0x0000000082a00000, 0x0000000082b00000|  0%| F|  |TAMS 0x0000000082a00000| PB 0x0000000082a00000| Untracked 
|  43|0x0000000082b00000, 0x0000000082b00000, 0x0000000082c00000|  0%| F|  |TAMS 0x0000000082b00000| PB 0x0000000082b00000| Untracked 
|  44|0x0000000082c00000, 0x0000000082c00000, 0x0000000082d00000|  0%| F|  |TAMS 0x0000000082c00000| PB 0x0000000082c00000| Untracked 
|  45|0x0000000082d00000, 0x0000000082d00000, 0x0000000082e00000|  0%| F|  |TAMS 0x0000000082d00000| PB 0x0000000082d00000| Untracked 
|  46|0x0000000082e00000, 0x0000000082e00000, 0x0000000082f00000|  0%| F|  |TAMS 0x0000000082e00000| PB 0x0000000082e00000| Untracked 
|  47|0x0000000082f00000, 0x0000000082f00000, 0x0000000083000000|  0%| F|  |TAMS 0x0000000082f00000| PB 0x0000000082f00000| Untracked 
|  48|0x0000000083000000, 0x0000000083000000, 0x0000000083100000|  0%| F|  |TAMS 0x0000000083000000| PB 0x0000000083000000| Untracked 
|  49|0x0000000083100000, 0x0000000083100000, 0x0000000083200000|  0%| F|  |TAMS 0x0000000083100000| PB 0x0000000083100000| Untracked 
|  50|0x0000000083200000, 0x0000000083200000, 0x0000000083300000|  0%| F|  |TAMS 0x0000000083200000| PB 0x0000000083200000| Untracked 
|  51|0x0000000083300000, 0x0000000083300000, 0x0000000083400000|  0%| F|  |TAMS 0x0000000083300000| PB 0x0000000083300000| Untracked 
|  52|0x0000000083400000, 0x0000000083400000, 0x0000000083500000|  0%| F|  |TAMS 0x0000000083400000| PB 0x0000000083400000| Untracked 
|  53|0x0000000083500000, 0x0000000083500000, 0x0000000083600000|  0%| F|  |TAMS 0x0000000083500000| PB 0x0000000083500000| Untracked 
|  54|0x0000000083600000, 0x0000000083600000, 0x0000000083700000|  0%| F|  |TAMS 0x0000000083600000| PB 0x0000000083600000| Untracked 
|  55|0x0000000083700000, 0x0000000083700000, 0x0000000083800000|  0%| F|  |TAMS 0x0000000083700000| PB 0x0000000083700000| Untracked 
|  56|0x0000000083800000, 0x0000000083800000, 0x0000000083900000|  0%| F|  |TAMS 0x0000000083800000| PB 0x0000000083800000| Untracked 
|  57|0x0000000083900000, 0x0000000083900000, 0x0000000083a00000|  0%| F|  |TAMS 0x0000000083900000| PB 0x0000000083900000| Untracked 
|  58|0x0000000083a00000, 0x0000000083a00000, 0x0000000083b00000|  0%| F|  |TAMS 0x0000000083a00000| PB 0x0000000083a00000| Untracked 
|  59|0x0000000083b00000, 0x0000000083b00000, 0x0000000083c00000|  0%| F|  |TAMS 0x0000000083b00000| PB 0x0000000083b00000| Untracked 
|  60|0x0000000083c00000, 0x0000000083c00000, 0x0000000083d00000|  0%| F|  |TAMS 0x0000000083c00000| PB 0x0000000083c00000| Untracked 
|  61|0x0000000083d00000, 0x0000000083d00000, 0x0000000083e00000|  0%| F|  |TAMS 0x0000000083d00000| PB 0x0000000083d00000| Untracked 
|  62|0x0000000083e00000, 0x0000000083e00000, 0x0000000083f00000|  0%| F|  |TAMS 0x0000000083e00000| PB 0x0000000083e00000| Untracked 
|  63|0x0000000083f00000, 0x0000000083f00000, 0x0000000084000000|  0%| F|  |TAMS 0x0000000083f00000| PB 0x0000000083f00000| Untracked 
|  64|0x0000000084000000, 0x0000000084000000, 0x0000000084100000|  0%| F|  |TAMS 0x0000000084000000| PB 0x0000000084000000| Untracked 
|  65|0x0000000084100000, 0x0000000084100000, 0x0000000084200000|  0%| F|  |TAMS 0x0000000084100000| PB 0x0000000084100000| Untracked 
|  66|0x0000000084200000, 0x0000000084200000, 0x0000000084300000|  0%| F|  |TAMS 0x0000000084200000| PB 0x0000000084200000| Untracked 
|  67|0x0000000084300000, 0x0000000084300000, 0x0000000084400000|  0%| F|  |TAMS 0x0000000084300000| PB 0x0000000084300000| Untracked 
|  68|0x0000000084400000, 0x0000000084400000, 0x0000000084500000|  0%| F|  |TAMS 0x0000000084400000| PB 0x0000000084400000| Untracked 
|  69|0x0000000084500000, 0x0000000084500000, 0x0000000084600000|  0%| F|  |TAMS 0x0000000084500000| PB 0x0000000084500000| Untracked 
|  70|0x0000000084600000, 0x0000000084600000, 0x0000000084700000|  0%| F|  |TAMS 0x0000000084600000| PB 0x0000000084600000| Untracked 
|  71|0x0000000084700000, 0x0000000084700000, 0x0000000084800000|  0%| F|  |TAMS 0x0000000084700000| PB 0x0000000084700000| Untracked 
|  72|0x0000000084800000, 0x0000000084800000, 0x0000000084900000|  0%| F|  |TAMS 0x0000000084800000| PB 0x0000000084800000| Untracked 
|  73|0x0000000084900000, 0x0000000084900000, 0x0000000084a00000|  0%| F|  |TAMS 0x0000000084900000| PB 0x0000000084900000| Untracked 
|  74|0x0000000084a00000, 0x0000000084a00000, 0x0000000084b00000|  0%| F|  |TAMS 0x0000000084a00000| PB 0x0000000084a00000| Untracked 
|  75|0x0000000084b00000, 0x0000000084b00000, 0x0000000084c00000|  0%| F|  |TAMS 0x0000000084b00000| PB 0x0000000084b00000| Untracked 
|  76|0x0000000084c00000, 0x0000000084c00000, 0x0000000084d00000|  0%| F|  |TAMS 0x0000000084c00000| PB 0x0000000084c00000| Untracked 
|  77|0x0000000084d00000, 0x0000000084d00000, 0x0000000084e00000|  0%| F|  |TAMS 0x0000000084d00000| PB 0x0000000084d00000| Untracked 
|  78|0x0000000084e00000, 0x0000000084e00000, 0x0000000084f00000|  0%| F|  |TAMS 0x0000000084e00000| PB 0x0000000084e00000| Untracked 
|  79|0x0000000084f00000, 0x0000000084f00000, 0x0000000085000000|  0%| F|  |TAMS 0x0000000084f00000| PB 0x0000000084f00000| Untracked 
|  80|0x0000000085000000, 0x0000000085000000, 0x0000000085100000|  0%| F|  |TAMS 0x0000000085000000| PB 0x0000000085000000| Untracked 
|  81|0x0000000085100000, 0x0000000085100000, 0x0000000085200000|  0%| F|  |TAMS 0x0000000085100000| PB 0x0000000085100000| Untracked 
|  82|0x0000000085200000, 0x0000000085200000, 0x0000000085300000|  0%| F|  |TAMS 0x0000000085200000| PB 0x0000000085200000| Untracked 
|  83|0x0000000085300000, 0x0000000085300000, 0x0000000085400000|  0%| F|  |TAMS 0x0000000085300000| PB 0x0000000085300000| Untracked 
|  84|0x0000000085400000, 0x0000000085400000, 0x0000000085500000|  0%| F|  |TAMS 0x0000000085400000| PB 0x0000000085400000| Untracked 
|  85|0x0000000085500000, 0x0000000085500000, 0x0000000085600000|  0%| F|  |TAMS 0x0000000085500000| PB 0x0000000085500000| Untracked 
|  86|0x0000000085600000, 0x0000000085600000, 0x0000000085700000|  0%| F|  |TAMS 0x0000000085600000| PB 0x0000000085600000| Untracked 
|  87|0x0000000085700000, 0x0000000085700000, 0x0000000085800000|  0%| F|  |TAMS 0x0000000085700000| PB 0x0000000085700000| Untracked 
|  88|0x0000000085800000, 0x0000000085800000, 0x0000000085900000|  0%| F|  |TAMS 0x0000000085800000| PB 0x0000000085800000| Untracked 
|  89|0x0000000085900000, 0x0000000085900000, 0x0000000085a00000|  0%| F|  |TAMS 0x0000000085900000| PB 0x0000000085900000| Untracked 
|  90|0x0000000085a00000, 0x0000000085a00000, 0x0000000085b00000|  0%| F|  |TAMS 0x0000000085a00000| PB 0x0000000085a00000| Untracked 
|  91|0x0000000085b00000, 0x0000000085b00000, 0x0000000085c00000|  0%| F|  |TAMS 0x0000000085b00000| PB 0x0000000085b00000| Untracked 
|  92|0x0000000085c00000, 0x0000000085c00000, 0x0000000085d00000|  0%| F|  |TAMS 0x0000000085c00000| PB 0x0000000085c00000| Untracked 
|  93|0x0000000085d00000, 0x0000000085d00000, 0x0000000085e00000|  0%| F|  |TAMS 0x0000000085d00000| PB 0x0000000085d00000| Untracked 
|  94|0x0000000085e00000, 0x0000000085e00000, 0x0000000085f00000|  0%| F|  |TAMS 0x0000000085e00000| PB 0x0000000085e00000| Untracked 
|  95|0x0000000085f00000, 0x0000000085f00000, 0x0000000086000000|  0%| F|  |TAMS 0x0000000085f00000| PB 0x0000000085f00000| Untracked 
|  96|0x0000000086000000, 0x0000000086000000, 0x0000000086100000|  0%| F|  |TAMS 0x0000000086000000| PB 0x0000000086000000| Untracked 
|  97|0x0000000086100000, 0x0000000086100000, 0x0000000086200000|  0%| F|  |TAMS 0x0000000086100000| PB 0x0000000086100000| Untracked 
|  98|0x0000000086200000, 0x0000000086200000, 0x0000000086300000|  0%| F|  |TAMS 0x0000000086200000| PB 0x0000000086200000| Untracked 
|  99|0x0000000086300000, 0x0000000086300000, 0x0000000086400000|  0%| F|  |TAMS 0x0000000086300000| PB 0x0000000086300000| Untracked 
| 100|0x0000000086400000, 0x0000000086400000, 0x0000000086500000|  0%| F|  |TAMS 0x0000000086400000| PB 0x0000000086400000| Untracked 
| 101|0x0000000086500000, 0x0000000086500000, 0x0000000086600000|  0%| F|  |TAMS 0x0000000086500000| PB 0x0000000086500000| Untracked 
| 102|0x0000000086600000, 0x0000000086600000, 0x0000000086700000|  0%| F|  |TAMS 0x0000000086600000| PB 0x0000000086600000| Untracked 
| 103|0x0000000086700000, 0x0000000086700000, 0x0000000086800000|  0%| F|  |TAMS 0x0000000086700000| PB 0x0000000086700000| Untracked 
| 104|0x0000000086800000, 0x0000000086800000, 0x0000000086900000|  0%| F|  |TAMS 0x0000000086800000| PB 0x0000000086800000| Untracked 
| 105|0x0000000086900000, 0x0000000086900000, 0x0000000086a00000|  0%| F|  |TAMS 0x0000000086900000| PB 0x0000000086900000| Untracked 
| 106|0x0000000086a00000, 0x0000000086a00000, 0x0000000086b00000|  0%| F|  |TAMS 0x0000000086a00000| PB 0x0000000086a00000| Untracked 
| 107|0x0000000086b00000, 0x0000000086b00000, 0x0000000086c00000|  0%| F|  |TAMS 0x0000000086b00000| PB 0x0000000086b00000| Untracked 
| 108|0x0000000086c00000, 0x0000000086c00000, 0x0000000086d00000|  0%| F|  |TAMS 0x0000000086c00000| PB 0x0000000086c00000| Untracked 
| 109|0x0000000086d00000, 0x0000000086d00000, 0x0000000086e00000|  0%| F|  |TAMS 0x0000000086d00000| PB 0x0000000086d00000| Untracked 
| 110|0x0000000086e00000, 0x0000000086e00000, 0x0000000086f00000|  0%| F|  |TAMS 0x0000000086e00000| PB 0x0000000086e00000| Untracked 
| 111|0x0000000086f00000, 0x0000000086f00000, 0x0000000087000000|  0%| F|  |TAMS 0x0000000086f00000| PB 0x0000000086f00000| Untracked 
| 112|0x0000000087000000, 0x0000000087000000, 0x0000000087100000|  0%| F|  |TAMS 0x0000000087000000| PB 0x0000000087000000| Untracked 
| 113|0x0000000087100000, 0x0000000087100000, 0x0000000087200000|  0%| F|  |TAMS 0x0000000087100000| PB 0x0000000087100000| Untracked 
| 114|0x0000000087200000, 0x0000000087200000, 0x0000000087300000|  0%| F|  |TAMS 0x0000000087200000| PB 0x0000000087200000| Untracked 
| 115|0x0000000087300000, 0x0000000087300000, 0x0000000087400000|  0%| F|  |TAMS 0x0000000087300000| PB 0x0000000087300000| Untracked 
| 116|0x0000000087400000, 0x0000000087400000, 0x0000000087500000|  0%| F|  |TAMS 0x0000000087400000| PB 0x0000000087400000| Untracked 
| 117|0x0000000087500000, 0x0000000087500000, 0x0000000087600000|  0%| F|  |TAMS 0x0000000087500000| PB 0x0000000087500000| Untracked 
| 118|0x0000000087600000, 0x0000000087600000, 0x0000000087700000|  0%| F|  |TAMS 0x0000000087600000| PB 0x0000000087600000| Untracked 
| 119|0x0000000087700000, 0x0000000087700000, 0x0000000087800000|  0%| F|  |TAMS 0x0000000087700000| PB 0x0000000087700000| Untracked 
| 120|0x0000000087800000, 0x0000000087800000, 0x0000000087900000|  0%| F|  |TAMS 0x0000000087800000| PB 0x0000000087800000| Untracked 
| 121|0x0000000087900000, 0x0000000087900000, 0x0000000087a00000|  0%| F|  |TAMS 0x0000000087900000| PB 0x0000000087900000| Untracked 
| 122|0x0000000087a00000, 0x0000000087a00000, 0x0000000087b00000|  0%| F|  |TAMS 0x0000000087a00000| PB 0x0000000087a00000| Untracked 
| 123|0x0000000087b00000, 0x0000000087b00000, 0x0000000087c00000|  0%| F|  |TAMS 0x0000000087b00000| PB 0x0000000087b00000| Untracked 
| 124|0x0000000087c00000, 0x0000000087c00000, 0x0000000087d00000|  0%| F|  |TAMS 0x0000000087c00000| PB 0x0000000087c00000| Untracked 
| 125|0x0000000087d00000, 0x0000000087d00000, 0x0000000087e00000|  0%| F|  |TAMS 0x0000000087d00000| PB 0x0000000087d00000| Untracked 
| 126|0x0000000087e00000, 0x0000000087e00000, 0x0000000087f00000|  0%| F|  |TAMS 0x0000000087e00000| PB 0x0000000087e00000| Untracked 
| 127|0x0000000087f00000, 0x0000000087f00000, 0x0000000088000000|  0%| F|  |TAMS 0x0000000087f00000| PB 0x0000000087f00000| Untracked 
| 128|0x0000000088000000, 0x0000000088000000, 0x0000000088100000|  0%| F|  |TAMS 0x0000000088000000| PB 0x0000000088000000| Untracked 
| 129|0x0000000088100000, 0x0000000088100000, 0x0000000088200000|  0%| F|  |TAMS 0x0000000088100000| PB 0x0000000088100000| Untracked 
| 130|0x0000000088200000, 0x0000000088200000, 0x0000000088300000|  0%| F|  |TAMS 0x0000000088200000| PB 0x0000000088200000| Untracked 
| 131|0x0000000088300000, 0x0000000088300000, 0x0000000088400000|  0%| F|  |TAMS 0x0000000088300000| PB 0x0000000088300000| Untracked 
| 132|0x0000000088400000, 0x0000000088400000, 0x0000000088500000|  0%| F|  |TAMS 0x0000000088400000| PB 0x0000000088400000| Untracked 
| 133|0x0000000088500000, 0x0000000088500000, 0x0000000088600000|  0%| F|  |TAMS 0x0000000088500000| PB 0x0000000088500000| Untracked 
| 134|0x0000000088600000, 0x0000000088600000, 0x0000000088700000|  0%| F|  |TAMS 0x0000000088600000| PB 0x0000000088600000| Untracked 
| 135|0x0000000088700000, 0x0000000088700000, 0x0000000088800000|  0%| F|  |TAMS 0x0000000088700000| PB 0x0000000088700000| Untracked 
| 136|0x0000000088800000, 0x0000000088800000, 0x0000000088900000|  0%| F|  |TAMS 0x0000000088800000| PB 0x0000000088800000| Untracked 
| 137|0x0000000088900000, 0x0000000088900000, 0x0000000088a00000|  0%| F|  |TAMS 0x0000000088900000| PB 0x0000000088900000| Untracked 
| 138|0x0000000088a00000, 0x0000000088a00000, 0x0000000088b00000|  0%| F|  |TAMS 0x0000000088a00000| PB 0x0000000088a00000| Untracked 
| 139|0x0000000088b00000, 0x0000000088b00000, 0x0000000088c00000|  0%| F|  |TAMS 0x0000000088b00000| PB 0x0000000088b00000| Untracked 
| 140|0x0000000088c00000, 0x0000000088c00000, 0x0000000088d00000|  0%| F|  |TAMS 0x0000000088c00000| PB 0x0000000088c00000| Untracked 
| 141|0x0000000088d00000, 0x0000000088d00000, 0x0000000088e00000|  0%| F|  |TAMS 0x0000000088d00000| PB 0x0000000088d00000| Untracked 
| 142|0x0000000088e00000, 0x0000000088e00000, 0x0000000088f00000|  0%| F|  |TAMS 0x0000000088e00000| PB 0x0000000088e00000| Untracked 
| 143|0x0000000088f00000, 0x0000000088f00000, 0x0000000089000000|  0%| F|  |TAMS 0x0000000088f00000| PB 0x0000000088f00000| Untracked 
| 144|0x0000000089000000, 0x0000000089000000, 0x0000000089100000|  0%| F|  |TAMS 0x0000000089000000| PB 0x0000000089000000| Untracked 
| 145|0x0000000089100000, 0x0000000089100000, 0x0000000089200000|  0%| F|  |TAMS 0x0000000089100000| PB 0x0000000089100000| Untracked 
| 146|0x0000000089200000, 0x0000000089200000, 0x0000000089300000|  0%| F|  |TAMS 0x0000000089200000| PB 0x0000000089200000| Untracked 
| 147|0x0000000089300000, 0x0000000089300000, 0x0000000089400000|  0%| F|  |TAMS 0x0000000089300000| PB 0x0000000089300000| Untracked 
| 148|0x0000000089400000, 0x0000000089400000, 0x0000000089500000|  0%| F|  |TAMS 0x0000000089400000| PB 0x0000000089400000| Untracked 
| 149|0x0000000089500000, 0x0000000089500000, 0x0000000089600000|  0%| F|  |TAMS 0x0000000089500000| PB 0x0000000089500000| Untracked 
| 150|0x0000000089600000, 0x0000000089600000, 0x0000000089700000|  0%| F|  |TAMS 0x0000000089600000| PB 0x0000000089600000| Untracked 
| 151|0x0000000089700000, 0x0000000089700000, 0x0000000089800000|  0%| F|  |TAMS 0x0000000089700000| PB 0x0000000089700000| Untracked 
| 152|0x0000000089800000, 0x0000000089800000, 0x0000000089900000|  0%| F|  |TAMS 0x0000000089800000| PB 0x0000000089800000| Untracked 
| 153|0x0000000089900000, 0x0000000089900000, 0x0000000089a00000|  0%| F|  |TAMS 0x0000000089900000| PB 0x0000000089900000| Untracked 
| 154|0x0000000089a00000, 0x0000000089a00000, 0x0000000089b00000|  0%| F|  |TAMS 0x0000000089a00000| PB 0x0000000089a00000| Untracked 
| 155|0x0000000089b00000, 0x0000000089b00000, 0x0000000089c00000|  0%| F|  |TAMS 0x0000000089b00000| PB 0x0000000089b00000| Untracked 
| 156|0x0000000089c00000, 0x0000000089c00000, 0x0000000089d00000|  0%| F|  |TAMS 0x0000000089c00000| PB 0x0000000089c00000| Untracked 
| 157|0x0000000089d00000, 0x0000000089d00000, 0x0000000089e00000|  0%| F|  |TAMS 0x0000000089d00000| PB 0x0000000089d00000| Untracked 
| 158|0x0000000089e00000, 0x0000000089e00000, 0x0000000089f00000|  0%| F|  |TAMS 0x0000000089e00000| PB 0x0000000089e00000| Untracked 
| 159|0x0000000089f00000, 0x0000000089f00000, 0x000000008a000000|  0%| F|  |TAMS 0x0000000089f00000| PB 0x0000000089f00000| Untracked 
| 160|0x000000008a000000, 0x000000008a000000, 0x000000008a100000|  0%| F|  |TAMS 0x000000008a000000| PB 0x000000008a000000| Untracked 
| 161|0x000000008a100000, 0x000000008a100000, 0x000000008a200000|  0%| F|  |TAMS 0x000000008a100000| PB 0x000000008a100000| Untracked 
| 162|0x000000008a200000, 0x000000008a200000, 0x000000008a300000|  0%| F|  |TAMS 0x000000008a200000| PB 0x000000008a200000| Untracked 
| 163|0x000000008a300000, 0x000000008a300000, 0x000000008a400000|  0%| F|  |TAMS 0x000000008a300000| PB 0x000000008a300000| Untracked 
| 164|0x000000008a400000, 0x000000008a400000, 0x000000008a500000|  0%| F|  |TAMS 0x000000008a400000| PB 0x000000008a400000| Untracked 
| 165|0x000000008a500000, 0x000000008a500000, 0x000000008a600000|  0%| F|  |TAMS 0x000000008a500000| PB 0x000000008a500000| Untracked 
| 166|0x000000008a600000, 0x000000008a600000, 0x000000008a700000|  0%| F|  |TAMS 0x000000008a600000| PB 0x000000008a600000| Untracked 
| 167|0x000000008a700000, 0x000000008a700000, 0x000000008a800000|  0%| F|  |TAMS 0x000000008a700000| PB 0x000000008a700000| Untracked 
| 168|0x000000008a800000, 0x000000008a800000, 0x000000008a900000|  0%| F|  |TAMS 0x000000008a800000| PB 0x000000008a800000| Untracked 
| 169|0x000000008a900000, 0x000000008a900000, 0x000000008aa00000|  0%| F|  |TAMS 0x000000008a900000| PB 0x000000008a900000| Untracked 
| 170|0x000000008aa00000, 0x000000008aa00000, 0x000000008ab00000|  0%| F|  |TAMS 0x000000008aa00000| PB 0x000000008aa00000| Untracked 
| 171|0x000000008ab00000, 0x000000008ab00000, 0x000000008ac00000|  0%| F|  |TAMS 0x000000008ab00000| PB 0x000000008ab00000| Untracked 
| 172|0x000000008ac00000, 0x000000008ac00000, 0x000000008ad00000|  0%| F|  |TAMS 0x000000008ac00000| PB 0x000000008ac00000| Untracked 
| 173|0x000000008ad00000, 0x000000008ae00000, 0x000000008ae00000|100%| E|  |TAMS 0x000000008ad00000| PB 0x000000008ad00000| Complete 
| 174|0x000000008ae00000, 0x000000008af00000, 0x000000008af00000|100%| E|CS|TAMS 0x000000008ae00000| PB 0x000000008ae00000| Complete 
| 175|0x000000008af00000, 0x000000008b000000, 0x000000008b000000|100%| E|CS|TAMS 0x000000008af00000| PB 0x000000008af00000| Complete 
| 176|0x000000008b000000, 0x000000008b100000, 0x000000008b100000|100%| E|CS|TAMS 0x000000008b000000| PB 0x000000008b000000| Complete 
| 177|0x000000008b100000, 0x000000008b200000, 0x000000008b200000|100%| E|CS|TAMS 0x000000008b100000| PB 0x000000008b100000| Complete 
| 178|0x000000008b200000, 0x000000008b300000, 0x000000008b300000|100%| E|CS|TAMS 0x000000008b200000| PB 0x000000008b200000| Complete 
| 179|0x000000008b300000, 0x000000008b400000, 0x000000008b400000|100%| E|CS|TAMS 0x000000008b300000| PB 0x000000008b300000| Complete 
| 180|0x000000008b400000, 0x000000008b500000, 0x000000008b500000|100%| E|CS|TAMS 0x000000008b400000| PB 0x000000008b400000| Complete 
| 181|0x000000008b500000, 0x000000008b600000, 0x000000008b600000|100%| E|CS|TAMS 0x000000008b500000| PB 0x000000008b500000| Complete 
| 182|0x000000008b600000, 0x000000008b700000, 0x000000008b700000|100%| E|CS|TAMS 0x000000008b600000| PB 0x000000008b600000| Complete 
| 183|0x000000008b700000, 0x000000008b800000, 0x000000008b800000|100%| E|CS|TAMS 0x000000008b700000| PB 0x000000008b700000| Complete 
| 184|0x000000008b800000, 0x000000008b900000, 0x000000008b900000|100%| E|CS|TAMS 0x000000008b800000| PB 0x000000008b800000| Complete 
| 185|0x000000008b900000, 0x000000008ba00000, 0x000000008ba00000|100%| E|CS|TAMS 0x000000008b900000| PB 0x000000008b900000| Complete 
| 186|0x000000008ba00000, 0x000000008bb00000, 0x000000008bb00000|100%| E|CS|TAMS 0x000000008ba00000| PB 0x000000008ba00000| Complete 
| 187|0x000000008bb00000, 0x000000008bc00000, 0x000000008bc00000|100%| E|CS|TAMS 0x000000008bb00000| PB 0x000000008bb00000| Complete 
| 188|0x000000008bc00000, 0x000000008bd00000, 0x000000008bd00000|100%| E|CS|TAMS 0x000000008bc00000| PB 0x000000008bc00000| Complete 
| 189|0x000000008bd00000, 0x000000008be00000, 0x000000008be00000|100%| E|CS|TAMS 0x000000008bd00000| PB 0x000000008bd00000| Complete 
| 190|0x000000008be00000, 0x000000008bf00000, 0x000000008bf00000|100%| E|CS|TAMS 0x000000008be00000| PB 0x000000008be00000| Complete 
| 191|0x000000008bf00000, 0x000000008c000000, 0x000000008c000000|100%| E|CS|TAMS 0x000000008bf00000| PB 0x000000008bf00000| Complete 
| 192|0x000000008c000000, 0x000000008c100000, 0x000000008c100000|100%| E|CS|TAMS 0x000000008c000000| PB 0x000000008c000000| Complete 
| 193|0x000000008c100000, 0x000000008c200000, 0x000000008c200000|100%| E|CS|TAMS 0x000000008c100000| PB 0x000000008c100000| Complete 
| 194|0x000000008c200000, 0x000000008c300000, 0x000000008c300000|100%| E|CS|TAMS 0x000000008c200000| PB 0x000000008c200000| Complete 
| 195|0x000000008c300000, 0x000000008c400000, 0x000000008c400000|100%| E|CS|TAMS 0x000000008c300000| PB 0x000000008c300000| Complete 
| 196|0x000000008c400000, 0x000000008c500000, 0x000000008c500000|100%| E|CS|TAMS 0x000000008c400000| PB 0x000000008c400000| Complete 
| 197|0x000000008c500000, 0x000000008c600000, 0x000000008c600000|100%| E|CS|TAMS 0x000000008c500000| PB 0x000000008c500000| Complete 
| 198|0x000000008c600000, 0x000000008c700000, 0x000000008c700000|100%| E|CS|TAMS 0x000000008c600000| PB 0x000000008c600000| Complete 
| 199|0x000000008c700000, 0x000000008c800000, 0x000000008c800000|100%| E|CS|TAMS 0x000000008c700000| PB 0x000000008c700000| Complete 
| 200|0x000000008c800000, 0x000000008c900000, 0x000000008c900000|100%| E|CS|TAMS 0x000000008c800000| PB 0x000000008c800000| Complete 
| 201|0x000000008c900000, 0x000000008ca00000, 0x000000008ca00000|100%| E|CS|TAMS 0x000000008c900000| PB 0x000000008c900000| Complete 
| 202|0x000000008ca00000, 0x000000008cb00000, 0x000000008cb00000|100%| E|CS|TAMS 0x000000008ca00000| PB 0x000000008ca00000| Complete 
| 203|0x000000008cb00000, 0x000000008cc00000, 0x000000008cc00000|100%| E|CS|TAMS 0x000000008cb00000| PB 0x000000008cb00000| Complete 
| 204|0x000000008cc00000, 0x000000008cd00000, 0x000000008cd00000|100%| E|CS|TAMS 0x000000008cc00000| PB 0x000000008cc00000| Complete 
| 205|0x000000008cd00000, 0x000000008ce00000, 0x000000008ce00000|100%| E|CS|TAMS 0x000000008cd00000| PB 0x000000008cd00000| Complete 
| 206|0x000000008ce00000, 0x000000008cf00000, 0x000000008cf00000|100%| E|CS|TAMS 0x000000008ce00000| PB 0x000000008ce00000| Complete 
| 207|0x000000008cf00000, 0x000000008d000000, 0x000000008d000000|100%| E|CS|TAMS 0x000000008cf00000| PB 0x000000008cf00000| Complete 
| 208|0x000000008d000000, 0x000000008d100000, 0x000000008d100000|100%| E|CS|TAMS 0x000000008d000000| PB 0x000000008d000000| Complete 
| 209|0x000000008d100000, 0x000000008d200000, 0x000000008d200000|100%| E|CS|TAMS 0x000000008d100000| PB 0x000000008d100000| Complete 
| 210|0x000000008d200000, 0x000000008d300000, 0x000000008d300000|100%| E|CS|TAMS 0x000000008d200000| PB 0x000000008d200000| Complete 
| 211|0x000000008d300000, 0x000000008d400000, 0x000000008d400000|100%| E|CS|TAMS 0x000000008d300000| PB 0x000000008d300000| Complete 
| 212|0x000000008d400000, 0x000000008d500000, 0x000000008d500000|100%| E|CS|TAMS 0x000000008d400000| PB 0x000000008d400000| Complete 
| 213|0x000000008d500000, 0x000000008d600000, 0x000000008d600000|100%| E|CS|TAMS 0x000000008d500000| PB 0x000000008d500000| Complete 
| 214|0x000000008d600000, 0x000000008d700000, 0x000000008d700000|100%| E|CS|TAMS 0x000000008d600000| PB 0x000000008d600000| Complete 
| 215|0x000000008d700000, 0x000000008d800000, 0x000000008d800000|100%| E|CS|TAMS 0x000000008d700000| PB 0x000000008d700000| Complete 
| 216|0x000000008d800000, 0x000000008d900000, 0x000000008d900000|100%| E|CS|TAMS 0x000000008d800000| PB 0x000000008d800000| Complete 
| 217|0x000000008d900000, 0x000000008d9eb9d0, 0x000000008da00000| 92%| S|CS|TAMS 0x000000008d900000| PB 0x000000008d900000| Complete 
| 218|0x000000008da00000, 0x000000008db00000, 0x000000008db00000|100%| S|CS|TAMS 0x000000008da00000| PB 0x000000008da00000| Complete 
| 219|0x000000008db00000, 0x000000008dc00000, 0x000000008dc00000|100%| S|CS|TAMS 0x000000008db00000| PB 0x000000008db00000| Complete 
| 220|0x000000008dc00000, 0x000000008dd00000, 0x000000008dd00000|100%| S|CS|TAMS 0x000000008dc00000| PB 0x000000008dc00000| Complete 
| 221|0x000000008dd00000, 0x000000008de00000, 0x000000008de00000|100%| E|CS|TAMS 0x000000008dd00000| PB 0x000000008dd00000| Complete 
| 222|0x000000008de00000, 0x000000008df00000, 0x000000008df00000|100%| E|CS|TAMS 0x000000008de00000| PB 0x000000008de00000| Complete 
| 223|0x000000008df00000, 0x000000008e000000, 0x000000008e000000|100%| E|CS|TAMS 0x000000008df00000| PB 0x000000008df00000| Complete 
| 224|0x000000008e000000, 0x000000008e100000, 0x000000008e100000|100%| E|CS|TAMS 0x000000008e000000| PB 0x000000008e000000| Complete 
| 225|0x000000008e100000, 0x000000008e200000, 0x000000008e200000|100%| E|CS|TAMS 0x000000008e100000| PB 0x000000008e100000| Complete 
| 226|0x000000008e200000, 0x000000008e300000, 0x000000008e300000|100%| E|CS|TAMS 0x000000008e200000| PB 0x000000008e200000| Complete 
| 227|0x000000008e300000, 0x000000008e400000, 0x000000008e400000|100%| E|CS|TAMS 0x000000008e300000| PB 0x000000008e300000| Complete 
| 228|0x000000008e400000, 0x000000008e500000, 0x000000008e500000|100%| E|CS|TAMS 0x000000008e400000| PB 0x000000008e400000| Complete 
| 229|0x000000008e500000, 0x000000008e600000, 0x000000008e600000|100%| E|CS|TAMS 0x000000008e500000| PB 0x000000008e500000| Complete 
| 230|0x000000008e600000, 0x000000008e700000, 0x000000008e700000|100%| E|CS|TAMS 0x000000008e600000| PB 0x000000008e600000| Complete 
| 231|0x000000008e700000, 0x000000008e800000, 0x000000008e800000|100%| E|CS|TAMS 0x000000008e700000| PB 0x000000008e700000| Complete 
| 232|0x000000008e800000, 0x000000008e900000, 0x000000008e900000|100%| E|CS|TAMS 0x000000008e800000| PB 0x000000008e800000| Complete 
| 233|0x000000008e900000, 0x000000008ea00000, 0x000000008ea00000|100%| E|CS|TAMS 0x000000008e900000| PB 0x000000008e900000| Complete 
| 234|0x000000008ea00000, 0x000000008eb00000, 0x000000008eb00000|100%| E|CS|TAMS 0x000000008ea00000| PB 0x000000008ea00000| Complete 
| 235|0x000000008eb00000, 0x000000008ec00000, 0x000000008ec00000|100%| E|CS|TAMS 0x000000008eb00000| PB 0x000000008eb00000| Complete 
| 236|0x000000008ec00000, 0x000000008ed00000, 0x000000008ed00000|100%| E|CS|TAMS 0x000000008ec00000| PB 0x000000008ec00000| Complete 
| 237|0x000000008ed00000, 0x000000008ee00000, 0x000000008ee00000|100%| E|CS|TAMS 0x000000008ed00000| PB 0x000000008ed00000| Complete 
| 238|0x000000008ee00000, 0x000000008ef00000, 0x000000008ef00000|100%| E|CS|TAMS 0x000000008ee00000| PB 0x000000008ee00000| Complete 
| 239|0x000000008ef00000, 0x000000008f000000, 0x000000008f000000|100%| E|CS|TAMS 0x000000008ef00000| PB 0x000000008ef00000| Complete 
| 240|0x000000008f000000, 0x000000008f100000, 0x000000008f100000|100%| E|CS|TAMS 0x000000008f000000| PB 0x000000008f000000| Complete 
| 241|0x000000008f100000, 0x000000008f200000, 0x000000008f200000|100%| E|CS|TAMS 0x000000008f100000| PB 0x000000008f100000| Complete 
| 242|0x000000008f200000, 0x000000008f300000, 0x000000008f300000|100%| E|CS|TAMS 0x000000008f200000| PB 0x000000008f200000| Complete 
| 243|0x000000008f300000, 0x000000008f400000, 0x000000008f400000|100%| E|CS|TAMS 0x000000008f300000| PB 0x000000008f300000| Complete 
| 244|0x000000008f400000, 0x000000008f500000, 0x000000008f500000|100%| E|CS|TAMS 0x000000008f400000| PB 0x000000008f400000| Complete 
| 245|0x000000008f500000, 0x000000008f600000, 0x000000008f600000|100%| E|CS|TAMS 0x000000008f500000| PB 0x000000008f500000| Complete 
| 246|0x000000008f600000, 0x000000008f700000, 0x000000008f700000|100%| E|CS|TAMS 0x000000008f600000| PB 0x000000008f600000| Complete 
| 247|0x000000008f700000, 0x000000008f800000, 0x000000008f800000|100%| E|CS|TAMS 0x000000008f700000| PB 0x000000008f700000| Complete 
| 248|0x000000008f800000, 0x000000008f900000, 0x000000008f900000|100%| E|CS|TAMS 0x000000008f800000| PB 0x000000008f800000| Complete 
| 249|0x000000008f900000, 0x000000008fa00000, 0x000000008fa00000|100%| E|CS|TAMS 0x000000008f900000| PB 0x000000008f900000| Complete 
| 250|0x000000008fa00000, 0x000000008fb00000, 0x000000008fb00000|100%| E|CS|TAMS 0x000000008fa00000| PB 0x000000008fa00000| Complete 
| 251|0x000000008fb00000, 0x000000008fc00000, 0x000000008fc00000|100%| E|CS|TAMS 0x000000008fb00000| PB 0x000000008fb00000| Complete 

Card table byte_map: [0x000001ff5df10000,0x000001ff5e310000] _byte_map_base: 0x000001ff5db10000

Marking Bits: (CMBitMap*) 0x000001ff4b421570
 Bits: [0x000001ff5e310000, 0x000001ff60310000)

Polling page: 0x000001ff491d0000

Metaspace:

Usage:
  Non-class:     14.08 MB used.
      Class:      2.28 MB used.
       Both:     16.36 MB used.

Virtual space:
  Non-class space:       64.00 MB reserved,      14.38 MB ( 22%) committed,  1 nodes.
      Class space:        1.00 GB reserved,       2.50 MB ( <1%) committed,  1 nodes.
             Both:        1.06 GB reserved,      16.88 MB (  2%) committed. 

Chunk freelists:
   Non-Class:  1.61 MB
       Class:  13.53 MB
        Both:  15.14 MB

MaxMetaspaceSize: unlimited
CompressedClassSpaceSize: 1.00 GB
Initial GC threshold: 21.00 MB
Current GC threshold: 21.00 MB
CDS: on
 - commit_granule_bytes: 65536.
 - commit_granule_words: 8192.
 - virtual_space_node_default_size: 8388608.
 - enlarge_chunks_in_place: 1.
 - use_allocation_guard: 0.


Internal statistics:

num_allocs_failed_limit: 0.
num_arena_births: 612.
num_arena_deaths: 0.
num_vsnodes_births: 2.
num_vsnodes_deaths: 0.
num_space_committed: 270.
num_space_uncommitted: 0.
num_chunks_returned_to_freelist: 0.
num_chunks_taken_from_freelist: 1211.
num_chunk_merges: 0.
num_chunk_splits: 791.
num_chunks_enlarged: 543.
num_inconsistent_stats: 0.

CodeHeap 'non-profiled nmethods': size=120000Kb used=1221Kb max_used=1221Kb free=118778Kb
 bounds [0x000001ff56090000, 0x000001ff56300000, 0x000001ff5d5c0000]
CodeHeap 'profiled nmethods': size=120000Kb used=5433Kb max_used=5433Kb free=114567Kb
 bounds [0x000001ff4e5c0000, 0x000001ff4eb10000, 0x000001ff55af0000]
CodeHeap 'non-nmethods': size=5760Kb used=1539Kb max_used=1553Kb free=4220Kb
 bounds [0x000001ff55af0000, 0x000001ff55d60000, 0x000001ff56090000]
CodeCache: size=245760Kb, used=8193Kb, max_used=8207Kb, free=237565Kb
 total_blobs=3315, nmethods=2753, adapters=466, full_count=0
Compilation: enabled, stopped_count=0, restarted_count=0

Compilation events (20 events):
Event: 11.105 Thread 0x000001ff6305a520 2709       3       java.util.concurrent.locks.AbstractQueuedSynchronizer$ConditionObject::enableWait (84 bytes)
Event: 11.106 Thread 0x000001ff6305a520 nmethod 2709 0x000001ff4eafc790 code [0x000001ff4eafc9c0, 0x000001ff4eafd100]
Event: 11.115 Thread 0x000001ff6305a520 2711       1       java.lang.reflect.Method::getMethodAccessor (5 bytes)
Event: 11.115 Thread 0x000001ff6305a520 nmethod 2711 0x000001ff561be210 code [0x000001ff561be3a0, 0x000001ff561be468]
Event: 11.118 Thread 0x000001ff6305a520 2713       3       java.lang.invoke.LambdaFormBuffer::endEdit (313 bytes)
Event: 11.121 Thread 0x000001ff6305a520 nmethod 2713 0x000001ff4eafd390 code [0x000001ff4eafd600, 0x000001ff4eafe378]
Event: 11.121 Thread 0x000001ff6305a520 2714       3       jdk.internal.org.objectweb.asm.ClassWriter::visitSource (39 bytes)
Event: 11.122 Thread 0x000001ff6305a520 nmethod 2714 0x000001ff4eafe790 code [0x000001ff4eafe980, 0x000001ff4eafedf8]
Event: 11.123 Thread 0x000001ff6305a520 2716       3       java.lang.invoke.LambdaFormBuffer::replaceName (124 bytes)
Event: 11.124 Thread 0x000001ff6305a520 nmethod 2716 0x000001ff4eafef90 code [0x000001ff4eaff140, 0x000001ff4eaff2f8]
Event: 11.124 Thread 0x000001ff6305a520 2715       3       java.lang.invoke.InvokerBytecodeGenerator$ClassData::<init> (20 bytes)
Event: 11.124 Thread 0x000001ff6305a520 nmethod 2715 0x000001ff4eaff410 code [0x000001ff4eaff5c0, 0x000001ff4eaff840]
Event: 11.152 Thread 0x000001ff6305a520 2717       3       org.gradle.internal.collect.ArrayIterator::next (37 bytes)
Event: 11.153 Thread 0x000001ff6305a520 nmethod 2717 0x000001ff4eaff910 code [0x000001ff4eaffac0, 0x000001ff4eaffd10]
Event: 11.153 Thread 0x000001ff6305a520 2718       3       java.lang.invoke.MethodType::genericMethodType (6 bytes)
Event: 11.154 Thread 0x000001ff6305a520 nmethod 2718 0x000001ff4eaffe10 code [0x000001ff4eafffc0, 0x000001ff4eb000e0]
Event: 11.163 Thread 0x000001ff6305a520 2719       3       java.util.LinkedHashMap$LinkedHashIterator::<init> (47 bytes)
Event: 11.164 Thread 0x000001ff6305a520 nmethod 2719 0x000001ff4eb00190 code [0x000001ff4eb00340, 0x000001ff4eb005f8]
Event: 11.753 Thread 0x000001ff6305a520 2721       3       java.util.concurrent.locks.ReentrantLock$Sync::isHeldExclusively (16 bytes)
Event: 11.753 Thread 0x000001ff6305a520 nmethod 2721 0x000001ff4eb00710 code [0x000001ff4eb008c0, 0x000001ff4eb00a50]

GC Heap History (4 events):
Event: 3.826 GC heap before
{Heap before GC invocations=0 (full 0):
 garbage-first heap   total 258048K, used 26624K [0x0000000080000000, 0x0000000100000000)
  region size 1024K, 23 young (23552K), 0 survivors (0K)
 Metaspace       used 3059K, committed 3200K, reserved 1114112K
  class space    used 370K, committed 448K, reserved 1048576K
}
Event: 3.834 GC heap after
{Heap after GC invocations=1 (full 0):
 garbage-first heap   total 258048K, used 10704K [0x0000000080000000, 0x0000000100000000)
  region size 1024K, 3 young (3072K), 3 survivors (3072K)
 Metaspace       used 3059K, committed 3200K, reserved 1114112K
  class space    used 370K, committed 448K, reserved 1048576K
}
Event: 5.387 GC heap before
{Heap before GC invocations=1 (full 0):
 garbage-first heap   total 258048K, used 40400K [0x0000000080000000, 0x0000000100000000)
  region size 1024K, 31 young (31744K), 3 survivors (3072K)
 Metaspace       used 4639K, committed 4864K, reserved 1114112K
  class space    used 593K, committed 704K, reserved 1048576K
}
Event: 5.389 GC heap after
{Heap after GC invocations=2 (full 0):
 garbage-first heap   total 258048K, used 16026K [0x0000000080000000, 0x0000000100000000)
  region size 1024K, 4 young (4096K), 4 survivors (4096K)
 Metaspace       used 4639K, committed 4864K, reserved 1114112K
  class space    used 593K, committed 704K, reserved 1048576K
}

Dll operation events (14 events):
Event: 0.013 Loaded shared library C:\Users\david\.vscode\extensions\redhat.java-1.54.0-win32-x64\jre\21.0.10-win32-x86_64\bin\java.dll
Event: 3.098 Loaded shared library C:\Users\david\.vscode\extensions\redhat.java-1.54.0-win32-x64\jre\21.0.10-win32-x86_64\bin\zip.dll
Event: 3.122 Loaded shared library C:\Users\david\.vscode\extensions\redhat.java-1.54.0-win32-x64\jre\21.0.10-win32-x86_64\bin\instrument.dll
Event: 3.128 Loaded shared library C:\Users\david\.vscode\extensions\redhat.java-1.54.0-win32-x64\jre\21.0.10-win32-x86_64\bin\net.dll
Event: 3.130 Loaded shared library C:\Users\david\.vscode\extensions\redhat.java-1.54.0-win32-x64\jre\21.0.10-win32-x86_64\bin\nio.dll
Event: 3.133 Loaded shared library C:\Users\david\.vscode\extensions\redhat.java-1.54.0-win32-x64\jre\21.0.10-win32-x86_64\bin\zip.dll
Event: 3.304 Loaded shared library C:\Users\david\.vscode\extensions\redhat.java-1.54.0-win32-x64\jre\21.0.10-win32-x86_64\bin\jimage.dll
Event: 3.662 Loaded shared library C:\Users\david\.vscode\extensions\redhat.java-1.54.0-win32-x64\jre\21.0.10-win32-x86_64\bin\verify.dll
Event: 3.707 Loaded shared library C:\Users\david\.gradle\native\660c5614fbf4a5f2a75b1949f50a0caf5cd603558e7d8a26e50b933a0cfb79d1\windows-amd64\native-platform.dll
Event: 3.724 Loaded shared library C:\Users\david\.gradle\native\0.2.8\x86_64-windows-gnu\gradle-fileevents.dll
Event: 5.747 Loaded shared library C:\Users\david\.vscode\extensions\redhat.java-1.54.0-win32-x64\jre\21.0.10-win32-x86_64\bin\management.dll
Event: 5.753 Loaded shared library C:\Users\david\.vscode\extensions\redhat.java-1.54.0-win32-x64\jre\21.0.10-win32-x86_64\bin\management_ext.dll
Event: 5.900 Loaded shared library C:\Users\david\.vscode\extensions\redhat.java-1.54.0-win32-x64\jre\21.0.10-win32-x86_64\bin\extnet.dll
Event: 6.258 Loaded shared library C:\Users\david\.vscode\extensions\redhat.java-1.54.0-win32-x64\jre\21.0.10-win32-x86_64\bin\sunmscapi.dll

Deoptimization events (20 events):
Event: 7.970 Thread 0x000001ff69a6ae70 DEOPT PACKING pc=0x000001ff5614fbe4 sp=0x00000030204fc590
Event: 7.970 Thread 0x000001ff69a6ae70 DEOPT UNPACKING pc=0x000001ff55b47ba2 sp=0x00000030204fc528 mode 2
Event: 7.970 Thread 0x000001ff69a6ae70 Uncommon trap: trap_request=0xffffffde fr.pc=0x000001ff5614fbe4 relative=0x0000000000000304
Event: 7.970 Thread 0x000001ff69a6ae70 Uncommon trap: reason=class_check action=maybe_recompile pc=0x000001ff5614fbe4 method=java.util.regex.Pattern$BmpCharPropertyGreedy.match(Ljava/util/regex/Matcher;ILjava/lang/CharSequence;)Z @ 26 c2
Event: 7.970 Thread 0x000001ff69a6ae70 DEOPT PACKING pc=0x000001ff5614fbe4 sp=0x00000030204fc4e0
Event: 7.970 Thread 0x000001ff69a6ae70 DEOPT UNPACKING pc=0x000001ff55b47ba2 sp=0x00000030204fc498 mode 2
Event: 7.988 Thread 0x000001ff69a6ae70 Uncommon trap: trap_request=0xffffffde fr.pc=0x000001ff5614fbe4 relative=0x0000000000000304
Event: 7.988 Thread 0x000001ff69a6ae70 Uncommon trap: reason=class_check action=maybe_recompile pc=0x000001ff5614fbe4 method=java.util.regex.Pattern$BmpCharPropertyGreedy.match(Ljava/util/regex/Matcher;ILjava/lang/CharSequence;)Z @ 26 c2
Event: 7.988 Thread 0x000001ff69a6ae70 DEOPT PACKING pc=0x000001ff5614fbe4 sp=0x00000030204fc120
Event: 7.988 Thread 0x000001ff69a6ae70 DEOPT UNPACKING pc=0x000001ff55b47ba2 sp=0x00000030204fc0b8 mode 2
Event: 7.988 Thread 0x000001ff69a6ae70 Uncommon trap: trap_request=0xffffffde fr.pc=0x000001ff5614fbe4 relative=0x0000000000000304
Event: 7.988 Thread 0x000001ff69a6ae70 Uncommon trap: reason=class_check action=maybe_recompile pc=0x000001ff5614fbe4 method=java.util.regex.Pattern$BmpCharPropertyGreedy.match(Ljava/util/regex/Matcher;ILjava/lang/CharSequence;)Z @ 26 c2
Event: 7.988 Thread 0x000001ff69a6ae70 DEOPT PACKING pc=0x000001ff5614fbe4 sp=0x00000030204fc070
Event: 7.988 Thread 0x000001ff69a6ae70 DEOPT UNPACKING pc=0x000001ff55b47ba2 sp=0x00000030204fc028 mode 2
Event: 8.006 Thread 0x000001ff69a6e2f0 Uncommon trap: trap_request=0xffffff45 fr.pc=0x000001ff5617071c relative=0x000000000000017c
Event: 8.006 Thread 0x000001ff69a6e2f0 Uncommon trap: reason=unstable_if action=reinterpret pc=0x000001ff5617071c method=java.util.concurrent.locks.ReentrantLock$NonfairSync.initialTryLock()Z @ 25 c2
Event: 8.006 Thread 0x000001ff69a6e2f0 DEOPT PACKING pc=0x000001ff5617071c sp=0x00000030208ff1d0
Event: 8.006 Thread 0x000001ff69a6e2f0 DEOPT UNPACKING pc=0x000001ff55b47ba2 sp=0x00000030208ff170 mode 2
Event: 11.170 Thread 0x000001ff69a6ae70 DEOPT PACKING pc=0x000001ff4ea12502 sp=0x00000030204fb6c0
Event: 11.170 Thread 0x000001ff69a6ae70 DEOPT UNPACKING pc=0x000001ff55b486e2 sp=0x00000030204fabd0 mode 0

Classes loaded (20 events):
Event: 7.994 Loading class java/util/concurrent/locks/ReentrantLock$FairSync
Event: 7.994 Loading class java/util/concurrent/locks/ReentrantLock$FairSync done
Event: 8.006 Loading class java/net/DatagramPacket
Event: 8.006 Loading class java/net/DatagramPacket done
Event: 8.006 Loading class sun/nio/ch/DatagramChannelImpl$DatagramPackets
Event: 8.006 Loading class sun/nio/ch/DatagramChannelImpl$DatagramPackets done
Event: 8.032 Loading class java/lang/Character$UnicodeBlock
Event: 8.032 Loading class java/lang/Character$Subset
Event: 8.032 Loading class java/lang/Character$Subset done
Event: 8.032 Loading class java/lang/Character$UnicodeBlock done
Event: 8.049 Loading class sun/security/provider/MD5
Event: 8.049 Loading class sun/security/provider/MD5 done
Event: 8.050 Loading class sun/security/provider/SHA5$SHA512
Event: 8.050 Loading class sun/security/provider/SHA5
Event: 8.050 Loading class sun/security/provider/SHA5 done
Event: 8.050 Loading class sun/security/provider/SHA5$SHA512 done
Event: 8.052 Loading class sun/security/provider/ByteArrayAccess$LE
Event: 8.052 Loading class sun/security/provider/ByteArrayAccess$LE done
Event: 11.174 Loading class java/io/File$TempDirectory
Event: 11.174 Loading class java/io/File$TempDirectory done

Classes unloaded (0 events):
No events

Classes redefined (0 events):
No events

Internal exceptions (20 events):
Event: 6.229 Thread 0x000001ff4b3c67f0 Implicit null exception at 0x000001ff560df320 to 0x000001ff560df92c
Event: 6.234 Thread 0x000001ff4b3c67f0 Exception <a 'java/lang/NoSuchMethodError'{0x000000008d4e82f0}: 'java.lang.Object java.lang.invoke.DirectMethodHandle$Holder.newInvokeSpecial(java.lang.Object, java.lang.Object, java.lang.Object, java.lang.Object, java.lang.Object)'> (0x000000008d4e82f0) 
thrown [s\src\hotspot\share\interpreter\linkResolver.cpp, line 773]
Event: 6.241 Thread 0x000001ff4b3c67f0 Exception <a 'java/lang/NoSuchMethodError'{0x000000008d310f88}: 'void java.lang.invoke.DirectMethodHandle$Holder.invokeSpecial(java.lang.Object, java.lang.Object, java.lang.Object)'> (0x000000008d310f88) 
thrown [s\src\hotspot\share\interpreter\linkResolver.cpp, line 773]
Event: 6.479 Thread 0x000001ff69a6ae70 Exception <a 'java/lang/NoSuchMethodError'{0x000000008cabd8f8}: 'java.lang.Object java.lang.invoke.DirectMethodHandle$Holder.invokeVirtual(java.lang.Object, java.lang.Object, java.lang.Object, java.lang.Object, java.lang.Object, java.lang.Object, java.lang.Object)'> (0x000000008cabd8f8) 
thrown [s\src\hotspot\share\interpreter\linkResolver.cpp, line 773]
Event: 6.495 Thread 0x000001ff69a6ae70 Exception <a 'java/lang/NoSuchMethodError'{0x000000008c9522e0}: 'long java.lang.invoke.DirectMethodHandle$Holder.invokeInterface(java.lang.Object, java.lang.Object)'> (0x000000008c9522e0) 
thrown [s\src\hotspot\share\interpreter\linkResolver.cpp, line 773]
Event: 6.569 Thread 0x000001ff69a6ae70 Exception <a 'java/lang/NoSuchMethodError'{0x000000008c51bc88}: 'void java.lang.invoke.DirectMethodHandle$Holder.invokeStatic(java.lang.Object, java.lang.Object)'> (0x000000008c51bc88) 
thrown [s\src\hotspot\share\interpreter\linkResolver.cpp, line 773]
Event: 7.588 Thread 0x000001ff69a6ae70 Exception <a 'java/lang/NoSuchMethodError'{0x000000008c570810}: 'java.lang.Object java.lang.invoke.DirectMethodHandle$Holder.invokeVirtual(java.lang.Object, java.lang.Object, java.lang.Object, java.lang.Object, java.lang.Object, java.lang.Object, java.lang.Object, java.lang.Object, java.lang.Object, java.lang.Object, java.lang.Object, java.lang.Object)'> (0x000000008c570810) 
thrown [s\src\hotspot\share\interpreter\linkResolver.cpp, line 773]
Event: 7.589 Thread 0x000001ff69a6ae70 Exception <a 'java/lang/NoSuchMethodError'{0x000000008c575838}: 'java.lang.Object java.lang.invoke.DirectMethodHandle$Holder.invokeSpecial(java.lang.Object, java.lang.Object, java.lang.Object, java.lang.Object, java.lang.Object, java.lang.Object, java.lang.Object, java.lang.Object, java.lang.Object, java.lang.Object, java.lang.Object, java.lang.Object, java.lang.Object)'> (0x000000008c575838) 
thrown [s\src\hotspot\share\interpreter\linkResolver.cpp, line 773]
Event: 7.621 Thread 0x000001ff69a6ae70 Exception <a 'java/lang/NoSuchMethodError'{0x000000008c3081a0}: 'void java.lang.invoke.DirectMethodHandle$Holder.invokeStatic(java.lang.Object, java.lang.Object, java.lang.Object, java.lang.Object)'> (0x000000008c3081a0) 
thrown [s\src\hotspot\share\interpreter\linkResolver.cpp, line 773]
Event: 7.639 Thread 0x000001ff69a6ae70 Exception <a 'java/lang/NoSuchMethodError'{0x000000008c3bc738}: 'int java.lang.invoke.DirectMethodHandle$Holder.invokeVirtual(java.lang.Object, java.lang.Object, java.lang.Object)'> (0x000000008c3bc738) 
thrown [s\src\hotspot\share\interpreter\linkResolver.cpp, line 773]
Event: 7.721 Thread 0x000001ff69a6ae70 Exception <a 'java/lang/NoSuchMethodError'{0x000000008c03a928}: 'java.lang.Object java.lang.invoke.DirectMethodHandle$Holder.newInvokeSpecial(java.lang.Object, java.lang.Object, java.lang.Object, java.lang.Object, java.lang.Object, java.lang.Object)'> (0x000000008c03a928) 
thrown [s\src\hotspot\share\interpreter\linkResolver.cpp, line 773]
Event: 7.778 Thread 0x000001ff69a6ae70 Exception <a 'java/lang/NoSuchMethodError'{0x000000008bea9b80}: 'void java.lang.invoke.DelegatingMethodHandle$Holder.reinvoke_L(java.lang.Object, java.lang.Object, java.lang.Object, java.lang.Object, java.lang.Object, java.lang.Object, java.lang.Object, java.lang.Object, java.lang.Object, java.lang.Object)'> (0x000000008bea9b80) 
thrown [s\src\hotspot\share\interpreter\linkResolver.cpp, line 773]
Event: 7.778 Thread 0x000001ff69a6ae70 Exception <a 'java/lang/NoSuchMethodError'{0x000000008beb1660}: 'java.lang.Object java.lang.invoke.Invokers$Holder.invoker(java.lang.Object, java.lang.Object, java.lang.Object, java.lang.Object, java.lang.Object, java.lang.Object, java.lang.Object, java.lang.Object, java.lang.Object, java.lang.Object)'> (0x000000008beb1660) 
thrown [s\src\hotspot\share\interpreter\linkResolver.cpp, line 773]
Event: 7.967 Thread 0x000001ff69a6ae70 Exception <a 'java/lang/NoSuchMethodError'{0x000000008b8eb1d8}: 'void java.lang.invoke.DirectMethodHandle$Holder.invokeInterface(java.lang.Object, java.lang.Object)'> (0x000000008b8eb1d8) 
thrown [s\src\hotspot\share\interpreter\linkResolver.cpp, line 773]
Event: 7.967 Thread 0x000001ff69a6ae70 Exception <a 'java/lang/IncompatibleClassChangeError'{0x000000008b8ee758}: Found class java.lang.Object, but interface was expected> (0x000000008b8ee758) 
thrown [s\src\hotspot\share\interpreter\linkResolver.cpp, line 840]
Event: 7.972 Thread 0x000001ff69a6ae70 Exception <a 'java/lang/NoSuchMethodError'{0x000000008b714010}: 'java.lang.Object java.lang.invoke.DirectMethodHandle$Holder.newInvokeSpecial(java.lang.Object, java.lang.Object, java.lang.Object, java.lang.Object, java.lang.Object, java.lang.Object, java.lang.Object, java.lang.Object)'> (0x000000008b714010) 
thrown [s\src\hotspot\share\interpreter\linkResolver.cpp, line 773]
Event: 7.997 Thread 0x000001ff69a6ae70 Exception <a 'java/lang/NoSuchMethodError'{0x000000008b624090}: 'java.lang.Object java.lang.invoke.DirectMethodHandle$Holder.newInvokeSpecial(java.lang.Object, java.lang.Object, int)'> (0x000000008b624090) 
thrown [s\src\hotspot\share\interpreter\linkResolver.cpp, line 773]
Event: 11.115 Thread 0x000001ff69a6ae70 Exception <a 'java/lang/NoSuchMethodError'{0x000000008b219280}: 'java.lang.Object java.lang.invoke.DirectMethodHandle$Holder.invokeVirtual(java.lang.Object, java.lang.Object, java.lang.Object, java.lang.Object, java.lang.Object, java.lang.Object, java.lang.Object, java.lang.Object)'> (0x000000008b219280) 
thrown [s\src\hotspot\share\interpreter\linkResolver.cpp, line 773]
Event: 11.170 Thread 0x000001ff69a6ae70 Exception <a 'java/lang/NoSuchMethodError'{0x000000008b13dbd8}: 'java.lang.Object java.lang.invoke.DirectMethodHandle$Holder.invokeVirtual(java.lang.Object, java.lang.Object, java.lang.Object, java.lang.Object, java.lang.Object, java.lang.Object, java.lang.Object, java.lang.Object, java.lang.Object, java.lang.Object)'> (0x000000008b13dbd8) 
thrown [s\src\hotspot\share\interpreter\linkResolver.cpp, line 773]
Event: 11.182 Thread 0x000001ff69a6ae70 Exception <a 'java/lang/NoSuchMethodError'{0x000000008b1cb218}: 'void java.lang.invoke.DirectMethodHandle$Holder.invokeStaticInit(java.lang.Object, java.lang.Object, java.lang.Object, java.lang.Object)'> (0x000000008b1cb218) 
thrown [s\src\hotspot\share\interpreter\linkResolver.cpp, line 773]

ZGC Phase Switch (0 events):
No events

VM Operations (20 events):
Event: 5.809 Executing non-safepoint VM operation: HandshakeAllThreads (Deoptimize)
Event: 5.809 Executing non-safepoint VM operation: HandshakeAllThreads (Deoptimize) done
Event: 5.967 Executing non-safepoint VM operation: HandshakeAllThreads (Deoptimize)
Event: 5.967 Executing non-safepoint VM operation: HandshakeAllThreads (Deoptimize) done
Event: 6.005 Executing non-safepoint VM operation: HandshakeAllThreads (Deoptimize)
Event: 6.005 Executing non-safepoint VM operation: HandshakeAllThreads (Deoptimize) done
Event: 6.038 Executing safepoint VM operation: ICBufferFull
Event: 6.038 Executing safepoint VM operation: ICBufferFull done
Event: 6.262 Executing non-safepoint VM operation: HandshakeAllThreads (Deoptimize)
Event: 6.262 Executing non-safepoint VM operation: HandshakeAllThreads (Deoptimize) done
Event: 7.264 Executing safepoint VM operation: Cleanup
Event: 7.576 Executing safepoint VM operation: Cleanup done
Event: 7.995 Executing non-safepoint VM operation: HandshakeAllThreads (Deoptimize)
Event: 7.995 Executing non-safepoint VM operation: HandshakeAllThreads (Deoptimize) done
Event: 9.008 Executing safepoint VM operation: Cleanup
Event: 9.008 Executing safepoint VM operation: Cleanup done
Event: 11.024 Executing safepoint VM operation: Cleanup
Event: 11.102 Executing safepoint VM operation: Cleanup done
Event: 12.106 Executing safepoint VM operation: Cleanup
Event: 12.106 Executing safepoint VM operation: Cleanup done

Memory protections (0 events):
No events

Nmethod flushes (0 events):
No events

Events (20 events):
Event: 3.074 Thread 0x000001ff4b3c67f0 Thread added: 0x000001ff6305a520
Event: 3.124 Thread 0x000001ff4b3c67f0 Thread added: 0x000001ff6271de00
Event: 3.150 Thread 0x000001ff4b3c67f0 Thread added: 0x000001ff6271d0e0
Event: 3.287 Thread 0x000001ff6305a520 Thread added: 0x000001ff6334d1c0
Event: 3.296 Thread 0x000001ff6334d1c0 Thread added: 0x000001ff633b6ea0
Event: 3.517 Thread 0x000001ff633b6ea0 Thread exited: 0x000001ff633b6ea0
Event: 5.779 Thread 0x000001ff4b3c67f0 Thread added: 0x000001ff6271eb20
Event: 6.165 Thread 0x000001ff4b3c67f0 Thread added: 0x000001ff6271f840
Event: 6.241 Thread 0x000001ff4b3c67f0 Thread added: 0x000001ff6271d770
Event: 6.301 Thread 0x000001ff6271f840 Thread added: 0x000001ff6271fed0
Event: 6.305 Thread 0x000001ff6271fed0 Thread added: 0x000001ff69a6dc60
Event: 6.352 Thread 0x000001ff6271fed0 Thread added: 0x000001ff69a6b500
Event: 6.365 Thread 0x000001ff6271fed0 Thread added: 0x000001ff69a6ae70
Event: 6.382 Thread 0x000001ff69a6ae70 Thread added: 0x000001ff69a6e980
Event: 6.389 Thread 0x000001ff69a6ae70 Thread added: 0x000001ff69a6f010
Event: 6.401 Thread 0x000001ff69a6ae70 Thread added: 0x000001ff69a6bb90
Event: 7.575 Thread 0x000001ff6334d1c0 Thread exited: 0x000001ff6334d1c0
Event: 7.996 Thread 0x000001ff69a6ae70 Thread added: 0x000001ff69a6d5d0
Event: 8.005 Thread 0x000001ff69a6ae70 Thread added: 0x000001ff69a6e2f0
Event: 11.135 Thread 0x000001ff69a6ae70 Thread added: 0x000001ff69a6f6a0


Dynamic libraries:
0x00007ff72a1a0000 - 0x00007ff72a1ae000 	C:\Users\david\.vscode\extensions\redhat.java-1.54.0-win32-x64\jre\21.0.10-win32-x86_64\bin\java.exe
0x00007ffda0c00000 - 0x00007ffda0e68000 	C:\WINDOWS\SYSTEM32\ntdll.dll
0x00007ffd59a50000 - 0x00007ffd59a71000 	C:\Program Files\Avast Software\Suite\aswhook.dll
0x00007ffd9fde0000 - 0x00007ffd9fea9000 	C:\WINDOWS\System32\KERNEL32.DLL
0x00007ffd9e090000 - 0x00007ffd9e488000 	C:\WINDOWS\System32\KERNELBASE.dll
0x00007ffd9df40000 - 0x00007ffd9e08b000 	C:\WINDOWS\System32\ucrtbase.dll
0x00007ffd74a00000 - 0x00007ffd74a18000 	C:\Users\david\.vscode\extensions\redhat.java-1.54.0-win32-x64\jre\21.0.10-win32-x86_64\bin\jli.dll
0x00007ffd85520000 - 0x00007ffd8553e000 	C:\Users\david\.vscode\extensions\redhat.java-1.54.0-win32-x64\jre\21.0.10-win32-x86_64\bin\VCRUNTIME140.dll
0x00007ffd9eef0000 - 0x00007ffd9f0b7000 	C:\WINDOWS\System32\USER32.dll
0x00007ffd9e8c0000 - 0x00007ffd9e8e7000 	C:\WINDOWS\System32\win32u.dll
0x00007ffda0790000 - 0x00007ffda07bb000 	C:\WINDOWS\System32\GDI32.dll
0x00007ffd9dd50000 - 0x00007ffd9de7c000 	C:\WINDOWS\System32\gdi32full.dll
0x00007ffd751b0000 - 0x00007ffd75444000 	C:\WINDOWS\WinSxS\amd64_microsoft.windows.common-controls_6595b64144ccf1df_6.0.26100.7019_none_3e06ffa0e335b8a8\COMCTL32.dll
0x00007ffd9e810000 - 0x00007ffd9e8b3000 	C:\WINDOWS\System32\msvcp_win.dll
0x00007ffda06e0000 - 0x00007ffda0789000 	C:\WINDOWS\System32\msvcrt.dll
0x00007ffda07c0000 - 0x00007ffda07f1000 	C:\WINDOWS\System32\IMM32.DLL
0x00007ffd96860000 - 0x00007ffd9686c000 	C:\Users\david\.vscode\extensions\redhat.java-1.54.0-win32-x64\jre\21.0.10-win32-x86_64\bin\vcruntime140_1.dll
0x00007ffd3a080000 - 0x00007ffd3a10d000 	C:\Users\david\.vscode\extensions\redhat.java-1.54.0-win32-x64\jre\21.0.10-win32-x86_64\bin\msvcp140.dll
0x00007ffd212c0000 - 0x00007ffd22061000 	C:\Users\david\.vscode\extensions\redhat.java-1.54.0-win32-x64\jre\21.0.10-win32-x86_64\bin\server\jvm.dll
0x00007ffd9fd20000 - 0x00007ffd9fdd4000 	C:\WINDOWS\System32\ADVAPI32.dll
0x00007ffda09a0000 - 0x00007ffda0a46000 	C:\WINDOWS\System32\sechost.dll
0x00007ffda0870000 - 0x00007ffda0988000 	C:\WINDOWS\System32\RPCRT4.dll
0x00007ffd9ecd0000 - 0x00007ffd9ed44000 	C:\WINDOWS\System32\WS2_32.dll
0x00007ffd914f0000 - 0x00007ffd91525000 	C:\WINDOWS\SYSTEM32\WINMM.dll
0x00007ffd94ce0000 - 0x00007ffd94ceb000 	C:\WINDOWS\SYSTEM32\VERSION.dll
0x00007ffd9dbb0000 - 0x00007ffd9dc0e000 	C:\WINDOWS\SYSTEM32\POWRPROF.dll
0x00007ffd9db90000 - 0x00007ffd9dba4000 	C:\WINDOWS\SYSTEM32\UMPDC.dll
0x00007ffd9ca70000 - 0x00007ffd9ca8b000 	C:\WINDOWS\SYSTEM32\kernel.appcore.dll
0x00007ffd8eed0000 - 0x00007ffd8eeda000 	C:\Users\david\.vscode\extensions\redhat.java-1.54.0-win32-x64\jre\21.0.10-win32-x86_64\bin\jimage.dll
0x00007ffd9b470000 - 0x00007ffd9b6b2000 	C:\WINDOWS\SYSTEM32\DBGHELP.DLL
0x00007ffda0250000 - 0x00007ffda05db000 	C:\WINDOWS\System32\combase.dll
0x00007ffd9feb0000 - 0x00007ffd9ff87000 	C:\WINDOWS\System32\OLEAUT32.dll
0x00007ffd90380000 - 0x00007ffd903bc000 	C:\WINDOWS\SYSTEM32\dbgcore.DLL
0x00007ffd9e8f0000 - 0x00007ffd9e995000 	C:\WINDOWS\System32\bcryptPrimitives.dll
0x00007ffd7d080000 - 0x00007ffd7d08f000 	C:\Users\david\.vscode\extensions\redhat.java-1.54.0-win32-x64\jre\21.0.10-win32-x86_64\bin\instrument.dll
0x00007ffd72fd0000 - 0x00007ffd72ff0000 	C:\Users\david\.vscode\extensions\redhat.java-1.54.0-win32-x64\jre\21.0.10-win32-x86_64\bin\java.dll
0x00007ffd9f5c0000 - 0x00007ffd9fd0f000 	C:\WINDOWS\System32\SHELL32.dll
0x00007ffd9e490000 - 0x00007ffd9e5fb000 	C:\WINDOWS\System32\wintypes.dll
0x00007ffd9b950000 - 0x00007ffd9c1ad000 	C:\WINDOWS\SYSTEM32\windows.storage.dll
0x00007ffda05e0000 - 0x00007ffda06d2000 	C:\WINDOWS\System32\SHCORE.dll
0x00007ffd9f550000 - 0x00007ffd9f5b7000 	C:\WINDOWS\System32\shlwapi.dll
0x00007ffd9dc70000 - 0x00007ffd9dc99000 	C:\WINDOWS\SYSTEM32\profapi.dll
0x00007ffd6dcf0000 - 0x00007ffd6dd08000 	C:\Users\david\.vscode\extensions\redhat.java-1.54.0-win32-x64\jre\21.0.10-win32-x86_64\bin\zip.dll
0x00007ffd88700000 - 0x00007ffd88710000 	C:\Users\david\.vscode\extensions\redhat.java-1.54.0-win32-x64\jre\21.0.10-win32-x86_64\bin\net.dll
0x00007ffd93c00000 - 0x00007ffd93d28000 	C:\WINDOWS\SYSTEM32\WINHTTP.dll
0x00007ffd9d020000 - 0x00007ffd9d08b000 	C:\WINDOWS\system32\mswsock.dll
0x00007ffd6d590000 - 0x00007ffd6d5a6000 	C:\Users\david\.vscode\extensions\redhat.java-1.54.0-win32-x64\jre\21.0.10-win32-x86_64\bin\nio.dll
0x00007ffd7b160000 - 0x00007ffd7b170000 	C:\Users\david\.vscode\extensions\redhat.java-1.54.0-win32-x64\jre\21.0.10-win32-x86_64\bin\verify.dll
0x00007ffd59a00000 - 0x00007ffd59a27000 	C:\Users\david\.gradle\native\660c5614fbf4a5f2a75b1949f50a0caf5cd603558e7d8a26e50b933a0cfb79d1\windows-amd64\native-platform.dll
0x00007ffd3b590000 - 0x00007ffd3b607000 	C:\Users\david\.gradle\native\0.2.8\x86_64-windows-gnu\gradle-fileevents.dll
0x00007ffd7adf0000 - 0x00007ffd7adfa000 	C:\Users\david\.vscode\extensions\redhat.java-1.54.0-win32-x64\jre\21.0.10-win32-x86_64\bin\management.dll
0x00007ffd79270000 - 0x00007ffd7927c000 	C:\Users\david\.vscode\extensions\redhat.java-1.54.0-win32-x64\jre\21.0.10-win32-x86_64\bin\management_ext.dll
0x00007ffda0990000 - 0x00007ffda0998000 	C:\WINDOWS\System32\PSAPI.DLL
0x00007ffd9c4c0000 - 0x00007ffd9c4f4000 	C:\WINDOWS\SYSTEM32\IPHLPAPI.DLL
0x00007ffd9e9a0000 - 0x00007ffd9e9aa000 	C:\WINDOWS\System32\NSI.dll
0x00007ffd7f770000 - 0x00007ffd7f779000 	C:\Users\david\.vscode\extensions\redhat.java-1.54.0-win32-x64\jre\21.0.10-win32-x86_64\bin\extnet.dll
0x00007ffd9d410000 - 0x00007ffd9d42b000 	C:\WINDOWS\SYSTEM32\CRYPTSP.dll
0x00007ffd9ca30000 - 0x00007ffd9ca6a000 	C:\WINDOWS\system32\rsaenh.dll
0x00007ffd9d0d0000 - 0x00007ffd9d0fb000 	C:\WINDOWS\SYSTEM32\USERENV.dll
0x00007ffd9dc40000 - 0x00007ffd9dc6a000 	C:\WINDOWS\SYSTEM32\bcrypt.dll
0x00007ffd9d270000 - 0x00007ffd9d27c000 	C:\WINDOWS\SYSTEM32\CRYPTBASE.dll
0x00007ffd85a00000 - 0x00007ffd85a0e000 	C:\Users\david\.vscode\extensions\redhat.java-1.54.0-win32-x64\jre\21.0.10-win32-x86_64\bin\sunmscapi.dll
0x00007ffd9e600000 - 0x00007ffd9e777000 	C:\WINDOWS\System32\CRYPT32.dll
0x00007ffd9d560000 - 0x00007ffd9d590000 	C:\WINDOWS\SYSTEM32\ncrypt.dll
0x00007ffd9d510000 - 0x00007ffd9d54f000 	C:\WINDOWS\SYSTEM32\NTASN1.dll
0x00007ffd82a00000 - 0x00007ffd82a08000 	C:\WINDOWS\system32\wshunix.dll

JVMTI agents:
C:\Users\david\.gradle\wrapper\dists\gradle-9.4.1-bin\arn2x92ynaizyzdaamcbpbhtj\gradle-9.4.1\lib\agents\gradle-instrumentation-agent-9.4.1.jar path:C:\Users\david\.vscode\extensions\redhat.java-1.54.0-win32-x64\jre\21.0.10-win32-x86_64\bin\instrument.dll, loaded, initialized, instrumentlib options:none

dbghelp: loaded successfully - version: 4.0.5 - missing functions: none
symbol engine: initialized successfully - sym options: 0x614 - pdb path: .;C:\Users\david\.vscode\extensions\redhat.java-1.54.0-win32-x64\jre\21.0.10-win32-x86_64\bin;C:\WINDOWS\SYSTEM32;C:\Program Files\Avast Software\Suite;C:\WINDOWS\WinSxS\amd64_microsoft.windows.common-controls_6595b64144ccf1df_6.0.26100.7019_none_3e06ffa0e335b8a8;C:\Users\david\.vscode\extensions\redhat.java-1.54.0-win32-x64\jre\21.0.10-win32-x86_64\bin\server;C:\Users\david\.gradle\native\660c5614fbf4a5f2a75b1949f50a0caf5cd603558e7d8a26e50b933a0cfb79d1\windows-amd64;C:\Users\david\.gradle\native\0.2.8\x86_64-windows-gnu

VM Arguments:
jvm_args: --add-opens=java.base/java.lang=ALL-UNNAMED --add-opens=java.base/java.lang.invoke=ALL-UNNAMED --add-opens=java.base/java.util=ALL-UNNAMED --add-opens=java.prefs/java.util.prefs=ALL-UNNAMED --add-exports=jdk.compiler/com.sun.tools.javac.api=ALL-UNNAMED --add-exports=jdk.compiler/com.sun.tools.javac.util=ALL-UNNAMED --add-opens=java.base/java.util=ALL-UNNAMED --add-opens=java.prefs/java.util.prefs=ALL-UNNAMED --add-opens=java.base/java.nio.charset=ALL-UNNAMED --add-opens=java.base/java.net=ALL-UNNAMED --add-opens=java.base/java.util.concurrent=ALL-UNNAMED --add-opens=java.base/java.util.concurrent.atomic=ALL-UNNAMED --add-opens=java.xml/javax.xml.namespace=ALL-UNNAMED --add-opens=java.base/java.time=ALL-UNNAMED -Xmx2048m -Dfile.encoding=UTF-8 -Duser.country=US -Duser.language=en -Duser.variant -javaagent:C:\Users\david\.gradle\wrapper\dists\gradle-9.4.1-bin\arn2x92ynaizyzdaamcbpbhtj\gradle-9.4.1\lib\agents\gradle-instrumentation-agent-9.4.1.jar 
java_command: org.gradle.launcher.daemon.bootstrap.GradleDaemon 9.4.1
java_class_path (initial): C:\Users\david\.gradle\wrapper\dists\gradle-9.4.1-bin\arn2x92ynaizyzdaamcbpbhtj\gradle-9.4.1\lib\gradle-daemon-main-9.4.1.jar
Launcher Type: SUN_STANDARD

[Global flags]
     intx CICompilerCount                          = 4                                         {product} {ergonomic}
     uint ConcGCThreads                            = 3                                         {product} {ergonomic}
     uint G1ConcRefinementThreads                  = 10                                        {product} {ergonomic}
   size_t G1HeapRegionSize                         = 1048576                                   {product} {ergonomic}
    uintx GCDrainStackTargetSize                   = 64                                        {product} {ergonomic}
   size_t InitialHeapSize                          = 264241152                                 {product} {ergonomic}
   size_t MarkStackSize                            = 4194304                                   {product} {ergonomic}
   size_t MaxHeapSize                              = 2147483648                                {product} {command line}
   size_t MaxNewSize                               = 1287651328                                {product} {ergonomic}
   size_t MinHeapDeltaBytes                        = 1048576                                   {product} {ergonomic}
   size_t MinHeapSize                              = 8388608                                   {product} {ergonomic}
    uintx NonNMethodCodeHeapSize                   = 5839372                                {pd product} {ergonomic}
    uintx NonProfiledCodeHeapSize                  = 122909434                              {pd product} {ergonomic}
    uintx ProfiledCodeHeapSize                     = 122909434                              {pd product} {ergonomic}
    uintx ReservedCodeCacheSize                    = 251658240                              {pd product} {ergonomic}
     bool SegmentedCodeCache                       = true                                      {product} {ergonomic}
   size_t SoftMaxHeapSize                          = 2147483648                             {manageable} {ergonomic}
     bool UseCompressedOops                        = true                           {product lp64_product} {ergonomic}
     bool UseG1GC                                  = true                                      {product} {ergonomic}
     bool UseLargePagesIndividualAllocation        = false                                  {pd product} {ergonomic}

Logging:
Log output configuration:
 #0: stdout all=warning uptime,level,tags foldmultilines=false
 #1: stderr all=off uptime,level,tags foldmultilines=false

Release file:
JAVA_VERSION="21.0.10" 
MODULES="java.base java.compiler java.datatransfer java.xml java.prefs java.desktop java.instrument java.logging java.management java.security.sasl java.naming java.rmi java.management.rmi java.net.http java.scripting java.security.jgss java.transaction.xa java.sql java.sql.rowset java.xml.crypto java.se java.smartcardio jdk.accessibility jdk.internal.jvmstat jdk.attach jdk.charsets jdk.internal.opt jdk.zipfs jdk.compiler jdk.crypto.ec jdk.crypto.cryptoki jdk.crypto.mscapi jdk.dynalink jdk.internal.ed jdk.editpad jdk.hotspot.agent jdk.httpserver jdk.internal.le jdk.internal.vm.ci jdk.internal.vm.compiler jdk.internal.vm.compiler.management jdk.jartool jdk.javadoc jdk.jcmd jdk.management jdk.management.agent jdk.jconsole jdk.jdeps jdk.jdwp.agent jdk.jdi jdk.jfr jdk.jshell jdk.jsobject jdk.jstatd jdk.localedata jdk.management.jfr jdk.naming.dns jdk.naming.rmi jdk.net jdk.nio.mapmode jdk.random jdk.sctp jdk.security.auth jdk.security.jgss jdk.unsupported jdk.unsupported.desktop jdk.xml.dom" 

Environment Variables:
PATH=C:\Program Files\Common Files\Oracle\Java\javapath;C:\Program Files (x86)\VMware\VMware Workstation\bin\;C:\WINDOWS\system32;C:\WINDOWS;C:\WINDOWS\System32\Wbem;C:\WINDOWS\System32\WindowsPowerShell\v1.0\;C:\WINDOWS\System32\OpenSSH\;C:\Program Files\Wolfram Research\WolframScript\;C:\Program Files\gs\gs10.04.0\bin;C:\Program Files\Git\cmd;C:\Program Files\MySQL\MySQL Server 8.0\bin;C:\Program Files\nodejs\;C:\Program Files\nodejs;C:\Users\david\OneDrive\Documents\Library system\genz-library\src;C:\composer;C:\Users\david\.local\bin;C:\Program Files\MySQL\MySQL Shell 8.0\bin\;C:\Users\david\AppData\Local\Programs\Python\Python312\Scripts\;C:\Users\david\AppData\Local\Programs\Python\Python312\;C:\Users\david\AppData\Local\Programs\Python\Launcher\;C:\Users\david\AppData\Local\Microsoft\WindowsApps;C:\Users\david\AppData\Local\Programs\Microsoft VS Code\bin;C:\MinGW\bin;C:\Program Files\gs\gs10.04.0\bin;C:\Program Files\Git;C:\ProgramData\david\GitHubDesktop\bin;C:\Users\david\AppData\Local\GitHubDesktop\bin;C:\Program Files\nodejs;C:\Users\david\Downloads\titanic.zip;C:\Users\david\AppData\Roaming\npm;C:\Users\david\OneDrive\Documents\Library system\genz-library;C:\Users\david\Downloads\php-8.5.2-nts-Win32-vs17-x64;C:\Users\david\AppData\Roaming\Composer\vendor\bin;C:\Users\david\OneDrive\Documents\WCT Semester2\php-8.5.2-nts-Win32-vs17-x64;C:\xampp\php;C:\Program Files\Android\Android Studio
USERNAME=david
OS=Windows_NT
PROCESSOR_IDENTIFIER=Intel64 Family 6 Model 141 Stepping 1, GenuineIntel
TMP=C:\Users\david\AppData\Local\Temp
TEMP=C:\Users\david\AppData\Local\Temp




Periodic native trim disabled

---------------  S Y S T E M  ---------------

OS:
 Windows 11 , 64 bit Build 26100 (10.0.26100.7019)
OS uptime: 1 days 17:19 hours
Hyper-V role detected

CPU: total 12 (initial active 12) (6 cores per cpu, 2 threads per core) family 6 model 141 stepping 1 microcode 0x34, cx8, cmov, fxsr, ht, mmx, 3dnowpref, sse, sse2, sse3, ssse3, sse4.1, sse4.2, popcnt, lzcnt, tsc, tscinvbit, avx, avx2, aes, erms, clmul, bmi1, bmi2, adx, avx512f, avx512dq, avx512cd, avx512bw, avx512vl, sha, fma, vzeroupper, avx512_vpopcntdq, avx512_vpclmulqdq, avx512_vaes, avx512_vnni, clflush, clflushopt, clwb, avx512_vbmi2, avx512_vbmi, hv, rdtscp, rdpid, fsrm, gfni, avx512_bitalg, f16c, cet_ibt, cet_ss, avx512_ifma
Processor Information for the first 12 processors :
  Max Mhz: 2688, Current Mhz: 2688, Mhz Limit: 2688

Memory: 4k page, system-wide physical 16085M (3534M free)
TotalPageFile size 18133M (AvailPageFile size 5M)
current process WorkingSet (physical memory assigned to process): 195M, peak: 195M
current process commit charge ("private bytes"): 408M, peak: 408M

vm_info: OpenJDK 64-Bit Server VM (21.0.10+7-LTS) for windows-amd64 JRE (21.0.10+7-LTS), built on 2026-01-20T00:00:00Z by "admin" with MS VC++ 17.12 (VS2022)

END.
